#
# A fatal error has been detected by the Java Runtime Environment:
#
#  SIGSEGV (0xb) at pc=0x00007fbaa057b6f5, pid=1184, tid=140440378332928
#
# JRE version: Java(TM) SE Runtime Environment (7.0_72-b14) (build 1.7.0_72-b14)
# Java VM: Java HotSpot(TM) 64-Bit Server VM (24.72-b04 mixed mode linux-amd64 compressed oops)
# Problematic frame:
# C  [libgtk-x11-2.0.so.0+0x13e6f5]  gtk_menu_shell_deactivate+0x305
#
# Failed to write core dump. Core dumps have been disabled. To enable core dumping, try "ulimit -c unlimited" before starting Java again
#
# If you would like to submit a bug report, please visit:
#   http://bugreport.sun.com/bugreport/crash.jsp
# The crash happened outside the Java Virtual Machine in native code.
# See problematic frame for where to report the bug.
#

---------------  T H R E A D  ---------------

Current thread (0x00007fbacc00b800):  JavaThread "main" [_thread_in_native, id=1190, stack(0x00007fbad2ccd000,0x00007fbad2dce000)]

siginfo:si_signo=SIGSEGV: si_errno=0, si_code=1 (SEGV_MAPERR), si_addr=0x0000000000000078

Registers:
RAX=0x0000000000000001, RBX=0x00007fbacc377b40, RCX=0x0000000000000001, RDX=0x00007fbacc37f201
RSP=0x00007fbad2dc9f50, RBP=0x00007fbacc34c520, RSI=0x0000000000000001, RDI=0x0000000000000000
R8 =0x00007fbacc390e00, R9 =0x00007fbacc31104a, R10=0x00007fbad230bc50, R11=0x00007fbad23512f0
R12=0x00000000fffffffe, R13=0x00007fbacc38f920, R14=0x00007fbacc49b3d0, R15=0x00007fbacc38f920
RIP=0x00007fbaa057b6f5, EFLAGS=0x0000000000010206, CSGSFS=0x0000000000000033, ERR=0x0000000000000004
  TRAPNO=0x000000000000000e

Top of Stack: (sp=0x00007fbad2dc9f50)
0x00007fbad2dc9f50:   00007fba6c002ab0 00007fbacc377b40
0x00007fbad2dc9f60:   00007fbacc34c520 00007fbaa057baf4
0x00007fbad2dc9f70:   00007fbacc377b40 00007fbaa0570504
0x00007fbad2dc9f80:   00007fbacc377b40 00007fba6c002ab0
0x00007fbad2dc9f90:   00007fbacc377b40 00007fbacc377b40
0x00007fbad2dc9fa0:   00007fbacc390e00 00007fbaa05714c1
0x00007fbad2dc9fb0:   00007fbad2dc9fc0 00007fbacc377b40
0x00007fbad2dc9fc0:   00007fbad2dca0a0 00000000cc443d40
0x00007fbad2dc9fd0:   00007fbad2dca1d0 00007fbad2dca120
0x00007fbad2dc9fe0:   00007fbad2dca1d0 00007fbacc382ea0
0x00007fbad2dc9ff0:   00007fbaa05713c0 00007fbacc377b40
0x00007fbad2dca000:   00007fbad2dca170 00007fbaa056a815
0x00007fbad2dca010:   00007fba82060cb0 0000000000000001
0x00007fbad2dca020:   00007fbacc382ea0 0000000000000002
0x00007fbad2dca030:   00007fbad2dca1d0 00007fba82062332
0x00007fbad2dca040:   00007fbad2dca120 00000000000001a0
0x00007fbad2dca050:   0000000040000003 00007fba81d82569
0x00007fbad2dca060:   0000000000000000 00007fbacc377b40
0x00007fbad2dca070:   00007fbad2dca120 00007fbacc382ef0
0x00007fbad2dca080:   0000000000000000 0000000000000002
0x00007fbad2dca090:   0000000000000000 00007fbacc382ea0
0x00007fbad2dca0a0:   00007fbad2dca170 00007fba82073afb
0x00007fbad2dca0b0:   00007fbacc491ac8 00007fbad2dca140
0x00007fbad2dca0c0:   00007fbad2dca1d0 00007fbacc377b40
0x00007fbad2dca0d0:   0000000000000000 00007fbad2dca170
0x00007fbad2dca0e0:   00007fbacc382ea0 00007fbacc382ef0
0x00007fbad2dca0f0:   00000000000000ab 00007fbacc382f60
0x00007fbad2dca100:   00007fbad2dca120 000000000000002c
0x00007fbad2dca110:   00007fbad2dca2a0 00007fbad2dca160
0x00007fbad2dca120:   0000000000000014 0000000000000000
0x00007fbad2dca130:   0000000000000000 00007fbacc3124b0
0x00007fbad2dca140:   00007fba0000002c 00007fba82087163 

Instructions: (pc=0x00007fbaa057b6f5)
0x00007fbaa057b6d5:   03 00 00 83 e6 01 e8 40 db ff ff 48 8b 7b 78 e8
0x00007fbaa057b6e5:   b7 db ff ff 48 89 df e8 af fd ff ff 48 8b 7b 78
0x00007fbaa057b6f5:   48 83 7f 78 00 74 54 5b 5d 41 5c e9 1b de 0f 00
0x00007fbaa057b705:   0f 1f 00 48 89 df e8 60 b0 ff ff 41 89 c4 eb 86 

Register to memory mapping:

RAX=0x0000000000000001 is an unknown value
RBX=0x00007fbacc377b40 is an unknown value
RCX=0x0000000000000001 is an unknown value
RDX=0x00007fbacc37f201 is an unknown value
RSP=0x00007fbad2dc9f50 is pointing into the stack for thread: 0x00007fbacc00b800
RBP=0x00007fbacc34c520 is an unknown value
RSI=0x0000000000000001 is an unknown value
RDI=0x0000000000000000 is an unknown value
R8 =0x00007fbacc390e00 is an unknown value
R9 =0x00007fbacc31104a is an unknown value
R10=0x00007fbad230bc50: <offset 0x141c50> in /lib/x86_64-linux-gnu/libc.so.6 at 0x00007fbad21ca000
R11=0x00007fbad23512f0: <offset 0x1872f0> in /lib/x86_64-linux-gnu/libc.so.6 at 0x00007fbad21ca000
R12=0x00000000fffffffe is an unallocated location in the heap
R13=0x00007fbacc38f920 is an unknown value
R14=0x00007fbacc49b3d0 is an unknown value
R15=0x00007fbacc38f920 is an unknown value


Stack: [0x00007fbad2ccd000,0x00007fbad2dce000],  sp=0x00007fbad2dc9f50,  free space=1011k
Native frames: (J=compiled Java code, j=interpreted, Vv=VM code, C=native code)
C  [libgtk-x11-2.0.so.0+0x13e6f5]  gtk_menu_shell_deactivate+0x305

Java frames: (J=compiled Java code, j=interpreted, Vv=VM code)
j  org.eclipse.swt.internal.gtk.OS._gtk_main_do_event(J)V+0
j  org.eclipse.swt.internal.gtk.OS.gtk_main_do_event(J)V+8
j  org.eclipse.swt.widgets.Display.eventProc(JJ)J+157
v  ~StubRoutines::call_stub
J 47  org.eclipse.swt.internal.gtk.OS._g_main_context_iteration(JZ)Z (0 bytes) @ 0x00007fbac8e6e764 [0x00007fbac8e6e720+0x44]
J 46 C2 org.eclipse.swt.internal.gtk.OS.g_main_context_iteration(JZ)Z (32 bytes) @ 0x00007fbac8e716c0 [0x00007fbac8e715c0+0x100]
j  org.eclipse.swt.widgets.Display.readAndDispatch()Z+36
j  org.eclipse.plugin.kpax.javabinder.model.Snippet131$1.handleEvent(Lorg/eclipse/swt/widgets/Event;)V+100
j  org.eclipse.swt.widgets.EventTable.sendEvent(Lorg/eclipse/swt/widgets/Event;)V+214
j  org.eclipse.swt.widgets.Display.sendEvent(Lorg/eclipse/swt/widgets/EventTable;Lorg/eclipse/swt/widgets/Event;)V+7
j  org.eclipse.swt.widgets.Widget.sendEvent(Lorg/eclipse/swt/widgets/Event;)V+26
j  org.eclipse.swt.widgets.Widget.sendEvent(ILorg/eclipse/swt/widgets/Event;Z)V+73
j  org.eclipse.swt.widgets.Widget.sendEvent(ILorg/eclipse/swt/widgets/Event;)V+4
j  org.eclipse.swt.widgets.Control.showMenu(III)Z+32
j  org.eclipse.swt.widgets.Control.showMenu(II)Z+4
j  org.eclipse.swt.widgets.Control.gtk_event_after(JJ)J+115
j  org.eclipse.swt.widgets.Widget.windowProc(JJJ)J+420
j  org.eclipse.swt.widgets.Control.windowProc(JJJ)J+324
j  org.eclipse.swt.widgets.Display.windowProc(JJJ)J+20
v  ~StubRoutines::call_stub
j  org.eclipse.swt.internal.gtk.OS._gtk_main_do_event(J)V+0
j  org.eclipse.swt.internal.gtk.OS.gtk_main_do_event(J)V+8
j  org.eclipse.swt.widgets.Display.eventProc(JJ)J+157
v  ~StubRoutines::call_stub
J 47  org.eclipse.swt.internal.gtk.OS._g_main_context_iteration(JZ)Z (0 bytes) @ 0x00007fbac8e6e764 [0x00007fbac8e6e720+0x44]
J 46 C2 org.eclipse.swt.internal.gtk.OS.g_main_context_iteration(JZ)Z (32 bytes) @ 0x00007fbac8e716c0 [0x00007fbac8e715c0+0x100]
j  org.eclipse.swt.widgets.Display.readAndDispatch()Z+36
j  org.eclipse.plugin.kpax.javabinder.model.Snippet131.main([Ljava/lang/String;)V+44
v  ~StubRoutines::call_stub

---------------  P R O C E S S  ---------------

Java Threads: ( => current thread )
  0x00007fbacc0a3800 JavaThread "Service Thread" daemon [_thread_blocked, id=1207, stack(0x00007fbaa1226000,0x00007fbaa1327000)]
  0x00007fbacc0a1800 JavaThread "C2 CompilerThread1" daemon [_thread_blocked, id=1206, stack(0x00007fbaa1327000,0x00007fbaa1428000)]
  0x00007fbacc09e800 JavaThread "C2 CompilerThread0" daemon [_thread_blocked, id=1205, stack(0x00007fbaa1428000,0x00007fbaa1529000)]
  0x00007fbacc09c000 JavaThread "Signal Dispatcher" daemon [_thread_blocked, id=1203, stack(0x00007fbaa1529000,0x00007fbaa162a000)]
  0x00007fbacc07a000 JavaThread "Finalizer" daemon [_thread_blocked, id=1201, stack(0x00007fbaa1e7c000,0x00007fbaa1f7d000)]
  0x00007fbacc078000 JavaThread "Reference Handler" daemon [_thread_blocked, id=1200, stack(0x00007fbaa1f7d000,0x00007fbaa207e000)]
=>0x00007fbacc00b800 JavaThread "main" [_thread_in_native, id=1190, stack(0x00007fbad2ccd000,0x00007fbad2dce000)]

Other Threads:
  0x00007fbacc073800 VMThread [stack: 0x00007fbaa207e000,0x00007fbaa217f000] [id=1199]
  0x00007fbacc0b6800 WatcherThread [stack: 0x00007fbaa1125000,0x00007fbaa1226000] [id=1208]

VM state:not at safepoint (normal execution)

VM Mutex/Monitor currently owned by a thread: None

Heap
 PSYoungGen      total 35328K, used 12670K [0x00000000d9480000, 0x00000000dbb80000, 0x0000000100000000)
  eden space 30720K, 41% used [0x00000000d9480000,0x00000000da0dfbc0,0x00000000db280000)
  from space 4608K, 0% used [0x00000000db700000,0x00000000db700000,0x00000000dbb80000)
  to   space 4608K, 0% used [0x00000000db280000,0x00000000db280000,0x00000000db700000)
 ParOldGen       total 78848K, used 0K [0x000000008be00000, 0x0000000090b00000, 0x00000000d9480000)
  object space 78848K, 0% used [0x000000008be00000,0x000000008be00000,0x0000000090b00000)
 PSPermGen       total 21504K, used 5930K [0x0000000086c00000, 0x0000000088100000, 0x000000008be00000)
  object space 21504K, 27% used [0x0000000086c00000,0x00000000871ca980,0x0000000088100000)

Card table byte_map: [0x00007fbac8a1a000,0x00007fbac8de5000] byte_map_base: 0x00007fbac85e4000

Polling page: 0x00007fbad2de8000

Code Cache  [0x00007fbac8de5000, 0x00007fbac9055000, 0x00007fbacbde5000)
 total_blobs=403 nmethods=48 adapters=309 free_code_cache=48588Kb largest_free_block=49735744

Compilation events (10 events):
Event: 0,315 Thread 0x00007fbacc09e800   42   !         org.eclipse.swt.internal.Lock::lock (76 bytes)
Event: 0,315 Thread 0x00007fbacc0a1800   43   !         org.eclipse.swt.internal.Lock::unlock (55 bytes)
Event: 0,317 Thread 0x00007fbacc09e800 nmethod 42 0x00007fbac8e75450 code [0x00007fbac8e755a0, 0x00007fbac8e75968]
Event: 0,317 Thread 0x00007fbacc09e800   44             org.eclipse.swt.widgets.Widget::isDisposed (13 bytes)
Event: 0,318 Thread 0x00007fbacc0a1800 nmethod 43 0x00007fbac8e6eb50 code [0x00007fbac8e6eca0, 0x00007fbac8e6f008]
Event: 0,318 Thread 0x00007fbacc0a1800   46   !         org.eclipse.swt.internal.gtk.OS::g_main_context_iteration (32 bytes)
Event: 0,318 Thread 0x00007fbacc09e800 nmethod 44 0x00007fbac8e6e950 code [0x00007fbac8e6ea80, 0x00007fbac8e6ead8]
Event: 0,324 Thread 0x00007fbacc0a1800 nmethod 46 0x00007fbac8e71410 code [0x00007fbac8e715c0, 0x00007fbac8e71db0]
Event: 0,325 Thread 0x00007fbacc09e800   48 %           org.eclipse.swt.widgets.Shell::setVisible @ 254 (522 bytes)
Event: 0,330 Thread 0x00007fbacc09e800 nmethod 48% 0x00007fbac8e75a50 code [0x00007fbac8e75c80, 0x00007fbac8e761a8]

GC Heap History (0 events):
No events

Deoptimization events (2 events):
Event: 0,134 Thread 0x00007fbacc00b800 Uncommon trap: reason=null_check action=make_not_entrant pc=0x00007fbac8e55374 method=java.util.jar.Attributes.putValue(Ljava/lang/String;Ljava/lang/String;)Ljava/lang/String; @ 13
Event: 0,218 Thread 0x00007fbacc00b800 Uncommon trap: reason=null_check action=make_not_entrant pc=0x00007fbac8e50f98 method=java.lang.String.equals(Ljava/lang/Object;)Z @ 8

Internal exceptions (10 events):
Event: 0,292 Thread 0x00007fbacc00b800 Threw 0x00000000da046030 at /HUDSON/workspace/7u-2-build-linux-amd64/jdk7u72/1606/hotspot/src/share/vm/prims/jvm.cpp:1281
Event: 0,329 Thread 0x00007fbacc00b800 Threw 0x00000000da04b8a8 at /HUDSON/workspace/7u-2-build-linux-amd64/jdk7u72/1606/hotspot/src/share/vm/prims/jvm.cpp:1281
Event: 0,331 Thread 0x00007fbacc00b800 Threw 0x00000000da050e60 at /HUDSON/workspace/7u-2-build-linux-amd64/jdk7u72/1606/hotspot/src/share/vm/prims/jvm.cpp:1281
Event: 0,331 Thread 0x00007fbacc00b800 Threw 0x00000000da055610 at /HUDSON/workspace/7u-2-build-linux-amd64/jdk7u72/1606/hotspot/src/share/vm/prims/jvm.cpp:1281
Event: 1,517 Thread 0x00007fbacc00b800 Threw 0x00000000da05a790 at /HUDSON/workspace/7u-2-build-linux-amd64/jdk7u72/1606/hotspot/src/share/vm/prims/jvm.cpp:1281
Event: 1,742 Thread 0x00007fbacc00b800 Threw 0x00000000da05fb10 at /HUDSON/workspace/7u-2-build-linux-amd64/jdk7u72/1606/hotspot/src/share/vm/prims/jvm.cpp:1281
Event: 1,744 Thread 0x00007fbacc00b800 Threw 0x00000000da064648 at /HUDSON/workspace/7u-2-build-linux-amd64/jdk7u72/1606/hotspot/src/share/vm/prims/jvm.cpp:1281
Event: 1,751 Thread 0x00007fbacc00b800 Threw 0x00000000da076118 at /HUDSON/workspace/7u-2-build-linux-amd64/jdk7u72/1606/hotspot/src/share/vm/prims/jvm.cpp:1281
Event: 1,752 Thread 0x00007fbacc00b800 Threw 0x00000000da087da0 at /HUDSON/workspace/7u-2-build-linux-amd64/jdk7u72/1606/hotspot/src/share/vm/prims/jvm.cpp:1281
Event: 1,754 Thread 0x00007fbacc00b800 Threw 0x00000000da08d668 at /HUDSON/workspace/7u-2-build-linux-amd64/jdk7u72/1606/hotspot/src/share/vm/prims/jvm.cpp:1281

Events (10 events):
Event: 1,744 loading class 0x00007fbacc2b7700
Event: 1,744 loading class 0x00007fbacc2b7700 done
Event: 1,747 Executing VM operation: Deoptimize
Event: 1,747 Executing VM operation: Deoptimize done
Event: 1,751 loading class 0x00007fbacc434400
Event: 1,751 loading class 0x00007fbacc434400 done
Event: 1,752 loading class 0x00007fbacc491df0
Event: 1,752 loading class 0x00007fbacc491df0 done
Event: 1,754 loading class 0x00007fbacc434740
Event: 1,754 loading class 0x00007fbacc434740 done


Dynamic libraries:
00400000-00401000 r-xp 00000000 08:02 2766033                            /usr/lib/jvm/java-7-oracle/bin/java
00600000-00601000 rw-p 00000000 08:02 2766033                            /usr/lib/jvm/java-7-oracle/bin/java
0181d000-0183e000 rw-p 00000000 00:00 0                                  [heap]
86c00000-88100000 rw-p 00000000 00:00 0 
88100000-8be00000 rw-p 00000000 00:00 0 
8be00000-90b00000 rw-p 00000000 00:00 0 
90b00000-d9480000 rw-p 00000000 00:00 0 
d9480000-dbb80000 rw-p 00000000 00:00 0 
dbb80000-100000000 rw-p 00000000 00:00 0 
7fba60000000-7fba60022000 rw-p 00000000 00:00 0 
7fba60022000-7fba64000000 ---p 00000000 00:00 0 
7fba68000000-7fba68021000 rw-p 00000000 00:00 0 
7fba68021000-7fba6c000000 ---p 00000000 00:00 0 
7fba6c000000-7fba6c022000 rw-p 00000000 00:00 0 
7fba6c022000-7fba70000000 ---p 00000000 00:00 0 
7fba70000000-7fba70021000 rw-p 00000000 00:00 0 
7fba70021000-7fba74000000 ---p 00000000 00:00 0 
7fba75aaf000-7fba75ab0000 ---p 00000000 00:00 0 
7fba75ab0000-7fba762b0000 rw-p 00000000 00:00 0                          [stack:1213]
7fba762b0000-7fba762b1000 ---p 00000000 00:00 0 
7fba762b1000-7fba76ab1000 rw-p 00000000 00:00 0 
7fba76ab1000-7fba76ab2000 ---p 00000000 00:00 0 
7fba76ab2000-7fba772b2000 rw-p 00000000 00:00 0                          [stack:1211]
7fba772b2000-7fba772b3000 ---p 00000000 00:00 0 
7fba772b3000-7fba77ab3000 rw-p 00000000 00:00 0                          [stack:1210]
7fba77ab3000-7fba77af7000 r-xp 00000000 08:02 266196                     /lib/x86_64-linux-gnu/libdbus-1.so.3.7.6
7fba77af7000-7fba77cf6000 ---p 00044000 08:02 266196                     /lib/x86_64-linux-gnu/libdbus-1.so.3.7.6
7fba77cf6000-7fba77cf7000 r--p 00043000 08:02 266196                     /lib/x86_64-linux-gnu/libdbus-1.so.3.7.6
7fba77cf7000-7fba77cf8000 rw-p 00044000 08:02 266196                     /lib/x86_64-linux-gnu/libdbus-1.so.3.7.6
7fba77cf8000-7fba77d00000 r-xp 00000000 08:02 266240                     /lib/x86_64-linux-gnu/libnih-dbus.so.1.0.0
7fba77d00000-7fba77f00000 ---p 00008000 08:02 266240                     /lib/x86_64-linux-gnu/libnih-dbus.so.1.0.0
7fba77f00000-7fba77f01000 r--p 00008000 08:02 266240                     /lib/x86_64-linux-gnu/libnih-dbus.so.1.0.0
7fba77f01000-7fba77f02000 rw-p 00009000 08:02 266240                     /lib/x86_64-linux-gnu/libnih-dbus.so.1.0.0
7fba77f02000-7fba77f19000 r-xp 00000000 08:02 266242                     /lib/x86_64-linux-gnu/libnih.so.1.0.0
7fba77f19000-7fba78118000 ---p 00017000 08:02 266242                     /lib/x86_64-linux-gnu/libnih.so.1.0.0
7fba78118000-7fba78119000 r--p 00016000 08:02 266242                     /lib/x86_64-linux-gnu/libnih.so.1.0.0
7fba78119000-7fba7811a000 rw-p 00017000 08:02 266242                     /lib/x86_64-linux-gnu/libnih.so.1.0.0
7fba7811a000-7fba78133000 r-xp 00000000 08:02 266114                     /lib/x86_64-linux-gnu/libcgmanager.so.0.0.0
7fba78133000-7fba78332000 ---p 00019000 08:02 266114                     /lib/x86_64-linux-gnu/libcgmanager.so.0.0.0
7fba78332000-7fba78334000 r--p 00018000 08:02 266114                     /lib/x86_64-linux-gnu/libcgmanager.so.0.0.0
7fba78334000-7fba78335000 rw-p 0001a000 08:02 266114                     /lib/x86_64-linux-gnu/libcgmanager.so.0.0.0
7fba78335000-7fba78345000 r-xp 00000000 08:02 266115                     /lib/x86_64-linux-gnu/libudev.so.1.3.5
7fba78345000-7fba78544000 ---p 00010000 08:02 266115                     /lib/x86_64-linux-gnu/libudev.so.1.3.5
7fba78544000-7fba78545000 r--p 0000f000 08:02 266115                     /lib/x86_64-linux-gnu/libudev.so.1.3.5
7fba78545000-7fba78546000 rw-p 00010000 08:02 266115                     /lib/x86_64-linux-gnu/libudev.so.1.3.5
7fba78546000-7fba7857a000 r-xp 00000000 08:02 3017837                    /usr/lib/x86_64-linux-gnu/gvfs/libgvfscommon.so
7fba7857a000-7fba7877a000 ---p 00034000 08:02 3017837                    /usr/lib/x86_64-linux-gnu/gvfs/libgvfscommon.so
7fba7877a000-7fba7877f000 r--p 00034000 08:02 3017837                    /usr/lib/x86_64-linux-gnu/gvfs/libgvfscommon.so
7fba7877f000-7fba78780000 rw-p 00039000 08:02 3017837                    /usr/lib/x86_64-linux-gnu/gvfs/libgvfscommon.so
7fba78780000-7fba787af000 r-xp 00000000 08:02 3017489                    /usr/lib/x86_64-linux-gnu/gio/modules/libgvfsdbus.so
7fba787af000-7fba789af000 ---p 0002f000 08:02 3017489                    /usr/lib/x86_64-linux-gnu/gio/modules/libgvfsdbus.so
7fba789af000-7fba789b0000 r--p 0002f000 08:02 3017489                    /usr/lib/x86_64-linux-gnu/gio/modules/libgvfsdbus.so
7fba789b0000-7fba789b1000 rw-p 00030000 08:02 3017489                    /usr/lib/x86_64-linux-gnu/gio/modules/libgvfsdbus.so
7fba789b1000-7fba789b2000 rw-p 00000000 00:00 0 
7fba789b2000-7fba78a0b000 r-xp 00000000 08:02 2761492                    /usr/lib/x86_64-linux-gnu/libibus-1.0.so.5.0.505
7fba78a0b000-7fba78c0b000 ---p 00059000 08:02 2761492                    /usr/lib/x86_64-linux-gnu/libibus-1.0.so.5.0.505
7fba78c0b000-7fba78c0d000 r--p 00059000 08:02 2761492                    /usr/lib/x86_64-linux-gnu/libibus-1.0.so.5.0.505
7fba78c0d000-7fba78c0e000 rw-p 0005b000 08:02 2761492                    /usr/lib/x86_64-linux-gnu/libibus-1.0.so.5.0.505
7fba78c0e000-7fba78c0f000 rw-p 00000000 00:00 0 
7fba78c0f000-7fba78c15000 r-xp 00000000 08:02 3017777                    /usr/lib/x86_64-linux-gnu/gtk-2.0/2.10.0/immodules/im-ibus.so
7fba78c15000-7fba78e15000 ---p 00006000 08:02 3017777                    /usr/lib/x86_64-linux-gnu/gtk-2.0/2.10.0/immodules/im-ibus.so
7fba78e15000-7fba78e16000 r--p 00006000 08:02 3017777                    /usr/lib/x86_64-linux-gnu/gtk-2.0/2.10.0/immodules/im-ibus.so
7fba78e16000-7fba78e17000 rw-p 00007000 08:02 3017777                    /usr/lib/x86_64-linux-gnu/gtk-2.0/2.10.0/immodules/im-ibus.so
7fba78e17000-7fba78e1e000 r-xp 00000000 08:02 2761659                    /usr/lib/x86_64-linux-gnu/libogg.so.0.8.1
7fba78e1e000-7fba7901e000 ---p 00007000 08:02 2761659                    /usr/lib/x86_64-linux-gnu/libogg.so.0.8.1
7fba7901e000-7fba7901f000 r--p 00007000 08:02 2761659                    /usr/lib/x86_64-linux-gnu/libogg.so.0.8.1
7fba7901f000-7fba79020000 rw-p 00008000 08:02 2761659                    /usr/lib/x86_64-linux-gnu/libogg.so.0.8.1
7fba79020000-7fba7904c000 r-xp 00000000 08:02 2761912                    /usr/lib/x86_64-linux-gnu/libvorbis.so.0.4.5
7fba7904c000-7fba7924b000 ---p 0002c000 08:02 2761912                    /usr/lib/x86_64-linux-gnu/libvorbis.so.0.4.5
7fba7924b000-7fba7924c000 r--p 0002b000 08:02 2761912                    /usr/lib/x86_64-linux-gnu/libvorbis.so.0.4.5
7fba7924c000-7fba7924d000 rw-p 0002c000 08:02 2761912                    /usr/lib/x86_64-linux-gnu/libvorbis.so.0.4.5
7fba7924d000-7fba79256000 r-xp 00000000 08:02 2761565                    /usr/lib/x86_64-linux-gnu/libltdl.so.7.3.0
7fba79256000-7fba79455000 ---p 00009000 08:02 2761565                    /usr/lib/x86_64-linux-gnu/libltdl.so.7.3.0
7fba79455000-7fba79456000 r--p 00008000 08:02 2761565                    /usr/lib/x86_64-linux-gnu/libltdl.so.7.3.0
7fba79456000-7fba79457000 rw-p 00009000 08:02 2761565                    /usr/lib/x86_64-linux-gnu/libltdl.so.7.3.0
7fba79457000-7fba79468000 r-xp 00000000 08:02 2761852                    /usr/lib/x86_64-linux-gnu/libtdb.so.1.2.12
7fba79468000-7fba79667000 ---p 00011000 08:02 2761852                    /usr/lib/x86_64-linux-gnu/libtdb.so.1.2.12
7fba79667000-7fba79668000 r--p 00010000 08:02 2761852                    /usr/lib/x86_64-linux-gnu/libtdb.so.1.2.12
7fba79668000-7fba79669000 rw-p 00011000 08:02 2761852                    /usr/lib/x86_64-linux-gnu/libtdb.so.1.2.12
7fba79669000-7fba79670000 r-xp 00000000 08:02 2761916                    /usr/lib/x86_64-linux-gnu/libvorbisfile.so.3.3.4
7fba79670000-7fba7986f000 ---p 00007000 08:02 2761916                    /usr/lib/x86_64-linux-gnu/libvorbisfile.so.3.3.4
7fba7986f000-7fba79870000 r--p 00006000 08:02 2761916                    /usr/lib/x86_64-linux-gnu/libvorbisfile.so.3.3.4
7fba79870000-7fba79871000 rw-p 00007000 08:02 2761916                    /usr/lib/x86_64-linux-gnu/libvorbisfile.so.3.3.4
7fba79871000-7fba79880000 r-xp 00000000 08:02 2761086                    /usr/lib/x86_64-linux-gnu/libcanberra.so.0.2.5
7fba79880000-7fba79a7f000 ---p 0000f000 08:02 2761086                    /usr/lib/x86_64-linux-gnu/libcanberra.so.0.2.5
7fba79a7f000-7fba79a80000 r--p 0000e000 08:02 2761086                    /usr/lib/x86_64-linux-gnu/libcanberra.so.0.2.5
7fba79a80000-7fba79a81000 rw-p 0000f000 08:02 2761086                    /usr/lib/x86_64-linux-gnu/libcanberra.so.0.2.5
7fba79a81000-7fba79a85000 r-xp 00000000 08:02 2761082                    /usr/lib/x86_64-linux-gnu/libcanberra-gtk.so.0.1.9
7fba79a85000-7fba79c84000 ---p 00004000 08:02 2761082                    /usr/lib/x86_64-linux-gnu/libcanberra-gtk.so.0.1.9
7fba79c84000-7fba79c85000 r--p 00003000 08:02 2761082                    /usr/lib/x86_64-linux-gnu/libcanberra-gtk.so.0.1.9
7fba79c85000-7fba79c86000 rw-p 00004000 08:02 2761082                    /usr/lib/x86_64-linux-gnu/libcanberra-gtk.so.0.1.9
7fba79c86000-7fba79c8b000 r-xp 00000000 08:02 3017791                    /usr/lib/x86_64-linux-gnu/gtk-2.0/modules/libcanberra-gtk-module.so
7fba79c8b000-7fba79e8a000 ---p 00005000 08:02 3017791                    /usr/lib/x86_64-linux-gnu/gtk-2.0/modules/libcanberra-gtk-module.so
7fba79e8a000-7fba79e8b000 r--p 00004000 08:02 3017791                    /usr/lib/x86_64-linux-gnu/gtk-2.0/modules/libcanberra-gtk-module.so
7fba79e8b000-7fba79e8c000 rw-p 00005000 08:02 3017791                    /usr/lib/x86_64-linux-gnu/gtk-2.0/modules/libcanberra-gtk-module.so
7fba79e8c000-7fba79e8f000 r-xp 00000000 08:02 3017772                    /usr/lib/x86_64-linux-gnu/gtk-2.0/2.10.0/engines/libadwaita.so
7fba79e8f000-7fba7a08e000 ---p 00003000 08:02 3017772                    /usr/lib/x86_64-linux-gnu/gtk-2.0/2.10.0/engines/libadwaita.so
7fba7a08e000-7fba7a08f000 r--p 00002000 08:02 3017772                    /usr/lib/x86_64-linux-gnu/gtk-2.0/2.10.0/engines/libadwaita.so
7fba7a08f000-7fba7a090000 rw-p 00003000 08:02 3017772                    /usr/lib/x86_64-linux-gnu/gtk-2.0/2.10.0/engines/libadwaita.so
7fba7a090000-7fba7a099000 r-xp 00000000 08:02 3017773                    /usr/lib/x86_64-linux-gnu/gtk-2.0/2.10.0/engines/libpixmap.so
7fba7a099000-7fba7a299000 ---p 00009000 08:02 3017773                    /usr/lib/x86_64-linux-gnu/gtk-2.0/2.10.0/engines/libpixmap.so
7fba7a299000-7fba7a29a000 r--p 00009000 08:02 3017773                    /usr/lib/x86_64-linux-gnu/gtk-2.0/2.10.0/engines/libpixmap.so
7fba7a29a000-7fba7a29b000 rw-p 0000a000 08:02 3017773                    /usr/lib/x86_64-linux-gnu/gtk-2.0/2.10.0/engines/libpixmap.so
7fba7a29b000-7fba7a2a4000 r-xp 00000000 08:05 13765017                   /home/eugen/.swt/lib/linux/x86_64/libswt-cairo-gtk-4430.so
7fba7a2a4000-7fba7a4a4000 ---p 00009000 08:05 13765017                   /home/eugen/.swt/lib/linux/x86_64/libswt-cairo-gtk-4430.so
7fba7a4a4000-7fba7a4a5000 rw-p 00009000 08:05 13765017                   /home/eugen/.swt/lib/linux/x86_64/libswt-cairo-gtk-4430.so
7fba7a4a5000-7fba7a4ab000 r-xp 00000000 08:02 2761152                    /usr/lib/x86_64-linux-gnu/libdatrie.so.1.3.1
7fba7a4ab000-7fba7a6aa000 ---p 00006000 08:02 2761152                    /usr/lib/x86_64-linux-gnu/libdatrie.so.1.3.1
7fba7a6aa000-7fba7a6ab000 r--p 00005000 08:02 2761152                    /usr/lib/x86_64-linux-gnu/libdatrie.so.1.3.1
7fba7a6ab000-7fba7a6ac000 rw-p 00006000 08:02 2761152                    /usr/lib/x86_64-linux-gnu/libdatrie.so.1.3.1
7fba7a6ac000-7fba7a6c6000 r-xp 00000000 08:02 2761362                    /usr/lib/x86_64-linux-gnu/libgraphite2.so.3.0.1
7fba7a6c6000-7fba7a8c5000 ---p 0001a000 08:02 2761362                    /usr/lib/x86_64-linux-gnu/libgraphite2.so.3.0.1
7fba7a8c5000-7fba7a8c7000 r--p 00019000 08:02 2761362                    /usr/lib/x86_64-linux-gnu/libgraphite2.so.3.0.1
7fba7a8c7000-7fba7a8c8000 rw-p 0001b000 08:02 2761362                    /usr/lib/x86_64-linux-gnu/libgraphite2.so.3.0.1
7fba7a8c8000-7fba7a8cd000 r-xp 00000000 08:02 2760965                    /usr/lib/x86_64-linux-gnu/libXdmcp.so.6.0.0
7fba7a8cd000-7fba7aacc000 ---p 00005000 08:02 2760965                    /usr/lib/x86_64-linux-gnu/libXdmcp.so.6.0.0
7fba7aacc000-7fba7aacd000 r--p 00004000 08:02 2760965                    /usr/lib/x86_64-linux-gnu/libXdmcp.so.6.0.0
7fba7aacd000-7fba7aace000 rw-p 00005000 08:02 2760965                    /usr/lib/x86_64-linux-gnu/libXdmcp.so.6.0.0
7fba7aace000-7fba7aad0000 r-xp 00000000 08:02 2760954                    /usr/lib/x86_64-linux-gnu/libXau.so.6.0.0
7fba7aad0000-7fba7acd0000 ---p 00002000 08:02 2760954                    /usr/lib/x86_64-linux-gnu/libXau.so.6.0.0
7fba7acd0000-7fba7acd1000 r--p 00002000 08:02 2760954                    /usr/lib/x86_64-linux-gnu/libXau.so.6.0.0
7fba7acd1000-7fba7acd2000 rw-p 00003000 08:02 2760954                    /usr/lib/x86_64-linux-gnu/libXau.so.6.0.0
7fba7acd2000-7fba7ad0f000 r-xp 00000000 08:02 266282                     /lib/x86_64-linux-gnu/libpcre.so.3.13.1
7fba7ad0f000-7fba7af0e000 ---p 0003d000 08:02 266282                     /lib/x86_64-linux-gnu/libpcre.so.3.13.1
7fba7af0e000-7fba7af0f000 r--p 0003c000 08:02 266282                     /lib/x86_64-linux-gnu/libpcre.so.3.13.1
7fba7af0f000-7fba7af10000 rw-p 0003d000 08:02 266282                     /lib/x86_64-linux-gnu/libpcre.so.3.13.1
7fba7af10000-7fba7af17000 r-xp 00000000 08:02 2761225                    /usr/lib/x86_64-linux-gnu/libffi.so.6.0.1
7fba7af17000-7fba7b116000 ---p 00007000 08:02 2761225                    /usr/lib/x86_64-linux-gnu/libffi.so.6.0.1
7fba7b116000-7fba7b117000 r--p 00006000 08:02 2761225                    /usr/lib/x86_64-linux-gnu/libffi.so.6.0.1
7fba7b117000-7fba7b118000 rw-p 00007000 08:02 2761225                    /usr/lib/x86_64-linux-gnu/libffi.so.6.0.1
7fba7b118000-7fba7b13f000 r-xp 00000000 08:02 266200                     /lib/x86_64-linux-gnu/libexpat.so.1.6.0
7fba7b13f000-7fba7b33f000 ---p 00027000 08:02 266200                     /lib/x86_64-linux-gnu/libexpat.so.1.6.0
7fba7b33f000-7fba7b341000 r--p 00027000 08:02 266200                     /lib/x86_64-linux-gnu/libexpat.so.1.6.0
7fba7b341000-7fba7b342000 rw-p 00029000 08:02 266200                     /lib/x86_64-linux-gnu/libexpat.so.1.6.0
7fba7b342000-7fba7b34a000 r-xp 00000000 08:02 2761864                    /usr/lib/x86_64-linux-gnu/libthai.so.0.2.0
7fba7b34a000-7fba7b549000 ---p 00008000 08:02 2761864                    /usr/lib/x86_64-linux-gnu/libthai.so.0.2.0
7fba7b549000-7fba7b54a000 r--p 00007000 08:02 2761864                    /usr/lib/x86_64-linux-gnu/libthai.so.0.2.0
7fba7b54a000-7fba7b54b000 rw-p 00008000 08:02 2761864                    /usr/lib/x86_64-linux-gnu/libthai.so.0.2.0
7fba7b54b000-7fba7b59e000 r-xp 00000000 08:02 2752994                    /usr/lib/x86_64-linux-gnu/libharfbuzz.so.0.927.0
7fba7b59e000-7fba7b79e000 ---p 00053000 08:02 2752994                    /usr/lib/x86_64-linux-gnu/libharfbuzz.so.0.927.0
7fba7b79e000-7fba7b79f000 r--p 00053000 08:02 2752994                    /usr/lib/x86_64-linux-gnu/libharfbuzz.so.0.927.0
7fba7b79f000-7fba7b7a0000 rw-p 00054000 08:02 2752994                    /usr/lib/x86_64-linux-gnu/libharfbuzz.so.0.927.0
7fba7b7a0000-7fba7b7b7000 r-xp 00000000 08:02 262149                     /lib/x86_64-linux-gnu/libresolv-2.19.so
7fba7b7b7000-7fba7b9b7000 ---p 00017000 08:02 262149                     /lib/x86_64-linux-gnu/libresolv-2.19.so
7fba7b9b7000-7fba7b9b8000 r--p 00017000 08:02 262149                     /lib/x86_64-linux-gnu/libresolv-2.19.so
7fba7b9b8000-7fba7b9b9000 rw-p 00018000 08:02 262149                     /lib/x86_64-linux-gnu/libresolv-2.19.so
7fba7b9b9000-7fba7b9bb000 rw-p 00000000 00:00 0 
7fba7b9bb000-7fba7b9db000 r-xp 00000000 08:02 266309                     /lib/x86_64-linux-gnu/libselinux.so.1
7fba7b9db000-7fba7bbda000 ---p 00020000 08:02 266309                     /lib/x86_64-linux-gnu/libselinux.so.1
7fba7bbda000-7fba7bbdb000 r--p 0001f000 08:02 266309                     /lib/x86_64-linux-gnu/libselinux.so.1
7fba7bbdb000-7fba7bbdc000 rw-p 00020000 08:02 266309                     /lib/x86_64-linux-gnu/libselinux.so.1
7fba7bbdc000-7fba7bbde000 rw-p 00000000 00:00 0 
7fba7bbde000-7fba7bbf6000 r-xp 00000000 08:02 266341                     /lib/x86_64-linux-gnu/libz.so.1.2.8
7fba7bbf6000-7fba7bdf5000 ---p 00018000 08:02 266341                     /lib/x86_64-linux-gnu/libz.so.1.2.8
7fba7bdf5000-7fba7bdf6000 r--p 00017000 08:02 266341                     /lib/x86_64-linux-gnu/libz.so.1.2.8
7fba7bdf6000-7fba7bdf7000 rw-p 00018000 08:02 266341                     /lib/x86_64-linux-gnu/libz.so.1.2.8
7fba7bdf7000-7fba7bdff000 r-xp 00000000 08:02 2761965                    /usr/lib/x86_64-linux-gnu/libxcb-render.so.0.0.0
7fba7bdff000-7fba7bffe000 ---p 00008000 08:02 2761965                    /usr/lib/x86_64-linux-gnu/libxcb-render.so.0.0.0
7fba7bffe000-7fba7bfff000 r--p 00007000 08:02 2761965                    /usr/lib/x86_64-linux-gnu/libxcb-render.so.0.0.0
7fba7bfff000-7fba7c000000 rw-p 00008000 08:02 2761965                    /usr/lib/x86_64-linux-gnu/libxcb-render.so.0.0.0
7fba7c000000-7fba7c021000 rw-p 00000000 00:00 0 
7fba7c021000-7fba80000000 ---p 00000000 00:00 0 
7fba800c5000-7fba800c6000 rw-p 00000000 00:00 0 
7fba800c6000-7fba800e9000 r--p 00000000 08:02 655413                     /usr/share/fonts/truetype/msttcorefonts/Verdana.ttf
7fba800e9000-7fba800eb000 r--s 00000000 08:02 928279                     /var/cache/fontconfig/8d8b68aba5c2525ac7de7497e4c5b2d2-le64.cache-4
7fba800eb000-7fba800ec000 r--s 00000000 08:02 928214                     /var/cache/fontconfig/087e1975ba9a574b140bb1df193bf770-le64.cache-4
7fba800ec000-7fba800ed000 r--s 00000000 08:02 928275                     /var/cache/fontconfig/c05880de57d1f5e948fdfacc138775d9-le64.cache-4
7fba800ed000-7fba800f8000 r--s 00000000 08:02 917606                     /var/cache/fontconfig/945677eb7aeaf62f1d50efc3fb3ec7d8-le64.cache-4
7fba800f8000-7fba800fe000 r--s 00000000 08:02 928273                     /var/cache/fontconfig/2cd17615ca594fa2959ae173292e504c-le64.cache-4
7fba800fe000-7fba800ff000 r--s 00000000 08:02 928272                     /var/cache/fontconfig/e7071f4a29fa870f4323321c154eba04-le64.cache-4
7fba800ff000-7fba80100000 r--s 00000000 08:02 928271                     /var/cache/fontconfig/0d8c3b2ac0904cb8a57a757ad11a4a08-le64.cache-4
7fba80100000-7fba80107000 r--s 00000000 08:02 928270                     /var/cache/fontconfig/a755afe4a08bf5b97852ceb7400b47bc-le64.cache-4
7fba80107000-7fba8010b000 r--s 00000000 08:02 928269                     /var/cache/fontconfig/de156ccd2eddbdc19d37a45b8b2aac9c-le64.cache-4
7fba8010b000-7fba80116000 r--s 00000000 08:02 928268                     /var/cache/fontconfig/a6354e3ac43af67bd8d7b8e43c34e49f-le64.cache-4
7fba80116000-7fba8012a000 r--s 00000000 08:02 928267                     /var/cache/fontconfig/04aabc0a78ac019cf9454389977116d2-le64.cache-4
7fba8012a000-7fba8012b000 r--s 00000000 08:02 928266                     /var/cache/fontconfig/1ac9eb803944fde146138c791f5cc56a-le64.cache-4
7fba8012b000-7fba8012f000 r--s 00000000 08:02 928265                     /var/cache/fontconfig/385c0604a188198f04d133e54aba7fe7-le64.cache-4
7fba8012f000-7fba80130000 r--s 00000000 08:02 928264                     /var/cache/fontconfig/dc05db6664285cc2f12bf69c139ae4c3-le64.cache-4
7fba80130000-7fba80132000 r--s 00000000 08:02 928263                     /var/cache/fontconfig/767a8244fc0220cfb567a839d0392e0b-le64.cache-4
7fba80132000-7fba8016d000 r--s 00000000 08:02 928258                     /var/cache/fontconfig/365b55f210c0a22e9a19e35191240f32-le64.cache-4
7fba8016d000-7fba8016f000 r-xp 00000000 08:02 2761969                    /usr/lib/x86_64-linux-gnu/libxcb-shm.so.0.0.0
7fba8016f000-7fba8036e000 ---p 00002000 08:02 2761969                    /usr/lib/x86_64-linux-gnu/libxcb-shm.so.0.0.0
7fba8036e000-7fba8036f000 r--p 00001000 08:02 2761969                    /usr/lib/x86_64-linux-gnu/libxcb-shm.so.0.0.0
7fba8036f000-7fba80370000 rw-p 00002000 08:02 2761969                    /usr/lib/x86_64-linux-gnu/libxcb-shm.so.0.0.0
7fba80370000-7fba80395000 r-xp 00000000 08:02 266294                     /lib/x86_64-linux-gnu/libpng12.so.0.50.0
7fba80395000-7fba80594000 ---p 00025000 08:02 266294                     /lib/x86_64-linux-gnu/libpng12.so.0.50.0
7fba80594000-7fba80595000 r--p 00024000 08:02 266294                     /lib/x86_64-linux-gnu/libpng12.so.0.50.0
7fba80595000-7fba80596000 rw-p 00025000 08:02 266294                     /lib/x86_64-linux-gnu/libpng12.so.0.50.0
7fba80596000-7fba80637000 r-xp 00000000 08:02 2761698                    /usr/lib/x86_64-linux-gnu/libpixman-1.so.0.30.2
7fba80637000-7fba80837000 ---p 000a1000 08:02 2761698                    /usr/lib/x86_64-linux-gnu/libpixman-1.so.0.30.2
7fba80837000-7fba8083e000 r--p 000a1000 08:02 2761698                    /usr/lib/x86_64-linux-gnu/libpixman-1.so.0.30.2
7fba8083e000-7fba8083f000 rw-p 000a8000 08:02 2761698                    /usr/lib/x86_64-linux-gnu/libpixman-1.so.0.30.2
7fba8083f000-7fba8085c000 r-xp 00000000 08:02 2761981                    /usr/lib/x86_64-linux-gnu/libxcb.so.1.1.0
7fba8085c000-7fba80a5c000 ---p 0001d000 08:02 2761981                    /usr/lib/x86_64-linux-gnu/libxcb.so.1.1.0
7fba80a5c000-7fba80a5d000 r--p 0001d000 08:02 2761981                    /usr/lib/x86_64-linux-gnu/libxcb.so.1.1.0
7fba80a5d000-7fba80a5e000 rw-p 0001e000 08:02 2761981                    /usr/lib/x86_64-linux-gnu/libxcb.so.1.1.0
7fba80a5e000-7fba80afb000 r-xp 00000000 08:02 2761251                    /usr/lib/x86_64-linux-gnu/libfreetype.so.6.11.1
7fba80afb000-7fba80cfa000 ---p 0009d000 08:02 2761251                    /usr/lib/x86_64-linux-gnu/libfreetype.so.6.11.1
7fba80cfa000-7fba80d00000 r--p 0009c000 08:02 2761251                    /usr/lib/x86_64-linux-gnu/libfreetype.so.6.11.1
7fba80d00000-7fba80d01000 rw-p 000a2000 08:02 2761251                    /usr/lib/x86_64-linux-gnu/libfreetype.so.6.11.1
7fba80d01000-7fba80d03000 r-xp 00000000 08:02 2760963                    /usr/lib/x86_64-linux-gnu/libXdamage.so.1.1.0
7fba80d03000-7fba80f02000 ---p 00002000 08:02 2760963                    /usr/lib/x86_64-linux-gnu/libXdamage.so.1.1.0
7fba80f02000-7fba80f03000 r--p 00001000 08:02 2760963                    /usr/lib/x86_64-linux-gnu/libXdamage.so.1.1.0
7fba80f03000-7fba80f04000 rw-p 00002000 08:02 2760963                    /usr/lib/x86_64-linux-gnu/libXdamage.so.1.1.0
7fba80f04000-7fba80f06000 r-xp 00000000 08:02 2760959                    /usr/lib/x86_64-linux-gnu/libXcomposite.so.1.0.0
7fba80f06000-7fba81105000 ---p 00002000 08:02 2760959                    /usr/lib/x86_64-linux-gnu/libXcomposite.so.1.0.0
7fba81105000-7fba81106000 r--p 00001000 08:02 2760959                    /usr/lib/x86_64-linux-gnu/libXcomposite.so.1.0.0
7fba81106000-7fba81107000 rw-p 00002000 08:02 2760959                    /usr/lib/x86_64-linux-gnu/libXcomposite.so.1.0.0
7fba81107000-7fba81110000 r-xp 00000000 08:02 2760961                    /usr/lib/x86_64-linux-gnu/libXcursor.so.1.0.2
7fba81110000-7fba8130f000 ---p 00009000 08:02 2760961                    /usr/lib/x86_64-linux-gnu/libXcursor.so.1.0.2
7fba8130f000-7fba81310000 r--p 00008000 08:02 2760961                    /usr/lib/x86_64-linux-gnu/libXcursor.so.1.0.2
7fba81310000-7fba81311000 rw-p 00009000 08:02 2760961                    /usr/lib/x86_64-linux-gnu/libXcursor.so.1.0.2
7fba81311000-7fba8131a000 r-xp 00000000 08:02 2760987                    /usr/lib/x86_64-linux-gnu/libXrandr.so.2.2.0
7fba8131a000-7fba81519000 ---p 00009000 08:02 2760987                    /usr/lib/x86_64-linux-gnu/libXrandr.so.2.2.0
7fba81519000-7fba8151a000 r--p 00008000 08:02 2760987                    /usr/lib/x86_64-linux-gnu/libXrandr.so.2.2.0
7fba8151a000-7fba8151b000 rw-p 00009000 08:02 2760987                    /usr/lib/x86_64-linux-gnu/libXrandr.so.2.2.0
7fba8151b000-7fba8152a000 r-xp 00000000 08:02 2760975                    /usr/lib/x86_64-linux-gnu/libXi.so.6.1.0
7fba8152a000-7fba81729000 ---p 0000f000 08:02 2760975                    /usr/lib/x86_64-linux-gnu/libXi.so.6.1.0
7fba81729000-7fba8172a000 r--p 0000e000 08:02 2760975                    /usr/lib/x86_64-linux-gnu/libXi.so.6.1.0
7fba8172a000-7fba8172b000 rw-p 0000f000 08:02 2760975                    /usr/lib/x86_64-linux-gnu/libXi.so.6.1.0
7fba8172b000-7fba8172d000 r-xp 00000000 08:02 2760977                    /usr/lib/x86_64-linux-gnu/libXinerama.so.1.0.0
7fba8172d000-7fba8192c000 ---p 00002000 08:02 2760977                    /usr/lib/x86_64-linux-gnu/libXinerama.so.1.0.0
7fba8192c000-7fba8192d000 r--p 00001000 08:02 2760977                    /usr/lib/x86_64-linux-gnu/libXinerama.so.1.0.0
7fba8192d000-7fba8192e000 rw-p 00002000 08:02 2760977                    /usr/lib/x86_64-linux-gnu/libXinerama.so.1.0.0
7fba8192e000-7fba81937000 r-xp 00000000 08:02 2760989                    /usr/lib/x86_64-linux-gnu/libXrender.so.1.3.0
7fba81937000-7fba81b36000 ---p 00009000 08:02 2760989                    /usr/lib/x86_64-linux-gnu/libXrender.so.1.3.0
7fba81b36000-7fba81b37000 r--p 00008000 08:02 2760989                    /usr/lib/x86_64-linux-gnu/libXrender.so.1.3.0
7fba81b37000-7fba81b38000 rw-p 00009000 08:02 2760989                    /usr/lib/x86_64-linux-gnu/libXrender.so.1.3.0
7fba81b38000-7fba81b49000 r-xp 00000000 08:02 2760967                    /usr/lib/x86_64-linux-gnu/libXext.so.6.4.0
7fba81b49000-7fba81d48000 ---p 00011000 08:02 2760967                    /usr/lib/x86_64-linux-gnu/libXext.so.6.4.0
7fba81d48000-7fba81d49000 r--p 00010000 08:02 2760967                    /usr/lib/x86_64-linux-gnu/libXext.so.6.4.0
7fba81d49000-7fba81d4a000 rw-p 00011000 08:02 2760967                    /usr/lib/x86_64-linux-gnu/libXext.so.6.4.0
7fba81d4a000-7fba81e50000 r-xp 00000000 08:02 266098                     /lib/x86_64-linux-gnu/libglib-2.0.so.0.4002.0
7fba81e50000-7fba8204f000 ---p 00106000 08:02 266098                     /lib/x86_64-linux-gnu/libglib-2.0.so.0.4002.0
7fba8204f000-7fba82050000 r--p 00105000 08:02 266098                     /lib/x86_64-linux-gnu/libglib-2.0.so.0.4002.0
7fba82050000-7fba82051000 rw-p 00106000 08:02 266098                     /lib/x86_64-linux-gnu/libglib-2.0.so.0.4002.0
7fba82051000-7fba82052000 rw-p 00000000 00:00 0 
7fba82052000-7fba820a1000 r-xp 00000000 08:02 2752911                    /usr/lib/x86_64-linux-gnu/libgobject-2.0.so.0.4002.0
7fba820a1000-7fba822a1000 ---p 0004f000 08:02 2752911                    /usr/lib/x86_64-linux-gnu/libgobject-2.0.so.0.4002.0
7fba822a1000-7fba822a2000 r--p 0004f000 08:02 2752911                    /usr/lib/x86_64-linux-gnu/libgobject-2.0.so.0.4002.0
7fba822a2000-7fba822a3000 rw-p 00050000 08:02 2752911                    /usr/lib/x86_64-linux-gnu/libgobject-2.0.so.0.4002.0
7fba822a3000-7fba822dd000 r-xp 00000000 08:02 2761239                    /usr/lib/x86_64-linux-gnu/libfontconfig.so.1.8.0
7fba822dd000-7fba824dc000 ---p 0003a000 08:02 2761239                    /usr/lib/x86_64-linux-gnu/libfontconfig.so.1.8.0
7fba824dc000-7fba824de000 r--p 00039000 08:02 2761239                    /usr/lib/x86_64-linux-gnu/libfontconfig.so.1.8.0
7fba824de000-7fba824df000 rw-p 0003b000 08:02 2761239                    /usr/lib/x86_64-linux-gnu/libfontconfig.so.1.8.0
7fba824df000-7fba82529000 r-xp 00000000 08:02 2754613                    /usr/lib/x86_64-linux-gnu/libpango-1.0.so.0.3600.3
7fba82529000-7fba82729000 ---p 0004a000 08:02 2754613                    /usr/lib/x86_64-linux-gnu/libpango-1.0.so.0.3600.3
7fba82729000-7fba8272b000 r--p 0004a000 08:02 2754613                    /usr/lib/x86_64-linux-gnu/libpango-1.0.so.0.3600.3
7fba8272b000-7fba8272c000 rw-p 0004c000 08:02 2754613                    /usr/lib/x86_64-linux-gnu/libpango-1.0.so.0.3600.3
7fba8272c000-7fba82740000 r-xp 00000000 08:02 2754615                    /usr/lib/x86_64-linux-gnu/libpangoft2-1.0.so.0.3600.3
7fba82740000-7fba8293f000 ---p 00014000 08:02 2754615                    /usr/lib/x86_64-linux-gnu/libpangoft2-1.0.so.0.3600.3
7fba8293f000-7fba82940000 r--p 00013000 08:02 2754615                    /usr/lib/x86_64-linux-gnu/libpangoft2-1.0.so.0.3600.3
7fba82940000-7fba82941000 rw-p 00014000 08:02 2754615                    /usr/lib/x86_64-linux-gnu/libpangoft2-1.0.so.0.3600.3
7fba82941000-7fba82aad000 r-xp 00000000 08:02 2752917                    /usr/lib/x86_64-linux-gnu/libgio-2.0.so.0.4002.0
7fba82aad000-7fba82cac000 ---p 0016c000 08:02 2752917                    /usr/lib/x86_64-linux-gnu/libgio-2.0.so.0.4002.0
7fba82cac000-7fba82cb0000 r--p 0016b000 08:02 2752917                    /usr/lib/x86_64-linux-gnu/libgio-2.0.so.0.4002.0
7fba82cb0000-7fba82cb2000 rw-p 0016f000 08:02 2752917                    /usr/lib/x86_64-linux-gnu/libgio-2.0.so.0.4002.0
7fba82cb2000-7fba82cb4000 rw-p 00000000 00:00 0 
7fba82cb4000-7fba82cd3000 r-xp 00000000 08:02 2761286                    /usr/lib/x86_64-linux-gnu/libgdk_pixbuf-2.0.so.0.3000.7
7fba82cd3000-7fba82ed3000 ---p 0001f000 08:02 2761286                    /usr/lib/x86_64-linux-gnu/libgdk_pixbuf-2.0.so.0.3000.7
7fba82ed3000-7fba82ed4000 r--p 0001f000 08:02 2761286                    /usr/lib/x86_64-linux-gnu/libgdk_pixbuf-2.0.so.0.3000.7
7fba82ed4000-7fba82ed5000 rw-p 00020000 08:02 2761286                    /usr/lib/x86_64-linux-gnu/libgdk_pixbuf-2.0.so.0.3000.7
7fba82ed5000-7fba82fdb000 r-xp 00000000 08:02 2761078                    /usr/lib/x86_64-linux-gnu/libcairo.so.2.11301.0
7fba82fdb000-7fba831da000 ---p 00106000 08:02 2761078                    /usr/lib/x86_64-linux-gnu/libcairo.so.2.11301.0
7fba831da000-7fba831dd000 r--p 00105000 08:02 2761078                    /usr/lib/x86_64-linux-gnu/libcairo.so.2.11301.0
7fba831dd000-7fba831de000 rw-p 00108000 08:02 2761078                    /usr/lib/x86_64-linux-gnu/libcairo.so.2.11301.0
7fba831de000-7fba831e0000 rw-p 00000000 00:00 0 
7fba831e0000-7fba831ff000 r-xp 00000000 08:02 2761043                    /usr/lib/x86_64-linux-gnu/libatk-1.0.so.0.21009.1
7fba831ff000-7fba833ff000 ---p 0001f000 08:02 2761043                    /usr/lib/x86_64-linux-gnu/libatk-1.0.so.0.21009.1
7fba833ff000-7fba83401000 r--p 0001f000 08:02 2761043                    /usr/lib/x86_64-linux-gnu/libatk-1.0.so.0.21009.1
7fba83401000-7fba83402000 rw-p 00021000 08:02 2761043                    /usr/lib/x86_64-linux-gnu/libatk-1.0.so.0.21009.1
7fba83402000-7fba83407000 r-xp 00000000 08:02 2760969                    /usr/lib/x86_64-linux-gnu/libXfixes.so.3.1.0
7fba83407000-7fba83606000 ---p 00005000 08:02 2760969                    /usr/lib/x86_64-linux-gnu/libXfixes.so.3.1.0
7fba83606000-7fba83607000 r--p 00004000 08:02 2760969                    /usr/lib/x86_64-linux-gnu/libXfixes.so.3.1.0
7fba83607000-7fba83608000 rw-p 00005000 08:02 2760969                    /usr/lib/x86_64-linux-gnu/libXfixes.so.3.1.0
7fba83608000-7fba83738000 r-xp 00000000 08:02 2760950                    /usr/lib/x86_64-linux-gnu/libX11.so.6.3.0
7fba83738000-7fba83938000 ---p 00130000 08:02 2760950                    /usr/lib/x86_64-linux-gnu/libX11.so.6.3.0
7fba83938000-7fba83939000 r--p 00130000 08:02 2760950                    /usr/lib/x86_64-linux-gnu/libX11.so.6.3.0
7fba83939000-7fba8393d000 rw-p 00131000 08:02 2760950                    /usr/lib/x86_64-linux-gnu/libX11.so.6.3.0
7fba8393d000-7fba83948000 r-xp 00000000 08:02 2754611                    /usr/lib/x86_64-linux-gnu/libpangocairo-1.0.so.0.3600.3
7fba83948000-7fba83b48000 ---p 0000b000 08:02 2754611                    /usr/lib/x86_64-linux-gnu/libpangocairo-1.0.so.0.3600.3
7fba83b48000-7fba83b49000 r--p 0000b000 08:02 2754611                    /usr/lib/x86_64-linux-gnu/libpangocairo-1.0.so.0.3600.3
7fba83b49000-7fba83b4a000 rw-p 0000c000 08:02 2754611                    /usr/lib/x86_64-linux-gnu/libpangocairo-1.0.so.0.3600.3
7fba83b4a000-7fba83b4d000 r-xp 00000000 08:02 2752891                    /usr/lib/x86_64-linux-gnu/libgmodule-2.0.so.0.4002.0
7fba83b4d000-7fba83d4c000 ---p 00003000 08:02 2752891                    /usr/lib/x86_64-linux-gnu/libgmodule-2.0.so.0.4002.0
7fba83d4c000-7fba83d4d000 r--p 00002000 08:02 2752891                    /usr/lib/x86_64-linux-gnu/libgmodule-2.0.so.0.4002.0
7fba83d4d000-7fba83d4e000 rw-p 00003000 08:02 2752891                    /usr/lib/x86_64-linux-gnu/libgmodule-2.0.so.0.4002.0
7fba83d4e000-7fba83dfb000 r-xp 00000000 08:02 2761284                    /usr/lib/x86_64-linux-gnu/libgdk-x11-2.0.so.0.2400.23
7fba83dfb000-7fba83ffa000 ---p 000ad000 08:02 2761284                    /usr/lib/x86_64-linux-gnu/libgdk-x11-2.0.so.0.2400.23
7fba83ffa000-7fba83ffe000 r--p 000ac000 08:02 2761284                    /usr/lib/x86_64-linux-gnu/libgdk-x11-2.0.so.0.2400.23
7fba83ffe000-7fba84000000 rw-p 000b0000 08:02 2761284                    /usr/lib/x86_64-linux-gnu/libgdk-x11-2.0.so.0.2400.23
7fba84000000-7fba841ff000 rw-p 00000000 00:00 0 
7fba841ff000-7fba88000000 ---p 00000000 00:00 0 
7fba88000000-7fba88021000 rw-p 00000000 00:00 0 
7fba88021000-7fba8c000000 ---p 00000000 00:00 0 
7fba8c000000-7fba8c021000 rw-p 00000000 00:00 0 
7fba8c021000-7fba90000000 ---p 00000000 00:00 0 
7fba90000000-7fba90317000 rw-p 00000000 00:00 0 
7fba90317000-7fba94000000 ---p 00000000 00:00 0 
7fba94000000-7fba94021000 rw-p 00000000 00:00 0 
7fba94021000-7fba98000000 ---p 00000000 00:00 0 
7fba98000000-7fba98021000 rw-p 00000000 00:00 0 
7fba98021000-7fba9c000000 ---p 00000000 00:00 0 
7fba9c000000-7fba9c021000 rw-p 00000000 00:00 0 
7fba9c021000-7fbaa0000000 ---p 00000000 00:00 0 
7fbaa0000000-7fbaa0001000 r--s 00000000 08:02 928260                     /var/cache/fontconfig/4794a0821666d79190d59a36cb4f44b5-le64.cache-4
7fbaa0001000-7fbaa0006000 r--s 00000000 08:02 928259                     /var/cache/fontconfig/8801497958630a81b71ace7c5f9b32a8-le64.cache-4
7fbaa0006000-7fbaa000d000 r--s 00000000 08:02 928257                     /var/cache/fontconfig/3047814df9a2f067bd2d96a2b9c36e5a-le64.cache-4
7fbaa000d000-7fbaa000e000 r--s 00000000 08:02 928256                     /var/cache/fontconfig/56cf4f4769d0f4abc89a4895d7bd3ae1-le64.cache-4
7fbaa000e000-7fbaa000f000 r--s 00000000 08:02 928255                     /var/cache/fontconfig/b9d506c9ac06c20b433354fa67a72993-le64.cache-4
7fbaa000f000-7fbaa0015000 r--s 00000000 08:02 928254                     /var/cache/fontconfig/b47c4e1ecd0709278f4910c18777a504-le64.cache-4
7fbaa0015000-7fbaa0028000 r--s 00000000 08:02 928251                     /var/cache/fontconfig/d52a8644073d54c13679302ca1180695-le64.cache-4
7fbaa0028000-7fbaa0031000 r--s 00000000 08:02 928249                     /var/cache/fontconfig/3f7329c5293ffd510edef78f73874cfd-le64.cache-4
7fbaa0031000-7fbaa0035000 r--s 00000000 08:02 928248                     /var/cache/fontconfig/d589a48862398ed80a3d6066f4f56f4c-le64.cache-4
7fbaa0035000-7fbaa003a000 r-xp 00000000 08:02 2760995                    /usr/lib/x86_64-linux-gnu/libXtst.so.6.1.0
7fbaa003a000-7fbaa0239000 ---p 00005000 08:02 2760995                    /usr/lib/x86_64-linux-gnu/libXtst.so.6.1.0
7fbaa0239000-7fbaa023a000 r--p 00004000 08:02 2760995                    /usr/lib/x86_64-linux-gnu/libXtst.so.6.1.0
7fbaa023a000-7fbaa023b000 rw-p 00005000 08:02 2760995                    /usr/lib/x86_64-linux-gnu/libXtst.so.6.1.0
7fbaa023b000-7fbaa023c000 r-xp 00000000 08:02 2752916                    /usr/lib/x86_64-linux-gnu/libgthread-2.0.so.0.4002.0
7fbaa023c000-7fbaa043b000 ---p 00001000 08:02 2752916                    /usr/lib/x86_64-linux-gnu/libgthread-2.0.so.0.4002.0
7fbaa043b000-7fbaa043c000 r--p 00000000 08:02 2752916                    /usr/lib/x86_64-linux-gnu/libgthread-2.0.so.0.4002.0
7fbaa043c000-7fbaa043d000 rw-p 00001000 08:02 2752916                    /usr/lib/x86_64-linux-gnu/libgthread-2.0.so.0.4002.0
7fbaa043d000-7fbaa086c000 r-xp 00000000 08:02 2761460                    /usr/lib/x86_64-linux-gnu/libgtk-x11-2.0.so.0.2400.23
7fbaa086c000-7fbaa0a6b000 ---p 0042f000 08:02 2761460                    /usr/lib/x86_64-linux-gnu/libgtk-x11-2.0.so.0.2400.23
7fbaa0a6b000-7fbaa0a72000 r--p 0042e000 08:02 2761460                    /usr/lib/x86_64-linux-gnu/libgtk-x11-2.0.so.0.2400.23
7fbaa0a72000-7fbaa0a76000 rw-p 00435000 08:02 2761460                    /usr/lib/x86_64-linux-gnu/libgtk-x11-2.0.so.0.2400.23
7fbaa0a76000-7fbaa0a79000 rw-p 00000000 00:00 0 
7fbaa0a79000-7fbaa0a7a000 r--s 00000000 08:02 928253                     /var/cache/fontconfig/89034621ae2a8922916bb6bfa5799546-le64.cache-4
7fbaa0a7a000-7fbaa0a7b000 r--s 00000000 08:02 928250                     /var/cache/fontconfig/8a687c406b77f27d99abfeeba937fcce-le64.cache-4
7fbaa0a7b000-7fbaa0a7c000 r--s 00000000 08:02 928247                     /var/cache/fontconfig/0c9eb80ebd1c36541ebe2852d3bb0c49-le64.cache-4
7fbaa0a7c000-7fbaa0a7d000 r--s 00000000 08:02 928301                     /var/cache/fontconfig/8b40f4595dc58240fca3414dac057aad-le64.cache-4
7fbaa0a7d000-7fbaa0a7e000 r--s 00000000 08:02 928238                     /var/cache/fontconfig/c277e94e32b20404286a1ddafa5a80f0-le64.cache-4
7fbaa0a7e000-7fbaa0a7f000 r--s 00000000 08:02 928207                     /var/cache/fontconfig/62f91419b9ebdb6975e7e41ab6412357-le64.cache-4
7fbaa0a7f000-7fbaa0a8c000 r--s 00000000 08:02 928046                     /var/cache/fontconfig/e13b20fdb08344e0e664864cc2ede53d-le64.cache-4
7fbaa0a8c000-7fbaa0a90000 r--s 00000000 08:02 928233                     /var/cache/fontconfig/7ef2298fde41cc6eeb7af42e48b7d293-le64.cache-4
7fbaa0a90000-7fbaa0b04000 r-xp 00000000 08:05 13764960                   /home/eugen/.swt/lib/linux/x86_64/libswt-pi-gtk-4430.so
7fbaa0b04000-7fbaa0d04000 ---p 00074000 08:05 13764960                   /home/eugen/.swt/lib/linux/x86_64/libswt-pi-gtk-4430.so
7fbaa0d04000-7fbaa0d07000 rw-p 00074000 08:05 13764960                   /home/eugen/.swt/lib/linux/x86_64/libswt-pi-gtk-4430.so
7fbaa0d07000-7fbaa0d09000 rw-p 00000000 00:00 0 
7fbaa0d09000-7fbaa0d87000 r-xp 00000000 08:05 13764933                   /home/eugen/.swt/lib/linux/x86_64/libswt-gtk-4430.so
7fbaa0d87000-7fbaa0f86000 ---p 0007e000 08:05 13764933                   /home/eugen/.swt/lib/linux/x86_64/libswt-gtk-4430.so
7fbaa0f86000-7fbaa0f8e000 rw-p 0007d000 08:05 13764933                   /home/eugen/.swt/lib/linux/x86_64/libswt-gtk-4430.so
7fbaa0f8e000-7fbaa0f90000 rw-p 00000000 00:00 0 
7fbaa0f90000-7fbaa0f93000 r--s 00019000 08:02 2893344                    /usr/lib/jvm/java-7-oracle/jre/lib/jce.jar
7fbaa0f93000-7fbaa0f98000 r--s 0008a000 08:02 2893273                    /usr/lib/jvm/java-7-oracle/jre/lib/jsse.jar
7fbaa0f98000-7fbaa0f9d000 r--s 00038000 08:05 7868242                    /home/eugen/Workspace/ide/luna/eclipse/plugins/org.eclipse.text_3.5.300.v20130515-1451.jar
7fbaa0f9d000-7fbaa0fa1000 r--s 00013000 08:05 7865583                    /home/eugen/Workspace/ide/luna/eclipse/plugins/org.eclipse.osgi.services_3.4.0.v20140312-2051.jar
7fbaa0fa1000-7fbaa0fb4000 r--s 000e0000 08:05 7865171                    /home/eugen/Workspace/ide/luna/eclipse/plugins/org.eclipse.jface.text_3.9.1.v20140827-1810.jar
7fbaa0fb4000-7fbaa104b000 r--s 00964000 08:05 7865161                    /home/eugen/Workspace/ide/luna/eclipse/plugins/org.eclipse.jdt.ui_3.10.1.v20140817-1500.jar
7fbaa104b000-7fbaa1050000 r--s 0004a000 08:05 7865159                    /home/eugen/Workspace/ide/luna/eclipse/plugins/org.eclipse.jdt.launching_3.7.101.v20140825-1922.jar
7fbaa1050000-7fbaa1052000 r--s 0000d000 08:05 7865468                    /home/eugen/Workspace/ide/luna/eclipse/plugins/org.eclipse.jdt.compiler.tool_1.0.300.v20140311-1758.jar
7fbaa1052000-7fbaa1055000 r--s 00025000 08:05 7865529                    /home/eugen/Workspace/ide/luna/eclipse/plugins/org.eclipse.jdt.compiler.apt_1.1.0.v20140509-1235.jar
7fbaa1055000-7fbaa1082000 r--s 00522000 08:05 7865154                    /home/eugen/Workspace/ide/luna/eclipse/plugins/org.eclipse.jdt.core_3.10.0.v20140902-0626.jar
7fbaa1082000-7fbaa1089000 r--s 0003f000 08:05 7868202                    /home/eugen/Workspace/ide/luna/eclipse/plugins/org.eclipse.e4.ui.workbench_1.2.1.v20140901-1244.jar
7fbaa1089000-7fbaa1090000 r--s 00055000 08:05 7868251                    /home/eugen/Workspace/ide/luna/eclipse/plugins/org.eclipse.e4.ui.model.workbench_1.1.0.v20140512-1820.jar
7fbaa1090000-7fbaa10a5000 r--s 00107000 08:05 7865169                    /home/eugen/Workspace/ide/luna/eclipse/plugins/org.eclipse.jface_3.10.1.v20140813-1009.jar
7fbaa10a5000-7fbaa10ba000 r--s 00266000 08:05 7865260                    /home/eugen/Workspace/ide/luna/eclipse/plugins/org.eclipse.swt.gtk.linux.x86_64_3.103.1.v20140903-1947.jar
7fbaa10ba000-7fbaa10c2000 r--s 0003a000 08:05 7865262                    /home/eugen/Workspace/ide/luna/eclipse/plugins/org.eclipse.ui_3.106.0.v20140812-1751.jar
7fbaa10c2000-7fbaa10cd000 r--s 000c1000 08:05 7865115                    /home/eugen/Workspace/ide/luna/eclipse/plugins/org.eclipse.core.resources_3.9.1.v20140825-1431.jar
7fbaa10cd000-7fbaa1111000 r--s 00390000 08:05 7865265                    /home/eugen/Workspace/ide/luna/eclipse/plugins/org.eclipse.ui.workbench_3.106.1.v20140827-1737.jar
7fbaa1111000-7fbaa1125000 r--s 00121000 08:05 7868414                    /home/eugen/Workspace/ide/luna/eclipse/plugins/org.eclipse.osgi_3.10.1.v20140909-1633.jar
7fbaa1125000-7fbaa1126000 ---p 00000000 00:00 0 
7fbaa1126000-7fbaa1226000 rw-p 00000000 00:00 0                          [stack:1208]
7fbaa1226000-7fbaa1229000 ---p 00000000 00:00 0 
7fbaa1229000-7fbaa1327000 rw-p 00000000 00:00 0                          [stack:1207]
7fbaa1327000-7fbaa132a000 ---p 00000000 00:00 0 
7fbaa132a000-7fbaa1428000 rw-p 00000000 00:00 0                          [stack:1206]
7fbaa1428000-7fbaa142b000 ---p 00000000 00:00 0 
7fbaa142b000-7fbaa1529000 rw-p 00000000 00:00 0                          [stack:1205]
7fbaa1529000-7fbaa152c000 ---p 00000000 00:00 0 
7fbaa152c000-7fbaa162a000 rw-p 00000000 00:00 0                          [stack:1203]
7fbaa162a000-7fbaa1e7c000 r--p 00000000 08:02 2760058                    /usr/lib/locale/locale-archive
7fbaa1e7c000-7fbaa1e7f000 ---p 00000000 00:00 0 
7fbaa1e7f000-7fbaa1f7d000 rw-p 00000000 00:00 0                          [stack:1201]
7fbaa1f7d000-7fbaa1f80000 ---p 00000000 00:00 0 
7fbaa1f80000-7fbaa207e000 rw-p 00000000 00:00 0                          [stack:1200]
7fbaa207e000-7fbaa207f000 ---p 00000000 00:00 0 
7fbaa207f000-7fbaa3d60000 rw-p 00000000 00:00 0                          [stack:1199]
7fbaa3d60000-7fbaa3f20000 r--s 039ea000 08:02 2893253                    /usr/lib/jvm/java-7-oracle/jre/lib/rt.jar
7fbaa3f20000-7fbaa8000000 rw-p 00000000 00:00 0 
7fbaa8000000-7fbaa8021000 rw-p 00000000 00:00 0 
7fbaa8021000-7fbaac000000 ---p 00000000 00:00 0 
7fbaac000000-7fbaac021000 rw-p 00000000 00:00 0 
7fbaac021000-7fbab0000000 ---p 00000000 00:00 0 
7fbab0000000-7fbab0021000 rw-p 00000000 00:00 0 
7fbab0021000-7fbab4000000 ---p 00000000 00:00 0 
7fbab4000000-7fbab4021000 rw-p 00000000 00:00 0 
7fbab4021000-7fbab8000000 ---p 00000000 00:00 0 
7fbab8000000-7fbab8021000 rw-p 00000000 00:00 0 
7fbab8021000-7fbabc000000 ---p 00000000 00:00 0 
7fbabc000000-7fbabc021000 rw-p 00000000 00:00 0 
7fbabc021000-7fbac0000000 ---p 00000000 00:00 0 
7fbac0000000-7fbac0021000 rw-p 00000000 00:00 0 
7fbac0021000-7fbac4000000 ---p 00000000 00:00 0 
7fbac4000000-7fbac4021000 rw-p 00000000 00:00 0 
7fbac4021000-7fbac8000000 ---p 00000000 00:00 0 
7fbac8000000-7fbac8002000 r--s 0000c000 08:05 7865835                    /home/eugen/Workspace/ide/luna/eclipse/plugins/org.eclipse.e4.core.di_1.4.0.v20140414-1837.jar
7fbac8002000-7fbac8004000 r--s 00014000 08:05 7868274                    /home/eugen/Workspace/ide/luna/eclipse/plugins/org.eclipse.core.expressions_3.4.600.v20140128-0851.jar
7fbac8004000-7fbac8007000 r--s 00018000 08:05 7865801                    /home/eugen/Workspace/ide/luna/eclipse/plugins/org.eclipse.core.commands_3.6.100.v20140528-1422.jar
7fbac8007000-7fbac800a000 r--s 00013000 08:05 7868325                    /home/eugen/Workspace/ide/luna/eclipse/plugins/org.eclipse.equinox.app_1.3.200.v20130910-1609.jar
7fbac800a000-7fbac80a7000 rw-p 00000000 00:00 0 
7fbac80a7000-7fbac80a8000 ---p 00000000 00:00 0 
7fbac80a8000-7fbac81a8000 rw-p 00000000 00:00 0                          [stack:1198]
7fbac81a8000-7fbac81a9000 ---p 00000000 00:00 0 
7fbac81a9000-7fbac82a9000 rw-p 00000000 00:00 0                          [stack:1197]
7fbac82a9000-7fbac82aa000 ---p 00000000 00:00 0 
7fbac82aa000-7fbac83aa000 rw-p 00000000 00:00 0                          [stack:1196]
7fbac83aa000-7fbac83ab000 ---p 00000000 00:00 0 
7fbac83ab000-7fbac84ab000 rw-p 00000000 00:00 0                          [stack:1195]
7fbac84ab000-7fbac84ac000 ---p 00000000 00:00 0 
7fbac84ac000-7fbac85ac000 rw-p 00000000 00:00 0                          [stack:1194]
7fbac85ac000-7fbac85ad000 ---p 00000000 00:00 0 
7fbac85ad000-7fbac86ad000 rw-p 00000000 00:00 0                          [stack:1193]
7fbac86ad000-7fbac86ae000 ---p 00000000 00:00 0 
7fbac86ae000-7fbac87d5000 rw-p 00000000 00:00 0                          [stack:1192]
7fbac87d5000-7fbac8a1a000 rw-p 00000000 00:00 0 
7fbac8a1a000-7fbac8a25000 rw-p 00000000 00:00 0 
7fbac8a25000-7fbac8a43000 rw-p 00000000 00:00 0 
7fbac8a43000-7fbac8a6a000 rw-p 00000000 00:00 0 
7fbac8a6a000-7fbac8cae000 rw-p 00000000 00:00 0 
7fbac8cae000-7fbac8cc2000 rw-p 00000000 00:00 0 
7fbac8cc2000-7fbac8de4000 rw-p 00000000 00:00 0 
7fbac8de4000-7fbac8de5000 rw-p 00000000 00:00 0 
7fbac8de5000-7fbac9055000 rwxp 00000000 00:00 0 
7fbac9055000-7fbacbde5000 rw-p 00000000 00:00 0 
7fbacbde5000-7fbacbdff000 r-xp 00000000 08:02 2893328                    /usr/lib/jvm/java-7-oracle/jre/lib/amd64/libzip.so
7fbacbdff000-7fbacbfff000 ---p 0001a000 08:02 2893328                    /usr/lib/jvm/java-7-oracle/jre/lib/amd64/libzip.so
7fbacbfff000-7fbacc000000 rw-p 0001a000 08:02 2893328                    /usr/lib/jvm/java-7-oracle/jre/lib/amd64/libzip.so
7fbacc000000-7fbacc4fa000 rw-p 00000000 00:00 0 
7fbacc4fa000-7fbad0000000 ---p 00000000 00:00 0 
7fbad0000000-7fbad0001000 r--s 00004000 08:05 7865259                    /home/eugen/Workspace/ide/luna/eclipse/plugins/org.eclipse.swt_3.103.1.v20140903-1938.jar
7fbad0001000-7fbad0003000 r--s 00015000 08:05 7865775                    /home/eugen/Workspace/ide/luna/eclipse/plugins/org.eclipse.core.contenttype_3.4.200.v20140207-1251.jar
7fbad0003000-7fbad0007000 r--s 0001c000 08:05 7868276                    /home/eugen/Workspace/ide/luna/eclipse/plugins/org.eclipse.equinox.preferences_3.5.200.v20140224-1527.jar
7fbad0007000-7fbad000b000 r--s 00029000 08:05 7865751                    /home/eugen/Workspace/ide/luna/eclipse/plugins/org.eclipse.equinox.registry_3.5.400.v20140428-1507.jar
7fbad000b000-7fbad000d000 r--s 00002000 08:05 7866645                    /home/eugen/Workspace/ide/luna/eclipse/plugins/org.eclipse.core.runtime.compatibility.registry_3.5.300.v20140128-0851/runtime_registry_compatibility.jar
7fbad000d000-7fbad00a6000 rw-p 00000000 00:00 0 
7fbad00a6000-7fbad00a7000 ---p 00000000 00:00 0 
7fbad00a7000-7fbad01b2000 rw-p 00000000 00:00 0                          [stack:1191]
7fbad01b2000-7fbad01d0000 rw-p 00000000 00:00 0 
7fbad01d0000-7fbad01db000 r-xp 00000000 08:02 262237                     /lib/x86_64-linux-gnu/libnss_files-2.19.so
7fbad01db000-7fbad03da000 ---p 0000b000 08:02 262237                     /lib/x86_64-linux-gnu/libnss_files-2.19.so
7fbad03da000-7fbad03db000 r--p 0000a000 08:02 262237                     /lib/x86_64-linux-gnu/libnss_files-2.19.so
7fbad03db000-7fbad03dc000 rw-p 0000b000 08:02 262237                     /lib/x86_64-linux-gnu/libnss_files-2.19.so
7fbad03dc000-7fbad03e7000 r-xp 00000000 08:02 262244                     /lib/x86_64-linux-gnu/libnss_nis-2.19.so
7fbad03e7000-7fbad05e6000 ---p 0000b000 08:02 262244                     /lib/x86_64-linux-gnu/libnss_nis-2.19.so
7fbad05e6000-7fbad05e7000 r--p 0000a000 08:02 262244                     /lib/x86_64-linux-gnu/libnss_nis-2.19.so
7fbad05e7000-7fbad05e8000 rw-p 0000b000 08:02 262244                     /lib/x86_64-linux-gnu/libnss_nis-2.19.so
7fbad05e8000-7fbad05ff000 r-xp 00000000 08:02 262170                     /lib/x86_64-linux-gnu/libnsl-2.19.so
7fbad05ff000-7fbad07fe000 ---p 00017000 08:02 262170                     /lib/x86_64-linux-gnu/libnsl-2.19.so
7fbad07fe000-7fbad07ff000 r--p 00016000 08:02 262170                     /lib/x86_64-linux-gnu/libnsl-2.19.so
7fbad07ff000-7fbad0800000 rw-p 00017000 08:02 262170                     /lib/x86_64-linux-gnu/libnsl-2.19.so
7fbad0800000-7fbad0802000 rw-p 00000000 00:00 0 
7fbad0802000-7fbad080b000 r-xp 00000000 08:02 262241                     /lib/x86_64-linux-gnu/libnss_compat-2.19.so
7fbad080b000-7fbad0a0a000 ---p 00009000 08:02 262241                     /lib/x86_64-linux-gnu/libnss_compat-2.19.so
7fbad0a0a000-7fbad0a0b000 r--p 00008000 08:02 262241                     /lib/x86_64-linux-gnu/libnss_compat-2.19.so
7fbad0a0b000-7fbad0a0c000 rw-p 00009000 08:02 262241                     /lib/x86_64-linux-gnu/libnss_compat-2.19.so
7fbad0a0c000-7fbad0a35000 r-xp 00000000 08:02 2893309                    /usr/lib/jvm/java-7-oracle/jre/lib/amd64/libjava.so
7fbad0a35000-7fbad0c35000 ---p 00029000 08:02 2893309                    /usr/lib/jvm/java-7-oracle/jre/lib/amd64/libjava.so
7fbad0c35000-7fbad0c37000 rw-p 00029000 08:02 2893309                    /usr/lib/jvm/java-7-oracle/jre/lib/amd64/libjava.so
7fbad0c37000-7fbad0c44000 r-xp 00000000 08:02 2893319                    /usr/lib/jvm/java-7-oracle/jre/lib/amd64/libverify.so
7fbad0c44000-7fbad0e43000 ---p 0000d000 08:02 2893319                    /usr/lib/jvm/java-7-oracle/jre/lib/amd64/libverify.so
7fbad0e43000-7fbad0e45000 rw-p 0000c000 08:02 2893319                    /usr/lib/jvm/java-7-oracle/jre/lib/amd64/libverify.so
7fbad0e45000-7fbad0e4c000 r-xp 00000000 08:02 262247                     /lib/x86_64-linux-gnu/librt-2.19.so
7fbad0e4c000-7fbad104b000 ---p 00007000 08:02 262247                     /lib/x86_64-linux-gnu/librt-2.19.so
7fbad104b000-7fbad104c000 r--p 00006000 08:02 262247                     /lib/x86_64-linux-gnu/librt-2.19.so
7fbad104c000-7fbad104d000 rw-p 00007000 08:02 262247                     /lib/x86_64-linux-gnu/librt-2.19.so
7fbad104d000-7fbad1152000 r-xp 00000000 08:02 262163                     /lib/x86_64-linux-gnu/libm-2.19.so
7fbad1152000-7fbad1351000 ---p 00105000 08:02 262163                     /lib/x86_64-linux-gnu/libm-2.19.so
7fbad1351000-7fbad1352000 r--p 00104000 08:02 262163                     /lib/x86_64-linux-gnu/libm-2.19.so
7fbad1352000-7fbad1353000 rw-p 00105000 08:02 262163                     /lib/x86_64-linux-gnu/libm-2.19.so
7fbad1353000-7fbad1ec6000 r-xp 00000000 08:02 3415476                    /usr/lib/jvm/java-7-oracle/jre/lib/amd64/server/libjvm.so
7fbad1ec6000-7fbad20c5000 ---p 00b73000 08:02 3415476                    /usr/lib/jvm/java-7-oracle/jre/lib/amd64/server/libjvm.so
7fbad20c5000-7fbad2189000 rw-p 00b72000 08:02 3415476                    /usr/lib/jvm/java-7-oracle/jre/lib/amd64/server/libjvm.so
7fbad2189000-7fbad21ca000 rw-p 00000000 00:00 0 
7fbad21ca000-7fbad2385000 r-xp 00000000 08:02 262245                     /lib/x86_64-linux-gnu/libc-2.19.so
7fbad2385000-7fbad2585000 ---p 001bb000 08:02 262245                     /lib/x86_64-linux-gnu/libc-2.19.so
7fbad2585000-7fbad2589000 r--p 001bb000 08:02 262245                     /lib/x86_64-linux-gnu/libc-2.19.so
7fbad2589000-7fbad258b000 rw-p 001bf000 08:02 262245                     /lib/x86_64-linux-gnu/libc-2.19.so
7fbad258b000-7fbad2590000 rw-p 00000000 00:00 0 
7fbad2590000-7fbad2593000 r-xp 00000000 08:02 262239                     /lib/x86_64-linux-gnu/libdl-2.19.so
7fbad2593000-7fbad2792000 ---p 00003000 08:02 262239                     /lib/x86_64-linux-gnu/libdl-2.19.so
7fbad2792000-7fbad2793000 r--p 00002000 08:02 262239                     /lib/x86_64-linux-gnu/libdl-2.19.so
7fbad2793000-7fbad2794000 rw-p 00003000 08:02 262239                     /lib/x86_64-linux-gnu/libdl-2.19.so
7fbad2794000-7fbad27aa000 r-xp 00000000 08:02 5117554                    /usr/lib/jvm/java-7-oracle/lib/amd64/jli/libjli.so
7fbad27aa000-7fbad29aa000 ---p 00016000 08:02 5117554                    /usr/lib/jvm/java-7-oracle/lib/amd64/jli/libjli.so
7fbad29aa000-7fbad29ab000 rw-p 00016000 08:02 5117554                    /usr/lib/jvm/java-7-oracle/lib/amd64/jli/libjli.so
7fbad29ab000-7fbad29c4000 r-xp 00000000 08:02 262234                     /lib/x86_64-linux-gnu/libpthread-2.19.so
7fbad29c4000-7fbad2bc3000 ---p 00019000 08:02 262234                     /lib/x86_64-linux-gnu/libpthread-2.19.so
7fbad2bc3000-7fbad2bc4000 r--p 00018000 08:02 262234                     /lib/x86_64-linux-gnu/libpthread-2.19.so
7fbad2bc4000-7fbad2bc5000 rw-p 00019000 08:02 262234                     /lib/x86_64-linux-gnu/libpthread-2.19.so
7fbad2bc5000-7fbad2bc9000 rw-p 00000000 00:00 0 
7fbad2bc9000-7fbad2bec000 r-xp 00000000 08:02 262242                     /lib/x86_64-linux-gnu/ld-2.19.so
7fbad2bec000-7fbad2c17000 rw-p 00000000 00:00 0 
7fbad2c17000-7fbad2ccd000 rw-p 00000000 00:00 0 
7fbad2ccd000-7fbad2cd0000 ---p 00000000 00:00 0 
7fbad2cd0000-7fbad2dd2000 rw-p 00000000 00:00 0                          [stack:1190]
7fbad2dd2000-7fbad2dd3000 r--s 00002000 08:05 7865822                    /home/eugen/Workspace/ide/luna/eclipse/plugins/org.eclipse.e4.ui.workbench3_0.12.0.v20140227-2118.jar
7fbad2dd3000-7fbad2dd5000 r--s 00016000 08:05 7868236                    /home/eugen/Workspace/ide/luna/eclipse/plugins/org.eclipse.core.jobs_3.6.0.v20140424-0053.jar
7fbad2dd5000-7fbad2dd8000 r--s 00018000 08:05 7865708                    /home/eugen/Workspace/ide/luna/eclipse/plugins/org.eclipse.equinox.common_3.6.200.v20130402-1505.jar
7fbad2dd8000-7fbad2ddb000 r--s 00039000 08:05 7868218                    /home/eugen/Workspace/ide/luna/eclipse/plugins/org.eclipse.osgi.compatibility.state_1.0.1.v20140709-1414.jar
7fbad2ddb000-7fbad2ddc000 r--s 00002000 08:05 7865749                    /home/eugen/Workspace/ide/luna/eclipse/plugins/javax.inject_1.0.0.v20091030.jar
7fbad2ddc000-7fbad2ddd000 r--s 00006000 08:05 7865828                    /home/eugen/Workspace/ide/luna/eclipse/plugins/javax.annotation_1.2.0.v201401042248.jar
7fbad2ddd000-7fbad2ddf000 r--s 00011000 08:05 7865768                    /home/eugen/Workspace/ide/luna/eclipse/plugins/org.eclipse.core.runtime_3.10.0.v20140318-2214.jar
7fbad2ddf000-7fbad2de7000 rw-s 00000000 08:02 655421                     /tmp/hsperfdata_eugen/1184
7fbad2de7000-7fbad2de8000 rw-p 00000000 00:00 0 
7fbad2de8000-7fbad2de9000 r--p 00000000 00:00 0 
7fbad2de9000-7fbad2deb000 rw-p 00000000 00:00 0 
7fbad2deb000-7fbad2dec000 r--p 00022000 08:02 262242                     /lib/x86_64-linux-gnu/ld-2.19.so
7fbad2dec000-7fbad2ded000 rw-p 00023000 08:02 262242                     /lib/x86_64-linux-gnu/ld-2.19.so
7fbad2ded000-7fbad2dee000 rw-p 00000000 00:00 0 
7fff92f17000-7fff92f39000 rw-p 00000000 00:00 0                          [stack]
7fff92f50000-7fff92f52000 r-xp 00000000 00:00 0                          [vdso]
ffffffffff600000-ffffffffff601000 r-xp 00000000 00:00 0                  [vsyscall]

VM Arguments:
jvm_args: -Dfile.encoding=UTF-8 
java_command: org.eclipse.plugin.kpax.javabinder.model.Snippet131
Launcher Type: SUN_STANDARD

Environment Variables:
JAVA_HOME=/usr/lib/jvm/java-7-oracle
PATH=/usr/local/sbin:/usr/local/bin:/usr/sbin:/usr/bin:/sbin:/bin:/usr/games:/usr/local/games:/usr/lib/jvm/java-7-oracle/bin:/usr/lib/jvm/java-7-oracle/db/bin:/usr/lib/jvm/java-7-oracle/jre/bin
USERNAME=eugen
SHELL=/bin/bash
DISPLAY=:0

Signal Handlers:
SIGSEGV: [libjvm.so+0x9a1a10], sa_mask[0]=0x7ffbfeff, sa_flags=0x10000004
SIGBUS: [libjvm.so+0x9a1a10], sa_mask[0]=0x7ffbfeff, sa_flags=0x10000004
SIGFPE: [libjvm.so+0x81bae0], sa_mask[0]=0x7ffbfeff, sa_flags=0x10000004
SIGPIPE: SIG_IGN, sa_mask[0]=0x00001000, sa_flags=0x10000000
SIGXFSZ: [libjvm.so+0x81bae0], sa_mask[0]=0x7ffbfeff, sa_flags=0x10000004
SIGILL: [libjvm.so+0x81bae0], sa_mask[0]=0x7ffbfeff, sa_flags=0x10000004
SIGUSR1: SIG_DFL, sa_mask[0]=0x00000000, sa_flags=0x00000000
SIGUSR2: [libjvm.so+0x81d2e0], sa_mask[0]=0x00000004, sa_flags=0x10000004
SIGHUP: [libjvm.so+0x81e400], sa_mask[0]=0x7ffbfeff, sa_flags=0x10000004
SIGINT: [libjvm.so+0x81e400], sa_mask[0]=0x7ffbfeff, sa_flags=0x10000004
SIGTERM: [libjvm.so+0x81e400], sa_mask[0]=0x7ffbfeff, sa_flags=0x10000004
SIGQUIT: [libjvm.so+0x81e400], sa_mask[0]=0x7ffbfeff, sa_flags=0x10000004


---------------  S Y S T E M  ---------------

OS:jessie/sid

uname:Linux 3.13.0-43-generic #72-Ubuntu SMP Mon Dec 8 19:35:06 UTC 2014 x86_64
libc:glibc 2.19 NPTL 2.19 
rlimit: STACK 8192k, CORE 0k, NPROC 59241, NOFILE 4096, AS infinity
load average:0,93 1,07 0,70

/proc/meminfo:
MemTotal:        7604484 kB
MemFree:         1227088 kB
Buffers:          177520 kB
Cached:          2516796 kB
SwapCached:            0 kB
Active:          3557720 kB
Inactive:        2092304 kB
Active(anon):    2351756 kB
Inactive(anon):   930648 kB
Active(file):    1205964 kB
Inactive(file):  1161656 kB
Unevictable:         672 kB
Mlocked:             672 kB
SwapTotal:       3905532 kB
SwapFree:        3905532 kB
Dirty:               352 kB
Writeback:             0 kB
AnonPages:       2956408 kB
Mapped:           279308 kB
Shmem:            326696 kB
Slab:             592016 kB
SReclaimable:     543696 kB
SUnreclaim:        48320 kB
KernelStack:        6432 kB
PageTables:        44600 kB
NFS_Unstable:          0 kB
Bounce:                0 kB
WritebackTmp:          0 kB
CommitLimit:     7707772 kB
Committed_AS:    9005164 kB
VmallocTotal:   34359738367 kB
VmallocUsed:      554168 kB
VmallocChunk:   34359159816 kB
HardwareCorrupted:     0 kB
AnonHugePages:   1533952 kB
HugePages_Total:       0
HugePages_Free:        0
HugePages_Rsvd:        0
HugePages_Surp:        0
Hugepagesize:       2048 kB
DirectMap4k:      146944 kB
DirectMap2M:     7661568 kB
DirectMap1G:           0 kB


CPU:total 8 (4 cores per cpu, 2 threads per core) family 6 model 60 stepping 3, cmov, cx8, fxsr, mmx, sse, sse2, sse3, ssse3, sse4.1, sse4.2, popcnt, avx, avx2, aes, erms, ht, tsc, tscinvbit

/proc/cpuinfo:
processor	: 0
vendor_id	: GenuineIntel
cpu family	: 6
model		: 60
model name	: Intel(R) Core(TM) i7-4702MQ CPU @ 2.20GHz
stepping	: 3
microcode	: 0x17
cpu MHz		: 800.000
cache size	: 6144 KB
physical id	: 0
siblings	: 8
core id		: 0
cpu cores	: 4
apicid		: 0
initial apicid	: 0
fpu		: yes
fpu_exception	: yes
cpuid level	: 13
wp		: yes
flags		: fpu vme de pse tsc msr pae mce cx8 apic sep mtrr pge mca cmov pat pse36 clflush dts acpi mmx fxsr sse sse2 ss ht tm pbe syscall nx pdpe1gb rdtscp lm constant_tsc arch_perfmon pebs bts rep_good nopl xtopology nonstop_tsc aperfmperf eagerfpu pni pclmulqdq dtes64 monitor ds_cpl vmx est tm2 ssse3 fma cx16 xtpr pdcm pcid sse4_1 sse4_2 movbe popcnt tsc_deadline_timer aes xsave avx f16c rdrand lahf_lm abm ida arat epb xsaveopt pln pts dtherm tpr_shadow vnmi flexpriority ept vpid fsgsbase tsc_adjust bmi1 avx2 smep bmi2 erms invpcid
bogomips	: 4389.39
clflush size	: 64
cache_alignment	: 64
address sizes	: 39 bits physical, 48 bits virtual
power management:

processor	: 1
vendor_id	: GenuineIntel
cpu family	: 6
model		: 60
model name	: Intel(R) Core(TM) i7-4702MQ CPU @ 2.20GHz
stepping	: 3
microcode	: 0x17
cpu MHz		: 800.000
cache size	: 6144 KB
physical id	: 0
siblings	: 8
core id		: 0
cpu cores	: 4
apicid		: 1
initial apicid	: 1
fpu		: yes
fpu_exception	: yes
cpuid level	: 13
wp		: yes
flags		: fpu vme de pse tsc msr pae mce cx8 apic sep mtrr pge mca cmov pat pse36 clflush dts acpi mmx fxsr sse sse2 ss ht tm pbe syscall nx pdpe1gb rdtscp lm constant_tsc arch_perfmon pebs bts rep_good nopl xtopology nonstop_tsc aperfmperf eagerfpu pni pclmulqdq dtes64 monitor ds_cpl vmx est tm2 ssse3 fma cx16 xtpr pdcm pcid sse4_1 sse4_2 movbe popcnt tsc_deadline_timer aes xsave avx f16c rdrand lahf_lm abm ida arat epb xsaveopt pln pts dtherm tpr_shadow vnmi flexpriority ept vpid fsgsbase tsc_adjust bmi1 avx2 smep bmi2 erms invpcid
bogomips	: 4389.39
clflush size	: 64
cache_alignment	: 64
address sizes	: 39 bits physical, 48 bits virtual
power management:

processor	: 2
vendor_id	: GenuineIntel
cpu family	: 6
model		: 60
model name	: Intel(R) Core(TM) i7-4702MQ CPU @ 2.20GHz
stepping	: 3
microcode	: 0x17
cpu MHz		: 2201.000
cache size	: 6144 KB
physical id	: 0
siblings	: 8
core id		: 1
cpu cores	: 4
apicid		: 2
initial apicid	: 2
fpu		: yes
fpu_exception	: yes
cpuid level	: 13
wp		: yes
flags		: fpu vme de pse tsc msr pae mce cx8 apic sep mtrr pge mca cmov pat pse36 clflush dts acpi mmx fxsr sse sse2 ss ht tm pbe syscall nx pdpe1gb rdtscp lm constant_tsc arch_perfmon pebs bts rep_good nopl xtopology nonstop_tsc aperfmperf eagerfpu pni pclmulqdq dtes64 monitor ds_cpl vmx est tm2 ssse3 fma cx16 xtpr pdcm pcid sse4_1 sse4_2 movbe popcnt tsc_deadline_timer aes xsave avx f16c rdrand lahf_lm abm ida arat epb xsaveopt pln pts dtherm tpr_shadow vnmi flexpriority ept vpid fsgsbase tsc_adjust bmi1 avx2 smep bmi2 erms invpcid
bogomips	: 4389.39
clflush size	: 64
cache_alignment	: 64
address sizes	: 39 bits physical, 48 bits virtual
power management:

processor	: 3
vendor_id	: GenuineIntel
cpu family	: 6
model		: 60
model name	: Intel(R) Core(TM) i7-4702MQ CPU @ 2.20GHz
stepping	: 3
microcode	: 0x17
cpu MHz		: 800.000
cache size	: 6144 KB
physical id	: 0
siblings	: 8
core id		: 1
cpu cores	: 4
apicid		: 3
initial apicid	: 3
fpu		: yes
fpu_exception	: yes
cpuid level	: 13
wp		: yes
flags		: fpu vme de pse tsc msr pae mce cx8 apic sep mtrr pge mca cmov pat pse36 clflush dts acpi mmx fxsr sse sse2 ss ht tm pbe syscall nx pdpe1gb rdtscp lm constant_tsc arch_perfmon pebs bts rep_good nopl xtopology nonstop_tsc aperfmperf eagerfpu pni pclmulqdq dtes64 monitor ds_cpl vmx est tm2 ssse3 fma cx16 xtpr pdcm pcid sse4_1 sse4_2 movbe popcnt tsc_deadline_timer aes xsave avx f16c rdrand lahf_lm abm ida arat epb xsaveopt pln pts dtherm tpr_shadow vnmi flexpriority ept vpid fsgsbase tsc_adjust bmi1 avx2 smep bmi2 erms invpcid
bogomips	: 4389.39
clflush size	: 64
cache_alignment	: 64
address sizes	: 39 bits physical, 48 bits virtual
power management:

processor	: 4
vendor_id	: GenuineIntel
cpu family	: 6
model		: 60
model name	: Intel(R) Core(TM) i7-4702MQ CPU @ 2.20GHz
stepping	: 3
microcode	: 0x17
cpu MHz		: 800.000
cache size	: 6144 KB
physical id	: 0
siblings	: 8
core id		: 2
cpu cores	: 4
apicid		: 4
initial apicid	: 4
fpu		: yes
fpu_exception	: yes
cpuid level	: 13
wp		: yes
flags		: fpu vme de pse tsc msr pae mce cx8 apic sep mtrr pge mca cmov pat pse36 clflush dts acpi mmx fxsr sse sse2 ss ht tm pbe syscall nx pdpe1gb rdtscp lm constant_tsc arch_perfmon pebs bts rep_good nopl xtopology nonstop_tsc aperfmperf eagerfpu pni pclmulqdq dtes64 monitor ds_cpl vmx est tm2 ssse3 fma cx16 xtpr pdcm pcid sse4_1 sse4_2 movbe popcnt tsc_deadline_timer aes xsave avx f16c rdrand lahf_lm abm ida arat epb xsaveopt pln pts dtherm tpr_shadow vnmi flexpriority ept vpid fsgsbase tsc_adjust bmi1 avx2 smep bmi2 erms invpcid
bogomips	: 4389.39
clflush size	: 64
cache_alignment	: 64
address sizes	: 39 bits physical, 48 bits virtual
power management:

processor	: 5
vendor_id	: GenuineIntel
cpu family	: 6
model		: 60
model name	: Intel(R) Core(TM) i7-4702MQ CPU @ 2.20GHz
stepping	: 3
microcode	: 0x17
cpu MHz		: 800.000
cache size	: 6144 KB
physical id	: 0
siblings	: 8
core id		: 2
cpu cores	: 4
apicid		: 5
initial apicid	: 5
fpu		: yes
fpu_exception	: yes
cpuid level	: 13
wp		: yes
flags		: fpu vme de pse tsc msr pae mce cx8 apic sep mtrr pge mca cmov pat pse36 clflush dts acpi mmx fxsr sse sse2 ss ht tm pbe syscall nx pdpe1gb rdtscp lm constant_tsc arch_perfmon pebs bts rep_good nopl xtopology nonstop_tsc aperfmperf eagerfpu pni pclmulqdq dtes64 monitor ds_cpl vmx est tm2 ssse3 fma cx16 xtpr pdcm pcid sse4_1 sse4_2 movbe popcnt tsc_deadline_timer aes xsave avx f16c rdrand lahf_lm abm ida arat epb xsaveopt pln pts dtherm tpr_shadow vnmi flexpriority ept vpid fsgsbase tsc_adjust bmi1 avx2 smep bmi2 erms invpcid
bogomips	: 4389.39
clflush size	: 64
cache_alignment	: 64
address sizes	: 39 bits physical, 48 bits virtual
power management:

processor	: 6
vendor_id	: GenuineIntel
cpu family	: 6
model		: 60
model name	: Intel(R) Core(TM) i7-4702MQ CPU @ 2.20GHz
stepping	: 3
microcode	: 0x17
cpu MHz		: 1900.000
cache size	: 6144 KB
physical id	: 0
siblings	: 8
core id		: 3
cpu cores	: 4
apicid		: 6
initial apicid	: 6
fpu		: yes
fpu_exception	: yes
cpuid level	: 13
wp		: yes
flags		: fpu vme de pse tsc msr pae mce cx8 apic sep mtrr pge mca cmov pat pse36 clflush dts acpi mmx fxsr sse sse2 ss ht tm pbe syscall nx pdpe1gb rdtscp lm constant_tsc arch_perfmon pebs bts rep_good nopl xtopology nonstop_tsc aperfmperf eagerfpu pni pclmulqdq dtes64 monitor ds_cpl vmx est tm2 ssse3 fma cx16 xtpr pdcm pcid sse4_1 sse4_2 movbe popcnt tsc_deadline_timer aes xsave avx f16c rdrand lahf_lm abm ida arat epb xsaveopt pln pts dtherm tpr_shadow vnmi flexpriority ept vpid fsgsbase tsc_adjust bmi1 avx2 smep bmi2 erms invpcid
bogomips	: 4389.39
clflush size	: 64
cache_alignment	: 64
address sizes	: 39 bits physical, 48 bits virtual
power management:

processor	: 7
vendor_id	: GenuineIntel
cpu family	: 6
model		: 60
model name	: Intel(R) Core(TM) i7-4702MQ CPU @ 2.20GHz
stepping	: 3
microcode	: 0x17
cpu MHz		: 800.000
cache size	: 6144 KB
physical id	: 0
siblings	: 8
core id		: 3
cpu cores	: 4
apicid		: 7
initial apicid	: 7
fpu		: yes
fpu_exception	: yes
cpuid level	: 13
wp		: yes
flags		: fpu vme de pse tsc msr pae mce cx8 apic sep mtrr pge mca cmov pat pse36 clflush dts acpi mmx fxsr sse sse2 ss ht tm pbe syscall nx pdpe1gb rdtscp lm constant_tsc arch_perfmon pebs bts rep_good nopl xtopology nonstop_tsc aperfmperf eagerfpu pni pclmulqdq dtes64 monitor ds_cpl vmx est tm2 ssse3 fma cx16 xtpr pdcm pcid sse4_1 sse4_2 movbe popcnt tsc_deadline_timer aes xsave avx f16c rdrand lahf_lm abm ida arat epb xsaveopt pln pts dtherm tpr_shadow vnmi flexpriority ept vpid fsgsbase tsc_adjust bmi1 avx2 smep bmi2 erms invpcid
bogomips	: 4389.39
clflush size	: 64
cache_alignment	: 64
address sizes	: 39 bits physical, 48 bits virtual
power management:



Memory: 4k page, physical 7604484k(1227088k free), swap 3905532k(3905532k free)

vm_info: Java HotSpot(TM) 64-Bit Server VM (24.72-b04) for linux-amd64 JRE (1.7.0_72-b14), built on Sep 26 2014 18:20:41 by "java_re" with gcc 4.3.0 20080428 (Red Hat 4.3.0-8)

time: Tue Jan 13 00:31:02 2015
elapsed time: 1 seconds

