#
# A fatal error has been detected by the Java Runtime Environment:
#
#  SIGSEGV (0xb) at pc=0x00007f0e349226f5, pid=1429, tid=139699835856640
#
# JRE version: Java(TM) SE Runtime Environment (7.0_72-b14) (build 1.7.0_72-b14)
# Java VM: Java HotSpot(TM) 64-Bit Server VM (24.72-b04 mixed mode linux-amd64 compressed oops)
# Problematic frame:
# C  [libgtk-x11-2.0.so.0+0x13e6f5]  gtk_menu_shell_deactivate+0x305
#
# Failed to write core dump. Core dumps have been disabled. To enable core dumping, try "ulimit -c unlimited" before starting Java again
#
# If you would like to submit a bug report, please visit:
#   http://bugreport.sun.com/bugreport/crash.jsp
# The crash happened outside the Java Virtual Machine in native code.
# See problematic frame for where to report the bug.
#

---------------  T H R E A D  ---------------

Current thread (0x00007f0e6000b800):  JavaThread "main" [_thread_in_native, id=1435, stack(0x00007f0e67076000,0x00007f0e67177000)]

siginfo:si_signo=SIGSEGV: si_errno=0, si_code=1 (SEGV_MAPERR), si_addr=0x0000000000000078

Registers:
RAX=0x0000000000000001, RBX=0x00007f0e60377b40, RCX=0x0000000000000001, RDX=0x00007f0e6037f601
RSP=0x00007f0e67172ea0, RBP=0x00007f0e6034cd20, RSI=0x0000000000000001, RDI=0x0000000000000000
R8 =0x00007f0e60391290, R9 =0x00007f0e6031146a, R10=0x00007f0e666b4c50, R11=0x00007f0e666fa2f0
R12=0x00000000fffffffe, R13=0x00007f0e6038fd90, R14=0x00007f0e60499260, R15=0x00007f0e6038fd90
RIP=0x00007f0e349226f5, EFLAGS=0x0000000000010202, CSGSFS=0x0000000000000033, ERR=0x0000000000000004
  TRAPNO=0x000000000000000e

Top of Stack: (sp=0x00007f0e67172ea0)
0x00007f0e67172ea0:   00007f0e00002ab0 00007f0e60377b40
0x00007f0e67172eb0:   00007f0e6034cd20 00007f0e34922af4
0x00007f0e67172ec0:   00007f0e60377b40 00007f0e34917504
0x00007f0e67172ed0:   00007f0e60377b40 00007f0e00002ab0
0x00007f0e67172ee0:   00007f0e60377b40 00007f0e60377b40
0x00007f0e67172ef0:   00007f0e60391290 00007f0e349184c1
0x00007f0e67172f00:   00007f0e67172f10 00007f0e60377b40
0x00007f0e67172f10:   00007f0e67172ff0 000000006044c540
0x00007f0e67172f20:   00007f0e67173120 00007f0e67173070
0x00007f0e67172f30:   00007f0e67173120 00007f0e60383520
0x00007f0e67172f40:   00007f0e349183c0 00007f0e60377b40
0x00007f0e67172f50:   00007f0e671730c0 00007f0e34911815
0x00007f0e67172f60:   00007f0e16312cb0 0000000000000001
0x00007f0e67172f70:   00007f0e60383520 0000000000000002
0x00007f0e67172f80:   00007f0e67173120 00007f0e16314332
0x00007f0e67172f90:   00007f0e67173070 00000000000001a0
0x00007f0e67172fa0:   0000000040000003 00007f0e16034569
0x00007f0e67172fb0:   0000000000000000 00007f0e60377b40
0x00007f0e67172fc0:   00007f0e67173070 00007f0e60383570
0x00007f0e67172fd0:   0000000000000000 0000000000000002
0x00007f0e67172fe0:   0000000000000000 00007f0e60383520
0x00007f0e67172ff0:   00007f0e671730c0 00007f0e16325afb
0x00007f0e67173000:   00007f0e60483ea8 00007f0e67173090
0x00007f0e67173010:   00007f0e67173120 00007f0e60377b40
0x00007f0e67173020:   0000000067173130 00007f0e671730c0
0x00007f0e67173030:   00007f0e60383520 00007f0e60383570
0x00007f0e67173040:   00000000000000aa 00007f0e603835e0
0x00007f0e67173050:   00007f0e67173070 000000000000002c
0x00007f0e67173060:   00007f0e671731f0 00007f0e671730b0
0x00007f0e67173070:   0000000000000014 0000000000000000
0x00007f0e67173080:   0000000000000000 00007f0e603128d0
0x00007f0e67173090:   00007f0e0000002c 00007f0e16339163 

Instructions: (pc=0x00007f0e349226f5)
0x00007f0e349226d5:   03 00 00 83 e6 01 e8 40 db ff ff 48 8b 7b 78 e8
0x00007f0e349226e5:   b7 db ff ff 48 89 df e8 af fd ff ff 48 8b 7b 78
0x00007f0e349226f5:   48 83 7f 78 00 74 54 5b 5d 41 5c e9 1b de 0f 00
0x00007f0e34922705:   0f 1f 00 48 89 df e8 60 b0 ff ff 41 89 c4 eb 86 

Register to memory mapping:

RAX=0x0000000000000001 is an unknown value
RBX=0x00007f0e60377b40 is an unknown value
RCX=0x0000000000000001 is an unknown value
RDX=0x00007f0e6037f601 is an unknown value
RSP=0x00007f0e67172ea0 is pointing into the stack for thread: 0x00007f0e6000b800
RBP=0x00007f0e6034cd20 is an unknown value
RSI=0x0000000000000001 is an unknown value
RDI=0x0000000000000000 is an unknown value
R8 =0x00007f0e60391290 is an unknown value
R9 =0x00007f0e6031146a is an unknown value
R10=0x00007f0e666b4c50: <offset 0x141c50> in /lib/x86_64-linux-gnu/libc.so.6 at 0x00007f0e66573000
R11=0x00007f0e666fa2f0: <offset 0x1872f0> in /lib/x86_64-linux-gnu/libc.so.6 at 0x00007f0e66573000
R12=0x00000000fffffffe is an unallocated location in the heap
R13=0x00007f0e6038fd90 is an unknown value
R14=0x00007f0e60499260 is an unknown value
R15=0x00007f0e6038fd90 is an unknown value


Stack: [0x00007f0e67076000,0x00007f0e67177000],  sp=0x00007f0e67172ea0,  free space=1011k
Native frames: (J=compiled Java code, j=interpreted, Vv=VM code, C=native code)
C  [libgtk-x11-2.0.so.0+0x13e6f5]  gtk_menu_shell_deactivate+0x305

Java frames: (J=compiled Java code, j=interpreted, Vv=VM code)
j  org.eclipse.swt.internal.gtk.OS._gtk_main_do_event(J)V+0
j  org.eclipse.swt.internal.gtk.OS.gtk_main_do_event(J)V+8
j  org.eclipse.swt.widgets.Display.eventProc(JJ)J+157
v  ~StubRoutines::call_stub
j  org.eclipse.swt.internal.gtk.OS._g_main_context_iteration(JZ)Z+0
j  org.eclipse.swt.internal.gtk.OS.g_main_context_iteration(JZ)Z+9
j  org.eclipse.swt.widgets.Display.readAndDispatch()Z+36
j  org.eclipse.plugin.kpax.javabinder.model.Snippet131$1.handleEvent(Lorg/eclipse/swt/widgets/Event;)V+102
j  org.eclipse.swt.widgets.EventTable.sendEvent(Lorg/eclipse/swt/widgets/Event;)V+214
j  org.eclipse.swt.widgets.Display.sendEvent(Lorg/eclipse/swt/widgets/EventTable;Lorg/eclipse/swt/widgets/Event;)V+7
j  org.eclipse.swt.widgets.Widget.sendEvent(Lorg/eclipse/swt/widgets/Event;)V+26
j  org.eclipse.swt.widgets.Widget.sendEvent(ILorg/eclipse/swt/widgets/Event;Z)V+73
j  org.eclipse.swt.widgets.Widget.sendEvent(ILorg/eclipse/swt/widgets/Event;)V+4
j  org.eclipse.swt.widgets.Control.showMenu(III)Z+32
j  org.eclipse.swt.widgets.Control.showMenu(II)Z+4
j  org.eclipse.swt.widgets.Control.gtk_event_after(JJ)J+115
j  org.eclipse.swt.widgets.Widget.windowProc(JJJ)J+420
j  org.eclipse.swt.widgets.Control.windowProc(JJJ)J+324
j  org.eclipse.swt.widgets.Display.windowProc(JJJ)J+20
v  ~StubRoutines::call_stub
j  org.eclipse.swt.internal.gtk.OS._gtk_main_do_event(J)V+0
j  org.eclipse.swt.internal.gtk.OS.gtk_main_do_event(J)V+8
j  org.eclipse.swt.widgets.Display.eventProc(JJ)J+157
v  ~StubRoutines::call_stub
j  org.eclipse.swt.internal.gtk.OS._g_main_context_iteration(JZ)Z+0
j  org.eclipse.swt.internal.gtk.OS.g_main_context_iteration(JZ)Z+9
j  org.eclipse.swt.widgets.Display.readAndDispatch()Z+36
j  org.eclipse.plugin.kpax.javabinder.model.Snippet131.main([Ljava/lang/String;)V+44
v  ~StubRoutines::call_stub

---------------  P R O C E S S  ---------------

Java Threads: ( => current thread )
  0x00007f0e600ab800 JavaThread "Service Thread" daemon [_thread_blocked, id=1450, stack(0x00007f0e355a6000,0x00007f0e356a7000)]
  0x00007f0e600a9800 JavaThread "C2 CompilerThread1" daemon [_thread_blocked, id=1449, stack(0x00007f0e356a7000,0x00007f0e357a8000)]
  0x00007f0e600a6800 JavaThread "C2 CompilerThread0" daemon [_thread_blocked, id=1448, stack(0x00007f0e357a8000,0x00007f0e358a9000)]
  0x00007f0e600a4000 JavaThread "Signal Dispatcher" daemon [_thread_blocked, id=1447, stack(0x00007f0e358a9000,0x00007f0e359aa000)]
  0x00007f0e6007a000 JavaThread "Finalizer" daemon [_thread_blocked, id=1446, stack(0x00007f0e361fc000,0x00007f0e362fd000)]
  0x00007f0e60078000 JavaThread "Reference Handler" daemon [_thread_blocked, id=1445, stack(0x00007f0e362fd000,0x00007f0e363fe000)]
=>0x00007f0e6000b800 JavaThread "main" [_thread_in_native, id=1435, stack(0x00007f0e67076000,0x00007f0e67177000)]

Other Threads:
  0x00007f0e60073800 VMThread [stack: 0x00007f0e363fe000,0x00007f0e364ff000] [id=1444]
  0x00007f0e600be800 WatcherThread [stack: 0x00007f0e354a5000,0x00007f0e355a6000] [id=1451]

VM state:not at safepoint (normal execution)

VM Mutex/Monitor currently owned by a thread: None

Heap
 PSYoungGen      total 35328K, used 12670K [0x00000000d9480000, 0x00000000dbb80000, 0x0000000100000000)
  eden space 30720K, 41% used [0x00000000d9480000,0x00000000da0dfbc0,0x00000000db280000)
  from space 4608K, 0% used [0x00000000db700000,0x00000000db700000,0x00000000dbb80000)
  to   space 4608K, 0% used [0x00000000db280000,0x00000000db280000,0x00000000db700000)
 ParOldGen       total 78848K, used 0K [0x000000008be00000, 0x0000000090b00000, 0x00000000d9480000)
  object space 78848K, 0% used [0x000000008be00000,0x000000008be00000,0x0000000090b00000)
 PSPermGen       total 21504K, used 5930K [0x0000000086c00000, 0x0000000088100000, 0x000000008be00000)
  object space 21504K, 27% used [0x0000000086c00000,0x00000000871ca8e0,0x0000000088100000)

Card table byte_map: [0x00007f0e5cc35000,0x00007f0e5d000000] byte_map_base: 0x00007f0e5c7ff000

Polling page: 0x00007f0e67191000

Code Cache  [0x00007f0e5d000000, 0x00007f0e5d270000, 0x00007f0e60000000)
 total_blobs=396 nmethods=41 adapters=309 free_code_cache=48600Kb largest_free_block=49759808

Compilation events (10 events):
Event: 0,341 Thread 0x00007f0e600a9800   36             java.lang.ref.Reference::get (5 bytes)
Event: 0,341 Thread 0x00007f0e600a9800 nmethod 36 0x00007f0e5d086650 code [0x00007f0e5d086780, 0x00007f0e5d0867d8]
Event: 0,343 Thread 0x00007f0e600a6800   37             java.lang.String::equals (81 bytes)
Event: 0,344 Thread 0x00007f0e600a9800   38             sun.security.provider.DigestBase::engineUpdate (188 bytes)
Event: 0,347 Thread 0x00007f0e600a6800 nmethod 37 0x00007f0e5d087890 code [0x00007f0e5d0879e0, 0x00007f0e5d087c18]
Event: 0,347 Thread 0x00007f0e600a6800   39             sun.security.provider.ByteArrayAccess::b2iBig64 (614 bytes)
Event: 0,349 Thread 0x00007f0e600a6800 nmethod 39 0x00007f0e5d087010 code [0x00007f0e5d087160, 0x00007f0e5d087378]
Event: 0,350 Thread 0x00007f0e600a9800 nmethod 38 0x00007f0e5d086850 code [0x00007f0e5d0869c0, 0x00007f0e5d086ce8]
Event: 0,365 Thread 0x00007f0e600a6800   40             java.lang.Math::min (11 bytes)
Event: 0,365 Thread 0x00007f0e600a6800 nmethod 40 0x00007f0e5d08a0d0 code [0x00007f0e5d08a200, 0x00007f0e5d08a238]

GC Heap History (0 events):
No events

Deoptimization events (2 events):
Event: 0,229 Thread 0x00007f0e6000b800 Uncommon trap: reason=null_check action=make_not_entrant pc=0x00007f0e5d06f634 method=java.util.jar.Attributes.putValue(Ljava/lang/String;Ljava/lang/String;)Ljava/lang/String; @ 13
Event: 0,323 Thread 0x00007f0e6000b800 Uncommon trap: reason=null_check action=make_not_entrant pc=0x00007f0e5d068c98 method=java.lang.String.equals(Ljava/lang/Object;)Z @ 8

Internal exceptions (10 events):
Event: 0,397 Thread 0x00007f0e6000b800 Threw 0x00000000da046040 at /HUDSON/workspace/7u-2-build-linux-amd64/jdk7u72/1606/hotspot/src/share/vm/prims/jvm.cpp:1281
Event: 0,412 Thread 0x00007f0e6000b800 Threw 0x00000000da04b720 at /HUDSON/workspace/7u-2-build-linux-amd64/jdk7u72/1606/hotspot/src/share/vm/prims/jvm.cpp:1281
Event: 0,414 Thread 0x00007f0e6000b800 Threw 0x00000000da050cd8 at /HUDSON/workspace/7u-2-build-linux-amd64/jdk7u72/1606/hotspot/src/share/vm/prims/jvm.cpp:1281
Event: 0,415 Thread 0x00007f0e6000b800 Threw 0x00000000da055488 at /HUDSON/workspace/7u-2-build-linux-amd64/jdk7u72/1606/hotspot/src/share/vm/prims/jvm.cpp:1281
Event: 1,423 Thread 0x00007f0e6000b800 Threw 0x00000000da05a140 at /HUDSON/workspace/7u-2-build-linux-amd64/jdk7u72/1606/hotspot/src/share/vm/prims/jvm.cpp:1281
Event: 1,919 Thread 0x00007f0e6000b800 Threw 0x00000000da05fa40 at /HUDSON/workspace/7u-2-build-linux-amd64/jdk7u72/1606/hotspot/src/share/vm/prims/jvm.cpp:1281
Event: 1,920 Thread 0x00007f0e6000b800 Threw 0x00000000da064578 at /HUDSON/workspace/7u-2-build-linux-amd64/jdk7u72/1606/hotspot/src/share/vm/prims/jvm.cpp:1281
Event: 1,921 Thread 0x00007f0e6000b800 Threw 0x00000000da076048 at /HUDSON/workspace/7u-2-build-linux-amd64/jdk7u72/1606/hotspot/src/share/vm/prims/jvm.cpp:1281
Event: 1,922 Thread 0x00007f0e6000b800 Threw 0x00000000da087cd0 at /HUDSON/workspace/7u-2-build-linux-amd64/jdk7u72/1606/hotspot/src/share/vm/prims/jvm.cpp:1281
Event: 1,923 Thread 0x00007f0e6000b800 Threw 0x00000000da08d598 at /HUDSON/workspace/7u-2-build-linux-amd64/jdk7u72/1606/hotspot/src/share/vm/prims/jvm.cpp:1281

Events (10 events):
Event: 1,919 loading class 0x00007f0e60424300
Event: 1,919 loading class 0x00007f0e60424300 done
Event: 1,920 loading class 0x00007f0e602b7760
Event: 1,920 loading class 0x00007f0e602b7760 done
Event: 1,921 loading class 0x00007f0e6041b080
Event: 1,921 loading class 0x00007f0e6041b080 done
Event: 1,922 loading class 0x00007f0e604841d0
Event: 1,922 loading class 0x00007f0e604841d0 done
Event: 1,923 loading class 0x00007f0e6042f300
Event: 1,923 loading class 0x00007f0e6042f300 done


Dynamic libraries:
00400000-00401000 r-xp 00000000 08:02 2766033                            /usr/lib/jvm/java-7-oracle/bin/java
00600000-00601000 rw-p 00000000 08:02 2766033                            /usr/lib/jvm/java-7-oracle/bin/java
018f4000-01915000 rw-p 00000000 00:00 0                                  [heap]
86c00000-88100000 rw-p 00000000 00:00 0 
88100000-8be00000 rw-p 00000000 00:00 0 
8be00000-90b00000 rw-p 00000000 00:00 0 
90b00000-d9480000 rw-p 00000000 00:00 0 
d9480000-dbb80000 rw-p 00000000 00:00 0 
dbb80000-100000000 rw-p 00000000 00:00 0 
7f0df4000000-7f0df4022000 rw-p 00000000 00:00 0 
7f0df4022000-7f0df8000000 ---p 00000000 00:00 0 
7f0dfc000000-7f0dfc021000 rw-p 00000000 00:00 0 
7f0dfc021000-7f0e00000000 ---p 00000000 00:00 0 
7f0e00000000-7f0e00022000 rw-p 00000000 00:00 0 
7f0e00022000-7f0e04000000 ---p 00000000 00:00 0 
7f0e04000000-7f0e04021000 rw-p 00000000 00:00 0 
7f0e04021000-7f0e08000000 ---p 00000000 00:00 0 
7f0e09ec1000-7f0e09ec2000 ---p 00000000 00:00 0 
7f0e09ec2000-7f0e0a6c2000 rw-p 00000000 00:00 0                          [stack:1456]
7f0e0a6c2000-7f0e0a6c3000 ---p 00000000 00:00 0 
7f0e0a6c3000-7f0e0aec3000 rw-p 00000000 00:00 0 
7f0e0aec3000-7f0e0aec4000 ---p 00000000 00:00 0 
7f0e0aec4000-7f0e0b6c4000 rw-p 00000000 00:00 0                          [stack:1454]
7f0e0b6c4000-7f0e0b6c5000 ---p 00000000 00:00 0 
7f0e0b6c5000-7f0e0bec5000 rw-p 00000000 00:00 0                          [stack:1453]
7f0e0bec5000-7f0e0bf09000 r-xp 00000000 08:02 266196                     /lib/x86_64-linux-gnu/libdbus-1.so.3.7.6
7f0e0bf09000-7f0e0c108000 ---p 00044000 08:02 266196                     /lib/x86_64-linux-gnu/libdbus-1.so.3.7.6
7f0e0c108000-7f0e0c109000 r--p 00043000 08:02 266196                     /lib/x86_64-linux-gnu/libdbus-1.so.3.7.6
7f0e0c109000-7f0e0c10a000 rw-p 00044000 08:02 266196                     /lib/x86_64-linux-gnu/libdbus-1.so.3.7.6
7f0e0c10a000-7f0e0c112000 r-xp 00000000 08:02 266240                     /lib/x86_64-linux-gnu/libnih-dbus.so.1.0.0
7f0e0c112000-7f0e0c312000 ---p 00008000 08:02 266240                     /lib/x86_64-linux-gnu/libnih-dbus.so.1.0.0
7f0e0c312000-7f0e0c313000 r--p 00008000 08:02 266240                     /lib/x86_64-linux-gnu/libnih-dbus.so.1.0.0
7f0e0c313000-7f0e0c314000 rw-p 00009000 08:02 266240                     /lib/x86_64-linux-gnu/libnih-dbus.so.1.0.0
7f0e0c314000-7f0e0c32b000 r-xp 00000000 08:02 266242                     /lib/x86_64-linux-gnu/libnih.so.1.0.0
7f0e0c32b000-7f0e0c52a000 ---p 00017000 08:02 266242                     /lib/x86_64-linux-gnu/libnih.so.1.0.0
7f0e0c52a000-7f0e0c52b000 r--p 00016000 08:02 266242                     /lib/x86_64-linux-gnu/libnih.so.1.0.0
7f0e0c52b000-7f0e0c52c000 rw-p 00017000 08:02 266242                     /lib/x86_64-linux-gnu/libnih.so.1.0.0
7f0e0c52c000-7f0e0c545000 r-xp 00000000 08:02 266114                     /lib/x86_64-linux-gnu/libcgmanager.so.0.0.0
7f0e0c545000-7f0e0c744000 ---p 00019000 08:02 266114                     /lib/x86_64-linux-gnu/libcgmanager.so.0.0.0
7f0e0c744000-7f0e0c746000 r--p 00018000 08:02 266114                     /lib/x86_64-linux-gnu/libcgmanager.so.0.0.0
7f0e0c746000-7f0e0c747000 rw-p 0001a000 08:02 266114                     /lib/x86_64-linux-gnu/libcgmanager.so.0.0.0
7f0e0c747000-7f0e0c757000 r-xp 00000000 08:02 266115                     /lib/x86_64-linux-gnu/libudev.so.1.3.5
7f0e0c757000-7f0e0c956000 ---p 00010000 08:02 266115                     /lib/x86_64-linux-gnu/libudev.so.1.3.5
7f0e0c956000-7f0e0c957000 r--p 0000f000 08:02 266115                     /lib/x86_64-linux-gnu/libudev.so.1.3.5
7f0e0c957000-7f0e0c958000 rw-p 00010000 08:02 266115                     /lib/x86_64-linux-gnu/libudev.so.1.3.5
7f0e0c958000-7f0e0c98c000 r-xp 00000000 08:02 3017837                    /usr/lib/x86_64-linux-gnu/gvfs/libgvfscommon.so
7f0e0c98c000-7f0e0cb8c000 ---p 00034000 08:02 3017837                    /usr/lib/x86_64-linux-gnu/gvfs/libgvfscommon.so
7f0e0cb8c000-7f0e0cb91000 r--p 00034000 08:02 3017837                    /usr/lib/x86_64-linux-gnu/gvfs/libgvfscommon.so
7f0e0cb91000-7f0e0cb92000 rw-p 00039000 08:02 3017837                    /usr/lib/x86_64-linux-gnu/gvfs/libgvfscommon.so
7f0e0cb92000-7f0e0cbc1000 r-xp 00000000 08:02 3017489                    /usr/lib/x86_64-linux-gnu/gio/modules/libgvfsdbus.so
7f0e0cbc1000-7f0e0cdc1000 ---p 0002f000 08:02 3017489                    /usr/lib/x86_64-linux-gnu/gio/modules/libgvfsdbus.so
7f0e0cdc1000-7f0e0cdc2000 r--p 0002f000 08:02 3017489                    /usr/lib/x86_64-linux-gnu/gio/modules/libgvfsdbus.so
7f0e0cdc2000-7f0e0cdc3000 rw-p 00030000 08:02 3017489                    /usr/lib/x86_64-linux-gnu/gio/modules/libgvfsdbus.so
7f0e0cdc3000-7f0e0cdc4000 rw-p 00000000 00:00 0 
7f0e0cdc4000-7f0e0ce1d000 r-xp 00000000 08:02 2761492                    /usr/lib/x86_64-linux-gnu/libibus-1.0.so.5.0.505
7f0e0ce1d000-7f0e0d01d000 ---p 00059000 08:02 2761492                    /usr/lib/x86_64-linux-gnu/libibus-1.0.so.5.0.505
7f0e0d01d000-7f0e0d01f000 r--p 00059000 08:02 2761492                    /usr/lib/x86_64-linux-gnu/libibus-1.0.so.5.0.505
7f0e0d01f000-7f0e0d020000 rw-p 0005b000 08:02 2761492                    /usr/lib/x86_64-linux-gnu/libibus-1.0.so.5.0.505
7f0e0d020000-7f0e0d021000 rw-p 00000000 00:00 0 
7f0e0d021000-7f0e0d027000 r-xp 00000000 08:02 3017777                    /usr/lib/x86_64-linux-gnu/gtk-2.0/2.10.0/immodules/im-ibus.so
7f0e0d027000-7f0e0d227000 ---p 00006000 08:02 3017777                    /usr/lib/x86_64-linux-gnu/gtk-2.0/2.10.0/immodules/im-ibus.so
7f0e0d227000-7f0e0d228000 r--p 00006000 08:02 3017777                    /usr/lib/x86_64-linux-gnu/gtk-2.0/2.10.0/immodules/im-ibus.so
7f0e0d228000-7f0e0d229000 rw-p 00007000 08:02 3017777                    /usr/lib/x86_64-linux-gnu/gtk-2.0/2.10.0/immodules/im-ibus.so
7f0e0d229000-7f0e0d230000 r-xp 00000000 08:02 2761659                    /usr/lib/x86_64-linux-gnu/libogg.so.0.8.1
7f0e0d230000-7f0e0d430000 ---p 00007000 08:02 2761659                    /usr/lib/x86_64-linux-gnu/libogg.so.0.8.1
7f0e0d430000-7f0e0d431000 r--p 00007000 08:02 2761659                    /usr/lib/x86_64-linux-gnu/libogg.so.0.8.1
7f0e0d431000-7f0e0d432000 rw-p 00008000 08:02 2761659                    /usr/lib/x86_64-linux-gnu/libogg.so.0.8.1
7f0e0d432000-7f0e0d45e000 r-xp 00000000 08:02 2761912                    /usr/lib/x86_64-linux-gnu/libvorbis.so.0.4.5
7f0e0d45e000-7f0e0d65d000 ---p 0002c000 08:02 2761912                    /usr/lib/x86_64-linux-gnu/libvorbis.so.0.4.5
7f0e0d65d000-7f0e0d65e000 r--p 0002b000 08:02 2761912                    /usr/lib/x86_64-linux-gnu/libvorbis.so.0.4.5
7f0e0d65e000-7f0e0d65f000 rw-p 0002c000 08:02 2761912                    /usr/lib/x86_64-linux-gnu/libvorbis.so.0.4.5
7f0e0d65f000-7f0e0d668000 r-xp 00000000 08:02 2761565                    /usr/lib/x86_64-linux-gnu/libltdl.so.7.3.0
7f0e0d668000-7f0e0d867000 ---p 00009000 08:02 2761565                    /usr/lib/x86_64-linux-gnu/libltdl.so.7.3.0
7f0e0d867000-7f0e0d868000 r--p 00008000 08:02 2761565                    /usr/lib/x86_64-linux-gnu/libltdl.so.7.3.0
7f0e0d868000-7f0e0d869000 rw-p 00009000 08:02 2761565                    /usr/lib/x86_64-linux-gnu/libltdl.so.7.3.0
7f0e0d869000-7f0e0d87a000 r-xp 00000000 08:02 2761852                    /usr/lib/x86_64-linux-gnu/libtdb.so.1.2.12
7f0e0d87a000-7f0e0da79000 ---p 00011000 08:02 2761852                    /usr/lib/x86_64-linux-gnu/libtdb.so.1.2.12
7f0e0da79000-7f0e0da7a000 r--p 00010000 08:02 2761852                    /usr/lib/x86_64-linux-gnu/libtdb.so.1.2.12
7f0e0da7a000-7f0e0da7b000 rw-p 00011000 08:02 2761852                    /usr/lib/x86_64-linux-gnu/libtdb.so.1.2.12
7f0e0da7b000-7f0e0da82000 r-xp 00000000 08:02 2761916                    /usr/lib/x86_64-linux-gnu/libvorbisfile.so.3.3.4
7f0e0da82000-7f0e0dc81000 ---p 00007000 08:02 2761916                    /usr/lib/x86_64-linux-gnu/libvorbisfile.so.3.3.4
7f0e0dc81000-7f0e0dc82000 r--p 00006000 08:02 2761916                    /usr/lib/x86_64-linux-gnu/libvorbisfile.so.3.3.4
7f0e0dc82000-7f0e0dc83000 rw-p 00007000 08:02 2761916                    /usr/lib/x86_64-linux-gnu/libvorbisfile.so.3.3.4
7f0e0dc83000-7f0e0dc92000 r-xp 00000000 08:02 2761086                    /usr/lib/x86_64-linux-gnu/libcanberra.so.0.2.5
7f0e0dc92000-7f0e0de91000 ---p 0000f000 08:02 2761086                    /usr/lib/x86_64-linux-gnu/libcanberra.so.0.2.5
7f0e0de91000-7f0e0de92000 r--p 0000e000 08:02 2761086                    /usr/lib/x86_64-linux-gnu/libcanberra.so.0.2.5
7f0e0de92000-7f0e0de93000 rw-p 0000f000 08:02 2761086                    /usr/lib/x86_64-linux-gnu/libcanberra.so.0.2.5
7f0e0de93000-7f0e0de97000 r-xp 00000000 08:02 2761082                    /usr/lib/x86_64-linux-gnu/libcanberra-gtk.so.0.1.9
7f0e0de97000-7f0e0e096000 ---p 00004000 08:02 2761082                    /usr/lib/x86_64-linux-gnu/libcanberra-gtk.so.0.1.9
7f0e0e096000-7f0e0e097000 r--p 00003000 08:02 2761082                    /usr/lib/x86_64-linux-gnu/libcanberra-gtk.so.0.1.9
7f0e0e097000-7f0e0e098000 rw-p 00004000 08:02 2761082                    /usr/lib/x86_64-linux-gnu/libcanberra-gtk.so.0.1.9
7f0e0e098000-7f0e0e09d000 r-xp 00000000 08:02 3017791                    /usr/lib/x86_64-linux-gnu/gtk-2.0/modules/libcanberra-gtk-module.so
7f0e0e09d000-7f0e0e29c000 ---p 00005000 08:02 3017791                    /usr/lib/x86_64-linux-gnu/gtk-2.0/modules/libcanberra-gtk-module.so
7f0e0e29c000-7f0e0e29d000 r--p 00004000 08:02 3017791                    /usr/lib/x86_64-linux-gnu/gtk-2.0/modules/libcanberra-gtk-module.so
7f0e0e29d000-7f0e0e29e000 rw-p 00005000 08:02 3017791                    /usr/lib/x86_64-linux-gnu/gtk-2.0/modules/libcanberra-gtk-module.so
7f0e0e29e000-7f0e0e2a1000 r-xp 00000000 08:02 3017772                    /usr/lib/x86_64-linux-gnu/gtk-2.0/2.10.0/engines/libadwaita.so
7f0e0e2a1000-7f0e0e4a0000 ---p 00003000 08:02 3017772                    /usr/lib/x86_64-linux-gnu/gtk-2.0/2.10.0/engines/libadwaita.so
7f0e0e4a0000-7f0e0e4a1000 r--p 00002000 08:02 3017772                    /usr/lib/x86_64-linux-gnu/gtk-2.0/2.10.0/engines/libadwaita.so
7f0e0e4a1000-7f0e0e4a2000 rw-p 00003000 08:02 3017772                    /usr/lib/x86_64-linux-gnu/gtk-2.0/2.10.0/engines/libadwaita.so
7f0e0e4a2000-7f0e0e4ab000 r-xp 00000000 08:02 3017773                    /usr/lib/x86_64-linux-gnu/gtk-2.0/2.10.0/engines/libpixmap.so
7f0e0e4ab000-7f0e0e6ab000 ---p 00009000 08:02 3017773                    /usr/lib/x86_64-linux-gnu/gtk-2.0/2.10.0/engines/libpixmap.so
7f0e0e6ab000-7f0e0e6ac000 r--p 00009000 08:02 3017773                    /usr/lib/x86_64-linux-gnu/gtk-2.0/2.10.0/engines/libpixmap.so
7f0e0e6ac000-7f0e0e6ad000 rw-p 0000a000 08:02 3017773                    /usr/lib/x86_64-linux-gnu/gtk-2.0/2.10.0/engines/libpixmap.so
7f0e0e6ad000-7f0e0e6b6000 r-xp 00000000 08:05 13765017                   /home/eugen/.swt/lib/linux/x86_64/libswt-cairo-gtk-4430.so
7f0e0e6b6000-7f0e0e8b6000 ---p 00009000 08:05 13765017                   /home/eugen/.swt/lib/linux/x86_64/libswt-cairo-gtk-4430.so
7f0e0e8b6000-7f0e0e8b7000 rw-p 00009000 08:05 13765017                   /home/eugen/.swt/lib/linux/x86_64/libswt-cairo-gtk-4430.so
7f0e0e8b7000-7f0e0e8bd000 r-xp 00000000 08:02 2761152                    /usr/lib/x86_64-linux-gnu/libdatrie.so.1.3.1
7f0e0e8bd000-7f0e0eabc000 ---p 00006000 08:02 2761152                    /usr/lib/x86_64-linux-gnu/libdatrie.so.1.3.1
7f0e0eabc000-7f0e0eabd000 r--p 00005000 08:02 2761152                    /usr/lib/x86_64-linux-gnu/libdatrie.so.1.3.1
7f0e0eabd000-7f0e0eabe000 rw-p 00006000 08:02 2761152                    /usr/lib/x86_64-linux-gnu/libdatrie.so.1.3.1
7f0e0eabe000-7f0e0ead8000 r-xp 00000000 08:02 2761362                    /usr/lib/x86_64-linux-gnu/libgraphite2.so.3.0.1
7f0e0ead8000-7f0e0ecd7000 ---p 0001a000 08:02 2761362                    /usr/lib/x86_64-linux-gnu/libgraphite2.so.3.0.1
7f0e0ecd7000-7f0e0ecd9000 r--p 00019000 08:02 2761362                    /usr/lib/x86_64-linux-gnu/libgraphite2.so.3.0.1
7f0e0ecd9000-7f0e0ecda000 rw-p 0001b000 08:02 2761362                    /usr/lib/x86_64-linux-gnu/libgraphite2.so.3.0.1
7f0e0ecda000-7f0e0ecdf000 r-xp 00000000 08:02 2760965                    /usr/lib/x86_64-linux-gnu/libXdmcp.so.6.0.0
7f0e0ecdf000-7f0e0eede000 ---p 00005000 08:02 2760965                    /usr/lib/x86_64-linux-gnu/libXdmcp.so.6.0.0
7f0e0eede000-7f0e0eedf000 r--p 00004000 08:02 2760965                    /usr/lib/x86_64-linux-gnu/libXdmcp.so.6.0.0
7f0e0eedf000-7f0e0eee0000 rw-p 00005000 08:02 2760965                    /usr/lib/x86_64-linux-gnu/libXdmcp.so.6.0.0
7f0e0eee0000-7f0e0eee2000 r-xp 00000000 08:02 2760954                    /usr/lib/x86_64-linux-gnu/libXau.so.6.0.0
7f0e0eee2000-7f0e0f0e2000 ---p 00002000 08:02 2760954                    /usr/lib/x86_64-linux-gnu/libXau.so.6.0.0
7f0e0f0e2000-7f0e0f0e3000 r--p 00002000 08:02 2760954                    /usr/lib/x86_64-linux-gnu/libXau.so.6.0.0
7f0e0f0e3000-7f0e0f0e4000 rw-p 00003000 08:02 2760954                    /usr/lib/x86_64-linux-gnu/libXau.so.6.0.0
7f0e0f0e4000-7f0e0f121000 r-xp 00000000 08:02 266282                     /lib/x86_64-linux-gnu/libpcre.so.3.13.1
7f0e0f121000-7f0e0f320000 ---p 0003d000 08:02 266282                     /lib/x86_64-linux-gnu/libpcre.so.3.13.1
7f0e0f320000-7f0e0f321000 r--p 0003c000 08:02 266282                     /lib/x86_64-linux-gnu/libpcre.so.3.13.1
7f0e0f321000-7f0e0f322000 rw-p 0003d000 08:02 266282                     /lib/x86_64-linux-gnu/libpcre.so.3.13.1
7f0e0f322000-7f0e0f329000 r-xp 00000000 08:02 2761225                    /usr/lib/x86_64-linux-gnu/libffi.so.6.0.1
7f0e0f329000-7f0e0f528000 ---p 00007000 08:02 2761225                    /usr/lib/x86_64-linux-gnu/libffi.so.6.0.1
7f0e0f528000-7f0e0f529000 r--p 00006000 08:02 2761225                    /usr/lib/x86_64-linux-gnu/libffi.so.6.0.1
7f0e0f529000-7f0e0f52a000 rw-p 00007000 08:02 2761225                    /usr/lib/x86_64-linux-gnu/libffi.so.6.0.1
7f0e0f52a000-7f0e0f551000 r-xp 00000000 08:02 266200                     /lib/x86_64-linux-gnu/libexpat.so.1.6.0
7f0e0f551000-7f0e0f751000 ---p 00027000 08:02 266200                     /lib/x86_64-linux-gnu/libexpat.so.1.6.0
7f0e0f751000-7f0e0f753000 r--p 00027000 08:02 266200                     /lib/x86_64-linux-gnu/libexpat.so.1.6.0
7f0e0f753000-7f0e0f754000 rw-p 00029000 08:02 266200                     /lib/x86_64-linux-gnu/libexpat.so.1.6.0
7f0e0f754000-7f0e0f7a7000 r-xp 00000000 08:02 2752994                    /usr/lib/x86_64-linux-gnu/libharfbuzz.so.0.927.0
7f0e0f7a7000-7f0e0f9a7000 ---p 00053000 08:02 2752994                    /usr/lib/x86_64-linux-gnu/libharfbuzz.so.0.927.0
7f0e0f9a7000-7f0e0f9a8000 r--p 00053000 08:02 2752994                    /usr/lib/x86_64-linux-gnu/libharfbuzz.so.0.927.0
7f0e0f9a8000-7f0e0f9a9000 rw-p 00054000 08:02 2752994                    /usr/lib/x86_64-linux-gnu/libharfbuzz.so.0.927.0
7f0e0f9a9000-7f0e0f9c0000 r-xp 00000000 08:02 262149                     /lib/x86_64-linux-gnu/libresolv-2.19.so
7f0e0f9c0000-7f0e0fbc0000 ---p 00017000 08:02 262149                     /lib/x86_64-linux-gnu/libresolv-2.19.so
7f0e0fbc0000-7f0e0fbc1000 r--p 00017000 08:02 262149                     /lib/x86_64-linux-gnu/libresolv-2.19.so
7f0e0fbc1000-7f0e0fbc2000 rw-p 00018000 08:02 262149                     /lib/x86_64-linux-gnu/libresolv-2.19.so
7f0e0fbc2000-7f0e0fbc4000 rw-p 00000000 00:00 0 
7f0e0fbc4000-7f0e0fbe4000 r-xp 00000000 08:02 266309                     /lib/x86_64-linux-gnu/libselinux.so.1
7f0e0fbe4000-7f0e0fde3000 ---p 00020000 08:02 266309                     /lib/x86_64-linux-gnu/libselinux.so.1
7f0e0fde3000-7f0e0fde4000 r--p 0001f000 08:02 266309                     /lib/x86_64-linux-gnu/libselinux.so.1
7f0e0fde4000-7f0e0fde5000 rw-p 00020000 08:02 266309                     /lib/x86_64-linux-gnu/libselinux.so.1
7f0e0fde5000-7f0e0fde7000 rw-p 00000000 00:00 0 
7f0e0fde7000-7f0e0fdff000 r-xp 00000000 08:02 266341                     /lib/x86_64-linux-gnu/libz.so.1.2.8
7f0e0fdff000-7f0e0fffe000 ---p 00018000 08:02 266341                     /lib/x86_64-linux-gnu/libz.so.1.2.8
7f0e0fffe000-7f0e0ffff000 r--p 00017000 08:02 266341                     /lib/x86_64-linux-gnu/libz.so.1.2.8
7f0e0ffff000-7f0e10000000 rw-p 00018000 08:02 266341                     /lib/x86_64-linux-gnu/libz.so.1.2.8
7f0e10000000-7f0e10021000 rw-p 00000000 00:00 0 
7f0e10021000-7f0e14000000 ---p 00000000 00:00 0 
7f0e1400d000-7f0e14015000 r-xp 00000000 08:02 2761864                    /usr/lib/x86_64-linux-gnu/libthai.so.0.2.0
7f0e14015000-7f0e14214000 ---p 00008000 08:02 2761864                    /usr/lib/x86_64-linux-gnu/libthai.so.0.2.0
7f0e14214000-7f0e14215000 r--p 00007000 08:02 2761864                    /usr/lib/x86_64-linux-gnu/libthai.so.0.2.0
7f0e14215000-7f0e14216000 rw-p 00008000 08:02 2761864                    /usr/lib/x86_64-linux-gnu/libthai.so.0.2.0
7f0e14216000-7f0e1421e000 r-xp 00000000 08:02 2761965                    /usr/lib/x86_64-linux-gnu/libxcb-render.so.0.0.0
7f0e1421e000-7f0e1441d000 ---p 00008000 08:02 2761965                    /usr/lib/x86_64-linux-gnu/libxcb-render.so.0.0.0
7f0e1441d000-7f0e1441e000 r--p 00007000 08:02 2761965                    /usr/lib/x86_64-linux-gnu/libxcb-render.so.0.0.0
7f0e1441e000-7f0e1441f000 rw-p 00008000 08:02 2761965                    /usr/lib/x86_64-linux-gnu/libxcb-render.so.0.0.0
7f0e1441f000-7f0e14421000 r-xp 00000000 08:02 2761969                    /usr/lib/x86_64-linux-gnu/libxcb-shm.so.0.0.0
7f0e14421000-7f0e14620000 ---p 00002000 08:02 2761969                    /usr/lib/x86_64-linux-gnu/libxcb-shm.so.0.0.0
7f0e14620000-7f0e14621000 r--p 00001000 08:02 2761969                    /usr/lib/x86_64-linux-gnu/libxcb-shm.so.0.0.0
7f0e14621000-7f0e14622000 rw-p 00002000 08:02 2761969                    /usr/lib/x86_64-linux-gnu/libxcb-shm.so.0.0.0
7f0e14622000-7f0e14647000 r-xp 00000000 08:02 266294                     /lib/x86_64-linux-gnu/libpng12.so.0.50.0
7f0e14647000-7f0e14846000 ---p 00025000 08:02 266294                     /lib/x86_64-linux-gnu/libpng12.so.0.50.0
7f0e14846000-7f0e14847000 r--p 00024000 08:02 266294                     /lib/x86_64-linux-gnu/libpng12.so.0.50.0
7f0e14847000-7f0e14848000 rw-p 00025000 08:02 266294                     /lib/x86_64-linux-gnu/libpng12.so.0.50.0
7f0e14848000-7f0e148e9000 r-xp 00000000 08:02 2761698                    /usr/lib/x86_64-linux-gnu/libpixman-1.so.0.30.2
7f0e148e9000-7f0e14ae9000 ---p 000a1000 08:02 2761698                    /usr/lib/x86_64-linux-gnu/libpixman-1.so.0.30.2
7f0e14ae9000-7f0e14af0000 r--p 000a1000 08:02 2761698                    /usr/lib/x86_64-linux-gnu/libpixman-1.so.0.30.2
7f0e14af0000-7f0e14af1000 rw-p 000a8000 08:02 2761698                    /usr/lib/x86_64-linux-gnu/libpixman-1.so.0.30.2
7f0e14af1000-7f0e14b0e000 r-xp 00000000 08:02 2761981                    /usr/lib/x86_64-linux-gnu/libxcb.so.1.1.0
7f0e14b0e000-7f0e14d0e000 ---p 0001d000 08:02 2761981                    /usr/lib/x86_64-linux-gnu/libxcb.so.1.1.0
7f0e14d0e000-7f0e14d0f000 r--p 0001d000 08:02 2761981                    /usr/lib/x86_64-linux-gnu/libxcb.so.1.1.0
7f0e14d0f000-7f0e14d10000 rw-p 0001e000 08:02 2761981                    /usr/lib/x86_64-linux-gnu/libxcb.so.1.1.0
7f0e14d10000-7f0e14dad000 r-xp 00000000 08:02 2761251                    /usr/lib/x86_64-linux-gnu/libfreetype.so.6.11.1
7f0e14dad000-7f0e14fac000 ---p 0009d000 08:02 2761251                    /usr/lib/x86_64-linux-gnu/libfreetype.so.6.11.1
7f0e14fac000-7f0e14fb2000 r--p 0009c000 08:02 2761251                    /usr/lib/x86_64-linux-gnu/libfreetype.so.6.11.1
7f0e14fb2000-7f0e14fb3000 rw-p 000a2000 08:02 2761251                    /usr/lib/x86_64-linux-gnu/libfreetype.so.6.11.1
7f0e14fb3000-7f0e14fb5000 r-xp 00000000 08:02 2760963                    /usr/lib/x86_64-linux-gnu/libXdamage.so.1.1.0
7f0e14fb5000-7f0e151b4000 ---p 00002000 08:02 2760963                    /usr/lib/x86_64-linux-gnu/libXdamage.so.1.1.0
7f0e151b4000-7f0e151b5000 r--p 00001000 08:02 2760963                    /usr/lib/x86_64-linux-gnu/libXdamage.so.1.1.0
7f0e151b5000-7f0e151b6000 rw-p 00002000 08:02 2760963                    /usr/lib/x86_64-linux-gnu/libXdamage.so.1.1.0
7f0e151b6000-7f0e151b8000 r-xp 00000000 08:02 2760959                    /usr/lib/x86_64-linux-gnu/libXcomposite.so.1.0.0
7f0e151b8000-7f0e153b7000 ---p 00002000 08:02 2760959                    /usr/lib/x86_64-linux-gnu/libXcomposite.so.1.0.0
7f0e153b7000-7f0e153b8000 r--p 00001000 08:02 2760959                    /usr/lib/x86_64-linux-gnu/libXcomposite.so.1.0.0
7f0e153b8000-7f0e153b9000 rw-p 00002000 08:02 2760959                    /usr/lib/x86_64-linux-gnu/libXcomposite.so.1.0.0
7f0e153b9000-7f0e153c2000 r-xp 00000000 08:02 2760961                    /usr/lib/x86_64-linux-gnu/libXcursor.so.1.0.2
7f0e153c2000-7f0e155c1000 ---p 00009000 08:02 2760961                    /usr/lib/x86_64-linux-gnu/libXcursor.so.1.0.2
7f0e155c1000-7f0e155c2000 r--p 00008000 08:02 2760961                    /usr/lib/x86_64-linux-gnu/libXcursor.so.1.0.2
7f0e155c2000-7f0e155c3000 rw-p 00009000 08:02 2760961                    /usr/lib/x86_64-linux-gnu/libXcursor.so.1.0.2
7f0e155c3000-7f0e155cc000 r-xp 00000000 08:02 2760987                    /usr/lib/x86_64-linux-gnu/libXrandr.so.2.2.0
7f0e155cc000-7f0e157cb000 ---p 00009000 08:02 2760987                    /usr/lib/x86_64-linux-gnu/libXrandr.so.2.2.0
7f0e157cb000-7f0e157cc000 r--p 00008000 08:02 2760987                    /usr/lib/x86_64-linux-gnu/libXrandr.so.2.2.0
7f0e157cc000-7f0e157cd000 rw-p 00009000 08:02 2760987                    /usr/lib/x86_64-linux-gnu/libXrandr.so.2.2.0
7f0e157cd000-7f0e157dc000 r-xp 00000000 08:02 2760975                    /usr/lib/x86_64-linux-gnu/libXi.so.6.1.0
7f0e157dc000-7f0e159db000 ---p 0000f000 08:02 2760975                    /usr/lib/x86_64-linux-gnu/libXi.so.6.1.0
7f0e159db000-7f0e159dc000 r--p 0000e000 08:02 2760975                    /usr/lib/x86_64-linux-gnu/libXi.so.6.1.0
7f0e159dc000-7f0e159dd000 rw-p 0000f000 08:02 2760975                    /usr/lib/x86_64-linux-gnu/libXi.so.6.1.0
7f0e159dd000-7f0e159df000 r-xp 00000000 08:02 2760977                    /usr/lib/x86_64-linux-gnu/libXinerama.so.1.0.0
7f0e159df000-7f0e15bde000 ---p 00002000 08:02 2760977                    /usr/lib/x86_64-linux-gnu/libXinerama.so.1.0.0
7f0e15bde000-7f0e15bdf000 r--p 00001000 08:02 2760977                    /usr/lib/x86_64-linux-gnu/libXinerama.so.1.0.0
7f0e15bdf000-7f0e15be0000 rw-p 00002000 08:02 2760977                    /usr/lib/x86_64-linux-gnu/libXinerama.so.1.0.0
7f0e15be0000-7f0e15be9000 r-xp 00000000 08:02 2760989                    /usr/lib/x86_64-linux-gnu/libXrender.so.1.3.0
7f0e15be9000-7f0e15de8000 ---p 00009000 08:02 2760989                    /usr/lib/x86_64-linux-gnu/libXrender.so.1.3.0
7f0e15de8000-7f0e15de9000 r--p 00008000 08:02 2760989                    /usr/lib/x86_64-linux-gnu/libXrender.so.1.3.0
7f0e15de9000-7f0e15dea000 rw-p 00009000 08:02 2760989                    /usr/lib/x86_64-linux-gnu/libXrender.so.1.3.0
7f0e15dea000-7f0e15dfb000 r-xp 00000000 08:02 2760967                    /usr/lib/x86_64-linux-gnu/libXext.so.6.4.0
7f0e15dfb000-7f0e15ffa000 ---p 00011000 08:02 2760967                    /usr/lib/x86_64-linux-gnu/libXext.so.6.4.0
7f0e15ffa000-7f0e15ffb000 r--p 00010000 08:02 2760967                    /usr/lib/x86_64-linux-gnu/libXext.so.6.4.0
7f0e15ffb000-7f0e15ffc000 rw-p 00011000 08:02 2760967                    /usr/lib/x86_64-linux-gnu/libXext.so.6.4.0
7f0e15ffc000-7f0e16102000 r-xp 00000000 08:02 266098                     /lib/x86_64-linux-gnu/libglib-2.0.so.0.4002.0
7f0e16102000-7f0e16301000 ---p 00106000 08:02 266098                     /lib/x86_64-linux-gnu/libglib-2.0.so.0.4002.0
7f0e16301000-7f0e16302000 r--p 00105000 08:02 266098                     /lib/x86_64-linux-gnu/libglib-2.0.so.0.4002.0
7f0e16302000-7f0e16303000 rw-p 00106000 08:02 266098                     /lib/x86_64-linux-gnu/libglib-2.0.so.0.4002.0
7f0e16303000-7f0e16304000 rw-p 00000000 00:00 0 
7f0e16304000-7f0e16353000 r-xp 00000000 08:02 2752911                    /usr/lib/x86_64-linux-gnu/libgobject-2.0.so.0.4002.0
7f0e16353000-7f0e16553000 ---p 0004f000 08:02 2752911                    /usr/lib/x86_64-linux-gnu/libgobject-2.0.so.0.4002.0
7f0e16553000-7f0e16554000 r--p 0004f000 08:02 2752911                    /usr/lib/x86_64-linux-gnu/libgobject-2.0.so.0.4002.0
7f0e16554000-7f0e16555000 rw-p 00050000 08:02 2752911                    /usr/lib/x86_64-linux-gnu/libgobject-2.0.so.0.4002.0
7f0e16555000-7f0e1658f000 r-xp 00000000 08:02 2761239                    /usr/lib/x86_64-linux-gnu/libfontconfig.so.1.8.0
7f0e1658f000-7f0e1678e000 ---p 0003a000 08:02 2761239                    /usr/lib/x86_64-linux-gnu/libfontconfig.so.1.8.0
7f0e1678e000-7f0e16790000 r--p 00039000 08:02 2761239                    /usr/lib/x86_64-linux-gnu/libfontconfig.so.1.8.0
7f0e16790000-7f0e16791000 rw-p 0003b000 08:02 2761239                    /usr/lib/x86_64-linux-gnu/libfontconfig.so.1.8.0
7f0e16791000-7f0e167db000 r-xp 00000000 08:02 2754613                    /usr/lib/x86_64-linux-gnu/libpango-1.0.so.0.3600.3
7f0e167db000-7f0e169db000 ---p 0004a000 08:02 2754613                    /usr/lib/x86_64-linux-gnu/libpango-1.0.so.0.3600.3
7f0e169db000-7f0e169dd000 r--p 0004a000 08:02 2754613                    /usr/lib/x86_64-linux-gnu/libpango-1.0.so.0.3600.3
7f0e169dd000-7f0e169de000 rw-p 0004c000 08:02 2754613                    /usr/lib/x86_64-linux-gnu/libpango-1.0.so.0.3600.3
7f0e169de000-7f0e169f2000 r-xp 00000000 08:02 2754615                    /usr/lib/x86_64-linux-gnu/libpangoft2-1.0.so.0.3600.3
7f0e169f2000-7f0e16bf1000 ---p 00014000 08:02 2754615                    /usr/lib/x86_64-linux-gnu/libpangoft2-1.0.so.0.3600.3
7f0e16bf1000-7f0e16bf2000 r--p 00013000 08:02 2754615                    /usr/lib/x86_64-linux-gnu/libpangoft2-1.0.so.0.3600.3
7f0e16bf2000-7f0e16bf3000 rw-p 00014000 08:02 2754615                    /usr/lib/x86_64-linux-gnu/libpangoft2-1.0.so.0.3600.3
7f0e16bf3000-7f0e16d5f000 r-xp 00000000 08:02 2752917                    /usr/lib/x86_64-linux-gnu/libgio-2.0.so.0.4002.0
7f0e16d5f000-7f0e16f5e000 ---p 0016c000 08:02 2752917                    /usr/lib/x86_64-linux-gnu/libgio-2.0.so.0.4002.0
7f0e16f5e000-7f0e16f62000 r--p 0016b000 08:02 2752917                    /usr/lib/x86_64-linux-gnu/libgio-2.0.so.0.4002.0
7f0e16f62000-7f0e16f64000 rw-p 0016f000 08:02 2752917                    /usr/lib/x86_64-linux-gnu/libgio-2.0.so.0.4002.0
7f0e16f64000-7f0e16f66000 rw-p 00000000 00:00 0 
7f0e16f66000-7f0e16f85000 r-xp 00000000 08:02 2761286                    /usr/lib/x86_64-linux-gnu/libgdk_pixbuf-2.0.so.0.3000.7
7f0e16f85000-7f0e17185000 ---p 0001f000 08:02 2761286                    /usr/lib/x86_64-linux-gnu/libgdk_pixbuf-2.0.so.0.3000.7
7f0e17185000-7f0e17186000 r--p 0001f000 08:02 2761286                    /usr/lib/x86_64-linux-gnu/libgdk_pixbuf-2.0.so.0.3000.7
7f0e17186000-7f0e17187000 rw-p 00020000 08:02 2761286                    /usr/lib/x86_64-linux-gnu/libgdk_pixbuf-2.0.so.0.3000.7
7f0e17187000-7f0e1728d000 r-xp 00000000 08:02 2761078                    /usr/lib/x86_64-linux-gnu/libcairo.so.2.11301.0
7f0e1728d000-7f0e1748c000 ---p 00106000 08:02 2761078                    /usr/lib/x86_64-linux-gnu/libcairo.so.2.11301.0
7f0e1748c000-7f0e1748f000 r--p 00105000 08:02 2761078                    /usr/lib/x86_64-linux-gnu/libcairo.so.2.11301.0
7f0e1748f000-7f0e17490000 rw-p 00108000 08:02 2761078                    /usr/lib/x86_64-linux-gnu/libcairo.so.2.11301.0
7f0e17490000-7f0e17492000 rw-p 00000000 00:00 0 
7f0e17492000-7f0e174b1000 r-xp 00000000 08:02 2761043                    /usr/lib/x86_64-linux-gnu/libatk-1.0.so.0.21009.1
7f0e174b1000-7f0e176b1000 ---p 0001f000 08:02 2761043                    /usr/lib/x86_64-linux-gnu/libatk-1.0.so.0.21009.1
7f0e176b1000-7f0e176b3000 r--p 0001f000 08:02 2761043                    /usr/lib/x86_64-linux-gnu/libatk-1.0.so.0.21009.1
7f0e176b3000-7f0e176b4000 rw-p 00021000 08:02 2761043                    /usr/lib/x86_64-linux-gnu/libatk-1.0.so.0.21009.1
7f0e176b4000-7f0e176b9000 r-xp 00000000 08:02 2760969                    /usr/lib/x86_64-linux-gnu/libXfixes.so.3.1.0
7f0e176b9000-7f0e178b8000 ---p 00005000 08:02 2760969                    /usr/lib/x86_64-linux-gnu/libXfixes.so.3.1.0
7f0e178b8000-7f0e178b9000 r--p 00004000 08:02 2760969                    /usr/lib/x86_64-linux-gnu/libXfixes.so.3.1.0
7f0e178b9000-7f0e178ba000 rw-p 00005000 08:02 2760969                    /usr/lib/x86_64-linux-gnu/libXfixes.so.3.1.0
7f0e178ba000-7f0e179ea000 r-xp 00000000 08:02 2760950                    /usr/lib/x86_64-linux-gnu/libX11.so.6.3.0
7f0e179ea000-7f0e17bea000 ---p 00130000 08:02 2760950                    /usr/lib/x86_64-linux-gnu/libX11.so.6.3.0
7f0e17bea000-7f0e17beb000 r--p 00130000 08:02 2760950                    /usr/lib/x86_64-linux-gnu/libX11.so.6.3.0
7f0e17beb000-7f0e17bef000 rw-p 00131000 08:02 2760950                    /usr/lib/x86_64-linux-gnu/libX11.so.6.3.0
7f0e17bef000-7f0e17bfa000 r-xp 00000000 08:02 2754611                    /usr/lib/x86_64-linux-gnu/libpangocairo-1.0.so.0.3600.3
7f0e17bfa000-7f0e17dfa000 ---p 0000b000 08:02 2754611                    /usr/lib/x86_64-linux-gnu/libpangocairo-1.0.so.0.3600.3
7f0e17dfa000-7f0e17dfb000 r--p 0000b000 08:02 2754611                    /usr/lib/x86_64-linux-gnu/libpangocairo-1.0.so.0.3600.3
7f0e17dfb000-7f0e17dfc000 rw-p 0000c000 08:02 2754611                    /usr/lib/x86_64-linux-gnu/libpangocairo-1.0.so.0.3600.3
7f0e17dfc000-7f0e17dff000 r-xp 00000000 08:02 2752891                    /usr/lib/x86_64-linux-gnu/libgmodule-2.0.so.0.4002.0
7f0e17dff000-7f0e17ffe000 ---p 00003000 08:02 2752891                    /usr/lib/x86_64-linux-gnu/libgmodule-2.0.so.0.4002.0
7f0e17ffe000-7f0e17fff000 r--p 00002000 08:02 2752891                    /usr/lib/x86_64-linux-gnu/libgmodule-2.0.so.0.4002.0
7f0e17fff000-7f0e18000000 rw-p 00003000 08:02 2752891                    /usr/lib/x86_64-linux-gnu/libgmodule-2.0.so.0.4002.0
7f0e18000000-7f0e1820e000 rw-p 00000000 00:00 0 
7f0e1820e000-7f0e1c000000 ---p 00000000 00:00 0 
7f0e1c000000-7f0e1c021000 rw-p 00000000 00:00 0 
7f0e1c021000-7f0e20000000 ---p 00000000 00:00 0 
7f0e20000000-7f0e20021000 rw-p 00000000 00:00 0 
7f0e20021000-7f0e24000000 ---p 00000000 00:00 0 
7f0e24000000-7f0e242b2000 rw-p 00000000 00:00 0 
7f0e242b2000-7f0e28000000 ---p 00000000 00:00 0 
7f0e28000000-7f0e28021000 rw-p 00000000 00:00 0 
7f0e28021000-7f0e2c000000 ---p 00000000 00:00 0 
7f0e2c000000-7f0e2c021000 rw-p 00000000 00:00 0 
7f0e2c021000-7f0e30000000 ---p 00000000 00:00 0 
7f0e30000000-7f0e30021000 rw-p 00000000 00:00 0 
7f0e30021000-7f0e34000000 ---p 00000000 00:00 0 
7f0e3404f000-7f0e34050000 rw-p 00000000 00:00 0 
7f0e34050000-7f0e34073000 r--p 00000000 08:02 655413                     /usr/share/fonts/truetype/msttcorefonts/Verdana.ttf
7f0e34073000-7f0e34075000 r--s 00000000 08:02 928279                     /var/cache/fontconfig/8d8b68aba5c2525ac7de7497e4c5b2d2-le64.cache-4
7f0e34075000-7f0e34076000 r--s 00000000 08:02 928214                     /var/cache/fontconfig/087e1975ba9a574b140bb1df193bf770-le64.cache-4
7f0e34076000-7f0e34077000 r--s 00000000 08:02 928275                     /var/cache/fontconfig/c05880de57d1f5e948fdfacc138775d9-le64.cache-4
7f0e34077000-7f0e34082000 r--s 00000000 08:02 917606                     /var/cache/fontconfig/945677eb7aeaf62f1d50efc3fb3ec7d8-le64.cache-4
7f0e34082000-7f0e34088000 r--s 00000000 08:02 928273                     /var/cache/fontconfig/2cd17615ca594fa2959ae173292e504c-le64.cache-4
7f0e34088000-7f0e34089000 r--s 00000000 08:02 928272                     /var/cache/fontconfig/e7071f4a29fa870f4323321c154eba04-le64.cache-4
7f0e34089000-7f0e3408a000 r--s 00000000 08:02 928271                     /var/cache/fontconfig/0d8c3b2ac0904cb8a57a757ad11a4a08-le64.cache-4
7f0e3408a000-7f0e34091000 r--s 00000000 08:02 928270                     /var/cache/fontconfig/a755afe4a08bf5b97852ceb7400b47bc-le64.cache-4
7f0e34091000-7f0e34095000 r--s 00000000 08:02 928269                     /var/cache/fontconfig/de156ccd2eddbdc19d37a45b8b2aac9c-le64.cache-4
7f0e34095000-7f0e340a0000 r--s 00000000 08:02 928268                     /var/cache/fontconfig/a6354e3ac43af67bd8d7b8e43c34e49f-le64.cache-4
7f0e340a0000-7f0e340b4000 r--s 00000000 08:02 928267                     /var/cache/fontconfig/04aabc0a78ac019cf9454389977116d2-le64.cache-4
7f0e340b4000-7f0e340b5000 r--s 00000000 08:02 928266                     /var/cache/fontconfig/1ac9eb803944fde146138c791f5cc56a-le64.cache-4
7f0e340b5000-7f0e340b9000 r--s 00000000 08:02 928265                     /var/cache/fontconfig/385c0604a188198f04d133e54aba7fe7-le64.cache-4
7f0e340b9000-7f0e340ba000 r--s 00000000 08:02 928264                     /var/cache/fontconfig/dc05db6664285cc2f12bf69c139ae4c3-le64.cache-4
7f0e340ba000-7f0e340bc000 r--s 00000000 08:02 928263                     /var/cache/fontconfig/767a8244fc0220cfb567a839d0392e0b-le64.cache-4
7f0e340bc000-7f0e340bd000 r--s 00000000 08:02 928260                     /var/cache/fontconfig/4794a0821666d79190d59a36cb4f44b5-le64.cache-4
7f0e340bd000-7f0e340c2000 r--s 00000000 08:02 928259                     /var/cache/fontconfig/8801497958630a81b71ace7c5f9b32a8-le64.cache-4
7f0e340c2000-7f0e340fd000 r--s 00000000 08:02 928258                     /var/cache/fontconfig/365b55f210c0a22e9a19e35191240f32-le64.cache-4
7f0e340fd000-7f0e34104000 r--s 00000000 08:02 928257                     /var/cache/fontconfig/3047814df9a2f067bd2d96a2b9c36e5a-le64.cache-4
7f0e34104000-7f0e34105000 r--s 00000000 08:02 928256                     /var/cache/fontconfig/56cf4f4769d0f4abc89a4895d7bd3ae1-le64.cache-4
7f0e34105000-7f0e34106000 r--s 00000000 08:02 928255                     /var/cache/fontconfig/b9d506c9ac06c20b433354fa67a72993-le64.cache-4
7f0e34106000-7f0e3410c000 r--s 00000000 08:02 928254                     /var/cache/fontconfig/b47c4e1ecd0709278f4910c18777a504-le64.cache-4
7f0e3410c000-7f0e3410d000 r--s 00000000 08:02 928253                     /var/cache/fontconfig/89034621ae2a8922916bb6bfa5799546-le64.cache-4
7f0e3410d000-7f0e34120000 r--s 00000000 08:02 928251                     /var/cache/fontconfig/d52a8644073d54c13679302ca1180695-le64.cache-4
7f0e34120000-7f0e34121000 r--s 00000000 08:02 928250                     /var/cache/fontconfig/8a687c406b77f27d99abfeeba937fcce-le64.cache-4
7f0e34121000-7f0e3412a000 r--s 00000000 08:02 928249                     /var/cache/fontconfig/3f7329c5293ffd510edef78f73874cfd-le64.cache-4
7f0e3412a000-7f0e341d7000 r-xp 00000000 08:02 2761284                    /usr/lib/x86_64-linux-gnu/libgdk-x11-2.0.so.0.2400.23
7f0e341d7000-7f0e343d6000 ---p 000ad000 08:02 2761284                    /usr/lib/x86_64-linux-gnu/libgdk-x11-2.0.so.0.2400.23
7f0e343d6000-7f0e343da000 r--p 000ac000 08:02 2761284                    /usr/lib/x86_64-linux-gnu/libgdk-x11-2.0.so.0.2400.23
7f0e343da000-7f0e343dc000 rw-p 000b0000 08:02 2761284                    /usr/lib/x86_64-linux-gnu/libgdk-x11-2.0.so.0.2400.23
7f0e343dc000-7f0e343e1000 r-xp 00000000 08:02 2760995                    /usr/lib/x86_64-linux-gnu/libXtst.so.6.1.0
7f0e343e1000-7f0e345e0000 ---p 00005000 08:02 2760995                    /usr/lib/x86_64-linux-gnu/libXtst.so.6.1.0
7f0e345e0000-7f0e345e1000 r--p 00004000 08:02 2760995                    /usr/lib/x86_64-linux-gnu/libXtst.so.6.1.0
7f0e345e1000-7f0e345e2000 rw-p 00005000 08:02 2760995                    /usr/lib/x86_64-linux-gnu/libXtst.so.6.1.0
7f0e345e2000-7f0e345e3000 r-xp 00000000 08:02 2752916                    /usr/lib/x86_64-linux-gnu/libgthread-2.0.so.0.4002.0
7f0e345e3000-7f0e347e2000 ---p 00001000 08:02 2752916                    /usr/lib/x86_64-linux-gnu/libgthread-2.0.so.0.4002.0
7f0e347e2000-7f0e347e3000 r--p 00000000 08:02 2752916                    /usr/lib/x86_64-linux-gnu/libgthread-2.0.so.0.4002.0
7f0e347e3000-7f0e347e4000 rw-p 00001000 08:02 2752916                    /usr/lib/x86_64-linux-gnu/libgthread-2.0.so.0.4002.0
7f0e347e4000-7f0e34c13000 r-xp 00000000 08:02 2761460                    /usr/lib/x86_64-linux-gnu/libgtk-x11-2.0.so.0.2400.23
7f0e34c13000-7f0e34e12000 ---p 0042f000 08:02 2761460                    /usr/lib/x86_64-linux-gnu/libgtk-x11-2.0.so.0.2400.23
7f0e34e12000-7f0e34e19000 r--p 0042e000 08:02 2761460                    /usr/lib/x86_64-linux-gnu/libgtk-x11-2.0.so.0.2400.23
7f0e34e19000-7f0e34e1d000 rw-p 00435000 08:02 2761460                    /usr/lib/x86_64-linux-gnu/libgtk-x11-2.0.so.0.2400.23
7f0e34e1d000-7f0e34e20000 rw-p 00000000 00:00 0 
7f0e34e20000-7f0e34e24000 r--s 00000000 08:02 928248                     /var/cache/fontconfig/d589a48862398ed80a3d6066f4f56f4c-le64.cache-4
7f0e34e24000-7f0e34e25000 r--s 00000000 08:02 928247                     /var/cache/fontconfig/0c9eb80ebd1c36541ebe2852d3bb0c49-le64.cache-4
7f0e34e25000-7f0e34e26000 r--s 00000000 08:02 928301                     /var/cache/fontconfig/8b40f4595dc58240fca3414dac057aad-le64.cache-4
7f0e34e26000-7f0e34e33000 r--s 00000000 08:02 928046                     /var/cache/fontconfig/e13b20fdb08344e0e664864cc2ede53d-le64.cache-4
7f0e34e33000-7f0e34e37000 r--s 00000000 08:02 928233                     /var/cache/fontconfig/7ef2298fde41cc6eeb7af42e48b7d293-le64.cache-4
7f0e34e37000-7f0e34eab000 r-xp 00000000 08:05 13764960                   /home/eugen/.swt/lib/linux/x86_64/libswt-pi-gtk-4430.so
7f0e34eab000-7f0e350ab000 ---p 00074000 08:05 13764960                   /home/eugen/.swt/lib/linux/x86_64/libswt-pi-gtk-4430.so
7f0e350ab000-7f0e350ae000 rw-p 00074000 08:05 13764960                   /home/eugen/.swt/lib/linux/x86_64/libswt-pi-gtk-4430.so
7f0e350ae000-7f0e350b0000 rw-p 00000000 00:00 0 
7f0e350b0000-7f0e3512e000 r-xp 00000000 08:05 13764933                   /home/eugen/.swt/lib/linux/x86_64/libswt-gtk-4430.so
7f0e3512e000-7f0e3532d000 ---p 0007e000 08:05 13764933                   /home/eugen/.swt/lib/linux/x86_64/libswt-gtk-4430.so
7f0e3532d000-7f0e35335000 rw-p 0007d000 08:05 13764933                   /home/eugen/.swt/lib/linux/x86_64/libswt-gtk-4430.so
7f0e35335000-7f0e35337000 rw-p 00000000 00:00 0 
7f0e35337000-7f0e3533a000 r--s 00019000 08:02 2893344                    /usr/lib/jvm/java-7-oracle/jre/lib/jce.jar
7f0e3533a000-7f0e3533f000 r--s 0008a000 08:02 2893273                    /usr/lib/jvm/java-7-oracle/jre/lib/jsse.jar
7f0e3533f000-7f0e35344000 r--s 00038000 08:05 7868242                    /home/eugen/Workspace/ide/luna/eclipse/plugins/org.eclipse.text_3.5.300.v20130515-1451.jar
7f0e35344000-7f0e35348000 r--s 00013000 08:05 7865583                    /home/eugen/Workspace/ide/luna/eclipse/plugins/org.eclipse.osgi.services_3.4.0.v20140312-2051.jar
7f0e35348000-7f0e3535b000 r--s 000e0000 08:05 7865171                    /home/eugen/Workspace/ide/luna/eclipse/plugins/org.eclipse.jface.text_3.9.1.v20140827-1810.jar
7f0e3535b000-7f0e353f2000 r--s 00964000 08:05 7865161                    /home/eugen/Workspace/ide/luna/eclipse/plugins/org.eclipse.jdt.ui_3.10.1.v20140817-1500.jar
7f0e353f2000-7f0e353f7000 r--s 0004a000 08:05 7865159                    /home/eugen/Workspace/ide/luna/eclipse/plugins/org.eclipse.jdt.launching_3.7.101.v20140825-1922.jar
7f0e353f7000-7f0e353f9000 r--s 0000d000 08:05 7865468                    /home/eugen/Workspace/ide/luna/eclipse/plugins/org.eclipse.jdt.compiler.tool_1.0.300.v20140311-1758.jar
7f0e353f9000-7f0e353fc000 r--s 00025000 08:05 7865529                    /home/eugen/Workspace/ide/luna/eclipse/plugins/org.eclipse.jdt.compiler.apt_1.1.0.v20140509-1235.jar
7f0e353fc000-7f0e35429000 r--s 00522000 08:05 7865154                    /home/eugen/Workspace/ide/luna/eclipse/plugins/org.eclipse.jdt.core_3.10.0.v20140902-0626.jar
7f0e35429000-7f0e35430000 r--s 0003f000 08:05 7868202                    /home/eugen/Workspace/ide/luna/eclipse/plugins/org.eclipse.e4.ui.workbench_1.2.1.v20140901-1244.jar
7f0e35430000-7f0e35437000 r--s 00055000 08:05 7868251                    /home/eugen/Workspace/ide/luna/eclipse/plugins/org.eclipse.e4.ui.model.workbench_1.1.0.v20140512-1820.jar
7f0e35437000-7f0e3544c000 r--s 00107000 08:05 7865169                    /home/eugen/Workspace/ide/luna/eclipse/plugins/org.eclipse.jface_3.10.1.v20140813-1009.jar
7f0e3544c000-7f0e35461000 r--s 00266000 08:05 7865260                    /home/eugen/Workspace/ide/luna/eclipse/plugins/org.eclipse.swt.gtk.linux.x86_64_3.103.1.v20140903-1947.jar
7f0e35461000-7f0e354a5000 r--s 00390000 08:05 7865265                    /home/eugen/Workspace/ide/luna/eclipse/plugins/org.eclipse.ui.workbench_3.106.1.v20140827-1737.jar
7f0e354a5000-7f0e354a6000 ---p 00000000 00:00 0 
7f0e354a6000-7f0e355a6000 rw-p 00000000 00:00 0                          [stack:1451]
7f0e355a6000-7f0e355a9000 ---p 00000000 00:00 0 
7f0e355a9000-7f0e356a7000 rw-p 00000000 00:00 0                          [stack:1450]
7f0e356a7000-7f0e356aa000 ---p 00000000 00:00 0 
7f0e356aa000-7f0e357a8000 rw-p 00000000 00:00 0                          [stack:1449]
7f0e357a8000-7f0e357ab000 ---p 00000000 00:00 0 
7f0e357ab000-7f0e358a9000 rw-p 00000000 00:00 0                          [stack:1448]
7f0e358a9000-7f0e358ac000 ---p 00000000 00:00 0 
7f0e358ac000-7f0e359aa000 rw-p 00000000 00:00 0                          [stack:1447]
7f0e359aa000-7f0e361fc000 r--p 00000000 08:02 2760058                    /usr/lib/locale/locale-archive
7f0e361fc000-7f0e361ff000 ---p 00000000 00:00 0 
7f0e361ff000-7f0e362fd000 rw-p 00000000 00:00 0                          [stack:1446]
7f0e362fd000-7f0e36300000 ---p 00000000 00:00 0 
7f0e36300000-7f0e363fe000 rw-p 00000000 00:00 0                          [stack:1445]
7f0e363fe000-7f0e363ff000 ---p 00000000 00:00 0 
7f0e363ff000-7f0e38000000 rw-p 00000000 00:00 0                          [stack:1444]
7f0e38000000-7f0e38021000 rw-p 00000000 00:00 0 
7f0e38021000-7f0e3c000000 ---p 00000000 00:00 0 
7f0e3c000000-7f0e3c001000 r--s 00000000 08:02 928238                     /var/cache/fontconfig/c277e94e32b20404286a1ddafa5a80f0-le64.cache-4
7f0e3c001000-7f0e3c003000 r--s 0000c000 08:05 7865835                    /home/eugen/Workspace/ide/luna/eclipse/plugins/org.eclipse.e4.core.di_1.4.0.v20140414-1837.jar
7f0e3c003000-7f0e3c005000 r--s 00014000 08:05 7868274                    /home/eugen/Workspace/ide/luna/eclipse/plugins/org.eclipse.core.expressions_3.4.600.v20140128-0851.jar
7f0e3c005000-7f0e3c008000 r--s 00018000 08:05 7865801                    /home/eugen/Workspace/ide/luna/eclipse/plugins/org.eclipse.core.commands_3.6.100.v20140528-1422.jar
7f0e3c008000-7f0e3c12a000 rw-p 00000000 00:00 0 
7f0e3c12a000-7f0e3c2ea000 r--s 039ea000 08:02 2893253                    /usr/lib/jvm/java-7-oracle/jre/lib/rt.jar
7f0e3c2ea000-7f0e40000000 rw-p 00000000 00:00 0 
7f0e40000000-7f0e40021000 rw-p 00000000 00:00 0 
7f0e40021000-7f0e44000000 ---p 00000000 00:00 0 
7f0e44000000-7f0e44021000 rw-p 00000000 00:00 0 
7f0e44021000-7f0e48000000 ---p 00000000 00:00 0 
7f0e48000000-7f0e48021000 rw-p 00000000 00:00 0 
7f0e48021000-7f0e4c000000 ---p 00000000 00:00 0 
7f0e4c000000-7f0e4c021000 rw-p 00000000 00:00 0 
7f0e4c021000-7f0e50000000 ---p 00000000 00:00 0 
7f0e50000000-7f0e50021000 rw-p 00000000 00:00 0 
7f0e50021000-7f0e54000000 ---p 00000000 00:00 0 
7f0e54000000-7f0e54021000 rw-p 00000000 00:00 0 
7f0e54021000-7f0e58000000 ---p 00000000 00:00 0 
7f0e58000000-7f0e58021000 rw-p 00000000 00:00 0 
7f0e58021000-7f0e5c000000 ---p 00000000 00:00 0 
7f0e5c000000-7f0e5c001000 r--s 00000000 08:02 928207                     /var/cache/fontconfig/62f91419b9ebdb6975e7e41ab6412357-le64.cache-4
7f0e5c001000-7f0e5c002000 r--s 00004000 08:05 7865259                    /home/eugen/Workspace/ide/luna/eclipse/plugins/org.eclipse.swt_3.103.1.v20140903-1938.jar
7f0e5c002000-7f0e5c00a000 r--s 0003a000 08:05 7865262                    /home/eugen/Workspace/ide/luna/eclipse/plugins/org.eclipse.ui_3.106.0.v20140812-1751.jar
7f0e5c00a000-7f0e5c015000 r--s 000c1000 08:05 7865115                    /home/eugen/Workspace/ide/luna/eclipse/plugins/org.eclipse.core.resources_3.9.1.v20140825-1431.jar
7f0e5c015000-7f0e5c018000 r--s 00013000 08:05 7868325                    /home/eugen/Workspace/ide/luna/eclipse/plugins/org.eclipse.equinox.app_1.3.200.v20130910-1609.jar
7f0e5c018000-7f0e5c42d000 rw-p 00000000 00:00 0 
7f0e5c42d000-7f0e5c42e000 ---p 00000000 00:00 0 
7f0e5c42e000-7f0e5c52e000 rw-p 00000000 00:00 0                          [stack:1443]
7f0e5c52e000-7f0e5c52f000 ---p 00000000 00:00 0 
7f0e5c52f000-7f0e5c62f000 rw-p 00000000 00:00 0                          [stack:1442]
7f0e5c62f000-7f0e5c630000 ---p 00000000 00:00 0 
7f0e5c630000-7f0e5c730000 rw-p 00000000 00:00 0                          [stack:1441]
7f0e5c730000-7f0e5c731000 ---p 00000000 00:00 0 
7f0e5c731000-7f0e5c831000 rw-p 00000000 00:00 0                          [stack:1440]
7f0e5c831000-7f0e5c832000 ---p 00000000 00:00 0 
7f0e5c832000-7f0e5c932000 rw-p 00000000 00:00 0                          [stack:1439]
7f0e5c932000-7f0e5c933000 ---p 00000000 00:00 0 
7f0e5c933000-7f0e5ca33000 rw-p 00000000 00:00 0                          [stack:1438]
7f0e5ca33000-7f0e5ca34000 ---p 00000000 00:00 0 
7f0e5ca34000-7f0e5cb34000 rw-p 00000000 00:00 0                          [stack:1437]
7f0e5cb34000-7f0e5cb35000 ---p 00000000 00:00 0 
7f0e5cb35000-7f0e5cc40000 rw-p 00000000 00:00 0                          [stack:1436]
7f0e5cc40000-7f0e5cc5e000 rw-p 00000000 00:00 0 
7f0e5cc5e000-7f0e5cc85000 rw-p 00000000 00:00 0 
7f0e5cc85000-7f0e5cec9000 rw-p 00000000 00:00 0 
7f0e5cec9000-7f0e5cedd000 rw-p 00000000 00:00 0 
7f0e5cedd000-7f0e5cfff000 rw-p 00000000 00:00 0 
7f0e5cfff000-7f0e5d000000 rw-p 00000000 00:00 0 
7f0e5d000000-7f0e5d270000 rwxp 00000000 00:00 0 
7f0e5d270000-7f0e604fa000 rw-p 00000000 00:00 0 
7f0e604fa000-7f0e64000000 ---p 00000000 00:00 0 
7f0e64000000-7f0e64002000 r--s 00015000 08:05 7865775                    /home/eugen/Workspace/ide/luna/eclipse/plugins/org.eclipse.core.contenttype_3.4.200.v20140207-1251.jar
7f0e64002000-7f0e64006000 r--s 0001c000 08:05 7868276                    /home/eugen/Workspace/ide/luna/eclipse/plugins/org.eclipse.equinox.preferences_3.5.200.v20140224-1527.jar
7f0e64006000-7f0e6400a000 r--s 00029000 08:05 7865751                    /home/eugen/Workspace/ide/luna/eclipse/plugins/org.eclipse.equinox.registry_3.5.400.v20140428-1507.jar
7f0e6400a000-7f0e6400c000 r--s 00002000 08:05 7866645                    /home/eugen/Workspace/ide/luna/eclipse/plugins/org.eclipse.core.runtime.compatibility.registry_3.5.300.v20140128-0851/runtime_registry_compatibility.jar
7f0e6400c000-7f0e64020000 r--s 00121000 08:05 7868414                    /home/eugen/Workspace/ide/luna/eclipse/plugins/org.eclipse.osgi_3.10.1.v20140909-1633.jar
7f0e64020000-7f0e640d4000 rw-p 00000000 00:00 0 
7f0e640d4000-7f0e640f2000 rw-p 00000000 00:00 0 
7f0e640f2000-7f0e64119000 rw-p 00000000 00:00 0 
7f0e64119000-7f0e6435e000 rw-p 00000000 00:00 0 
7f0e6435e000-7f0e64378000 r-xp 00000000 08:02 2893328                    /usr/lib/jvm/java-7-oracle/jre/lib/amd64/libzip.so
7f0e64378000-7f0e64578000 ---p 0001a000 08:02 2893328                    /usr/lib/jvm/java-7-oracle/jre/lib/amd64/libzip.so
7f0e64578000-7f0e64579000 rw-p 0001a000 08:02 2893328                    /usr/lib/jvm/java-7-oracle/jre/lib/amd64/libzip.so
7f0e64579000-7f0e64584000 r-xp 00000000 08:02 262237                     /lib/x86_64-linux-gnu/libnss_files-2.19.so
7f0e64584000-7f0e64783000 ---p 0000b000 08:02 262237                     /lib/x86_64-linux-gnu/libnss_files-2.19.so
7f0e64783000-7f0e64784000 r--p 0000a000 08:02 262237                     /lib/x86_64-linux-gnu/libnss_files-2.19.so
7f0e64784000-7f0e64785000 rw-p 0000b000 08:02 262237                     /lib/x86_64-linux-gnu/libnss_files-2.19.so
7f0e64785000-7f0e64790000 r-xp 00000000 08:02 262244                     /lib/x86_64-linux-gnu/libnss_nis-2.19.so
7f0e64790000-7f0e6498f000 ---p 0000b000 08:02 262244                     /lib/x86_64-linux-gnu/libnss_nis-2.19.so
7f0e6498f000-7f0e64990000 r--p 0000a000 08:02 262244                     /lib/x86_64-linux-gnu/libnss_nis-2.19.so
7f0e64990000-7f0e64991000 rw-p 0000b000 08:02 262244                     /lib/x86_64-linux-gnu/libnss_nis-2.19.so
7f0e64991000-7f0e649a8000 r-xp 00000000 08:02 262170                     /lib/x86_64-linux-gnu/libnsl-2.19.so
7f0e649a8000-7f0e64ba7000 ---p 00017000 08:02 262170                     /lib/x86_64-linux-gnu/libnsl-2.19.so
7f0e64ba7000-7f0e64ba8000 r--p 00016000 08:02 262170                     /lib/x86_64-linux-gnu/libnsl-2.19.so
7f0e64ba8000-7f0e64ba9000 rw-p 00017000 08:02 262170                     /lib/x86_64-linux-gnu/libnsl-2.19.so
7f0e64ba9000-7f0e64bab000 rw-p 00000000 00:00 0 
7f0e64bab000-7f0e64bb4000 r-xp 00000000 08:02 262241                     /lib/x86_64-linux-gnu/libnss_compat-2.19.so
7f0e64bb4000-7f0e64db3000 ---p 00009000 08:02 262241                     /lib/x86_64-linux-gnu/libnss_compat-2.19.so
7f0e64db3000-7f0e64db4000 r--p 00008000 08:02 262241                     /lib/x86_64-linux-gnu/libnss_compat-2.19.so
7f0e64db4000-7f0e64db5000 rw-p 00009000 08:02 262241                     /lib/x86_64-linux-gnu/libnss_compat-2.19.so
7f0e64db5000-7f0e64dde000 r-xp 00000000 08:02 2893309                    /usr/lib/jvm/java-7-oracle/jre/lib/amd64/libjava.so
7f0e64dde000-7f0e64fde000 ---p 00029000 08:02 2893309                    /usr/lib/jvm/java-7-oracle/jre/lib/amd64/libjava.so
7f0e64fde000-7f0e64fe0000 rw-p 00029000 08:02 2893309                    /usr/lib/jvm/java-7-oracle/jre/lib/amd64/libjava.so
7f0e64fe0000-7f0e64fed000 r-xp 00000000 08:02 2893319                    /usr/lib/jvm/java-7-oracle/jre/lib/amd64/libverify.so
7f0e64fed000-7f0e651ec000 ---p 0000d000 08:02 2893319                    /usr/lib/jvm/java-7-oracle/jre/lib/amd64/libverify.so
7f0e651ec000-7f0e651ee000 rw-p 0000c000 08:02 2893319                    /usr/lib/jvm/java-7-oracle/jre/lib/amd64/libverify.so
7f0e651ee000-7f0e651f5000 r-xp 00000000 08:02 262247                     /lib/x86_64-linux-gnu/librt-2.19.so
7f0e651f5000-7f0e653f4000 ---p 00007000 08:02 262247                     /lib/x86_64-linux-gnu/librt-2.19.so
7f0e653f4000-7f0e653f5000 r--p 00006000 08:02 262247                     /lib/x86_64-linux-gnu/librt-2.19.so
7f0e653f5000-7f0e653f6000 rw-p 00007000 08:02 262247                     /lib/x86_64-linux-gnu/librt-2.19.so
7f0e653f6000-7f0e654fb000 r-xp 00000000 08:02 262163                     /lib/x86_64-linux-gnu/libm-2.19.so
7f0e654fb000-7f0e656fa000 ---p 00105000 08:02 262163                     /lib/x86_64-linux-gnu/libm-2.19.so
7f0e656fa000-7f0e656fb000 r--p 00104000 08:02 262163                     /lib/x86_64-linux-gnu/libm-2.19.so
7f0e656fb000-7f0e656fc000 rw-p 00105000 08:02 262163                     /lib/x86_64-linux-gnu/libm-2.19.so
7f0e656fc000-7f0e6626f000 r-xp 00000000 08:02 3415476                    /usr/lib/jvm/java-7-oracle/jre/lib/amd64/server/libjvm.so
7f0e6626f000-7f0e6646e000 ---p 00b73000 08:02 3415476                    /usr/lib/jvm/java-7-oracle/jre/lib/amd64/server/libjvm.so
7f0e6646e000-7f0e66532000 rw-p 00b72000 08:02 3415476                    /usr/lib/jvm/java-7-oracle/jre/lib/amd64/server/libjvm.so
7f0e66532000-7f0e66573000 rw-p 00000000 00:00 0 
7f0e66573000-7f0e6672e000 r-xp 00000000 08:02 262245                     /lib/x86_64-linux-gnu/libc-2.19.so
7f0e6672e000-7f0e6692e000 ---p 001bb000 08:02 262245                     /lib/x86_64-linux-gnu/libc-2.19.so
7f0e6692e000-7f0e66932000 r--p 001bb000 08:02 262245                     /lib/x86_64-linux-gnu/libc-2.19.so
7f0e66932000-7f0e66934000 rw-p 001bf000 08:02 262245                     /lib/x86_64-linux-gnu/libc-2.19.so
7f0e66934000-7f0e66939000 rw-p 00000000 00:00 0 
7f0e66939000-7f0e6693c000 r-xp 00000000 08:02 262239                     /lib/x86_64-linux-gnu/libdl-2.19.so
7f0e6693c000-7f0e66b3b000 ---p 00003000 08:02 262239                     /lib/x86_64-linux-gnu/libdl-2.19.so
7f0e66b3b000-7f0e66b3c000 r--p 00002000 08:02 262239                     /lib/x86_64-linux-gnu/libdl-2.19.so
7f0e66b3c000-7f0e66b3d000 rw-p 00003000 08:02 262239                     /lib/x86_64-linux-gnu/libdl-2.19.so
7f0e66b3d000-7f0e66b53000 r-xp 00000000 08:02 5117554                    /usr/lib/jvm/java-7-oracle/lib/amd64/jli/libjli.so
7f0e66b53000-7f0e66d53000 ---p 00016000 08:02 5117554                    /usr/lib/jvm/java-7-oracle/lib/amd64/jli/libjli.so
7f0e66d53000-7f0e66d54000 rw-p 00016000 08:02 5117554                    /usr/lib/jvm/java-7-oracle/lib/amd64/jli/libjli.so
7f0e66d54000-7f0e66d6d000 r-xp 00000000 08:02 262234                     /lib/x86_64-linux-gnu/libpthread-2.19.so
7f0e66d6d000-7f0e66f6c000 ---p 00019000 08:02 262234                     /lib/x86_64-linux-gnu/libpthread-2.19.so
7f0e66f6c000-7f0e66f6d000 r--p 00018000 08:02 262234                     /lib/x86_64-linux-gnu/libpthread-2.19.so
7f0e66f6d000-7f0e66f6e000 rw-p 00019000 08:02 262234                     /lib/x86_64-linux-gnu/libpthread-2.19.so
7f0e66f6e000-7f0e66f72000 rw-p 00000000 00:00 0 
7f0e66f72000-7f0e66f95000 r-xp 00000000 08:02 262242                     /lib/x86_64-linux-gnu/ld-2.19.so
7f0e66f95000-7f0e66fc0000 rw-p 00000000 00:00 0 
7f0e66fc0000-7f0e67076000 rw-p 00000000 00:00 0 
7f0e67076000-7f0e67079000 ---p 00000000 00:00 0 
7f0e67079000-7f0e6717b000 rw-p 00000000 00:00 0                          [stack:1435]
7f0e6717b000-7f0e6717c000 r--s 00002000 08:05 7865822                    /home/eugen/Workspace/ide/luna/eclipse/plugins/org.eclipse.e4.ui.workbench3_0.12.0.v20140227-2118.jar
7f0e6717c000-7f0e6717e000 r--s 00016000 08:05 7868236                    /home/eugen/Workspace/ide/luna/eclipse/plugins/org.eclipse.core.jobs_3.6.0.v20140424-0053.jar
7f0e6717e000-7f0e67181000 r--s 00018000 08:05 7865708                    /home/eugen/Workspace/ide/luna/eclipse/plugins/org.eclipse.equinox.common_3.6.200.v20130402-1505.jar
7f0e67181000-7f0e67184000 r--s 00039000 08:05 7868218                    /home/eugen/Workspace/ide/luna/eclipse/plugins/org.eclipse.osgi.compatibility.state_1.0.1.v20140709-1414.jar
7f0e67184000-7f0e67185000 r--s 00002000 08:05 7865749                    /home/eugen/Workspace/ide/luna/eclipse/plugins/javax.inject_1.0.0.v20091030.jar
7f0e67185000-7f0e67186000 r--s 00006000 08:05 7865828                    /home/eugen/Workspace/ide/luna/eclipse/plugins/javax.annotation_1.2.0.v201401042248.jar
7f0e67186000-7f0e67188000 r--s 00011000 08:05 7865768                    /home/eugen/Workspace/ide/luna/eclipse/plugins/org.eclipse.core.runtime_3.10.0.v20140318-2214.jar
7f0e67188000-7f0e67190000 rw-s 00000000 08:02 655421                     /tmp/hsperfdata_eugen/1429
7f0e67190000-7f0e67191000 rw-p 00000000 00:00 0 
7f0e67191000-7f0e67192000 r--p 00000000 00:00 0 
7f0e67192000-7f0e67194000 rw-p 00000000 00:00 0 
7f0e67194000-7f0e67195000 r--p 00022000 08:02 262242                     /lib/x86_64-linux-gnu/ld-2.19.so
7f0e67195000-7f0e67196000 rw-p 00023000 08:02 262242                     /lib/x86_64-linux-gnu/ld-2.19.so
7f0e67196000-7f0e67197000 rw-p 00000000 00:00 0 
7fff48620000-7fff48642000 rw-p 00000000 00:00 0                          [stack]
7fff487bc000-7fff487be000 r-xp 00000000 00:00 0                          [vdso]
ffffffffff600000-ffffffffff601000 r-xp 00000000 00:00 0                  [vsyscall]

VM Arguments:
jvm_args: -Dfile.encoding=UTF-8 
java_command: org.eclipse.plugin.kpax.javabinder.model.Snippet131
Launcher Type: SUN_STANDARD

Environment Variables:
JAVA_HOME=/usr/lib/jvm/java-7-oracle
PATH=/usr/local/sbin:/usr/local/bin:/usr/sbin:/usr/bin:/sbin:/bin:/usr/games:/usr/local/games:/usr/lib/jvm/java-7-oracle/bin:/usr/lib/jvm/java-7-oracle/db/bin:/usr/lib/jvm/java-7-oracle/jre/bin
USERNAME=eugen
SHELL=/bin/bash
DISPLAY=:0

Signal Handlers:
SIGSEGV: [libjvm.so+0x9a1a10], sa_mask[0]=0x7ffbfeff, sa_flags=0x10000004
SIGBUS: [libjvm.so+0x9a1a10], sa_mask[0]=0x7ffbfeff, sa_flags=0x10000004
SIGFPE: [libjvm.so+0x81bae0], sa_mask[0]=0x7ffbfeff, sa_flags=0x10000004
SIGPIPE: SIG_IGN, sa_mask[0]=0x00001000, sa_flags=0x10000000
SIGXFSZ: [libjvm.so+0x81bae0], sa_mask[0]=0x7ffbfeff, sa_flags=0x10000004
SIGILL: [libjvm.so+0x81bae0], sa_mask[0]=0x7ffbfeff, sa_flags=0x10000004
SIGUSR1: SIG_DFL, sa_mask[0]=0x00000000, sa_flags=0x00000000
SIGUSR2: [libjvm.so+0x81d2e0], sa_mask[0]=0x00000004, sa_flags=0x10000004
SIGHUP: [libjvm.so+0x81e400], sa_mask[0]=0x7ffbfeff, sa_flags=0x10000004
SIGINT: [libjvm.so+0x81e400], sa_mask[0]=0x7ffbfeff, sa_flags=0x10000004
SIGTERM: [libjvm.so+0x81e400], sa_mask[0]=0x7ffbfeff, sa_flags=0x10000004
SIGQUIT: [libjvm.so+0x81e400], sa_mask[0]=0x7ffbfeff, sa_flags=0x10000004


---------------  S Y S T E M  ---------------

OS:jessie/sid

uname:Linux 3.13.0-43-generic #72-Ubuntu SMP Mon Dec 8 19:35:06 UTC 2014 x86_64
libc:glibc 2.19 NPTL 2.19 
rlimit: STACK 8192k, CORE 0k, NPROC 59241, NOFILE 4096, AS infinity
load average:0,32 0,53 0,57

/proc/meminfo:
MemTotal:        7604484 kB
MemFree:         1157252 kB
Buffers:          177836 kB
Cached:          2549752 kB
SwapCached:            0 kB
Active:          3598768 kB
Inactive:        2125480 kB
Active(anon):    2392732 kB
Inactive(anon):   963840 kB
Active(file):    1206036 kB
Inactive(file):  1161640 kB
Unevictable:         672 kB
Mlocked:             672 kB
SwapTotal:       3905532 kB
SwapFree:        3905532 kB
Dirty:               252 kB
Writeback:             0 kB
AnonPages:       2997196 kB
Mapped:           293468 kB
Shmem:            359912 kB
Slab:             591964 kB
SReclaimable:     543592 kB
SUnreclaim:        48372 kB
KernelStack:        6656 kB
PageTables:        45644 kB
NFS_Unstable:          0 kB
Bounce:                0 kB
WritebackTmp:          0 kB
CommitLimit:     7707772 kB
Committed_AS:    9185816 kB
VmallocTotal:   34359738367 kB
VmallocUsed:      554168 kB
VmallocChunk:   34359159816 kB
HardwareCorrupted:     0 kB
AnonHugePages:   1533952 kB
HugePages_Total:       0
HugePages_Free:        0
HugePages_Rsvd:        0
HugePages_Surp:        0
Hugepagesize:       2048 kB
DirectMap4k:      146944 kB
DirectMap2M:     7661568 kB
DirectMap1G:           0 kB


CPU:total 8 (4 cores per cpu, 2 threads per core) family 6 model 60 stepping 3, cmov, cx8, fxsr, mmx, sse, sse2, sse3, ssse3, sse4.1, sse4.2, popcnt, avx, avx2, aes, erms, ht, tsc, tscinvbit

/proc/cpuinfo:
processor	: 0
vendor_id	: GenuineIntel
cpu family	: 6
model		: 60
model name	: Intel(R) Core(TM) i7-4702MQ CPU @ 2.20GHz
stepping	: 3
microcode	: 0x17
cpu MHz		: 800.000
cache size	: 6144 KB
physical id	: 0
siblings	: 8
core id		: 0
cpu cores	: 4
apicid		: 0
initial apicid	: 0
fpu		: yes
fpu_exception	: yes
cpuid level	: 13
wp		: yes
flags		: fpu vme de pse tsc msr pae mce cx8 apic sep mtrr pge mca cmov pat pse36 clflush dts acpi mmx fxsr sse sse2 ss ht tm pbe syscall nx pdpe1gb rdtscp lm constant_tsc arch_perfmon pebs bts rep_good nopl xtopology nonstop_tsc aperfmperf eagerfpu pni pclmulqdq dtes64 monitor ds_cpl vmx est tm2 ssse3 fma cx16 xtpr pdcm pcid sse4_1 sse4_2 movbe popcnt tsc_deadline_timer aes xsave avx f16c rdrand lahf_lm abm ida arat epb xsaveopt pln pts dtherm tpr_shadow vnmi flexpriority ept vpid fsgsbase tsc_adjust bmi1 avx2 smep bmi2 erms invpcid
bogomips	: 4389.39
clflush size	: 64
cache_alignment	: 64
address sizes	: 39 bits physical, 48 bits virtual
power management:

processor	: 1
vendor_id	: GenuineIntel
cpu family	: 6
model		: 60
model name	: Intel(R) Core(TM) i7-4702MQ CPU @ 2.20GHz
stepping	: 3
microcode	: 0x17
cpu MHz		: 800.000
cache size	: 6144 KB
physical id	: 0
siblings	: 8
core id		: 0
cpu cores	: 4
apicid		: 1
initial apicid	: 1
fpu		: yes
fpu_exception	: yes
cpuid level	: 13
wp		: yes
flags		: fpu vme de pse tsc msr pae mce cx8 apic sep mtrr pge mca cmov pat pse36 clflush dts acpi mmx fxsr sse sse2 ss ht tm pbe syscall nx pdpe1gb rdtscp lm constant_tsc arch_perfmon pebs bts rep_good nopl xtopology nonstop_tsc aperfmperf eagerfpu pni pclmulqdq dtes64 monitor ds_cpl vmx est tm2 ssse3 fma cx16 xtpr pdcm pcid sse4_1 sse4_2 movbe popcnt tsc_deadline_timer aes xsave avx f16c rdrand lahf_lm abm ida arat epb xsaveopt pln pts dtherm tpr_shadow vnmi flexpriority ept vpid fsgsbase tsc_adjust bmi1 avx2 smep bmi2 erms invpcid
bogomips	: 4389.39
clflush size	: 64
cache_alignment	: 64
address sizes	: 39 bits physical, 48 bits virtual
power management:

processor	: 2
vendor_id	: GenuineIntel
cpu family	: 6
model		: 60
model name	: Intel(R) Core(TM) i7-4702MQ CPU @ 2.20GHz
stepping	: 3
microcode	: 0x17
cpu MHz		: 800.000
cache size	: 6144 KB
physical id	: 0
siblings	: 8
core id		: 1
cpu cores	: 4
apicid		: 2
initial apicid	: 2
fpu		: yes
fpu_exception	: yes
cpuid level	: 13
wp		: yes
flags		: fpu vme de pse tsc msr pae mce cx8 apic sep mtrr pge mca cmov pat pse36 clflush dts acpi mmx fxsr sse sse2 ss ht tm pbe syscall nx pdpe1gb rdtscp lm constant_tsc arch_perfmon pebs bts rep_good nopl xtopology nonstop_tsc aperfmperf eagerfpu pni pclmulqdq dtes64 monitor ds_cpl vmx est tm2 ssse3 fma cx16 xtpr pdcm pcid sse4_1 sse4_2 movbe popcnt tsc_deadline_timer aes xsave avx f16c rdrand lahf_lm abm ida arat epb xsaveopt pln pts dtherm tpr_shadow vnmi flexpriority ept vpid fsgsbase tsc_adjust bmi1 avx2 smep bmi2 erms invpcid
bogomips	: 4389.39
clflush size	: 64
cache_alignment	: 64
address sizes	: 39 bits physical, 48 bits virtual
power management:

processor	: 3
vendor_id	: GenuineIntel
cpu family	: 6
model		: 60
model name	: Intel(R) Core(TM) i7-4702MQ CPU @ 2.20GHz
stepping	: 3
microcode	: 0x17
cpu MHz		: 800.000
cache size	: 6144 KB
physical id	: 0
siblings	: 8
core id		: 1
cpu cores	: 4
apicid		: 3
initial apicid	: 3
fpu		: yes
fpu_exception	: yes
cpuid level	: 13
wp		: yes
flags		: fpu vme de pse tsc msr pae mce cx8 apic sep mtrr pge mca cmov pat pse36 clflush dts acpi mmx fxsr sse sse2 ss ht tm pbe syscall nx pdpe1gb rdtscp lm constant_tsc arch_perfmon pebs bts rep_good nopl xtopology nonstop_tsc aperfmperf eagerfpu pni pclmulqdq dtes64 monitor ds_cpl vmx est tm2 ssse3 fma cx16 xtpr pdcm pcid sse4_1 sse4_2 movbe popcnt tsc_deadline_timer aes xsave avx f16c rdrand lahf_lm abm ida arat epb xsaveopt pln pts dtherm tpr_shadow vnmi flexpriority ept vpid fsgsbase tsc_adjust bmi1 avx2 smep bmi2 erms invpcid
bogomips	: 4389.39
clflush size	: 64
cache_alignment	: 64
address sizes	: 39 bits physical, 48 bits virtual
power management:

processor	: 4
vendor_id	: GenuineIntel
cpu family	: 6
model		: 60
model name	: Intel(R) Core(TM) i7-4702MQ CPU @ 2.20GHz
stepping	: 3
microcode	: 0x17
cpu MHz		: 2000.000
cache size	: 6144 KB
physical id	: 0
siblings	: 8
core id		: 2
cpu cores	: 4
apicid		: 4
initial apicid	: 4
fpu		: yes
fpu_exception	: yes
cpuid level	: 13
wp		: yes
flags		: fpu vme de pse tsc msr pae mce cx8 apic sep mtrr pge mca cmov pat pse36 clflush dts acpi mmx fxsr sse sse2 ss ht tm pbe syscall nx pdpe1gb rdtscp lm constant_tsc arch_perfmon pebs bts rep_good nopl xtopology nonstop_tsc aperfmperf eagerfpu pni pclmulqdq dtes64 monitor ds_cpl vmx est tm2 ssse3 fma cx16 xtpr pdcm pcid sse4_1 sse4_2 movbe popcnt tsc_deadline_timer aes xsave avx f16c rdrand lahf_lm abm ida arat epb xsaveopt pln pts dtherm tpr_shadow vnmi flexpriority ept vpid fsgsbase tsc_adjust bmi1 avx2 smep bmi2 erms invpcid
bogomips	: 4389.39
clflush size	: 64
cache_alignment	: 64
address sizes	: 39 bits physical, 48 bits virtual
power management:

processor	: 5
vendor_id	: GenuineIntel
cpu family	: 6
model		: 60
model name	: Intel(R) Core(TM) i7-4702MQ CPU @ 2.20GHz
stepping	: 3
microcode	: 0x17
cpu MHz		: 800.000
cache size	: 6144 KB
physical id	: 0
siblings	: 8
core id		: 2
cpu cores	: 4
apicid		: 5
initial apicid	: 5
fpu		: yes
fpu_exception	: yes
cpuid level	: 13
wp		: yes
flags		: fpu vme de pse tsc msr pae mce cx8 apic sep mtrr pge mca cmov pat pse36 clflush dts acpi mmx fxsr sse sse2 ss ht tm pbe syscall nx pdpe1gb rdtscp lm constant_tsc arch_perfmon pebs bts rep_good nopl xtopology nonstop_tsc aperfmperf eagerfpu pni pclmulqdq dtes64 monitor ds_cpl vmx est tm2 ssse3 fma cx16 xtpr pdcm pcid sse4_1 sse4_2 movbe popcnt tsc_deadline_timer aes xsave avx f16c rdrand lahf_lm abm ida arat epb xsaveopt pln pts dtherm tpr_shadow vnmi flexpriority ept vpid fsgsbase tsc_adjust bmi1 avx2 smep bmi2 erms invpcid
bogomips	: 4389.39
clflush size	: 64
cache_alignment	: 64
address sizes	: 39 bits physical, 48 bits virtual
power management:

processor	: 6
vendor_id	: GenuineIntel
cpu family	: 6
model		: 60
model name	: Intel(R) Core(TM) i7-4702MQ CPU @ 2.20GHz
stepping	: 3
microcode	: 0x17
cpu MHz		: 800.000
cache size	: 6144 KB
physical id	: 0
siblings	: 8
core id		: 3
cpu cores	: 4
apicid		: 6
initial apicid	: 6
fpu		: yes
fpu_exception	: yes
cpuid level	: 13
wp		: yes
flags		: fpu vme de pse tsc msr pae mce cx8 apic sep mtrr pge mca cmov pat pse36 clflush dts acpi mmx fxsr sse sse2 ss ht tm pbe syscall nx pdpe1gb rdtscp lm constant_tsc arch_perfmon pebs bts rep_good nopl xtopology nonstop_tsc aperfmperf eagerfpu pni pclmulqdq dtes64 monitor ds_cpl vmx est tm2 ssse3 fma cx16 xtpr pdcm pcid sse4_1 sse4_2 movbe popcnt tsc_deadline_timer aes xsave avx f16c rdrand lahf_lm abm ida arat epb xsaveopt pln pts dtherm tpr_shadow vnmi flexpriority ept vpid fsgsbase tsc_adjust bmi1 avx2 smep bmi2 erms invpcid
bogomips	: 4389.39
clflush size	: 64
cache_alignment	: 64
address sizes	: 39 bits physical, 48 bits virtual
power management:

processor	: 7
vendor_id	: GenuineIntel
cpu family	: 6
model		: 60
model name	: Intel(R) Core(TM) i7-4702MQ CPU @ 2.20GHz
stepping	: 3
microcode	: 0x17
cpu MHz		: 800.000
cache size	: 6144 KB
physical id	: 0
siblings	: 8
core id		: 3
cpu cores	: 4
apicid		: 7
initial apicid	: 7
fpu		: yes
fpu_exception	: yes
cpuid level	: 13
wp		: yes
flags		: fpu vme de pse tsc msr pae mce cx8 apic sep mtrr pge mca cmov pat pse36 clflush dts acpi mmx fxsr sse sse2 ss ht tm pbe syscall nx pdpe1gb rdtscp lm constant_tsc arch_perfmon pebs bts rep_good nopl xtopology nonstop_tsc aperfmperf eagerfpu pni pclmulqdq dtes64 monitor ds_cpl vmx est tm2 ssse3 fma cx16 xtpr pdcm pcid sse4_1 sse4_2 movbe popcnt tsc_deadline_timer aes xsave avx f16c rdrand lahf_lm abm ida arat epb xsaveopt pln pts dtherm tpr_shadow vnmi flexpriority ept vpid fsgsbase tsc_adjust bmi1 avx2 smep bmi2 erms invpcid
bogomips	: 4389.39
clflush size	: 64
cache_alignment	: 64
address sizes	: 39 bits physical, 48 bits virtual
power management:



Memory: 4k page, physical 7604484k(1157252k free), swap 3905532k(3905532k free)

vm_info: Java HotSpot(TM) 64-Bit Server VM (24.72-b04) for linux-amd64 JRE (1.7.0_72-b14), built on Sep 26 2014 18:20:41 by "java_re" with gcc 4.3.0 20080428 (Red Hat 4.3.0-8)

time: Tue Jan 13 00:35:43 2015
elapsed time: 1 seconds

