#
# A fatal error has been detected by the Java Runtime Environment:
#
#  SIGSEGV (0xb) at pc=0x00007f8c11eb26f5, pid=839, tid=140240420357888
#
# JRE version: Java(TM) SE Runtime Environment (7.0_72-b14) (build 1.7.0_72-b14)
# Java VM: Java HotSpot(TM) 64-Bit Server VM (24.72-b04 mixed mode linux-amd64 compressed oops)
# Problematic frame:
# C  [libgtk-x11-2.0.so.0+0x13e6f5]  gtk_menu_shell_deactivate+0x305
#
# Failed to write core dump. Core dumps have been disabled. To enable core dumping, try "ulimit -c unlimited" before starting Java again
#
# If you would like to submit a bug report, please visit:
#   http://bugreport.sun.com/bugreport/crash.jsp
# The crash happened outside the Java Virtual Machine in native code.
# See problematic frame for where to report the bug.
#

---------------  T H R E A D  ---------------

Current thread (0x00007f8c3c00b800):  JavaThread "main" [_thread_in_native, id=845, stack(0x00007f8c44604000,0x00007f8c44705000)]

siginfo:si_signo=SIGSEGV: si_errno=0, si_code=1 (SEGV_MAPERR), si_addr=0x0000000000000078

Registers:
RAX=0x0000000000000001, RBX=0x00007f8c3c37fb40, RCX=0x00007f8c3c48fe50, RDX=0x00007f8c3c000050
RSP=0x00007f8c44700f50, RBP=0x00007f8c3c354d20, RSI=0x00000000ffffffff, RDI=0x0000000000000000
R8 =0x000000000000e000, R9 =0x00007f8c3c489570, R10=0x0000000000000000, R11=0x0000000000000000
R12=0x00000000fffffffe, R13=0x00007f8c3c397cf0, R14=0x00007f8c3c4a1290, R15=0x00007f8c3c397cf0
RIP=0x00007f8c11eb26f5, EFLAGS=0x0000000000010206, CSGSFS=0x0000000000000033, ERR=0x0000000000000004
  TRAPNO=0x000000000000000e

Top of Stack: (sp=0x00007f8c44700f50)
0x00007f8c44700f50:   00007f8bd8002ab0 00007f8c3c37fb40
0x00007f8c44700f60:   00007f8c3c354d20 00007f8c11eb2af4
0x00007f8c44700f70:   00007f8c3c37fb40 00007f8c11ea7504
0x00007f8c44700f80:   00007f8c3c37fb40 00007f8bd8002ab0
0x00007f8c44700f90:   00007f8c3c37fb40 00007f8c3c37fb40
0x00007f8c44700fa0:   00007f8c3c3991e0 00007f8c11ea84c1
0x00007f8c44700fb0:   00007f8c44700fc0 00007f8c3c37fb40
0x00007f8c44700fc0:   00007f8c447010a0 000000003c443d40
0x00007f8c44700fd0:   00007f8c447011d0 00007f8c44701120
0x00007f8c44700fe0:   00007f8c447011d0 00007f8c3c38b4b0
0x00007f8c44700ff0:   00007f8c11ea83c0 00007f8c3c37fb40
0x00007f8c44701000:   00007f8c44701170 00007f8c11ea1815
0x00007f8c44701010:   00007f8bf3934cb0 0000000000000001
0x00007f8c44701020:   00007f8c3c38b4b0 0000000000000002
0x00007f8c44701030:   00007f8c447011d0 00007f8bf3936332
0x00007f8c44701040:   00007f8c44701120 00000000000001a0
0x00007f8c44701050:   0000000040000003 00007f8bf3656569
0x00007f8c44701060:   0000000000000000 00007f8c3c37fb40
0x00007f8c44701070:   00007f8c44701120 00007f8c3c38b500
0x00007f8c44701080:   0000000000000000 0000000000000002
0x00007f8c44701090:   0000000000000000 00007f8c3c38b4b0
0x00007f8c447010a0:   00007f8c44701170 00007f8bf3947afb
0x00007f8c447010b0:   00007f8c3c489578 00007f8c44701140
0x00007f8c447010c0:   00007f8c447011d0 00007f8c3c37fb40
0x00007f8c447010d0:   0000000000000000 00007f8c44701170
0x00007f8c447010e0:   00007f8c3c38b4b0 00007f8c3c38b500
0x00007f8c447010f0:   00000000000000aa 00007f8c3c38b570
0x00007f8c44701100:   00007f8c44701120 000000000000002c
0x00007f8c44701110:   00007f8c447012a0 00007f8c44701160
0x00007f8c44701120:   0000000000000014 0000000000000000
0x00007f8c44701130:   0000000000000000 00007f8c3c31a880
0x00007f8c44701140:   00007f8c0000002c 00007f8bf395b163 

Instructions: (pc=0x00007f8c11eb26f5)
0x00007f8c11eb26d5:   03 00 00 83 e6 01 e8 40 db ff ff 48 8b 7b 78 e8
0x00007f8c11eb26e5:   b7 db ff ff 48 89 df e8 af fd ff ff 48 8b 7b 78
0x00007f8c11eb26f5:   48 83 7f 78 00 74 54 5b 5d 41 5c e9 1b de 0f 00
0x00007f8c11eb2705:   0f 1f 00 48 89 df e8 60 b0 ff ff 41 89 c4 eb 86 

Register to memory mapping:

RAX=0x0000000000000001 is an unknown value
RBX=0x00007f8c3c37fb40 is an unknown value
RCX=0x00007f8c3c48fe50 is an unknown value
RDX=0x00007f8c3c000050 is an unknown value
RSP=0x00007f8c44700f50 is pointing into the stack for thread: 0x00007f8c3c00b800
RBP=0x00007f8c3c354d20 is an unknown value
RSI=0x00000000ffffffff is an unallocated location in the heap
RDI=0x0000000000000000 is an unknown value
R8 =0x000000000000e000 is an unknown value
R9 =0x00007f8c3c489570 is an unknown value
R10=0x0000000000000000 is an unknown value
R11=0x0000000000000000 is an unknown value
R12=0x00000000fffffffe is an unallocated location in the heap
R13=0x00007f8c3c397cf0 is an unknown value
R14=0x00007f8c3c4a1290 is an unknown value
R15=0x00007f8c3c397cf0 is an unknown value


Stack: [0x00007f8c44604000,0x00007f8c44705000],  sp=0x00007f8c44700f50,  free space=1011k
Native frames: (J=compiled Java code, j=interpreted, Vv=VM code, C=native code)
C  [libgtk-x11-2.0.so.0+0x13e6f5]  gtk_menu_shell_deactivate+0x305

Java frames: (J=compiled Java code, j=interpreted, Vv=VM code)
j  org.eclipse.swt.internal.gtk.OS._gtk_main_do_event(J)V+0
j  org.eclipse.swt.internal.gtk.OS.gtk_main_do_event(J)V+8
j  org.eclipse.swt.widgets.Display.eventProc(JJ)J+157
v  ~StubRoutines::call_stub
J 47  org.eclipse.swt.internal.gtk.OS._g_main_context_iteration(JZ)Z (0 bytes) @ 0x00007f8c3908c8e4 [0x00007f8c3908c8a0+0x44]
J 46 C2 org.eclipse.swt.internal.gtk.OS.g_main_context_iteration(JZ)Z (32 bytes) @ 0x00007f8c3908bd80 [0x00007f8c3908bc80+0x100]
j  org.eclipse.swt.widgets.Display.readAndDispatch()Z+36
j  org.eclipse.plugin.kpax.javabinder.model.Snippet131$1.handleEvent(Lorg/eclipse/swt/widgets/Event;)V+101
j  org.eclipse.swt.widgets.EventTable.sendEvent(Lorg/eclipse/swt/widgets/Event;)V+214
j  org.eclipse.swt.widgets.Display.sendEvent(Lorg/eclipse/swt/widgets/EventTable;Lorg/eclipse/swt/widgets/Event;)V+7
j  org.eclipse.swt.widgets.Widget.sendEvent(Lorg/eclipse/swt/widgets/Event;)V+26
j  org.eclipse.swt.widgets.Widget.sendEvent(ILorg/eclipse/swt/widgets/Event;Z)V+73
j  org.eclipse.swt.widgets.Widget.sendEvent(ILorg/eclipse/swt/widgets/Event;)V+4
j  org.eclipse.swt.widgets.Control.showMenu(III)Z+32
j  org.eclipse.swt.widgets.Control.showMenu(II)Z+4
j  org.eclipse.swt.widgets.Control.gtk_event_after(JJ)J+115
j  org.eclipse.swt.widgets.Widget.windowProc(JJJ)J+420
j  org.eclipse.swt.widgets.Control.windowProc(JJJ)J+324
j  org.eclipse.swt.widgets.Display.windowProc(JJJ)J+20
v  ~StubRoutines::call_stub
j  org.eclipse.swt.internal.gtk.OS._gtk_main_do_event(J)V+0
j  org.eclipse.swt.internal.gtk.OS.gtk_main_do_event(J)V+8
j  org.eclipse.swt.widgets.Display.eventProc(JJ)J+157
v  ~StubRoutines::call_stub
J 47  org.eclipse.swt.internal.gtk.OS._g_main_context_iteration(JZ)Z (0 bytes) @ 0x00007f8c3908c8e4 [0x00007f8c3908c8a0+0x44]
J 46 C2 org.eclipse.swt.internal.gtk.OS.g_main_context_iteration(JZ)Z (32 bytes) @ 0x00007f8c3908bd80 [0x00007f8c3908bc80+0x100]
j  org.eclipse.swt.widgets.Display.readAndDispatch()Z+36
j  org.eclipse.plugin.kpax.javabinder.model.Snippet131.main([Ljava/lang/String;)V+44
v  ~StubRoutines::call_stub

---------------  P R O C E S S  ---------------

Java Threads: ( => current thread )
  0x00007f8c3c0a3800 JavaThread "Service Thread" daemon [_thread_blocked, id=860, stack(0x00007f8c12afe000,0x00007f8c12bff000)]
  0x00007f8c3c0a1800 JavaThread "C2 CompilerThread1" daemon [_thread_blocked, id=859, stack(0x00007f8c12bff000,0x00007f8c12d00000)]
  0x00007f8c3c09e800 JavaThread "C2 CompilerThread0" daemon [_thread_blocked, id=858, stack(0x00007f8c12d00000,0x00007f8c12e01000)]
  0x00007f8c3c09c000 JavaThread "Signal Dispatcher" daemon [_thread_blocked, id=857, stack(0x00007f8c12e01000,0x00007f8c12f02000)]
  0x00007f8c3c07a000 JavaThread "Finalizer" daemon [_thread_blocked, id=856, stack(0x00007f8c13754000,0x00007f8c13855000)]
  0x00007f8c3c078000 JavaThread "Reference Handler" daemon [_thread_blocked, id=855, stack(0x00007f8c13855000,0x00007f8c13956000)]
=>0x00007f8c3c00b800 JavaThread "main" [_thread_in_native, id=845, stack(0x00007f8c44604000,0x00007f8c44705000)]

Other Threads:
  0x00007f8c3c073800 VMThread [stack: 0x00007f8c13956000,0x00007f8c13a57000] [id=854]
  0x00007f8c3c0ae800 WatcherThread [stack: 0x00007f8c129fd000,0x00007f8c12afe000] [id=861]

VM state:not at safepoint (normal execution)

VM Mutex/Monitor currently owned by a thread: None

Heap
 PSYoungGen      total 35328K, used 12670K [0x00000000d9480000, 0x00000000dbb80000, 0x0000000100000000)
  eden space 30720K, 41% used [0x00000000d9480000,0x00000000da0dfbc0,0x00000000db280000)
  from space 4608K, 0% used [0x00000000db700000,0x00000000db700000,0x00000000dbb80000)
  to   space 4608K, 0% used [0x00000000db280000,0x00000000db280000,0x00000000db700000)
 ParOldGen       total 78848K, used 0K [0x000000008be00000, 0x0000000090b00000, 0x00000000d9480000)
  object space 78848K, 0% used [0x000000008be00000,0x000000008be00000,0x0000000090b00000)
 PSPermGen       total 21504K, used 5931K [0x0000000086c00000, 0x0000000088100000, 0x000000008be00000)
  object space 21504K, 27% used [0x0000000086c00000,0x00000000871cad38,0x0000000088100000)

Card table byte_map: [0x00007f8c41521000,0x00007f8c418ec000] byte_map_base: 0x00007f8c410eb000

Polling page: 0x00007f8c4471f000

Code Cache  [0x00007f8c39000000, 0x00007f8c39270000, 0x00007f8c3c000000)
 total_blobs=402 nmethods=47 adapters=309 free_code_cache=48592Kb largest_free_block=49736768

Compilation events (10 events):
Event: 0,251 Thread 0x00007f8c3c0a1800   40             java.lang.Math::min (11 bytes)
Event: 0,252 Thread 0x00007f8c3c0a1800 nmethod 40 0x00007f8c3908a0d0 code [0x00007f8c3908a200, 0x00007f8c3908a238]
Event: 0,307 Thread 0x00007f8c3c09e800   42   !         org.eclipse.swt.internal.Lock::lock (76 bytes)
Event: 0,307 Thread 0x00007f8c3c0a1800   43   !         org.eclipse.swt.internal.Lock::unlock (55 bytes)
Event: 0,308 Thread 0x00007f8c3c0a1800 nmethod 43 0x00007f8c3908d450 code [0x00007f8c3908d5a0, 0x00007f8c3908d908]
Event: 0,309 Thread 0x00007f8c3c0a1800   44             org.eclipse.swt.widgets.Widget::isDisposed (13 bytes)
Event: 0,309 Thread 0x00007f8c3c0a1800 nmethod 44 0x00007f8c39088950 code [0x00007f8c39088a80, 0x00007f8c39088ad8]
Event: 0,309 Thread 0x00007f8c3c0a1800   46   !         org.eclipse.swt.internal.gtk.OS::g_main_context_iteration (32 bytes)
Event: 0,309 Thread 0x00007f8c3c09e800 nmethod 42 0x00007f8c3908cad0 code [0x00007f8c3908cc20, 0x00007f8c3908cfe8]
Event: 0,313 Thread 0x00007f8c3c0a1800 nmethod 46 0x00007f8c3908bad0 code [0x00007f8c3908bc80, 0x00007f8c3908c470]

GC Heap History (0 events):
No events

Deoptimization events (2 events):
Event: 0,124 Thread 0x00007f8c3c00b800 Uncommon trap: reason=null_check action=make_not_entrant pc=0x00007f8c3906f634 method=java.util.jar.Attributes.putValue(Ljava/lang/String;Ljava/lang/String;)Ljava/lang/String; @ 13
Event: 0,211 Thread 0x00007f8c3c00b800 Uncommon trap: reason=null_check action=make_not_entrant pc=0x00007f8c39068e98 method=java.lang.String.equals(Ljava/lang/Object;)Z @ 8

Internal exceptions (10 events):
Event: 0,282 Thread 0x00007f8c3c00b800 Threw 0x00000000da046050 at /HUDSON/workspace/7u-2-build-linux-amd64/jdk7u72/1606/hotspot/src/share/vm/prims/jvm.cpp:1281
Event: 0,312 Thread 0x00007f8c3c00b800 Threw 0x00000000da04b840 at /HUDSON/workspace/7u-2-build-linux-amd64/jdk7u72/1606/hotspot/src/share/vm/prims/jvm.cpp:1281
Event: 0,313 Thread 0x00007f8c3c00b800 Threw 0x00000000da050df8 at /HUDSON/workspace/7u-2-build-linux-amd64/jdk7u72/1606/hotspot/src/share/vm/prims/jvm.cpp:1281
Event: 0,314 Thread 0x00007f8c3c00b800 Threw 0x00000000da0555a8 at /HUDSON/workspace/7u-2-build-linux-amd64/jdk7u72/1606/hotspot/src/share/vm/prims/jvm.cpp:1281
Event: 2,580 Thread 0x00007f8c3c00b800 Threw 0x00000000da05c4a0 at /HUDSON/workspace/7u-2-build-linux-amd64/jdk7u72/1606/hotspot/src/share/vm/prims/jvm.cpp:1281
Event: 2,861 Thread 0x00007f8c3c00b800 Threw 0x00000000da0621c0 at /HUDSON/workspace/7u-2-build-linux-amd64/jdk7u72/1606/hotspot/src/share/vm/prims/jvm.cpp:1281
Event: 2,863 Thread 0x00007f8c3c00b800 Threw 0x00000000da066cf8 at /HUDSON/workspace/7u-2-build-linux-amd64/jdk7u72/1606/hotspot/src/share/vm/prims/jvm.cpp:1281
Event: 2,869 Thread 0x00007f8c3c00b800 Threw 0x00000000da0787c8 at /HUDSON/workspace/7u-2-build-linux-amd64/jdk7u72/1606/hotspot/src/share/vm/prims/jvm.cpp:1281
Event: 2,871 Thread 0x00007f8c3c00b800 Threw 0x00000000da08a450 at /HUDSON/workspace/7u-2-build-linux-amd64/jdk7u72/1606/hotspot/src/share/vm/prims/jvm.cpp:1281
Event: 2,873 Thread 0x00007f8c3c00b800 Threw 0x00000000da08fd18 at /HUDSON/workspace/7u-2-build-linux-amd64/jdk7u72/1606/hotspot/src/share/vm/prims/jvm.cpp:1281

Events (10 events):
Event: 2,863 loading class 0x00007f8c3c2bf730
Event: 2,863 loading class 0x00007f8c3c2bf730 done
Event: 2,866 Executing VM operation: Deoptimize
Event: 2,866 Executing VM operation: Deoptimize done
Event: 2,869 loading class 0x00007f8c3c441190
Event: 2,869 loading class 0x00007f8c3c441190 done
Event: 2,871 loading class 0x00007f8c3c4898e0
Event: 2,871 loading class 0x00007f8c3c4898e0 done
Event: 2,873 loading class 0x00007f8c3c438880
Event: 2,873 loading class 0x00007f8c3c438880 done


Dynamic libraries:
00400000-00401000 r-xp 00000000 08:02 2766033                            /usr/lib/jvm/java-7-oracle/bin/java
00600000-00601000 rw-p 00000000 08:02 2766033                            /usr/lib/jvm/java-7-oracle/bin/java
02130000-02151000 rw-p 00000000 00:00 0                                  [heap]
86c00000-88100000 rw-p 00000000 00:00 0 
88100000-8be00000 rw-p 00000000 00:00 0 
8be00000-90b00000 rw-p 00000000 00:00 0 
90b00000-d9480000 rw-p 00000000 00:00 0 
d9480000-dbb80000 rw-p 00000000 00:00 0 
dbb80000-100000000 rw-p 00000000 00:00 0 
7f8bd0000000-7f8bd0022000 rw-p 00000000 00:00 0 
7f8bd0022000-7f8bd4000000 ---p 00000000 00:00 0 
7f8bd8000000-7f8bd8022000 rw-p 00000000 00:00 0 
7f8bd8022000-7f8bdc000000 ---p 00000000 00:00 0 
7f8bdc000000-7f8bdc021000 rw-p 00000000 00:00 0 
7f8bdc021000-7f8be0000000 ---p 00000000 00:00 0 
7f8be2ffe000-7f8be2fff000 ---p 00000000 00:00 0 
7f8be2fff000-7f8be37ff000 rw-p 00000000 00:00 0                          [stack:865]
7f8be37ff000-7f8be3800000 ---p 00000000 00:00 0 
7f8be3800000-7f8be4000000 rw-p 00000000 00:00 0 
7f8be4000000-7f8be4021000 rw-p 00000000 00:00 0 
7f8be4021000-7f8be8000000 ---p 00000000 00:00 0 
7f8be8405000-7f8be8406000 ---p 00000000 00:00 0 
7f8be8406000-7f8be8c06000 rw-p 00000000 00:00 0                          [stack:863]
7f8be8c06000-7f8be8c07000 ---p 00000000 00:00 0 
7f8be8c07000-7f8be9407000 rw-p 00000000 00:00 0                          [stack:862]
7f8be9407000-7f8be944b000 r-xp 00000000 08:02 266196                     /lib/x86_64-linux-gnu/libdbus-1.so.3.7.6
7f8be944b000-7f8be964a000 ---p 00044000 08:02 266196                     /lib/x86_64-linux-gnu/libdbus-1.so.3.7.6
7f8be964a000-7f8be964b000 r--p 00043000 08:02 266196                     /lib/x86_64-linux-gnu/libdbus-1.so.3.7.6
7f8be964b000-7f8be964c000 rw-p 00044000 08:02 266196                     /lib/x86_64-linux-gnu/libdbus-1.so.3.7.6
7f8be964c000-7f8be9654000 r-xp 00000000 08:02 266240                     /lib/x86_64-linux-gnu/libnih-dbus.so.1.0.0
7f8be9654000-7f8be9854000 ---p 00008000 08:02 266240                     /lib/x86_64-linux-gnu/libnih-dbus.so.1.0.0
7f8be9854000-7f8be9855000 r--p 00008000 08:02 266240                     /lib/x86_64-linux-gnu/libnih-dbus.so.1.0.0
7f8be9855000-7f8be9856000 rw-p 00009000 08:02 266240                     /lib/x86_64-linux-gnu/libnih-dbus.so.1.0.0
7f8be9856000-7f8be986d000 r-xp 00000000 08:02 266242                     /lib/x86_64-linux-gnu/libnih.so.1.0.0
7f8be986d000-7f8be9a6c000 ---p 00017000 08:02 266242                     /lib/x86_64-linux-gnu/libnih.so.1.0.0
7f8be9a6c000-7f8be9a6d000 r--p 00016000 08:02 266242                     /lib/x86_64-linux-gnu/libnih.so.1.0.0
7f8be9a6d000-7f8be9a6e000 rw-p 00017000 08:02 266242                     /lib/x86_64-linux-gnu/libnih.so.1.0.0
7f8be9a6e000-7f8be9a87000 r-xp 00000000 08:02 266114                     /lib/x86_64-linux-gnu/libcgmanager.so.0.0.0
7f8be9a87000-7f8be9c86000 ---p 00019000 08:02 266114                     /lib/x86_64-linux-gnu/libcgmanager.so.0.0.0
7f8be9c86000-7f8be9c88000 r--p 00018000 08:02 266114                     /lib/x86_64-linux-gnu/libcgmanager.so.0.0.0
7f8be9c88000-7f8be9c89000 rw-p 0001a000 08:02 266114                     /lib/x86_64-linux-gnu/libcgmanager.so.0.0.0
7f8be9c89000-7f8be9c99000 r-xp 00000000 08:02 266115                     /lib/x86_64-linux-gnu/libudev.so.1.3.5
7f8be9c99000-7f8be9e98000 ---p 00010000 08:02 266115                     /lib/x86_64-linux-gnu/libudev.so.1.3.5
7f8be9e98000-7f8be9e99000 r--p 0000f000 08:02 266115                     /lib/x86_64-linux-gnu/libudev.so.1.3.5
7f8be9e99000-7f8be9e9a000 rw-p 00010000 08:02 266115                     /lib/x86_64-linux-gnu/libudev.so.1.3.5
7f8be9e9a000-7f8be9ece000 r-xp 00000000 08:02 3017837                    /usr/lib/x86_64-linux-gnu/gvfs/libgvfscommon.so
7f8be9ece000-7f8bea0ce000 ---p 00034000 08:02 3017837                    /usr/lib/x86_64-linux-gnu/gvfs/libgvfscommon.so
7f8bea0ce000-7f8bea0d3000 r--p 00034000 08:02 3017837                    /usr/lib/x86_64-linux-gnu/gvfs/libgvfscommon.so
7f8bea0d3000-7f8bea0d4000 rw-p 00039000 08:02 3017837                    /usr/lib/x86_64-linux-gnu/gvfs/libgvfscommon.so
7f8bea0d4000-7f8bea103000 r-xp 00000000 08:02 3017489                    /usr/lib/x86_64-linux-gnu/gio/modules/libgvfsdbus.so
7f8bea103000-7f8bea303000 ---p 0002f000 08:02 3017489                    /usr/lib/x86_64-linux-gnu/gio/modules/libgvfsdbus.so
7f8bea303000-7f8bea304000 r--p 0002f000 08:02 3017489                    /usr/lib/x86_64-linux-gnu/gio/modules/libgvfsdbus.so
7f8bea304000-7f8bea305000 rw-p 00030000 08:02 3017489                    /usr/lib/x86_64-linux-gnu/gio/modules/libgvfsdbus.so
7f8bea305000-7f8bea306000 rw-p 00000000 00:00 0 
7f8bea306000-7f8bea35f000 r-xp 00000000 08:02 2761492                    /usr/lib/x86_64-linux-gnu/libibus-1.0.so.5.0.505
7f8bea35f000-7f8bea55f000 ---p 00059000 08:02 2761492                    /usr/lib/x86_64-linux-gnu/libibus-1.0.so.5.0.505
7f8bea55f000-7f8bea561000 r--p 00059000 08:02 2761492                    /usr/lib/x86_64-linux-gnu/libibus-1.0.so.5.0.505
7f8bea561000-7f8bea562000 rw-p 0005b000 08:02 2761492                    /usr/lib/x86_64-linux-gnu/libibus-1.0.so.5.0.505
7f8bea562000-7f8bea563000 rw-p 00000000 00:00 0 
7f8bea563000-7f8bea569000 r-xp 00000000 08:02 3017777                    /usr/lib/x86_64-linux-gnu/gtk-2.0/2.10.0/immodules/im-ibus.so
7f8bea569000-7f8bea769000 ---p 00006000 08:02 3017777                    /usr/lib/x86_64-linux-gnu/gtk-2.0/2.10.0/immodules/im-ibus.so
7f8bea769000-7f8bea76a000 r--p 00006000 08:02 3017777                    /usr/lib/x86_64-linux-gnu/gtk-2.0/2.10.0/immodules/im-ibus.so
7f8bea76a000-7f8bea76b000 rw-p 00007000 08:02 3017777                    /usr/lib/x86_64-linux-gnu/gtk-2.0/2.10.0/immodules/im-ibus.so
7f8bea76b000-7f8bea772000 r-xp 00000000 08:02 2761659                    /usr/lib/x86_64-linux-gnu/libogg.so.0.8.1
7f8bea772000-7f8bea972000 ---p 00007000 08:02 2761659                    /usr/lib/x86_64-linux-gnu/libogg.so.0.8.1
7f8bea972000-7f8bea973000 r--p 00007000 08:02 2761659                    /usr/lib/x86_64-linux-gnu/libogg.so.0.8.1
7f8bea973000-7f8bea974000 rw-p 00008000 08:02 2761659                    /usr/lib/x86_64-linux-gnu/libogg.so.0.8.1
7f8bea974000-7f8bea9a0000 r-xp 00000000 08:02 2761912                    /usr/lib/x86_64-linux-gnu/libvorbis.so.0.4.5
7f8bea9a0000-7f8beab9f000 ---p 0002c000 08:02 2761912                    /usr/lib/x86_64-linux-gnu/libvorbis.so.0.4.5
7f8beab9f000-7f8beaba0000 r--p 0002b000 08:02 2761912                    /usr/lib/x86_64-linux-gnu/libvorbis.so.0.4.5
7f8beaba0000-7f8beaba1000 rw-p 0002c000 08:02 2761912                    /usr/lib/x86_64-linux-gnu/libvorbis.so.0.4.5
7f8beaba1000-7f8beabaa000 r-xp 00000000 08:02 2761565                    /usr/lib/x86_64-linux-gnu/libltdl.so.7.3.0
7f8beabaa000-7f8beada9000 ---p 00009000 08:02 2761565                    /usr/lib/x86_64-linux-gnu/libltdl.so.7.3.0
7f8beada9000-7f8beadaa000 r--p 00008000 08:02 2761565                    /usr/lib/x86_64-linux-gnu/libltdl.so.7.3.0
7f8beadaa000-7f8beadab000 rw-p 00009000 08:02 2761565                    /usr/lib/x86_64-linux-gnu/libltdl.so.7.3.0
7f8beadab000-7f8beadbc000 r-xp 00000000 08:02 2761852                    /usr/lib/x86_64-linux-gnu/libtdb.so.1.2.12
7f8beadbc000-7f8beafbb000 ---p 00011000 08:02 2761852                    /usr/lib/x86_64-linux-gnu/libtdb.so.1.2.12
7f8beafbb000-7f8beafbc000 r--p 00010000 08:02 2761852                    /usr/lib/x86_64-linux-gnu/libtdb.so.1.2.12
7f8beafbc000-7f8beafbd000 rw-p 00011000 08:02 2761852                    /usr/lib/x86_64-linux-gnu/libtdb.so.1.2.12
7f8beafbd000-7f8beafc4000 r-xp 00000000 08:02 2761916                    /usr/lib/x86_64-linux-gnu/libvorbisfile.so.3.3.4
7f8beafc4000-7f8beb1c3000 ---p 00007000 08:02 2761916                    /usr/lib/x86_64-linux-gnu/libvorbisfile.so.3.3.4
7f8beb1c3000-7f8beb1c4000 r--p 00006000 08:02 2761916                    /usr/lib/x86_64-linux-gnu/libvorbisfile.so.3.3.4
7f8beb1c4000-7f8beb1c5000 rw-p 00007000 08:02 2761916                    /usr/lib/x86_64-linux-gnu/libvorbisfile.so.3.3.4
7f8beb1c5000-7f8beb1d4000 r-xp 00000000 08:02 2761086                    /usr/lib/x86_64-linux-gnu/libcanberra.so.0.2.5
7f8beb1d4000-7f8beb3d3000 ---p 0000f000 08:02 2761086                    /usr/lib/x86_64-linux-gnu/libcanberra.so.0.2.5
7f8beb3d3000-7f8beb3d4000 r--p 0000e000 08:02 2761086                    /usr/lib/x86_64-linux-gnu/libcanberra.so.0.2.5
7f8beb3d4000-7f8beb3d5000 rw-p 0000f000 08:02 2761086                    /usr/lib/x86_64-linux-gnu/libcanberra.so.0.2.5
7f8beb3d5000-7f8beb3d9000 r-xp 00000000 08:02 2761082                    /usr/lib/x86_64-linux-gnu/libcanberra-gtk.so.0.1.9
7f8beb3d9000-7f8beb5d8000 ---p 00004000 08:02 2761082                    /usr/lib/x86_64-linux-gnu/libcanberra-gtk.so.0.1.9
7f8beb5d8000-7f8beb5d9000 r--p 00003000 08:02 2761082                    /usr/lib/x86_64-linux-gnu/libcanberra-gtk.so.0.1.9
7f8beb5d9000-7f8beb5da000 rw-p 00004000 08:02 2761082                    /usr/lib/x86_64-linux-gnu/libcanberra-gtk.so.0.1.9
7f8beb5da000-7f8beb5df000 r-xp 00000000 08:02 3017791                    /usr/lib/x86_64-linux-gnu/gtk-2.0/modules/libcanberra-gtk-module.so
7f8beb5df000-7f8beb7de000 ---p 00005000 08:02 3017791                    /usr/lib/x86_64-linux-gnu/gtk-2.0/modules/libcanberra-gtk-module.so
7f8beb7de000-7f8beb7df000 r--p 00004000 08:02 3017791                    /usr/lib/x86_64-linux-gnu/gtk-2.0/modules/libcanberra-gtk-module.so
7f8beb7df000-7f8beb7e0000 rw-p 00005000 08:02 3017791                    /usr/lib/x86_64-linux-gnu/gtk-2.0/modules/libcanberra-gtk-module.so
7f8beb7e0000-7f8beb7e3000 r-xp 00000000 08:02 3017772                    /usr/lib/x86_64-linux-gnu/gtk-2.0/2.10.0/engines/libadwaita.so
7f8beb7e3000-7f8beb9e2000 ---p 00003000 08:02 3017772                    /usr/lib/x86_64-linux-gnu/gtk-2.0/2.10.0/engines/libadwaita.so
7f8beb9e2000-7f8beb9e3000 r--p 00002000 08:02 3017772                    /usr/lib/x86_64-linux-gnu/gtk-2.0/2.10.0/engines/libadwaita.so
7f8beb9e3000-7f8beb9e4000 rw-p 00003000 08:02 3017772                    /usr/lib/x86_64-linux-gnu/gtk-2.0/2.10.0/engines/libadwaita.so
7f8beb9e4000-7f8beb9ed000 r-xp 00000000 08:02 3017773                    /usr/lib/x86_64-linux-gnu/gtk-2.0/2.10.0/engines/libpixmap.so
7f8beb9ed000-7f8bebbed000 ---p 00009000 08:02 3017773                    /usr/lib/x86_64-linux-gnu/gtk-2.0/2.10.0/engines/libpixmap.so
7f8bebbed000-7f8bebbee000 r--p 00009000 08:02 3017773                    /usr/lib/x86_64-linux-gnu/gtk-2.0/2.10.0/engines/libpixmap.so
7f8bebbee000-7f8bebbef000 rw-p 0000a000 08:02 3017773                    /usr/lib/x86_64-linux-gnu/gtk-2.0/2.10.0/engines/libpixmap.so
7f8bebbef000-7f8bebbf8000 r-xp 00000000 08:05 13765017                   /home/eugen/.swt/lib/linux/x86_64/libswt-cairo-gtk-4430.so
7f8bebbf8000-7f8bebdf8000 ---p 00009000 08:05 13765017                   /home/eugen/.swt/lib/linux/x86_64/libswt-cairo-gtk-4430.so
7f8bebdf8000-7f8bebdf9000 rw-p 00009000 08:05 13765017                   /home/eugen/.swt/lib/linux/x86_64/libswt-cairo-gtk-4430.so
7f8bebdf9000-7f8bebdff000 r-xp 00000000 08:02 2761152                    /usr/lib/x86_64-linux-gnu/libdatrie.so.1.3.1
7f8bebdff000-7f8bebffe000 ---p 00006000 08:02 2761152                    /usr/lib/x86_64-linux-gnu/libdatrie.so.1.3.1
7f8bebffe000-7f8bebfff000 r--p 00005000 08:02 2761152                    /usr/lib/x86_64-linux-gnu/libdatrie.so.1.3.1
7f8bebfff000-7f8bec000000 rw-p 00006000 08:02 2761152                    /usr/lib/x86_64-linux-gnu/libdatrie.so.1.3.1
7f8bec000000-7f8bec021000 rw-p 00000000 00:00 0 
7f8bec021000-7f8bf0000000 ---p 00000000 00:00 0 
7f8bf00a8000-7f8bf00a9000 rw-p 00000000 00:00 0 
7f8bf00a9000-7f8bf00cc000 r--p 00000000 08:02 655413                     /usr/share/fonts/truetype/msttcorefonts/Verdana.ttf
7f8bf00cc000-7f8bf00ce000 r--s 00000000 08:02 928279                     /var/cache/fontconfig/8d8b68aba5c2525ac7de7497e4c5b2d2-le64.cache-4
7f8bf00ce000-7f8bf00cf000 r--s 00000000 08:02 928214                     /var/cache/fontconfig/087e1975ba9a574b140bb1df193bf770-le64.cache-4
7f8bf00cf000-7f8bf00d0000 r--s 00000000 08:02 928275                     /var/cache/fontconfig/c05880de57d1f5e948fdfacc138775d9-le64.cache-4
7f8bf00d0000-7f8bf00db000 r--s 00000000 08:02 917606                     /var/cache/fontconfig/945677eb7aeaf62f1d50efc3fb3ec7d8-le64.cache-4
7f8bf00db000-7f8bf00e1000 r--s 00000000 08:02 928273                     /var/cache/fontconfig/2cd17615ca594fa2959ae173292e504c-le64.cache-4
7f8bf00e1000-7f8bf00e2000 r--s 00000000 08:02 928272                     /var/cache/fontconfig/e7071f4a29fa870f4323321c154eba04-le64.cache-4
7f8bf00e2000-7f8bf00e9000 r--s 00000000 08:02 928270                     /var/cache/fontconfig/a755afe4a08bf5b97852ceb7400b47bc-le64.cache-4
7f8bf00e9000-7f8bf00ed000 r--s 00000000 08:02 928269                     /var/cache/fontconfig/de156ccd2eddbdc19d37a45b8b2aac9c-le64.cache-4
7f8bf00ed000-7f8bf0107000 r-xp 00000000 08:02 2761362                    /usr/lib/x86_64-linux-gnu/libgraphite2.so.3.0.1
7f8bf0107000-7f8bf0306000 ---p 0001a000 08:02 2761362                    /usr/lib/x86_64-linux-gnu/libgraphite2.so.3.0.1
7f8bf0306000-7f8bf0308000 r--p 00019000 08:02 2761362                    /usr/lib/x86_64-linux-gnu/libgraphite2.so.3.0.1
7f8bf0308000-7f8bf0309000 rw-p 0001b000 08:02 2761362                    /usr/lib/x86_64-linux-gnu/libgraphite2.so.3.0.1
7f8bf0309000-7f8bf030e000 r-xp 00000000 08:02 2760965                    /usr/lib/x86_64-linux-gnu/libXdmcp.so.6.0.0
7f8bf030e000-7f8bf050d000 ---p 00005000 08:02 2760965                    /usr/lib/x86_64-linux-gnu/libXdmcp.so.6.0.0
7f8bf050d000-7f8bf050e000 r--p 00004000 08:02 2760965                    /usr/lib/x86_64-linux-gnu/libXdmcp.so.6.0.0
7f8bf050e000-7f8bf050f000 rw-p 00005000 08:02 2760965                    /usr/lib/x86_64-linux-gnu/libXdmcp.so.6.0.0
7f8bf050f000-7f8bf0511000 r-xp 00000000 08:02 2760954                    /usr/lib/x86_64-linux-gnu/libXau.so.6.0.0
7f8bf0511000-7f8bf0711000 ---p 00002000 08:02 2760954                    /usr/lib/x86_64-linux-gnu/libXau.so.6.0.0
7f8bf0711000-7f8bf0712000 r--p 00002000 08:02 2760954                    /usr/lib/x86_64-linux-gnu/libXau.so.6.0.0
7f8bf0712000-7f8bf0713000 rw-p 00003000 08:02 2760954                    /usr/lib/x86_64-linux-gnu/libXau.so.6.0.0
7f8bf0713000-7f8bf0750000 r-xp 00000000 08:02 266282                     /lib/x86_64-linux-gnu/libpcre.so.3.13.1
7f8bf0750000-7f8bf094f000 ---p 0003d000 08:02 266282                     /lib/x86_64-linux-gnu/libpcre.so.3.13.1
7f8bf094f000-7f8bf0950000 r--p 0003c000 08:02 266282                     /lib/x86_64-linux-gnu/libpcre.so.3.13.1
7f8bf0950000-7f8bf0951000 rw-p 0003d000 08:02 266282                     /lib/x86_64-linux-gnu/libpcre.so.3.13.1
7f8bf0951000-7f8bf0958000 r-xp 00000000 08:02 2761225                    /usr/lib/x86_64-linux-gnu/libffi.so.6.0.1
7f8bf0958000-7f8bf0b57000 ---p 00007000 08:02 2761225                    /usr/lib/x86_64-linux-gnu/libffi.so.6.0.1
7f8bf0b57000-7f8bf0b58000 r--p 00006000 08:02 2761225                    /usr/lib/x86_64-linux-gnu/libffi.so.6.0.1
7f8bf0b58000-7f8bf0b59000 rw-p 00007000 08:02 2761225                    /usr/lib/x86_64-linux-gnu/libffi.so.6.0.1
7f8bf0b59000-7f8bf0b80000 r-xp 00000000 08:02 266200                     /lib/x86_64-linux-gnu/libexpat.so.1.6.0
7f8bf0b80000-7f8bf0d80000 ---p 00027000 08:02 266200                     /lib/x86_64-linux-gnu/libexpat.so.1.6.0
7f8bf0d80000-7f8bf0d82000 r--p 00027000 08:02 266200                     /lib/x86_64-linux-gnu/libexpat.so.1.6.0
7f8bf0d82000-7f8bf0d83000 rw-p 00029000 08:02 266200                     /lib/x86_64-linux-gnu/libexpat.so.1.6.0
7f8bf0d83000-7f8bf0d8b000 r-xp 00000000 08:02 2761864                    /usr/lib/x86_64-linux-gnu/libthai.so.0.2.0
7f8bf0d8b000-7f8bf0f8a000 ---p 00008000 08:02 2761864                    /usr/lib/x86_64-linux-gnu/libthai.so.0.2.0
7f8bf0f8a000-7f8bf0f8b000 r--p 00007000 08:02 2761864                    /usr/lib/x86_64-linux-gnu/libthai.so.0.2.0
7f8bf0f8b000-7f8bf0f8c000 rw-p 00008000 08:02 2761864                    /usr/lib/x86_64-linux-gnu/libthai.so.0.2.0
7f8bf0f8c000-7f8bf0fdf000 r-xp 00000000 08:02 2752994                    /usr/lib/x86_64-linux-gnu/libharfbuzz.so.0.927.0
7f8bf0fdf000-7f8bf11df000 ---p 00053000 08:02 2752994                    /usr/lib/x86_64-linux-gnu/libharfbuzz.so.0.927.0
7f8bf11df000-7f8bf11e0000 r--p 00053000 08:02 2752994                    /usr/lib/x86_64-linux-gnu/libharfbuzz.so.0.927.0
7f8bf11e0000-7f8bf11e1000 rw-p 00054000 08:02 2752994                    /usr/lib/x86_64-linux-gnu/libharfbuzz.so.0.927.0
7f8bf11e1000-7f8bf11f8000 r-xp 00000000 08:02 262149                     /lib/x86_64-linux-gnu/libresolv-2.19.so
7f8bf11f8000-7f8bf13f8000 ---p 00017000 08:02 262149                     /lib/x86_64-linux-gnu/libresolv-2.19.so
7f8bf13f8000-7f8bf13f9000 r--p 00017000 08:02 262149                     /lib/x86_64-linux-gnu/libresolv-2.19.so
7f8bf13f9000-7f8bf13fa000 rw-p 00018000 08:02 262149                     /lib/x86_64-linux-gnu/libresolv-2.19.so
7f8bf13fa000-7f8bf13fc000 rw-p 00000000 00:00 0 
7f8bf13fc000-7f8bf141c000 r-xp 00000000 08:02 266309                     /lib/x86_64-linux-gnu/libselinux.so.1
7f8bf141c000-7f8bf161b000 ---p 00020000 08:02 266309                     /lib/x86_64-linux-gnu/libselinux.so.1
7f8bf161b000-7f8bf161c000 r--p 0001f000 08:02 266309                     /lib/x86_64-linux-gnu/libselinux.so.1
7f8bf161c000-7f8bf161d000 rw-p 00020000 08:02 266309                     /lib/x86_64-linux-gnu/libselinux.so.1
7f8bf161d000-7f8bf161f000 rw-p 00000000 00:00 0 
7f8bf161f000-7f8bf1637000 r-xp 00000000 08:02 266341                     /lib/x86_64-linux-gnu/libz.so.1.2.8
7f8bf1637000-7f8bf1836000 ---p 00018000 08:02 266341                     /lib/x86_64-linux-gnu/libz.so.1.2.8
7f8bf1836000-7f8bf1837000 r--p 00017000 08:02 266341                     /lib/x86_64-linux-gnu/libz.so.1.2.8
7f8bf1837000-7f8bf1838000 rw-p 00018000 08:02 266341                     /lib/x86_64-linux-gnu/libz.so.1.2.8
7f8bf1838000-7f8bf1840000 r-xp 00000000 08:02 2761965                    /usr/lib/x86_64-linux-gnu/libxcb-render.so.0.0.0
7f8bf1840000-7f8bf1a3f000 ---p 00008000 08:02 2761965                    /usr/lib/x86_64-linux-gnu/libxcb-render.so.0.0.0
7f8bf1a3f000-7f8bf1a40000 r--p 00007000 08:02 2761965                    /usr/lib/x86_64-linux-gnu/libxcb-render.so.0.0.0
7f8bf1a40000-7f8bf1a41000 rw-p 00008000 08:02 2761965                    /usr/lib/x86_64-linux-gnu/libxcb-render.so.0.0.0
7f8bf1a41000-7f8bf1a43000 r-xp 00000000 08:02 2761969                    /usr/lib/x86_64-linux-gnu/libxcb-shm.so.0.0.0
7f8bf1a43000-7f8bf1c42000 ---p 00002000 08:02 2761969                    /usr/lib/x86_64-linux-gnu/libxcb-shm.so.0.0.0
7f8bf1c42000-7f8bf1c43000 r--p 00001000 08:02 2761969                    /usr/lib/x86_64-linux-gnu/libxcb-shm.so.0.0.0
7f8bf1c43000-7f8bf1c44000 rw-p 00002000 08:02 2761969                    /usr/lib/x86_64-linux-gnu/libxcb-shm.so.0.0.0
7f8bf1c44000-7f8bf1c69000 r-xp 00000000 08:02 266294                     /lib/x86_64-linux-gnu/libpng12.so.0.50.0
7f8bf1c69000-7f8bf1e68000 ---p 00025000 08:02 266294                     /lib/x86_64-linux-gnu/libpng12.so.0.50.0
7f8bf1e68000-7f8bf1e69000 r--p 00024000 08:02 266294                     /lib/x86_64-linux-gnu/libpng12.so.0.50.0
7f8bf1e69000-7f8bf1e6a000 rw-p 00025000 08:02 266294                     /lib/x86_64-linux-gnu/libpng12.so.0.50.0
7f8bf1e6a000-7f8bf1f0b000 r-xp 00000000 08:02 2761698                    /usr/lib/x86_64-linux-gnu/libpixman-1.so.0.30.2
7f8bf1f0b000-7f8bf210b000 ---p 000a1000 08:02 2761698                    /usr/lib/x86_64-linux-gnu/libpixman-1.so.0.30.2
7f8bf210b000-7f8bf2112000 r--p 000a1000 08:02 2761698                    /usr/lib/x86_64-linux-gnu/libpixman-1.so.0.30.2
7f8bf2112000-7f8bf2113000 rw-p 000a8000 08:02 2761698                    /usr/lib/x86_64-linux-gnu/libpixman-1.so.0.30.2
7f8bf2113000-7f8bf2130000 r-xp 00000000 08:02 2761981                    /usr/lib/x86_64-linux-gnu/libxcb.so.1.1.0
7f8bf2130000-7f8bf2330000 ---p 0001d000 08:02 2761981                    /usr/lib/x86_64-linux-gnu/libxcb.so.1.1.0
7f8bf2330000-7f8bf2331000 r--p 0001d000 08:02 2761981                    /usr/lib/x86_64-linux-gnu/libxcb.so.1.1.0
7f8bf2331000-7f8bf2332000 rw-p 0001e000 08:02 2761981                    /usr/lib/x86_64-linux-gnu/libxcb.so.1.1.0
7f8bf2332000-7f8bf23cf000 r-xp 00000000 08:02 2761251                    /usr/lib/x86_64-linux-gnu/libfreetype.so.6.11.1
7f8bf23cf000-7f8bf25ce000 ---p 0009d000 08:02 2761251                    /usr/lib/x86_64-linux-gnu/libfreetype.so.6.11.1
7f8bf25ce000-7f8bf25d4000 r--p 0009c000 08:02 2761251                    /usr/lib/x86_64-linux-gnu/libfreetype.so.6.11.1
7f8bf25d4000-7f8bf25d5000 rw-p 000a2000 08:02 2761251                    /usr/lib/x86_64-linux-gnu/libfreetype.so.6.11.1
7f8bf25d5000-7f8bf25d7000 r-xp 00000000 08:02 2760963                    /usr/lib/x86_64-linux-gnu/libXdamage.so.1.1.0
7f8bf25d7000-7f8bf27d6000 ---p 00002000 08:02 2760963                    /usr/lib/x86_64-linux-gnu/libXdamage.so.1.1.0
7f8bf27d6000-7f8bf27d7000 r--p 00001000 08:02 2760963                    /usr/lib/x86_64-linux-gnu/libXdamage.so.1.1.0
7f8bf27d7000-7f8bf27d8000 rw-p 00002000 08:02 2760963                    /usr/lib/x86_64-linux-gnu/libXdamage.so.1.1.0
7f8bf27d8000-7f8bf27da000 r-xp 00000000 08:02 2760959                    /usr/lib/x86_64-linux-gnu/libXcomposite.so.1.0.0
7f8bf27da000-7f8bf29d9000 ---p 00002000 08:02 2760959                    /usr/lib/x86_64-linux-gnu/libXcomposite.so.1.0.0
7f8bf29d9000-7f8bf29da000 r--p 00001000 08:02 2760959                    /usr/lib/x86_64-linux-gnu/libXcomposite.so.1.0.0
7f8bf29da000-7f8bf29db000 rw-p 00002000 08:02 2760959                    /usr/lib/x86_64-linux-gnu/libXcomposite.so.1.0.0
7f8bf29db000-7f8bf29e4000 r-xp 00000000 08:02 2760961                    /usr/lib/x86_64-linux-gnu/libXcursor.so.1.0.2
7f8bf29e4000-7f8bf2be3000 ---p 00009000 08:02 2760961                    /usr/lib/x86_64-linux-gnu/libXcursor.so.1.0.2
7f8bf2be3000-7f8bf2be4000 r--p 00008000 08:02 2760961                    /usr/lib/x86_64-linux-gnu/libXcursor.so.1.0.2
7f8bf2be4000-7f8bf2be5000 rw-p 00009000 08:02 2760961                    /usr/lib/x86_64-linux-gnu/libXcursor.so.1.0.2
7f8bf2be5000-7f8bf2bee000 r-xp 00000000 08:02 2760987                    /usr/lib/x86_64-linux-gnu/libXrandr.so.2.2.0
7f8bf2bee000-7f8bf2ded000 ---p 00009000 08:02 2760987                    /usr/lib/x86_64-linux-gnu/libXrandr.so.2.2.0
7f8bf2ded000-7f8bf2dee000 r--p 00008000 08:02 2760987                    /usr/lib/x86_64-linux-gnu/libXrandr.so.2.2.0
7f8bf2dee000-7f8bf2def000 rw-p 00009000 08:02 2760987                    /usr/lib/x86_64-linux-gnu/libXrandr.so.2.2.0
7f8bf2def000-7f8bf2dfe000 r-xp 00000000 08:02 2760975                    /usr/lib/x86_64-linux-gnu/libXi.so.6.1.0
7f8bf2dfe000-7f8bf2ffd000 ---p 0000f000 08:02 2760975                    /usr/lib/x86_64-linux-gnu/libXi.so.6.1.0
7f8bf2ffd000-7f8bf2ffe000 r--p 0000e000 08:02 2760975                    /usr/lib/x86_64-linux-gnu/libXi.so.6.1.0
7f8bf2ffe000-7f8bf2fff000 rw-p 0000f000 08:02 2760975                    /usr/lib/x86_64-linux-gnu/libXi.so.6.1.0
7f8bf2fff000-7f8bf3001000 r-xp 00000000 08:02 2760977                    /usr/lib/x86_64-linux-gnu/libXinerama.so.1.0.0
7f8bf3001000-7f8bf3200000 ---p 00002000 08:02 2760977                    /usr/lib/x86_64-linux-gnu/libXinerama.so.1.0.0
7f8bf3200000-7f8bf3201000 r--p 00001000 08:02 2760977                    /usr/lib/x86_64-linux-gnu/libXinerama.so.1.0.0
7f8bf3201000-7f8bf3202000 rw-p 00002000 08:02 2760977                    /usr/lib/x86_64-linux-gnu/libXinerama.so.1.0.0
7f8bf3202000-7f8bf320b000 r-xp 00000000 08:02 2760989                    /usr/lib/x86_64-linux-gnu/libXrender.so.1.3.0
7f8bf320b000-7f8bf340a000 ---p 00009000 08:02 2760989                    /usr/lib/x86_64-linux-gnu/libXrender.so.1.3.0
7f8bf340a000-7f8bf340b000 r--p 00008000 08:02 2760989                    /usr/lib/x86_64-linux-gnu/libXrender.so.1.3.0
7f8bf340b000-7f8bf340c000 rw-p 00009000 08:02 2760989                    /usr/lib/x86_64-linux-gnu/libXrender.so.1.3.0
7f8bf340c000-7f8bf341d000 r-xp 00000000 08:02 2760967                    /usr/lib/x86_64-linux-gnu/libXext.so.6.4.0
7f8bf341d000-7f8bf361c000 ---p 00011000 08:02 2760967                    /usr/lib/x86_64-linux-gnu/libXext.so.6.4.0
7f8bf361c000-7f8bf361d000 r--p 00010000 08:02 2760967                    /usr/lib/x86_64-linux-gnu/libXext.so.6.4.0
7f8bf361d000-7f8bf361e000 rw-p 00011000 08:02 2760967                    /usr/lib/x86_64-linux-gnu/libXext.so.6.4.0
7f8bf361e000-7f8bf3724000 r-xp 00000000 08:02 266098                     /lib/x86_64-linux-gnu/libglib-2.0.so.0.4002.0
7f8bf3724000-7f8bf3923000 ---p 00106000 08:02 266098                     /lib/x86_64-linux-gnu/libglib-2.0.so.0.4002.0
7f8bf3923000-7f8bf3924000 r--p 00105000 08:02 266098                     /lib/x86_64-linux-gnu/libglib-2.0.so.0.4002.0
7f8bf3924000-7f8bf3925000 rw-p 00106000 08:02 266098                     /lib/x86_64-linux-gnu/libglib-2.0.so.0.4002.0
7f8bf3925000-7f8bf3926000 rw-p 00000000 00:00 0 
7f8bf3926000-7f8bf3975000 r-xp 00000000 08:02 2752911                    /usr/lib/x86_64-linux-gnu/libgobject-2.0.so.0.4002.0
7f8bf3975000-7f8bf3b75000 ---p 0004f000 08:02 2752911                    /usr/lib/x86_64-linux-gnu/libgobject-2.0.so.0.4002.0
7f8bf3b75000-7f8bf3b76000 r--p 0004f000 08:02 2752911                    /usr/lib/x86_64-linux-gnu/libgobject-2.0.so.0.4002.0
7f8bf3b76000-7f8bf3b77000 rw-p 00050000 08:02 2752911                    /usr/lib/x86_64-linux-gnu/libgobject-2.0.so.0.4002.0
7f8bf3b77000-7f8bf3bb1000 r-xp 00000000 08:02 2761239                    /usr/lib/x86_64-linux-gnu/libfontconfig.so.1.8.0
7f8bf3bb1000-7f8bf3db0000 ---p 0003a000 08:02 2761239                    /usr/lib/x86_64-linux-gnu/libfontconfig.so.1.8.0
7f8bf3db0000-7f8bf3db2000 r--p 00039000 08:02 2761239                    /usr/lib/x86_64-linux-gnu/libfontconfig.so.1.8.0
7f8bf3db2000-7f8bf3db3000 rw-p 0003b000 08:02 2761239                    /usr/lib/x86_64-linux-gnu/libfontconfig.so.1.8.0
7f8bf3db3000-7f8bf3dfd000 r-xp 00000000 08:02 2754613                    /usr/lib/x86_64-linux-gnu/libpango-1.0.so.0.3600.3
7f8bf3dfd000-7f8bf3ffd000 ---p 0004a000 08:02 2754613                    /usr/lib/x86_64-linux-gnu/libpango-1.0.so.0.3600.3
7f8bf3ffd000-7f8bf3fff000 r--p 0004a000 08:02 2754613                    /usr/lib/x86_64-linux-gnu/libpango-1.0.so.0.3600.3
7f8bf3fff000-7f8bf4000000 rw-p 0004c000 08:02 2754613                    /usr/lib/x86_64-linux-gnu/libpango-1.0.so.0.3600.3
7f8bf4000000-7f8bf4278000 rw-p 00000000 00:00 0 
7f8bf4278000-7f8bf8000000 ---p 00000000 00:00 0 
7f8bf8000000-7f8bf8021000 rw-p 00000000 00:00 0 
7f8bf8021000-7f8bfc000000 ---p 00000000 00:00 0 
7f8bfc000000-7f8bfc021000 rw-p 00000000 00:00 0 
7f8bfc021000-7f8c00000000 ---p 00000000 00:00 0 
7f8c00000000-7f8c0023b000 rw-p 00000000 00:00 0 
7f8c0023b000-7f8c04000000 ---p 00000000 00:00 0 
7f8c04000000-7f8c04021000 rw-p 00000000 00:00 0 
7f8c04021000-7f8c08000000 ---p 00000000 00:00 0 
7f8c08000000-7f8c08021000 rw-p 00000000 00:00 0 
7f8c08021000-7f8c0c000000 ---p 00000000 00:00 0 
7f8c0c000000-7f8c0c021000 rw-p 00000000 00:00 0 
7f8c0c021000-7f8c10000000 ---p 00000000 00:00 0 
7f8c10000000-7f8c10001000 r--s 00000000 08:02 928271                     /var/cache/fontconfig/0d8c3b2ac0904cb8a57a757ad11a4a08-le64.cache-4
7f8c10001000-7f8c1000c000 r--s 00000000 08:02 928268                     /var/cache/fontconfig/a6354e3ac43af67bd8d7b8e43c34e49f-le64.cache-4
7f8c1000c000-7f8c10020000 r--s 00000000 08:02 928267                     /var/cache/fontconfig/04aabc0a78ac019cf9454389977116d2-le64.cache-4
7f8c10020000-7f8c10021000 r--s 00000000 08:02 928266                     /var/cache/fontconfig/1ac9eb803944fde146138c791f5cc56a-le64.cache-4
7f8c10021000-7f8c10025000 r--s 00000000 08:02 928265                     /var/cache/fontconfig/385c0604a188198f04d133e54aba7fe7-le64.cache-4
7f8c10025000-7f8c10026000 r--s 00000000 08:02 928264                     /var/cache/fontconfig/dc05db6664285cc2f12bf69c139ae4c3-le64.cache-4
7f8c10026000-7f8c10028000 r--s 00000000 08:02 928263                     /var/cache/fontconfig/767a8244fc0220cfb567a839d0392e0b-le64.cache-4
7f8c10028000-7f8c10029000 r--s 00000000 08:02 928260                     /var/cache/fontconfig/4794a0821666d79190d59a36cb4f44b5-le64.cache-4
7f8c10029000-7f8c1002e000 r--s 00000000 08:02 928259                     /var/cache/fontconfig/8801497958630a81b71ace7c5f9b32a8-le64.cache-4
7f8c1002e000-7f8c10069000 r--s 00000000 08:02 928258                     /var/cache/fontconfig/365b55f210c0a22e9a19e35191240f32-le64.cache-4
7f8c10069000-7f8c10070000 r--s 00000000 08:02 928257                     /var/cache/fontconfig/3047814df9a2f067bd2d96a2b9c36e5a-le64.cache-4
7f8c10070000-7f8c10071000 r--s 00000000 08:02 928256                     /var/cache/fontconfig/56cf4f4769d0f4abc89a4895d7bd3ae1-le64.cache-4
7f8c10071000-7f8c10072000 r--s 00000000 08:02 928255                     /var/cache/fontconfig/b9d506c9ac06c20b433354fa67a72993-le64.cache-4
7f8c10072000-7f8c10078000 r--s 00000000 08:02 928254                     /var/cache/fontconfig/b47c4e1ecd0709278f4910c18777a504-le64.cache-4
7f8c10078000-7f8c1008b000 r--s 00000000 08:02 928251                     /var/cache/fontconfig/d52a8644073d54c13679302ca1180695-le64.cache-4
7f8c1008b000-7f8c10094000 r--s 00000000 08:02 928249                     /var/cache/fontconfig/3f7329c5293ffd510edef78f73874cfd-le64.cache-4
7f8c10094000-7f8c10098000 r--s 00000000 08:02 928248                     /var/cache/fontconfig/d589a48862398ed80a3d6066f4f56f4c-le64.cache-4
7f8c10098000-7f8c100ac000 r-xp 00000000 08:02 2754615                    /usr/lib/x86_64-linux-gnu/libpangoft2-1.0.so.0.3600.3
7f8c100ac000-7f8c102ab000 ---p 00014000 08:02 2754615                    /usr/lib/x86_64-linux-gnu/libpangoft2-1.0.so.0.3600.3
7f8c102ab000-7f8c102ac000 r--p 00013000 08:02 2754615                    /usr/lib/x86_64-linux-gnu/libpangoft2-1.0.so.0.3600.3
7f8c102ac000-7f8c102ad000 rw-p 00014000 08:02 2754615                    /usr/lib/x86_64-linux-gnu/libpangoft2-1.0.so.0.3600.3
7f8c102ad000-7f8c10419000 r-xp 00000000 08:02 2752917                    /usr/lib/x86_64-linux-gnu/libgio-2.0.so.0.4002.0
7f8c10419000-7f8c10618000 ---p 0016c000 08:02 2752917                    /usr/lib/x86_64-linux-gnu/libgio-2.0.so.0.4002.0
7f8c10618000-7f8c1061c000 r--p 0016b000 08:02 2752917                    /usr/lib/x86_64-linux-gnu/libgio-2.0.so.0.4002.0
7f8c1061c000-7f8c1061e000 rw-p 0016f000 08:02 2752917                    /usr/lib/x86_64-linux-gnu/libgio-2.0.so.0.4002.0
7f8c1061e000-7f8c10620000 rw-p 00000000 00:00 0 
7f8c10620000-7f8c1063f000 r-xp 00000000 08:02 2761286                    /usr/lib/x86_64-linux-gnu/libgdk_pixbuf-2.0.so.0.3000.7
7f8c1063f000-7f8c1083f000 ---p 0001f000 08:02 2761286                    /usr/lib/x86_64-linux-gnu/libgdk_pixbuf-2.0.so.0.3000.7
7f8c1083f000-7f8c10840000 r--p 0001f000 08:02 2761286                    /usr/lib/x86_64-linux-gnu/libgdk_pixbuf-2.0.so.0.3000.7
7f8c10840000-7f8c10841000 rw-p 00020000 08:02 2761286                    /usr/lib/x86_64-linux-gnu/libgdk_pixbuf-2.0.so.0.3000.7
7f8c10841000-7f8c10947000 r-xp 00000000 08:02 2761078                    /usr/lib/x86_64-linux-gnu/libcairo.so.2.11301.0
7f8c10947000-7f8c10b46000 ---p 00106000 08:02 2761078                    /usr/lib/x86_64-linux-gnu/libcairo.so.2.11301.0
7f8c10b46000-7f8c10b49000 r--p 00105000 08:02 2761078                    /usr/lib/x86_64-linux-gnu/libcairo.so.2.11301.0
7f8c10b49000-7f8c10b4a000 rw-p 00108000 08:02 2761078                    /usr/lib/x86_64-linux-gnu/libcairo.so.2.11301.0
7f8c10b4a000-7f8c10b4c000 rw-p 00000000 00:00 0 
7f8c10b4c000-7f8c10b6b000 r-xp 00000000 08:02 2761043                    /usr/lib/x86_64-linux-gnu/libatk-1.0.so.0.21009.1
7f8c10b6b000-7f8c10d6b000 ---p 0001f000 08:02 2761043                    /usr/lib/x86_64-linux-gnu/libatk-1.0.so.0.21009.1
7f8c10d6b000-7f8c10d6d000 r--p 0001f000 08:02 2761043                    /usr/lib/x86_64-linux-gnu/libatk-1.0.so.0.21009.1
7f8c10d6d000-7f8c10d6e000 rw-p 00021000 08:02 2761043                    /usr/lib/x86_64-linux-gnu/libatk-1.0.so.0.21009.1
7f8c10d6e000-7f8c10d73000 r-xp 00000000 08:02 2760969                    /usr/lib/x86_64-linux-gnu/libXfixes.so.3.1.0
7f8c10d73000-7f8c10f72000 ---p 00005000 08:02 2760969                    /usr/lib/x86_64-linux-gnu/libXfixes.so.3.1.0
7f8c10f72000-7f8c10f73000 r--p 00004000 08:02 2760969                    /usr/lib/x86_64-linux-gnu/libXfixes.so.3.1.0
7f8c10f73000-7f8c10f74000 rw-p 00005000 08:02 2760969                    /usr/lib/x86_64-linux-gnu/libXfixes.so.3.1.0
7f8c10f74000-7f8c110a4000 r-xp 00000000 08:02 2760950                    /usr/lib/x86_64-linux-gnu/libX11.so.6.3.0
7f8c110a4000-7f8c112a4000 ---p 00130000 08:02 2760950                    /usr/lib/x86_64-linux-gnu/libX11.so.6.3.0
7f8c112a4000-7f8c112a5000 r--p 00130000 08:02 2760950                    /usr/lib/x86_64-linux-gnu/libX11.so.6.3.0
7f8c112a5000-7f8c112a9000 rw-p 00131000 08:02 2760950                    /usr/lib/x86_64-linux-gnu/libX11.so.6.3.0
7f8c112a9000-7f8c112b4000 r-xp 00000000 08:02 2754611                    /usr/lib/x86_64-linux-gnu/libpangocairo-1.0.so.0.3600.3
7f8c112b4000-7f8c114b4000 ---p 0000b000 08:02 2754611                    /usr/lib/x86_64-linux-gnu/libpangocairo-1.0.so.0.3600.3
7f8c114b4000-7f8c114b5000 r--p 0000b000 08:02 2754611                    /usr/lib/x86_64-linux-gnu/libpangocairo-1.0.so.0.3600.3
7f8c114b5000-7f8c114b6000 rw-p 0000c000 08:02 2754611                    /usr/lib/x86_64-linux-gnu/libpangocairo-1.0.so.0.3600.3
7f8c114b6000-7f8c114b9000 r-xp 00000000 08:02 2752891                    /usr/lib/x86_64-linux-gnu/libgmodule-2.0.so.0.4002.0
7f8c114b9000-7f8c116b8000 ---p 00003000 08:02 2752891                    /usr/lib/x86_64-linux-gnu/libgmodule-2.0.so.0.4002.0
7f8c116b8000-7f8c116b9000 r--p 00002000 08:02 2752891                    /usr/lib/x86_64-linux-gnu/libgmodule-2.0.so.0.4002.0
7f8c116b9000-7f8c116ba000 rw-p 00003000 08:02 2752891                    /usr/lib/x86_64-linux-gnu/libgmodule-2.0.so.0.4002.0
7f8c116ba000-7f8c11767000 r-xp 00000000 08:02 2761284                    /usr/lib/x86_64-linux-gnu/libgdk-x11-2.0.so.0.2400.23
7f8c11767000-7f8c11966000 ---p 000ad000 08:02 2761284                    /usr/lib/x86_64-linux-gnu/libgdk-x11-2.0.so.0.2400.23
7f8c11966000-7f8c1196a000 r--p 000ac000 08:02 2761284                    /usr/lib/x86_64-linux-gnu/libgdk-x11-2.0.so.0.2400.23
7f8c1196a000-7f8c1196c000 rw-p 000b0000 08:02 2761284                    /usr/lib/x86_64-linux-gnu/libgdk-x11-2.0.so.0.2400.23
7f8c1196c000-7f8c11971000 r-xp 00000000 08:02 2760995                    /usr/lib/x86_64-linux-gnu/libXtst.so.6.1.0
7f8c11971000-7f8c11b70000 ---p 00005000 08:02 2760995                    /usr/lib/x86_64-linux-gnu/libXtst.so.6.1.0
7f8c11b70000-7f8c11b71000 r--p 00004000 08:02 2760995                    /usr/lib/x86_64-linux-gnu/libXtst.so.6.1.0
7f8c11b71000-7f8c11b72000 rw-p 00005000 08:02 2760995                    /usr/lib/x86_64-linux-gnu/libXtst.so.6.1.0
7f8c11b72000-7f8c11b73000 r-xp 00000000 08:02 2752916                    /usr/lib/x86_64-linux-gnu/libgthread-2.0.so.0.4002.0
7f8c11b73000-7f8c11d72000 ---p 00001000 08:02 2752916                    /usr/lib/x86_64-linux-gnu/libgthread-2.0.so.0.4002.0
7f8c11d72000-7f8c11d73000 r--p 00000000 08:02 2752916                    /usr/lib/x86_64-linux-gnu/libgthread-2.0.so.0.4002.0
7f8c11d73000-7f8c11d74000 rw-p 00001000 08:02 2752916                    /usr/lib/x86_64-linux-gnu/libgthread-2.0.so.0.4002.0
7f8c11d74000-7f8c121a3000 r-xp 00000000 08:02 2761460                    /usr/lib/x86_64-linux-gnu/libgtk-x11-2.0.so.0.2400.23
7f8c121a3000-7f8c123a2000 ---p 0042f000 08:02 2761460                    /usr/lib/x86_64-linux-gnu/libgtk-x11-2.0.so.0.2400.23
7f8c123a2000-7f8c123a9000 r--p 0042e000 08:02 2761460                    /usr/lib/x86_64-linux-gnu/libgtk-x11-2.0.so.0.2400.23
7f8c123a9000-7f8c123ad000 rw-p 00435000 08:02 2761460                    /usr/lib/x86_64-linux-gnu/libgtk-x11-2.0.so.0.2400.23
7f8c123ad000-7f8c123b0000 rw-p 00000000 00:00 0 
7f8c123b0000-7f8c123b1000 r--s 00000000 08:02 928253                     /var/cache/fontconfig/89034621ae2a8922916bb6bfa5799546-le64.cache-4
7f8c123b1000-7f8c123b2000 r--s 00000000 08:02 928250                     /var/cache/fontconfig/8a687c406b77f27d99abfeeba937fcce-le64.cache-4
7f8c123b2000-7f8c123b3000 r--s 00000000 08:02 928247                     /var/cache/fontconfig/0c9eb80ebd1c36541ebe2852d3bb0c49-le64.cache-4
7f8c123b3000-7f8c123b4000 r--s 00000000 08:02 928301                     /var/cache/fontconfig/8b40f4595dc58240fca3414dac057aad-le64.cache-4
7f8c123b4000-7f8c123b5000 r--s 00000000 08:02 928238                     /var/cache/fontconfig/c277e94e32b20404286a1ddafa5a80f0-le64.cache-4
7f8c123b5000-7f8c123b6000 r--s 00000000 08:02 928207                     /var/cache/fontconfig/62f91419b9ebdb6975e7e41ab6412357-le64.cache-4
7f8c123b6000-7f8c123c3000 r--s 00000000 08:02 928046                     /var/cache/fontconfig/e13b20fdb08344e0e664864cc2ede53d-le64.cache-4
7f8c123c3000-7f8c123c7000 r--s 00000000 08:02 928233                     /var/cache/fontconfig/7ef2298fde41cc6eeb7af42e48b7d293-le64.cache-4
7f8c123c7000-7f8c1243b000 r-xp 00000000 08:05 13764960                   /home/eugen/.swt/lib/linux/x86_64/libswt-pi-gtk-4430.so
7f8c1243b000-7f8c1263b000 ---p 00074000 08:05 13764960                   /home/eugen/.swt/lib/linux/x86_64/libswt-pi-gtk-4430.so
7f8c1263b000-7f8c1263e000 rw-p 00074000 08:05 13764960                   /home/eugen/.swt/lib/linux/x86_64/libswt-pi-gtk-4430.so
7f8c1263e000-7f8c12640000 rw-p 00000000 00:00 0 
7f8c12640000-7f8c126be000 r-xp 00000000 08:05 13764933                   /home/eugen/.swt/lib/linux/x86_64/libswt-gtk-4430.so
7f8c126be000-7f8c128bd000 ---p 0007e000 08:05 13764933                   /home/eugen/.swt/lib/linux/x86_64/libswt-gtk-4430.so
7f8c128bd000-7f8c128c5000 rw-p 0007d000 08:05 13764933                   /home/eugen/.swt/lib/linux/x86_64/libswt-gtk-4430.so
7f8c128c5000-7f8c128c7000 rw-p 00000000 00:00 0 
7f8c128c7000-7f8c128ca000 r--s 00019000 08:02 2893344                    /usr/lib/jvm/java-7-oracle/jre/lib/jce.jar
7f8c128ca000-7f8c128cf000 r--s 0008a000 08:02 2893273                    /usr/lib/jvm/java-7-oracle/jre/lib/jsse.jar
7f8c128cf000-7f8c128d4000 r--s 00038000 08:05 7868242                    /home/eugen/Workspace/ide/luna/eclipse/plugins/org.eclipse.text_3.5.300.v20130515-1451.jar
7f8c128d4000-7f8c128d8000 r--s 00013000 08:05 7865583                    /home/eugen/Workspace/ide/luna/eclipse/plugins/org.eclipse.osgi.services_3.4.0.v20140312-2051.jar
7f8c128d8000-7f8c128eb000 r--s 000e0000 08:05 7865171                    /home/eugen/Workspace/ide/luna/eclipse/plugins/org.eclipse.jface.text_3.9.1.v20140827-1810.jar
7f8c128eb000-7f8c12982000 r--s 00964000 08:05 7865161                    /home/eugen/Workspace/ide/luna/eclipse/plugins/org.eclipse.jdt.ui_3.10.1.v20140817-1500.jar
7f8c12982000-7f8c12987000 r--s 0004a000 08:05 7865159                    /home/eugen/Workspace/ide/luna/eclipse/plugins/org.eclipse.jdt.launching_3.7.101.v20140825-1922.jar
7f8c12987000-7f8c12989000 r--s 0000d000 08:05 7865468                    /home/eugen/Workspace/ide/luna/eclipse/plugins/org.eclipse.jdt.compiler.tool_1.0.300.v20140311-1758.jar
7f8c12989000-7f8c1298c000 r--s 00025000 08:05 7865529                    /home/eugen/Workspace/ide/luna/eclipse/plugins/org.eclipse.jdt.compiler.apt_1.1.0.v20140509-1235.jar
7f8c1298c000-7f8c129b9000 r--s 00522000 08:05 7865154                    /home/eugen/Workspace/ide/luna/eclipse/plugins/org.eclipse.jdt.core_3.10.0.v20140902-0626.jar
7f8c129b9000-7f8c129c0000 r--s 0003f000 08:05 7868202                    /home/eugen/Workspace/ide/luna/eclipse/plugins/org.eclipse.e4.ui.workbench_1.2.1.v20140901-1244.jar
7f8c129c0000-7f8c129c7000 r--s 00055000 08:05 7868251                    /home/eugen/Workspace/ide/luna/eclipse/plugins/org.eclipse.e4.ui.model.workbench_1.1.0.v20140512-1820.jar
7f8c129c7000-7f8c129c9000 r--s 0000c000 08:05 7865835                    /home/eugen/Workspace/ide/luna/eclipse/plugins/org.eclipse.e4.core.di_1.4.0.v20140414-1837.jar
7f8c129c9000-7f8c129cb000 r--s 00014000 08:05 7868274                    /home/eugen/Workspace/ide/luna/eclipse/plugins/org.eclipse.core.expressions_3.4.600.v20140128-0851.jar
7f8c129cb000-7f8c129e0000 r--s 00107000 08:05 7865169                    /home/eugen/Workspace/ide/luna/eclipse/plugins/org.eclipse.jface_3.10.1.v20140813-1009.jar
7f8c129e0000-7f8c129f5000 r--s 00266000 08:05 7865260                    /home/eugen/Workspace/ide/luna/eclipse/plugins/org.eclipse.swt.gtk.linux.x86_64_3.103.1.v20140903-1947.jar
7f8c129f5000-7f8c129fd000 r--s 0003a000 08:05 7865262                    /home/eugen/Workspace/ide/luna/eclipse/plugins/org.eclipse.ui_3.106.0.v20140812-1751.jar
7f8c129fd000-7f8c129fe000 ---p 00000000 00:00 0 
7f8c129fe000-7f8c12afe000 rw-p 00000000 00:00 0                          [stack:861]
7f8c12afe000-7f8c12b01000 ---p 00000000 00:00 0 
7f8c12b01000-7f8c12bff000 rw-p 00000000 00:00 0                          [stack:860]
7f8c12bff000-7f8c12c02000 ---p 00000000 00:00 0 
7f8c12c02000-7f8c12d00000 rw-p 00000000 00:00 0                          [stack:859]
7f8c12d00000-7f8c12d03000 ---p 00000000 00:00 0 
7f8c12d03000-7f8c12e01000 rw-p 00000000 00:00 0                          [stack:858]
7f8c12e01000-7f8c12e04000 ---p 00000000 00:00 0 
7f8c12e04000-7f8c12f02000 rw-p 00000000 00:00 0                          [stack:857]
7f8c12f02000-7f8c13754000 r--p 00000000 08:02 2760058                    /usr/lib/locale/locale-archive
7f8c13754000-7f8c13757000 ---p 00000000 00:00 0 
7f8c13757000-7f8c13855000 rw-p 00000000 00:00 0                          [stack:856]
7f8c13855000-7f8c13858000 ---p 00000000 00:00 0 
7f8c13858000-7f8c13956000 rw-p 00000000 00:00 0                          [stack:855]
7f8c13956000-7f8c13957000 ---p 00000000 00:00 0 
7f8c13957000-7f8c18000000 rw-p 00000000 00:00 0                          [stack:854]
7f8c18000000-7f8c18021000 rw-p 00000000 00:00 0 
7f8c18021000-7f8c1c000000 ---p 00000000 00:00 0 
7f8c1c000000-7f8c1c021000 rw-p 00000000 00:00 0 
7f8c1c021000-7f8c20000000 ---p 00000000 00:00 0 
7f8c20000000-7f8c20021000 rw-p 00000000 00:00 0 
7f8c20021000-7f8c24000000 ---p 00000000 00:00 0 
7f8c24000000-7f8c24021000 rw-p 00000000 00:00 0 
7f8c24021000-7f8c28000000 ---p 00000000 00:00 0 
7f8c28000000-7f8c28021000 rw-p 00000000 00:00 0 
7f8c28021000-7f8c2c000000 ---p 00000000 00:00 0 
7f8c2c000000-7f8c2c021000 rw-p 00000000 00:00 0 
7f8c2c021000-7f8c30000000 ---p 00000000 00:00 0 
7f8c30000000-7f8c30021000 rw-p 00000000 00:00 0 
7f8c30021000-7f8c34000000 ---p 00000000 00:00 0 
7f8c34000000-7f8c34021000 rw-p 00000000 00:00 0 
7f8c34021000-7f8c38000000 ---p 00000000 00:00 0 
7f8c38000000-7f8c38003000 r--s 00018000 08:05 7865801                    /home/eugen/Workspace/ide/luna/eclipse/plugins/org.eclipse.core.commands_3.6.100.v20140528-1422.jar
7f8c38003000-7f8c3800e000 r--s 000c1000 08:05 7865115                    /home/eugen/Workspace/ide/luna/eclipse/plugins/org.eclipse.core.resources_3.9.1.v20140825-1431.jar
7f8c3800e000-7f8c38052000 r--s 00390000 08:05 7865265                    /home/eugen/Workspace/ide/luna/eclipse/plugins/org.eclipse.ui.workbench_3.106.1.v20140827-1737.jar
7f8c38052000-7f8c38055000 r--s 00013000 08:05 7868325                    /home/eugen/Workspace/ide/luna/eclipse/plugins/org.eclipse.equinox.app_1.3.200.v20130910-1609.jar
7f8c38055000-7f8c38059000 r--s 0001c000 08:05 7868276                    /home/eugen/Workspace/ide/luna/eclipse/plugins/org.eclipse.equinox.preferences_3.5.200.v20140224-1527.jar
7f8c38059000-7f8c3806d000 r--s 00121000 08:05 7868414                    /home/eugen/Workspace/ide/luna/eclipse/plugins/org.eclipse.osgi_3.10.1.v20140909-1633.jar
7f8c3806d000-7f8c39000000 rw-p 00000000 00:00 0 
7f8c39000000-7f8c39270000 rwxp 00000000 00:00 0 
7f8c39270000-7f8c3c502000 rw-p 00000000 00:00 0 
7f8c3c502000-7f8c40000000 ---p 00000000 00:00 0 
7f8c40000000-7f8c40001000 r--s 00004000 08:05 7865259                    /home/eugen/Workspace/ide/luna/eclipse/plugins/org.eclipse.swt_3.103.1.v20140903-1938.jar
7f8c40001000-7f8c40003000 r--s 00015000 08:05 7865775                    /home/eugen/Workspace/ide/luna/eclipse/plugins/org.eclipse.core.contenttype_3.4.200.v20140207-1251.jar
7f8c40003000-7f8c40007000 r--s 00029000 08:05 7865751                    /home/eugen/Workspace/ide/luna/eclipse/plugins/org.eclipse.equinox.registry_3.5.400.v20140428-1507.jar
7f8c40007000-7f8c40009000 r--s 00002000 08:05 7866645                    /home/eugen/Workspace/ide/luna/eclipse/plugins/org.eclipse.core.runtime.compatibility.registry_3.5.300.v20140128-0851/runtime_registry_compatibility.jar
7f8c40009000-7f8c403db000 rw-p 00000000 00:00 0 
7f8c403db000-7f8c4059b000 r--s 039ea000 08:02 2893253                    /usr/lib/jvm/java-7-oracle/jre/lib/rt.jar
7f8c4059b000-7f8c40a84000 rw-p 00000000 00:00 0 
7f8c40a84000-7f8c40a85000 ---p 00000000 00:00 0 
7f8c40a85000-7f8c40b85000 rw-p 00000000 00:00 0                          [stack:853]
7f8c40b85000-7f8c40b86000 ---p 00000000 00:00 0 
7f8c40b86000-7f8c40c86000 rw-p 00000000 00:00 0                          [stack:852]
7f8c40c86000-7f8c40c87000 ---p 00000000 00:00 0 
7f8c40c87000-7f8c40d87000 rw-p 00000000 00:00 0                          [stack:851]
7f8c40d87000-7f8c40d88000 ---p 00000000 00:00 0 
7f8c40d88000-7f8c40e88000 rw-p 00000000 00:00 0                          [stack:850]
7f8c40e88000-7f8c40e89000 ---p 00000000 00:00 0 
7f8c40e89000-7f8c40f89000 rw-p 00000000 00:00 0                          [stack:849]
7f8c40f89000-7f8c40f8a000 ---p 00000000 00:00 0 
7f8c40f8a000-7f8c4108a000 rw-p 00000000 00:00 0                          [stack:848]
7f8c4108a000-7f8c4108b000 ---p 00000000 00:00 0 
7f8c4108b000-7f8c4118b000 rw-p 00000000 00:00 0                          [stack:847]
7f8c4118b000-7f8c4118c000 ---p 00000000 00:00 0 
7f8c4118c000-7f8c41297000 rw-p 00000000 00:00 0                          [stack:846]
7f8c41297000-7f8c412b5000 rw-p 00000000 00:00 0 
7f8c412b5000-7f8c412dc000 rw-p 00000000 00:00 0 
7f8c412dc000-7f8c41521000 rw-p 00000000 00:00 0 
7f8c41521000-7f8c4152c000 rw-p 00000000 00:00 0 
7f8c4152c000-7f8c4154a000 rw-p 00000000 00:00 0 
7f8c4154a000-7f8c41571000 rw-p 00000000 00:00 0 
7f8c41571000-7f8c417b5000 rw-p 00000000 00:00 0 
7f8c417b5000-7f8c417c9000 rw-p 00000000 00:00 0 
7f8c417c9000-7f8c418eb000 rw-p 00000000 00:00 0 
7f8c418eb000-7f8c418ec000 rw-p 00000000 00:00 0 
7f8c418ec000-7f8c41906000 r-xp 00000000 08:02 2893328                    /usr/lib/jvm/java-7-oracle/jre/lib/amd64/libzip.so
7f8c41906000-7f8c41b06000 ---p 0001a000 08:02 2893328                    /usr/lib/jvm/java-7-oracle/jre/lib/amd64/libzip.so
7f8c41b06000-7f8c41b07000 rw-p 0001a000 08:02 2893328                    /usr/lib/jvm/java-7-oracle/jre/lib/amd64/libzip.so
7f8c41b07000-7f8c41b12000 r-xp 00000000 08:02 262237                     /lib/x86_64-linux-gnu/libnss_files-2.19.so
7f8c41b12000-7f8c41d11000 ---p 0000b000 08:02 262237                     /lib/x86_64-linux-gnu/libnss_files-2.19.so
7f8c41d11000-7f8c41d12000 r--p 0000a000 08:02 262237                     /lib/x86_64-linux-gnu/libnss_files-2.19.so
7f8c41d12000-7f8c41d13000 rw-p 0000b000 08:02 262237                     /lib/x86_64-linux-gnu/libnss_files-2.19.so
7f8c41d13000-7f8c41d1e000 r-xp 00000000 08:02 262244                     /lib/x86_64-linux-gnu/libnss_nis-2.19.so
7f8c41d1e000-7f8c41f1d000 ---p 0000b000 08:02 262244                     /lib/x86_64-linux-gnu/libnss_nis-2.19.so
7f8c41f1d000-7f8c41f1e000 r--p 0000a000 08:02 262244                     /lib/x86_64-linux-gnu/libnss_nis-2.19.so
7f8c41f1e000-7f8c41f1f000 rw-p 0000b000 08:02 262244                     /lib/x86_64-linux-gnu/libnss_nis-2.19.so
7f8c41f1f000-7f8c41f36000 r-xp 00000000 08:02 262170                     /lib/x86_64-linux-gnu/libnsl-2.19.so
7f8c41f36000-7f8c42135000 ---p 00017000 08:02 262170                     /lib/x86_64-linux-gnu/libnsl-2.19.so
7f8c42135000-7f8c42136000 r--p 00016000 08:02 262170                     /lib/x86_64-linux-gnu/libnsl-2.19.so
7f8c42136000-7f8c42137000 rw-p 00017000 08:02 262170                     /lib/x86_64-linux-gnu/libnsl-2.19.so
7f8c42137000-7f8c42139000 rw-p 00000000 00:00 0 
7f8c42139000-7f8c42142000 r-xp 00000000 08:02 262241                     /lib/x86_64-linux-gnu/libnss_compat-2.19.so
7f8c42142000-7f8c42341000 ---p 00009000 08:02 262241                     /lib/x86_64-linux-gnu/libnss_compat-2.19.so
7f8c42341000-7f8c42342000 r--p 00008000 08:02 262241                     /lib/x86_64-linux-gnu/libnss_compat-2.19.so
7f8c42342000-7f8c42343000 rw-p 00009000 08:02 262241                     /lib/x86_64-linux-gnu/libnss_compat-2.19.so
7f8c42343000-7f8c4236c000 r-xp 00000000 08:02 2893309                    /usr/lib/jvm/java-7-oracle/jre/lib/amd64/libjava.so
7f8c4236c000-7f8c4256c000 ---p 00029000 08:02 2893309                    /usr/lib/jvm/java-7-oracle/jre/lib/amd64/libjava.so
7f8c4256c000-7f8c4256e000 rw-p 00029000 08:02 2893309                    /usr/lib/jvm/java-7-oracle/jre/lib/amd64/libjava.so
7f8c4256e000-7f8c4257b000 r-xp 00000000 08:02 2893319                    /usr/lib/jvm/java-7-oracle/jre/lib/amd64/libverify.so
7f8c4257b000-7f8c4277a000 ---p 0000d000 08:02 2893319                    /usr/lib/jvm/java-7-oracle/jre/lib/amd64/libverify.so
7f8c4277a000-7f8c4277c000 rw-p 0000c000 08:02 2893319                    /usr/lib/jvm/java-7-oracle/jre/lib/amd64/libverify.so
7f8c4277c000-7f8c42783000 r-xp 00000000 08:02 262247                     /lib/x86_64-linux-gnu/librt-2.19.so
7f8c42783000-7f8c42982000 ---p 00007000 08:02 262247                     /lib/x86_64-linux-gnu/librt-2.19.so
7f8c42982000-7f8c42983000 r--p 00006000 08:02 262247                     /lib/x86_64-linux-gnu/librt-2.19.so
7f8c42983000-7f8c42984000 rw-p 00007000 08:02 262247                     /lib/x86_64-linux-gnu/librt-2.19.so
7f8c42984000-7f8c42a89000 r-xp 00000000 08:02 262163                     /lib/x86_64-linux-gnu/libm-2.19.so
7f8c42a89000-7f8c42c88000 ---p 00105000 08:02 262163                     /lib/x86_64-linux-gnu/libm-2.19.so
7f8c42c88000-7f8c42c89000 r--p 00104000 08:02 262163                     /lib/x86_64-linux-gnu/libm-2.19.so
7f8c42c89000-7f8c42c8a000 rw-p 00105000 08:02 262163                     /lib/x86_64-linux-gnu/libm-2.19.so
7f8c42c8a000-7f8c437fd000 r-xp 00000000 08:02 3415476                    /usr/lib/jvm/java-7-oracle/jre/lib/amd64/server/libjvm.so
7f8c437fd000-7f8c439fc000 ---p 00b73000 08:02 3415476                    /usr/lib/jvm/java-7-oracle/jre/lib/amd64/server/libjvm.so
7f8c439fc000-7f8c43ac0000 rw-p 00b72000 08:02 3415476                    /usr/lib/jvm/java-7-oracle/jre/lib/amd64/server/libjvm.so
7f8c43ac0000-7f8c43b01000 rw-p 00000000 00:00 0 
7f8c43b01000-7f8c43cbc000 r-xp 00000000 08:02 262245                     /lib/x86_64-linux-gnu/libc-2.19.so
7f8c43cbc000-7f8c43ebc000 ---p 001bb000 08:02 262245                     /lib/x86_64-linux-gnu/libc-2.19.so
7f8c43ebc000-7f8c43ec0000 r--p 001bb000 08:02 262245                     /lib/x86_64-linux-gnu/libc-2.19.so
7f8c43ec0000-7f8c43ec2000 rw-p 001bf000 08:02 262245                     /lib/x86_64-linux-gnu/libc-2.19.so
7f8c43ec2000-7f8c43ec7000 rw-p 00000000 00:00 0 
7f8c43ec7000-7f8c43eca000 r-xp 00000000 08:02 262239                     /lib/x86_64-linux-gnu/libdl-2.19.so
7f8c43eca000-7f8c440c9000 ---p 00003000 08:02 262239                     /lib/x86_64-linux-gnu/libdl-2.19.so
7f8c440c9000-7f8c440ca000 r--p 00002000 08:02 262239                     /lib/x86_64-linux-gnu/libdl-2.19.so
7f8c440ca000-7f8c440cb000 rw-p 00003000 08:02 262239                     /lib/x86_64-linux-gnu/libdl-2.19.so
7f8c440cb000-7f8c440e1000 r-xp 00000000 08:02 5117554                    /usr/lib/jvm/java-7-oracle/lib/amd64/jli/libjli.so
7f8c440e1000-7f8c442e1000 ---p 00016000 08:02 5117554                    /usr/lib/jvm/java-7-oracle/lib/amd64/jli/libjli.so
7f8c442e1000-7f8c442e2000 rw-p 00016000 08:02 5117554                    /usr/lib/jvm/java-7-oracle/lib/amd64/jli/libjli.so
7f8c442e2000-7f8c442fb000 r-xp 00000000 08:02 262234                     /lib/x86_64-linux-gnu/libpthread-2.19.so
7f8c442fb000-7f8c444fa000 ---p 00019000 08:02 262234                     /lib/x86_64-linux-gnu/libpthread-2.19.so
7f8c444fa000-7f8c444fb000 r--p 00018000 08:02 262234                     /lib/x86_64-linux-gnu/libpthread-2.19.so
7f8c444fb000-7f8c444fc000 rw-p 00019000 08:02 262234                     /lib/x86_64-linux-gnu/libpthread-2.19.so
7f8c444fc000-7f8c44500000 rw-p 00000000 00:00 0 
7f8c44500000-7f8c44523000 r-xp 00000000 08:02 262242                     /lib/x86_64-linux-gnu/ld-2.19.so
7f8c44523000-7f8c4454e000 rw-p 00000000 00:00 0 
7f8c4454e000-7f8c44604000 rw-p 00000000 00:00 0 
7f8c44604000-7f8c44607000 ---p 00000000 00:00 0 
7f8c44607000-7f8c44709000 rw-p 00000000 00:00 0                          [stack:845]
7f8c44709000-7f8c4470a000 r--s 00002000 08:05 7865822                    /home/eugen/Workspace/ide/luna/eclipse/plugins/org.eclipse.e4.ui.workbench3_0.12.0.v20140227-2118.jar
7f8c4470a000-7f8c4470c000 r--s 00016000 08:05 7868236                    /home/eugen/Workspace/ide/luna/eclipse/plugins/org.eclipse.core.jobs_3.6.0.v20140424-0053.jar
7f8c4470c000-7f8c4470f000 r--s 00018000 08:05 7865708                    /home/eugen/Workspace/ide/luna/eclipse/plugins/org.eclipse.equinox.common_3.6.200.v20130402-1505.jar
7f8c4470f000-7f8c44712000 r--s 00039000 08:05 7868218                    /home/eugen/Workspace/ide/luna/eclipse/plugins/org.eclipse.osgi.compatibility.state_1.0.1.v20140709-1414.jar
7f8c44712000-7f8c44713000 r--s 00002000 08:05 7865749                    /home/eugen/Workspace/ide/luna/eclipse/plugins/javax.inject_1.0.0.v20091030.jar
7f8c44713000-7f8c44714000 r--s 00006000 08:05 7865828                    /home/eugen/Workspace/ide/luna/eclipse/plugins/javax.annotation_1.2.0.v201401042248.jar
7f8c44714000-7f8c44716000 r--s 00011000 08:05 7865768                    /home/eugen/Workspace/ide/luna/eclipse/plugins/org.eclipse.core.runtime_3.10.0.v20140318-2214.jar
7f8c44716000-7f8c4471e000 rw-s 00000000 08:02 655421                     /tmp/hsperfdata_eugen/839
7f8c4471e000-7f8c4471f000 rw-p 00000000 00:00 0 
7f8c4471f000-7f8c44720000 r--p 00000000 00:00 0 
7f8c44720000-7f8c44722000 rw-p 00000000 00:00 0 
7f8c44722000-7f8c44723000 r--p 00022000 08:02 262242                     /lib/x86_64-linux-gnu/ld-2.19.so
7f8c44723000-7f8c44724000 rw-p 00023000 08:02 262242                     /lib/x86_64-linux-gnu/ld-2.19.so
7f8c44724000-7f8c44725000 rw-p 00000000 00:00 0 
7fff5d329000-7fff5d34b000 rw-p 00000000 00:00 0                          [stack]
7fff5d3fe000-7fff5d400000 r-xp 00000000 00:00 0                          [vdso]
ffffffffff600000-ffffffffff601000 r-xp 00000000 00:00 0                  [vsyscall]

VM Arguments:
jvm_args: -Dfile.encoding=UTF-8 
java_command: org.eclipse.plugin.kpax.javabinder.model.Snippet131
Launcher Type: SUN_STANDARD

Environment Variables:
JAVA_HOME=/usr/lib/jvm/java-7-oracle
PATH=/usr/local/sbin:/usr/local/bin:/usr/sbin:/usr/bin:/sbin:/bin:/usr/games:/usr/local/games:/usr/lib/jvm/java-7-oracle/bin:/usr/lib/jvm/java-7-oracle/db/bin:/usr/lib/jvm/java-7-oracle/jre/bin
USERNAME=eugen
SHELL=/bin/bash
DISPLAY=:0

Signal Handlers:
SIGSEGV: [libjvm.so+0x9a1a10], sa_mask[0]=0x7ffbfeff, sa_flags=0x10000004
SIGBUS: [libjvm.so+0x9a1a10], sa_mask[0]=0x7ffbfeff, sa_flags=0x10000004
SIGFPE: [libjvm.so+0x81bae0], sa_mask[0]=0x7ffbfeff, sa_flags=0x10000004
SIGPIPE: SIG_IGN, sa_mask[0]=0x00001000, sa_flags=0x10000000
SIGXFSZ: [libjvm.so+0x81bae0], sa_mask[0]=0x7ffbfeff, sa_flags=0x10000004
SIGILL: [libjvm.so+0x81bae0], sa_mask[0]=0x7ffbfeff, sa_flags=0x10000004
SIGUSR1: SIG_DFL, sa_mask[0]=0x00000000, sa_flags=0x00000000
SIGUSR2: [libjvm.so+0x81d2e0], sa_mask[0]=0x00000004, sa_flags=0x10000004
SIGHUP: [libjvm.so+0x81e400], sa_mask[0]=0x7ffbfeff, sa_flags=0x10000004
SIGINT: [libjvm.so+0x81e400], sa_mask[0]=0x7ffbfeff, sa_flags=0x10000004
SIGTERM: [libjvm.so+0x81e400], sa_mask[0]=0x7ffbfeff, sa_flags=0x10000004
SIGQUIT: [libjvm.so+0x81e400], sa_mask[0]=0x7ffbfeff, sa_flags=0x10000004


---------------  S Y S T E M  ---------------

OS:jessie/sid

uname:Linux 3.13.0-43-generic #72-Ubuntu SMP Mon Dec 8 19:35:06 UTC 2014 x86_64
libc:glibc 2.19 NPTL 2.19 
rlimit: STACK 8192k, CORE 0k, NPROC 59241, NOFILE 4096, AS infinity
load average:0,28 0,38 0,39

/proc/meminfo:
MemTotal:        7604484 kB
MemFree:         1306980 kB
Buffers:          174604 kB
Cached:          2511228 kB
SwapCached:            0 kB
Active:          3454192 kB
Inactive:        2121264 kB
Active(anon):    2285760 kB
Inactive(anon):   957052 kB
Active(file):    1168432 kB
Inactive(file):  1164212 kB
Unevictable:         672 kB
Mlocked:             672 kB
SwapTotal:       3905532 kB
SwapFree:        3905532 kB
Dirty:               176 kB
Writeback:             0 kB
AnonPages:       2890312 kB
Mapped:           288820 kB
Shmem:            353152 kB
Slab:             591252 kB
SReclaimable:     543184 kB
SUnreclaim:        48068 kB
KernelStack:        6408 kB
PageTables:        43752 kB
NFS_Unstable:          0 kB
Bounce:                0 kB
WritebackTmp:          0 kB
CommitLimit:     7707772 kB
Committed_AS:    8730792 kB
VmallocTotal:   34359738367 kB
VmallocUsed:      554200 kB
VmallocChunk:   34359101224 kB
HardwareCorrupted:     0 kB
AnonHugePages:   1533952 kB
HugePages_Total:       0
HugePages_Free:        0
HugePages_Rsvd:        0
HugePages_Surp:        0
Hugepagesize:       2048 kB
DirectMap4k:      146944 kB
DirectMap2M:     7661568 kB
DirectMap1G:           0 kB


CPU:total 8 (4 cores per cpu, 2 threads per core) family 6 model 60 stepping 3, cmov, cx8, fxsr, mmx, sse, sse2, sse3, ssse3, sse4.1, sse4.2, popcnt, avx, avx2, aes, erms, ht, tsc, tscinvbit

/proc/cpuinfo:
processor	: 0
vendor_id	: GenuineIntel
cpu family	: 6
model		: 60
model name	: Intel(R) Core(TM) i7-4702MQ CPU @ 2.20GHz
stepping	: 3
microcode	: 0x17
cpu MHz		: 800.000
cache size	: 6144 KB
physical id	: 0
siblings	: 8
core id		: 0
cpu cores	: 4
apicid		: 0
initial apicid	: 0
fpu		: yes
fpu_exception	: yes
cpuid level	: 13
wp		: yes
flags		: fpu vme de pse tsc msr pae mce cx8 apic sep mtrr pge mca cmov pat pse36 clflush dts acpi mmx fxsr sse sse2 ss ht tm pbe syscall nx pdpe1gb rdtscp lm constant_tsc arch_perfmon pebs bts rep_good nopl xtopology nonstop_tsc aperfmperf eagerfpu pni pclmulqdq dtes64 monitor ds_cpl vmx est tm2 ssse3 fma cx16 xtpr pdcm pcid sse4_1 sse4_2 movbe popcnt tsc_deadline_timer aes xsave avx f16c rdrand lahf_lm abm ida arat epb xsaveopt pln pts dtherm tpr_shadow vnmi flexpriority ept vpid fsgsbase tsc_adjust bmi1 avx2 smep bmi2 erms invpcid
bogomips	: 4389.39
clflush size	: 64
cache_alignment	: 64
address sizes	: 39 bits physical, 48 bits virtual
power management:

processor	: 1
vendor_id	: GenuineIntel
cpu family	: 6
model		: 60
model name	: Intel(R) Core(TM) i7-4702MQ CPU @ 2.20GHz
stepping	: 3
microcode	: 0x17
cpu MHz		: 800.000
cache size	: 6144 KB
physical id	: 0
siblings	: 8
core id		: 0
cpu cores	: 4
apicid		: 1
initial apicid	: 1
fpu		: yes
fpu_exception	: yes
cpuid level	: 13
wp		: yes
flags		: fpu vme de pse tsc msr pae mce cx8 apic sep mtrr pge mca cmov pat pse36 clflush dts acpi mmx fxsr sse sse2 ss ht tm pbe syscall nx pdpe1gb rdtscp lm constant_tsc arch_perfmon pebs bts rep_good nopl xtopology nonstop_tsc aperfmperf eagerfpu pni pclmulqdq dtes64 monitor ds_cpl vmx est tm2 ssse3 fma cx16 xtpr pdcm pcid sse4_1 sse4_2 movbe popcnt tsc_deadline_timer aes xsave avx f16c rdrand lahf_lm abm ida arat epb xsaveopt pln pts dtherm tpr_shadow vnmi flexpriority ept vpid fsgsbase tsc_adjust bmi1 avx2 smep bmi2 erms invpcid
bogomips	: 4389.39
clflush size	: 64
cache_alignment	: 64
address sizes	: 39 bits physical, 48 bits virtual
power management:

processor	: 2
vendor_id	: GenuineIntel
cpu family	: 6
model		: 60
model name	: Intel(R) Core(TM) i7-4702MQ CPU @ 2.20GHz
stepping	: 3
microcode	: 0x17
cpu MHz		: 1000.000
cache size	: 6144 KB
physical id	: 0
siblings	: 8
core id		: 1
cpu cores	: 4
apicid		: 2
initial apicid	: 2
fpu		: yes
fpu_exception	: yes
cpuid level	: 13
wp		: yes
flags		: fpu vme de pse tsc msr pae mce cx8 apic sep mtrr pge mca cmov pat pse36 clflush dts acpi mmx fxsr sse sse2 ss ht tm pbe syscall nx pdpe1gb rdtscp lm constant_tsc arch_perfmon pebs bts rep_good nopl xtopology nonstop_tsc aperfmperf eagerfpu pni pclmulqdq dtes64 monitor ds_cpl vmx est tm2 ssse3 fma cx16 xtpr pdcm pcid sse4_1 sse4_2 movbe popcnt tsc_deadline_timer aes xsave avx f16c rdrand lahf_lm abm ida arat epb xsaveopt pln pts dtherm tpr_shadow vnmi flexpriority ept vpid fsgsbase tsc_adjust bmi1 avx2 smep bmi2 erms invpcid
bogomips	: 4389.39
clflush size	: 64
cache_alignment	: 64
address sizes	: 39 bits physical, 48 bits virtual
power management:

processor	: 3
vendor_id	: GenuineIntel
cpu family	: 6
model		: 60
model name	: Intel(R) Core(TM) i7-4702MQ CPU @ 2.20GHz
stepping	: 3
microcode	: 0x17
cpu MHz		: 800.000
cache size	: 6144 KB
physical id	: 0
siblings	: 8
core id		: 1
cpu cores	: 4
apicid		: 3
initial apicid	: 3
fpu		: yes
fpu_exception	: yes
cpuid level	: 13
wp		: yes
flags		: fpu vme de pse tsc msr pae mce cx8 apic sep mtrr pge mca cmov pat pse36 clflush dts acpi mmx fxsr sse sse2 ss ht tm pbe syscall nx pdpe1gb rdtscp lm constant_tsc arch_perfmon pebs bts rep_good nopl xtopology nonstop_tsc aperfmperf eagerfpu pni pclmulqdq dtes64 monitor ds_cpl vmx est tm2 ssse3 fma cx16 xtpr pdcm pcid sse4_1 sse4_2 movbe popcnt tsc_deadline_timer aes xsave avx f16c rdrand lahf_lm abm ida arat epb xsaveopt pln pts dtherm tpr_shadow vnmi flexpriority ept vpid fsgsbase tsc_adjust bmi1 avx2 smep bmi2 erms invpcid
bogomips	: 4389.39
clflush size	: 64
cache_alignment	: 64
address sizes	: 39 bits physical, 48 bits virtual
power management:

processor	: 4
vendor_id	: GenuineIntel
cpu family	: 6
model		: 60
model name	: Intel(R) Core(TM) i7-4702MQ CPU @ 2.20GHz
stepping	: 3
microcode	: 0x17
cpu MHz		: 800.000
cache size	: 6144 KB
physical id	: 0
siblings	: 8
core id		: 2
cpu cores	: 4
apicid		: 4
initial apicid	: 4
fpu		: yes
fpu_exception	: yes
cpuid level	: 13
wp		: yes
flags		: fpu vme de pse tsc msr pae mce cx8 apic sep mtrr pge mca cmov pat pse36 clflush dts acpi mmx fxsr sse sse2 ss ht tm pbe syscall nx pdpe1gb rdtscp lm constant_tsc arch_perfmon pebs bts rep_good nopl xtopology nonstop_tsc aperfmperf eagerfpu pni pclmulqdq dtes64 monitor ds_cpl vmx est tm2 ssse3 fma cx16 xtpr pdcm pcid sse4_1 sse4_2 movbe popcnt tsc_deadline_timer aes xsave avx f16c rdrand lahf_lm abm ida arat epb xsaveopt pln pts dtherm tpr_shadow vnmi flexpriority ept vpid fsgsbase tsc_adjust bmi1 avx2 smep bmi2 erms invpcid
bogomips	: 4389.39
clflush size	: 64
cache_alignment	: 64
address sizes	: 39 bits physical, 48 bits virtual
power management:

processor	: 5
vendor_id	: GenuineIntel
cpu family	: 6
model		: 60
model name	: Intel(R) Core(TM) i7-4702MQ CPU @ 2.20GHz
stepping	: 3
microcode	: 0x17
cpu MHz		: 800.000
cache size	: 6144 KB
physical id	: 0
siblings	: 8
core id		: 2
cpu cores	: 4
apicid		: 5
initial apicid	: 5
fpu		: yes
fpu_exception	: yes
cpuid level	: 13
wp		: yes
flags		: fpu vme de pse tsc msr pae mce cx8 apic sep mtrr pge mca cmov pat pse36 clflush dts acpi mmx fxsr sse sse2 ss ht tm pbe syscall nx pdpe1gb rdtscp lm constant_tsc arch_perfmon pebs bts rep_good nopl xtopology nonstop_tsc aperfmperf eagerfpu pni pclmulqdq dtes64 monitor ds_cpl vmx est tm2 ssse3 fma cx16 xtpr pdcm pcid sse4_1 sse4_2 movbe popcnt tsc_deadline_timer aes xsave avx f16c rdrand lahf_lm abm ida arat epb xsaveopt pln pts dtherm tpr_shadow vnmi flexpriority ept vpid fsgsbase tsc_adjust bmi1 avx2 smep bmi2 erms invpcid
bogomips	: 4389.39
clflush size	: 64
cache_alignment	: 64
address sizes	: 39 bits physical, 48 bits virtual
power management:

processor	: 6
vendor_id	: GenuineIntel
cpu family	: 6
model		: 60
model name	: Intel(R) Core(TM) i7-4702MQ CPU @ 2.20GHz
stepping	: 3
microcode	: 0x17
cpu MHz		: 2201.000
cache size	: 6144 KB
physical id	: 0
siblings	: 8
core id		: 3
cpu cores	: 4
apicid		: 6
initial apicid	: 6
fpu		: yes
fpu_exception	: yes
cpuid level	: 13
wp		: yes
flags		: fpu vme de pse tsc msr pae mce cx8 apic sep mtrr pge mca cmov pat pse36 clflush dts acpi mmx fxsr sse sse2 ss ht tm pbe syscall nx pdpe1gb rdtscp lm constant_tsc arch_perfmon pebs bts rep_good nopl xtopology nonstop_tsc aperfmperf eagerfpu pni pclmulqdq dtes64 monitor ds_cpl vmx est tm2 ssse3 fma cx16 xtpr pdcm pcid sse4_1 sse4_2 movbe popcnt tsc_deadline_timer aes xsave avx f16c rdrand lahf_lm abm ida arat epb xsaveopt pln pts dtherm tpr_shadow vnmi flexpriority ept vpid fsgsbase tsc_adjust bmi1 avx2 smep bmi2 erms invpcid
bogomips	: 4389.39
clflush size	: 64
cache_alignment	: 64
address sizes	: 39 bits physical, 48 bits virtual
power management:

processor	: 7
vendor_id	: GenuineIntel
cpu family	: 6
model		: 60
model name	: Intel(R) Core(TM) i7-4702MQ CPU @ 2.20GHz
stepping	: 3
microcode	: 0x17
cpu MHz		: 800.000
cache size	: 6144 KB
physical id	: 0
siblings	: 8
core id		: 3
cpu cores	: 4
apicid		: 7
initial apicid	: 7
fpu		: yes
fpu_exception	: yes
cpuid level	: 13
wp		: yes
flags		: fpu vme de pse tsc msr pae mce cx8 apic sep mtrr pge mca cmov pat pse36 clflush dts acpi mmx fxsr sse sse2 ss ht tm pbe syscall nx pdpe1gb rdtscp lm constant_tsc arch_perfmon pebs bts rep_good nopl xtopology nonstop_tsc aperfmperf eagerfpu pni pclmulqdq dtes64 monitor ds_cpl vmx est tm2 ssse3 fma cx16 xtpr pdcm pcid sse4_1 sse4_2 movbe popcnt tsc_deadline_timer aes xsave avx f16c rdrand lahf_lm abm ida arat epb xsaveopt pln pts dtherm tpr_shadow vnmi flexpriority ept vpid fsgsbase tsc_adjust bmi1 avx2 smep bmi2 erms invpcid
bogomips	: 4389.39
clflush size	: 64
cache_alignment	: 64
address sizes	: 39 bits physical, 48 bits virtual
power management:



Memory: 4k page, physical 7604484k(1306980k free), swap 3905532k(3905532k free)

vm_info: Java HotSpot(TM) 64-Bit Server VM (24.72-b04) for linux-amd64 JRE (1.7.0_72-b14), built on Sep 26 2014 18:20:41 by "java_re" with gcc 4.3.0 20080428 (Red Hat 4.3.0-8)

time: Tue Jan 13 00:27:38 2015
elapsed time: 2 seconds

