#
# A fatal error has been detected by the Java Runtime Environment:
#
#  SIGSEGV (0xb) at pc=0x00007fe7636026f5, pid=1485, tid=140632495609600
#
# JRE version: Java(TM) SE Runtime Environment (7.0_72-b14) (build 1.7.0_72-b14)
# Java VM: Java HotSpot(TM) 64-Bit Server VM (24.72-b04 mixed mode linux-amd64 compressed oops)
# Problematic frame:
# C  [libgtk-x11-2.0.so.0+0x13e6f5]  gtk_menu_shell_deactivate+0x305
#
# Failed to write core dump. Core dumps have been disabled. To enable core dumping, try "ulimit -c unlimited" before starting Java again
#
# If you would like to submit a bug report, please visit:
#   http://bugreport.sun.com/bugreport/crash.jsp
# The crash happened outside the Java Virtual Machine in native code.
# See problematic frame for where to report the bug.
#

---------------  T H R E A D  ---------------

Current thread (0x00007fe78800b800):  JavaThread "main" [_thread_in_native, id=1491, stack(0x00007fe78de1d000,0x00007fe78df1e000)]

siginfo:si_signo=SIGSEGV: si_errno=0, si_code=1 (SEGV_MAPERR), si_addr=0x0000000000000078

Registers:
RAX=0x0000000000000001, RBX=0x00007fe78837fb40, RCX=0x0000000000000001, RDX=0x00007fe788387201
RSP=0x00007fe78df19ea0, RBP=0x00007fe788354520, RSI=0x0000000000000001, RDI=0x0000000000000000
R8 =0x00007fe788398e00, R9 =0x00007fe78831902a, R10=0x00007fe78d45bc50, R11=0x00007fe78d4a12f0
R12=0x00000000fffffffe, R13=0x00007fe788397920, R14=0x00007fe7880beb50, R15=0x00007fe788397920
RIP=0x00007fe7636026f5, EFLAGS=0x0000000000010202, CSGSFS=0x0000000000000033, ERR=0x0000000000000004
  TRAPNO=0x000000000000000e

Top of Stack: (sp=0x00007fe78df19ea0)
0x00007fe78df19ea0:   00007fe728002ab0 00007fe78837fb40
0x00007fe78df19eb0:   00007fe788354520 00007fe763602af4
0x00007fe78df19ec0:   00007fe78837fb40 00007fe7635f7504
0x00007fe78df19ed0:   00007fe78837fb40 00007fe728002ab0
0x00007fe78df19ee0:   00007fe78837fb40 00007fe78837fb40
0x00007fe78df19ef0:   00007fe788398e00 00007fe7635f84c1
0x00007fe78df19f00:   00007fe78df19f10 00007fe78837fb40
0x00007fe78df19f10:   00007fe78df19ff0 000000008844bd40
0x00007fe78df19f20:   00007fe78df1a120 00007fe78df1a070
0x00007fe78df19f30:   00007fe78df1a120 00007fe78838aea0
0x00007fe78df19f40:   00007fe7635f83c0 00007fe78837fb40
0x00007fe78df19f50:   00007fe78df1a0c0 00007fe7635f1815
0x00007fe78df19f60:   00007fe76111ccb0 0000000000000001
0x00007fe78df19f70:   00007fe78838aea0 0000000000000002
0x00007fe78df19f80:   00007fe78df1a120 00007fe76111e332
0x00007fe78df19f90:   00007fe78df1a070 00000000000001a0
0x00007fe78df19fa0:   0000000040000003 00007fe760e3e569
0x00007fe78df19fb0:   0000000000000000 00007fe78837fb40
0x00007fe78df19fc0:   00007fe78df1a070 00007fe78838aef0
0x00007fe78df19fd0:   0000000000000000 0000000000000002
0x00007fe78df19fe0:   0000000000000000 00007fe78838aea0
0x00007fe78df19ff0:   00007fe78df1a0c0 00007fe76112fafb
0x00007fe78df1a000:   00007fe7880be128 00007fe78df1a090
0x00007fe78df1a010:   00007fe78df1a120 00007fe78837fb40
0x00007fe78df1a020:   000000008df1a130 00007fe78df1a0c0
0x00007fe78df1a030:   00007fe78838aea0 00007fe78838aef0
0x00007fe78df1a040:   00000000000000aa 00007fe78838af60
0x00007fe78df1a050:   00007fe78df1a070 000000000000002c
0x00007fe78df1a060:   00007fe78df1a1f0 00007fe78df1a0b0
0x00007fe78df1a070:   0000000000000014 0000000000000000
0x00007fe78df1a080:   0000000000000000 00007fe78831a490
0x00007fe78df1a090:   00007fe70000002c 00007fe761143163 

Instructions: (pc=0x00007fe7636026f5)
0x00007fe7636026d5:   03 00 00 83 e6 01 e8 40 db ff ff 48 8b 7b 78 e8
0x00007fe7636026e5:   b7 db ff ff 48 89 df e8 af fd ff ff 48 8b 7b 78
0x00007fe7636026f5:   48 83 7f 78 00 74 54 5b 5d 41 5c e9 1b de 0f 00
0x00007fe763602705:   0f 1f 00 48 89 df e8 60 b0 ff ff 41 89 c4 eb 86 

Register to memory mapping:

RAX=0x0000000000000001 is an unknown value
RBX=0x00007fe78837fb40 is an unknown value
RCX=0x0000000000000001 is an unknown value
RDX=0x00007fe788387201 is an unknown value
RSP=0x00007fe78df19ea0 is pointing into the stack for thread: 0x00007fe78800b800
RBP=0x00007fe788354520 is an unknown value
RSI=0x0000000000000001 is an unknown value
RDI=0x0000000000000000 is an unknown value
R8 =0x00007fe788398e00 is an unknown value
R9 =0x00007fe78831902a is an unknown value
R10=0x00007fe78d45bc50: <offset 0x141c50> in /lib/x86_64-linux-gnu/libc.so.6 at 0x00007fe78d31a000
R11=0x00007fe78d4a12f0: <offset 0x1872f0> in /lib/x86_64-linux-gnu/libc.so.6 at 0x00007fe78d31a000
R12=0x00000000fffffffe is an unallocated location in the heap
R13=0x00007fe788397920 is an unknown value
R14=0x00007fe7880beb50 is an unknown value
R15=0x00007fe788397920 is an unknown value


Stack: [0x00007fe78de1d000,0x00007fe78df1e000],  sp=0x00007fe78df19ea0,  free space=1011k
Native frames: (J=compiled Java code, j=interpreted, Vv=VM code, C=native code)
C  [libgtk-x11-2.0.so.0+0x13e6f5]  gtk_menu_shell_deactivate+0x305

Java frames: (J=compiled Java code, j=interpreted, Vv=VM code)
j  org.eclipse.swt.internal.gtk.OS._gtk_main_do_event(J)V+0
j  org.eclipse.swt.internal.gtk.OS.gtk_main_do_event(J)V+8
j  org.eclipse.swt.widgets.Display.eventProc(JJ)J+157
v  ~StubRoutines::call_stub
j  org.eclipse.swt.internal.gtk.OS._g_main_context_iteration(JZ)Z+0
j  org.eclipse.swt.internal.gtk.OS.g_main_context_iteration(JZ)Z+9
j  org.eclipse.swt.widgets.Display.readAndDispatch()Z+36
j  org.eclipse.plugin.kpax.javabinder.model.Snippet131$1.handleEvent(Lorg/eclipse/swt/widgets/Event;)V+102
j  org.eclipse.swt.widgets.EventTable.sendEvent(Lorg/eclipse/swt/widgets/Event;)V+214
j  org.eclipse.swt.widgets.Display.sendEvent(Lorg/eclipse/swt/widgets/EventTable;Lorg/eclipse/swt/widgets/Event;)V+7
j  org.eclipse.swt.widgets.Widget.sendEvent(Lorg/eclipse/swt/widgets/Event;)V+26
j  org.eclipse.swt.widgets.Widget.sendEvent(ILorg/eclipse/swt/widgets/Event;Z)V+73
j  org.eclipse.swt.widgets.Widget.sendEvent(ILorg/eclipse/swt/widgets/Event;)V+4
j  org.eclipse.swt.widgets.Control.showMenu(III)Z+32
j  org.eclipse.swt.widgets.Control.showMenu(II)Z+4
j  org.eclipse.swt.widgets.Control.gtk_event_after(JJ)J+115
j  org.eclipse.swt.widgets.Widget.windowProc(JJJ)J+420
j  org.eclipse.swt.widgets.Control.windowProc(JJJ)J+324
j  org.eclipse.swt.widgets.Display.windowProc(JJJ)J+20
v  ~StubRoutines::call_stub
j  org.eclipse.swt.internal.gtk.OS._gtk_main_do_event(J)V+0
j  org.eclipse.swt.internal.gtk.OS.gtk_main_do_event(J)V+8
j  org.eclipse.swt.widgets.Display.eventProc(JJ)J+157
v  ~StubRoutines::call_stub
j  org.eclipse.swt.internal.gtk.OS._g_main_context_iteration(JZ)Z+0
j  org.eclipse.swt.internal.gtk.OS.g_main_context_iteration(JZ)Z+9
j  org.eclipse.swt.widgets.Display.readAndDispatch()Z+36
j  org.eclipse.plugin.kpax.javabinder.model.Snippet131.main([Ljava/lang/String;)V+44
v  ~StubRoutines::call_stub

---------------  P R O C E S S  ---------------

Java Threads: ( => current thread )
  0x00007fe7880a3800 JavaThread "Service Thread" daemon [_thread_blocked, id=1506, stack(0x00007fe780029000,0x00007fe78012a000)]
  0x00007fe7880a1800 JavaThread "C2 CompilerThread1" daemon [_thread_blocked, id=1505, stack(0x00007fe78012a000,0x00007fe78022b000)]
  0x00007fe78809e800 JavaThread "C2 CompilerThread0" daemon [_thread_blocked, id=1504, stack(0x00007fe78022b000,0x00007fe78032c000)]
  0x00007fe78809c000 JavaThread "Signal Dispatcher" daemon [_thread_blocked, id=1503, stack(0x00007fe78032c000,0x00007fe78042d000)]
  0x00007fe78807a000 JavaThread "Finalizer" daemon [_thread_blocked, id=1502, stack(0x00007fe780c7f000,0x00007fe780d80000)]
  0x00007fe788078000 JavaThread "Reference Handler" daemon [_thread_blocked, id=1501, stack(0x00007fe780d80000,0x00007fe780e81000)]
=>0x00007fe78800b800 JavaThread "main" [_thread_in_native, id=1491, stack(0x00007fe78de1d000,0x00007fe78df1e000)]

Other Threads:
  0x00007fe788073800 VMThread [stack: 0x00007fe780e81000,0x00007fe780f82000] [id=1500]
  0x00007fe7880ae800 WatcherThread [stack: 0x00007fe76825f000,0x00007fe768360000] [id=1507]

VM state:not at safepoint (normal execution)

VM Mutex/Monitor currently owned by a thread: None

Heap
 PSYoungGen      total 35328K, used 12670K [0x00000000d9480000, 0x00000000dbb80000, 0x0000000100000000)
  eden space 30720K, 41% used [0x00000000d9480000,0x00000000da0dfba8,0x00000000db280000)
  from space 4608K, 0% used [0x00000000db700000,0x00000000db700000,0x00000000dbb80000)
  to   space 4608K, 0% used [0x00000000db280000,0x00000000db280000,0x00000000db700000)
 ParOldGen       total 78848K, used 0K [0x000000008be00000, 0x0000000090b00000, 0x00000000d9480000)
  object space 78848K, 0% used [0x000000008be00000,0x000000008be00000,0x0000000090b00000)
 PSPermGen       total 21504K, used 5930K [0x0000000086c00000, 0x0000000088100000, 0x000000008be00000)
  object space 21504K, 27% used [0x0000000086c00000,0x00000000871ca8e0,0x0000000088100000)

Card table byte_map: [0x00007fe783b9d000,0x00007fe783f68000] byte_map_base: 0x00007fe783767000

Polling page: 0x00007fe78df38000

Code Cache  [0x00007fe783f68000, 0x00007fe7841d8000, 0x00007fe786f68000)
 total_blobs=398 nmethods=43 adapters=309 free_code_cache=48598Kb largest_free_block=49744320

Compilation events (10 events):
Event: 0,231 Thread 0x00007fe78809e800 nmethod 37 0x00007fe783fefa10 code [0x00007fe783fefb60, 0x00007fe783fefd98]
Event: 0,231 Thread 0x00007fe78809e800   39             sun.security.provider.ByteArrayAccess::b2iBig64 (614 bytes)
Event: 0,232 Thread 0x00007fe7880a1800 nmethod 38 0x00007fe783feef10 code [0x00007fe783fef080, 0x00007fe783fef3a8]
Event: 0,233 Thread 0x00007fe78809e800 nmethod 39 0x00007fe783fee9d0 code [0x00007fe783feeb20, 0x00007fe783feed38]
Event: 0,250 Thread 0x00007fe7880a1800   40             java.lang.Math::min (11 bytes)
Event: 0,250 Thread 0x00007fe7880a1800 nmethod 40 0x00007fe783ff2250 code [0x00007fe783ff2380, 0x00007fe783ff23b8]
Event: 8,723 Thread 0x00007fe78809e800   42   !         org.eclipse.swt.internal.Lock::lock (76 bytes)
Event: 8,723 Thread 0x00007fe7880a1800   43   !         org.eclipse.swt.internal.Lock::unlock (55 bytes)
Event: 8,725 Thread 0x00007fe7880a1800 nmethod 43 0x00007fe783ff55d0 code [0x00007fe783ff5720, 0x00007fe783ff5a88]
Event: 8,728 Thread 0x00007fe78809e800 nmethod 42 0x00007fe783ff4fd0 code [0x00007fe783ff5120, 0x00007fe783ff54e8]

GC Heap History (0 events):
No events

Deoptimization events (2 events):
Event: 0,121 Thread 0x00007fe78800b800 Uncommon trap: reason=null_check action=make_not_entrant pc=0x00007fe783fd7758 method=java.util.jar.Attributes.putValue(Ljava/lang/String;Ljava/lang/String;)Ljava/lang/String; @ 13
Event: 0,208 Thread 0x00007fe78800b800 Uncommon trap: reason=null_check action=make_not_entrant pc=0x00007fe783fd0fd8 method=java.lang.String.equals(Ljava/lang/Object;)Z @ 8

Internal exceptions (10 events):
Event: 0,280 Thread 0x00007fe78800b800 Threw 0x00000000da046210 at /HUDSON/workspace/7u-2-build-linux-amd64/jdk7u72/1606/hotspot/src/share/vm/prims/jvm.cpp:1281
Event: 0,297 Thread 0x00007fe78800b800 Threw 0x00000000da04b738 at /HUDSON/workspace/7u-2-build-linux-amd64/jdk7u72/1606/hotspot/src/share/vm/prims/jvm.cpp:1281
Event: 0,298 Thread 0x00007fe78800b800 Threw 0x00000000da050cf0 at /HUDSON/workspace/7u-2-build-linux-amd64/jdk7u72/1606/hotspot/src/share/vm/prims/jvm.cpp:1281
Event: 0,299 Thread 0x00007fe78800b800 Threw 0x00000000da0554a0 at /HUDSON/workspace/7u-2-build-linux-amd64/jdk7u72/1606/hotspot/src/share/vm/prims/jvm.cpp:1281
Event: 2,019 Thread 0x00007fe78800b800 Threw 0x00000000da05a158 at /HUDSON/workspace/7u-2-build-linux-amd64/jdk7u72/1606/hotspot/src/share/vm/prims/jvm.cpp:1281
Event: 9,563 Thread 0x00007fe78800b800 Threw 0x00000000da063628 at /HUDSON/workspace/7u-2-build-linux-amd64/jdk7u72/1606/hotspot/src/share/vm/prims/jvm.cpp:1281
Event: 9,565 Thread 0x00007fe78800b800 Threw 0x00000000da068160 at /HUDSON/workspace/7u-2-build-linux-amd64/jdk7u72/1606/hotspot/src/share/vm/prims/jvm.cpp:1281
Event: 9,571 Thread 0x00007fe78800b800 Threw 0x00000000da079c30 at /HUDSON/workspace/7u-2-build-linux-amd64/jdk7u72/1606/hotspot/src/share/vm/prims/jvm.cpp:1281
Event: 9,573 Thread 0x00007fe78800b800 Threw 0x00000000da08b8b8 at /HUDSON/workspace/7u-2-build-linux-amd64/jdk7u72/1606/hotspot/src/share/vm/prims/jvm.cpp:1281
Event: 9,574 Thread 0x00007fe78800b800 Threw 0x00000000da091180 at /HUDSON/workspace/7u-2-build-linux-amd64/jdk7u72/1606/hotspot/src/share/vm/prims/jvm.cpp:1281

Events (10 events):
Event: 9,563 loading class 0x00007fe788429b60
Event: 9,563 loading class 0x00007fe788429b60 done
Event: 9,565 loading class 0x00007fe7882bf700
Event: 9,565 loading class 0x00007fe7882bf700 done
Event: 9,571 loading class 0x00007fe78843c0c0
Event: 9,571 loading class 0x00007fe78843c0c0 done
Event: 9,573 loading class 0x00007fe7880be490
Event: 9,573 loading class 0x00007fe7880be490 done
Event: 9,574 loading class 0x00007fe78843c400
Event: 9,574 loading class 0x00007fe78843c400 done


Dynamic libraries:
00400000-00401000 r-xp 00000000 08:02 2766033                            /usr/lib/jvm/java-7-oracle/bin/java
00600000-00601000 rw-p 00000000 08:02 2766033                            /usr/lib/jvm/java-7-oracle/bin/java
012b7000-012d8000 rw-p 00000000 00:00 0                                  [heap]
86c00000-88100000 rw-p 00000000 00:00 0 
88100000-8be00000 rw-p 00000000 00:00 0 
8be00000-90b00000 rw-p 00000000 00:00 0 
90b00000-d9480000 rw-p 00000000 00:00 0 
d9480000-dbb80000 rw-p 00000000 00:00 0 
dbb80000-100000000 rw-p 00000000 00:00 0 
7fe71c000000-7fe71c022000 rw-p 00000000 00:00 0 
7fe71c022000-7fe720000000 ---p 00000000 00:00 0 
7fe724000000-7fe724021000 rw-p 00000000 00:00 0 
7fe724021000-7fe728000000 ---p 00000000 00:00 0 
7fe728000000-7fe728022000 rw-p 00000000 00:00 0 
7fe728022000-7fe72c000000 ---p 00000000 00:00 0 
7fe72c000000-7fe72c021000 rw-p 00000000 00:00 0 
7fe72c021000-7fe730000000 ---p 00000000 00:00 0 
7fe730a8f000-7fe730a90000 ---p 00000000 00:00 0 
7fe730a90000-7fe731290000 rw-p 00000000 00:00 0                          [stack:1511]
7fe731290000-7fe731291000 ---p 00000000 00:00 0 
7fe731291000-7fe731a91000 rw-p 00000000 00:00 0 
7fe731a91000-7fe731a92000 ---p 00000000 00:00 0 
7fe731a92000-7fe732292000 rw-p 00000000 00:00 0                          [stack:1509]
7fe732292000-7fe732293000 ---p 00000000 00:00 0 
7fe732293000-7fe732a93000 rw-p 00000000 00:00 0                          [stack:1508]
7fe732a93000-7fe732ad7000 r-xp 00000000 08:02 266196                     /lib/x86_64-linux-gnu/libdbus-1.so.3.7.6
7fe732ad7000-7fe732cd6000 ---p 00044000 08:02 266196                     /lib/x86_64-linux-gnu/libdbus-1.so.3.7.6
7fe732cd6000-7fe732cd7000 r--p 00043000 08:02 266196                     /lib/x86_64-linux-gnu/libdbus-1.so.3.7.6
7fe732cd7000-7fe732cd8000 rw-p 00044000 08:02 266196                     /lib/x86_64-linux-gnu/libdbus-1.so.3.7.6
7fe732cd8000-7fe732ce0000 r-xp 00000000 08:02 266240                     /lib/x86_64-linux-gnu/libnih-dbus.so.1.0.0
7fe732ce0000-7fe732ee0000 ---p 00008000 08:02 266240                     /lib/x86_64-linux-gnu/libnih-dbus.so.1.0.0
7fe732ee0000-7fe732ee1000 r--p 00008000 08:02 266240                     /lib/x86_64-linux-gnu/libnih-dbus.so.1.0.0
7fe732ee1000-7fe732ee2000 rw-p 00009000 08:02 266240                     /lib/x86_64-linux-gnu/libnih-dbus.so.1.0.0
7fe732ee2000-7fe732ef9000 r-xp 00000000 08:02 266242                     /lib/x86_64-linux-gnu/libnih.so.1.0.0
7fe732ef9000-7fe7330f8000 ---p 00017000 08:02 266242                     /lib/x86_64-linux-gnu/libnih.so.1.0.0
7fe7330f8000-7fe7330f9000 r--p 00016000 08:02 266242                     /lib/x86_64-linux-gnu/libnih.so.1.0.0
7fe7330f9000-7fe7330fa000 rw-p 00017000 08:02 266242                     /lib/x86_64-linux-gnu/libnih.so.1.0.0
7fe7330fa000-7fe733113000 r-xp 00000000 08:02 266114                     /lib/x86_64-linux-gnu/libcgmanager.so.0.0.0
7fe733113000-7fe733312000 ---p 00019000 08:02 266114                     /lib/x86_64-linux-gnu/libcgmanager.so.0.0.0
7fe733312000-7fe733314000 r--p 00018000 08:02 266114                     /lib/x86_64-linux-gnu/libcgmanager.so.0.0.0
7fe733314000-7fe733315000 rw-p 0001a000 08:02 266114                     /lib/x86_64-linux-gnu/libcgmanager.so.0.0.0
7fe733315000-7fe733325000 r-xp 00000000 08:02 266115                     /lib/x86_64-linux-gnu/libudev.so.1.3.5
7fe733325000-7fe733524000 ---p 00010000 08:02 266115                     /lib/x86_64-linux-gnu/libudev.so.1.3.5
7fe733524000-7fe733525000 r--p 0000f000 08:02 266115                     /lib/x86_64-linux-gnu/libudev.so.1.3.5
7fe733525000-7fe733526000 rw-p 00010000 08:02 266115                     /lib/x86_64-linux-gnu/libudev.so.1.3.5
7fe733526000-7fe73355a000 r-xp 00000000 08:02 3017837                    /usr/lib/x86_64-linux-gnu/gvfs/libgvfscommon.so
7fe73355a000-7fe73375a000 ---p 00034000 08:02 3017837                    /usr/lib/x86_64-linux-gnu/gvfs/libgvfscommon.so
7fe73375a000-7fe73375f000 r--p 00034000 08:02 3017837                    /usr/lib/x86_64-linux-gnu/gvfs/libgvfscommon.so
7fe73375f000-7fe733760000 rw-p 00039000 08:02 3017837                    /usr/lib/x86_64-linux-gnu/gvfs/libgvfscommon.so
7fe733760000-7fe73378f000 r-xp 00000000 08:02 3017489                    /usr/lib/x86_64-linux-gnu/gio/modules/libgvfsdbus.so
7fe73378f000-7fe73398f000 ---p 0002f000 08:02 3017489                    /usr/lib/x86_64-linux-gnu/gio/modules/libgvfsdbus.so
7fe73398f000-7fe733990000 r--p 0002f000 08:02 3017489                    /usr/lib/x86_64-linux-gnu/gio/modules/libgvfsdbus.so
7fe733990000-7fe733991000 rw-p 00030000 08:02 3017489                    /usr/lib/x86_64-linux-gnu/gio/modules/libgvfsdbus.so
7fe733991000-7fe733992000 rw-p 00000000 00:00 0 
7fe733992000-7fe7339eb000 r-xp 00000000 08:02 2761492                    /usr/lib/x86_64-linux-gnu/libibus-1.0.so.5.0.505
7fe7339eb000-7fe733beb000 ---p 00059000 08:02 2761492                    /usr/lib/x86_64-linux-gnu/libibus-1.0.so.5.0.505
7fe733beb000-7fe733bed000 r--p 00059000 08:02 2761492                    /usr/lib/x86_64-linux-gnu/libibus-1.0.so.5.0.505
7fe733bed000-7fe733bee000 rw-p 0005b000 08:02 2761492                    /usr/lib/x86_64-linux-gnu/libibus-1.0.so.5.0.505
7fe733bee000-7fe733bef000 rw-p 00000000 00:00 0 
7fe733bef000-7fe733bf5000 r-xp 00000000 08:02 3017777                    /usr/lib/x86_64-linux-gnu/gtk-2.0/2.10.0/immodules/im-ibus.so
7fe733bf5000-7fe733df5000 ---p 00006000 08:02 3017777                    /usr/lib/x86_64-linux-gnu/gtk-2.0/2.10.0/immodules/im-ibus.so
7fe733df5000-7fe733df6000 r--p 00006000 08:02 3017777                    /usr/lib/x86_64-linux-gnu/gtk-2.0/2.10.0/immodules/im-ibus.so
7fe733df6000-7fe733df7000 rw-p 00007000 08:02 3017777                    /usr/lib/x86_64-linux-gnu/gtk-2.0/2.10.0/immodules/im-ibus.so
7fe733df7000-7fe733dfe000 r-xp 00000000 08:02 2761659                    /usr/lib/x86_64-linux-gnu/libogg.so.0.8.1
7fe733dfe000-7fe733ffe000 ---p 00007000 08:02 2761659                    /usr/lib/x86_64-linux-gnu/libogg.so.0.8.1
7fe733ffe000-7fe733fff000 r--p 00007000 08:02 2761659                    /usr/lib/x86_64-linux-gnu/libogg.so.0.8.1
7fe733fff000-7fe734000000 rw-p 00008000 08:02 2761659                    /usr/lib/x86_64-linux-gnu/libogg.so.0.8.1
7fe734000000-7fe734021000 rw-p 00000000 00:00 0 
7fe734021000-7fe738000000 ---p 00000000 00:00 0 
7fe738086000-7fe7380b2000 r-xp 00000000 08:02 2761912                    /usr/lib/x86_64-linux-gnu/libvorbis.so.0.4.5
7fe7380b2000-7fe7382b1000 ---p 0002c000 08:02 2761912                    /usr/lib/x86_64-linux-gnu/libvorbis.so.0.4.5
7fe7382b1000-7fe7382b2000 r--p 0002b000 08:02 2761912                    /usr/lib/x86_64-linux-gnu/libvorbis.so.0.4.5
7fe7382b2000-7fe7382b3000 rw-p 0002c000 08:02 2761912                    /usr/lib/x86_64-linux-gnu/libvorbis.so.0.4.5
7fe7382b3000-7fe7382bc000 r-xp 00000000 08:02 2761565                    /usr/lib/x86_64-linux-gnu/libltdl.so.7.3.0
7fe7382bc000-7fe7384bb000 ---p 00009000 08:02 2761565                    /usr/lib/x86_64-linux-gnu/libltdl.so.7.3.0
7fe7384bb000-7fe7384bc000 r--p 00008000 08:02 2761565                    /usr/lib/x86_64-linux-gnu/libltdl.so.7.3.0
7fe7384bc000-7fe7384bd000 rw-p 00009000 08:02 2761565                    /usr/lib/x86_64-linux-gnu/libltdl.so.7.3.0
7fe7384bd000-7fe7384ce000 r-xp 00000000 08:02 2761852                    /usr/lib/x86_64-linux-gnu/libtdb.so.1.2.12
7fe7384ce000-7fe7386cd000 ---p 00011000 08:02 2761852                    /usr/lib/x86_64-linux-gnu/libtdb.so.1.2.12
7fe7386cd000-7fe7386ce000 r--p 00010000 08:02 2761852                    /usr/lib/x86_64-linux-gnu/libtdb.so.1.2.12
7fe7386ce000-7fe7386cf000 rw-p 00011000 08:02 2761852                    /usr/lib/x86_64-linux-gnu/libtdb.so.1.2.12
7fe7386cf000-7fe7386d6000 r-xp 00000000 08:02 2761916                    /usr/lib/x86_64-linux-gnu/libvorbisfile.so.3.3.4
7fe7386d6000-7fe7388d5000 ---p 00007000 08:02 2761916                    /usr/lib/x86_64-linux-gnu/libvorbisfile.so.3.3.4
7fe7388d5000-7fe7388d6000 r--p 00006000 08:02 2761916                    /usr/lib/x86_64-linux-gnu/libvorbisfile.so.3.3.4
7fe7388d6000-7fe7388d7000 rw-p 00007000 08:02 2761916                    /usr/lib/x86_64-linux-gnu/libvorbisfile.so.3.3.4
7fe7388d7000-7fe7388e6000 r-xp 00000000 08:02 2761086                    /usr/lib/x86_64-linux-gnu/libcanberra.so.0.2.5
7fe7388e6000-7fe738ae5000 ---p 0000f000 08:02 2761086                    /usr/lib/x86_64-linux-gnu/libcanberra.so.0.2.5
7fe738ae5000-7fe738ae6000 r--p 0000e000 08:02 2761086                    /usr/lib/x86_64-linux-gnu/libcanberra.so.0.2.5
7fe738ae6000-7fe738ae7000 rw-p 0000f000 08:02 2761086                    /usr/lib/x86_64-linux-gnu/libcanberra.so.0.2.5
7fe738ae7000-7fe738aeb000 r-xp 00000000 08:02 2761082                    /usr/lib/x86_64-linux-gnu/libcanberra-gtk.so.0.1.9
7fe738aeb000-7fe738cea000 ---p 00004000 08:02 2761082                    /usr/lib/x86_64-linux-gnu/libcanberra-gtk.so.0.1.9
7fe738cea000-7fe738ceb000 r--p 00003000 08:02 2761082                    /usr/lib/x86_64-linux-gnu/libcanberra-gtk.so.0.1.9
7fe738ceb000-7fe738cec000 rw-p 00004000 08:02 2761082                    /usr/lib/x86_64-linux-gnu/libcanberra-gtk.so.0.1.9
7fe738cec000-7fe738cf1000 r-xp 00000000 08:02 3017791                    /usr/lib/x86_64-linux-gnu/gtk-2.0/modules/libcanberra-gtk-module.so
7fe738cf1000-7fe738ef0000 ---p 00005000 08:02 3017791                    /usr/lib/x86_64-linux-gnu/gtk-2.0/modules/libcanberra-gtk-module.so
7fe738ef0000-7fe738ef1000 r--p 00004000 08:02 3017791                    /usr/lib/x86_64-linux-gnu/gtk-2.0/modules/libcanberra-gtk-module.so
7fe738ef1000-7fe738ef2000 rw-p 00005000 08:02 3017791                    /usr/lib/x86_64-linux-gnu/gtk-2.0/modules/libcanberra-gtk-module.so
7fe738ef2000-7fe738ef5000 r-xp 00000000 08:02 3017772                    /usr/lib/x86_64-linux-gnu/gtk-2.0/2.10.0/engines/libadwaita.so
7fe738ef5000-7fe7390f4000 ---p 00003000 08:02 3017772                    /usr/lib/x86_64-linux-gnu/gtk-2.0/2.10.0/engines/libadwaita.so
7fe7390f4000-7fe7390f5000 r--p 00002000 08:02 3017772                    /usr/lib/x86_64-linux-gnu/gtk-2.0/2.10.0/engines/libadwaita.so
7fe7390f5000-7fe7390f6000 rw-p 00003000 08:02 3017772                    /usr/lib/x86_64-linux-gnu/gtk-2.0/2.10.0/engines/libadwaita.so
7fe7390f6000-7fe7390ff000 r-xp 00000000 08:02 3017773                    /usr/lib/x86_64-linux-gnu/gtk-2.0/2.10.0/engines/libpixmap.so
7fe7390ff000-7fe7392ff000 ---p 00009000 08:02 3017773                    /usr/lib/x86_64-linux-gnu/gtk-2.0/2.10.0/engines/libpixmap.so
7fe7392ff000-7fe739300000 r--p 00009000 08:02 3017773                    /usr/lib/x86_64-linux-gnu/gtk-2.0/2.10.0/engines/libpixmap.so
7fe739300000-7fe739301000 rw-p 0000a000 08:02 3017773                    /usr/lib/x86_64-linux-gnu/gtk-2.0/2.10.0/engines/libpixmap.so
7fe739301000-7fe73930a000 r-xp 00000000 08:05 13765017                   /home/eugen/.swt/lib/linux/x86_64/libswt-cairo-gtk-4430.so
7fe73930a000-7fe73950a000 ---p 00009000 08:05 13765017                   /home/eugen/.swt/lib/linux/x86_64/libswt-cairo-gtk-4430.so
7fe73950a000-7fe73950b000 rw-p 00009000 08:05 13765017                   /home/eugen/.swt/lib/linux/x86_64/libswt-cairo-gtk-4430.so
7fe73950b000-7fe739511000 r-xp 00000000 08:02 2761152                    /usr/lib/x86_64-linux-gnu/libdatrie.so.1.3.1
7fe739511000-7fe739710000 ---p 00006000 08:02 2761152                    /usr/lib/x86_64-linux-gnu/libdatrie.so.1.3.1
7fe739710000-7fe739711000 r--p 00005000 08:02 2761152                    /usr/lib/x86_64-linux-gnu/libdatrie.so.1.3.1
7fe739711000-7fe739712000 rw-p 00006000 08:02 2761152                    /usr/lib/x86_64-linux-gnu/libdatrie.so.1.3.1
7fe739712000-7fe73972c000 r-xp 00000000 08:02 2761362                    /usr/lib/x86_64-linux-gnu/libgraphite2.so.3.0.1
7fe73972c000-7fe73992b000 ---p 0001a000 08:02 2761362                    /usr/lib/x86_64-linux-gnu/libgraphite2.so.3.0.1
7fe73992b000-7fe73992d000 r--p 00019000 08:02 2761362                    /usr/lib/x86_64-linux-gnu/libgraphite2.so.3.0.1
7fe73992d000-7fe73992e000 rw-p 0001b000 08:02 2761362                    /usr/lib/x86_64-linux-gnu/libgraphite2.so.3.0.1
7fe73992e000-7fe739933000 r-xp 00000000 08:02 2760965                    /usr/lib/x86_64-linux-gnu/libXdmcp.so.6.0.0
7fe739933000-7fe739b32000 ---p 00005000 08:02 2760965                    /usr/lib/x86_64-linux-gnu/libXdmcp.so.6.0.0
7fe739b32000-7fe739b33000 r--p 00004000 08:02 2760965                    /usr/lib/x86_64-linux-gnu/libXdmcp.so.6.0.0
7fe739b33000-7fe739b34000 rw-p 00005000 08:02 2760965                    /usr/lib/x86_64-linux-gnu/libXdmcp.so.6.0.0
7fe739b34000-7fe739b36000 r-xp 00000000 08:02 2760954                    /usr/lib/x86_64-linux-gnu/libXau.so.6.0.0
7fe739b36000-7fe739d36000 ---p 00002000 08:02 2760954                    /usr/lib/x86_64-linux-gnu/libXau.so.6.0.0
7fe739d36000-7fe739d37000 r--p 00002000 08:02 2760954                    /usr/lib/x86_64-linux-gnu/libXau.so.6.0.0
7fe739d37000-7fe739d38000 rw-p 00003000 08:02 2760954                    /usr/lib/x86_64-linux-gnu/libXau.so.6.0.0
7fe739d38000-7fe739d75000 r-xp 00000000 08:02 266282                     /lib/x86_64-linux-gnu/libpcre.so.3.13.1
7fe739d75000-7fe739f74000 ---p 0003d000 08:02 266282                     /lib/x86_64-linux-gnu/libpcre.so.3.13.1
7fe739f74000-7fe739f75000 r--p 0003c000 08:02 266282                     /lib/x86_64-linux-gnu/libpcre.so.3.13.1
7fe739f75000-7fe739f76000 rw-p 0003d000 08:02 266282                     /lib/x86_64-linux-gnu/libpcre.so.3.13.1
7fe739f76000-7fe739f7d000 r-xp 00000000 08:02 2761225                    /usr/lib/x86_64-linux-gnu/libffi.so.6.0.1
7fe739f7d000-7fe73a17c000 ---p 00007000 08:02 2761225                    /usr/lib/x86_64-linux-gnu/libffi.so.6.0.1
7fe73a17c000-7fe73a17d000 r--p 00006000 08:02 2761225                    /usr/lib/x86_64-linux-gnu/libffi.so.6.0.1
7fe73a17d000-7fe73a17e000 rw-p 00007000 08:02 2761225                    /usr/lib/x86_64-linux-gnu/libffi.so.6.0.1
7fe73a17e000-7fe73a1a5000 r-xp 00000000 08:02 266200                     /lib/x86_64-linux-gnu/libexpat.so.1.6.0
7fe73a1a5000-7fe73a3a5000 ---p 00027000 08:02 266200                     /lib/x86_64-linux-gnu/libexpat.so.1.6.0
7fe73a3a5000-7fe73a3a7000 r--p 00027000 08:02 266200                     /lib/x86_64-linux-gnu/libexpat.so.1.6.0
7fe73a3a7000-7fe73a3a8000 rw-p 00029000 08:02 266200                     /lib/x86_64-linux-gnu/libexpat.so.1.6.0
7fe73a3a8000-7fe73a3b0000 r-xp 00000000 08:02 2761864                    /usr/lib/x86_64-linux-gnu/libthai.so.0.2.0
7fe73a3b0000-7fe73a5af000 ---p 00008000 08:02 2761864                    /usr/lib/x86_64-linux-gnu/libthai.so.0.2.0
7fe73a5af000-7fe73a5b0000 r--p 00007000 08:02 2761864                    /usr/lib/x86_64-linux-gnu/libthai.so.0.2.0
7fe73a5b0000-7fe73a5b1000 rw-p 00008000 08:02 2761864                    /usr/lib/x86_64-linux-gnu/libthai.so.0.2.0
7fe73a5b1000-7fe73a604000 r-xp 00000000 08:02 2752994                    /usr/lib/x86_64-linux-gnu/libharfbuzz.so.0.927.0
7fe73a604000-7fe73a804000 ---p 00053000 08:02 2752994                    /usr/lib/x86_64-linux-gnu/libharfbuzz.so.0.927.0
7fe73a804000-7fe73a805000 r--p 00053000 08:02 2752994                    /usr/lib/x86_64-linux-gnu/libharfbuzz.so.0.927.0
7fe73a805000-7fe73a806000 rw-p 00054000 08:02 2752994                    /usr/lib/x86_64-linux-gnu/libharfbuzz.so.0.927.0
7fe73a806000-7fe73a81d000 r-xp 00000000 08:02 262149                     /lib/x86_64-linux-gnu/libresolv-2.19.so
7fe73a81d000-7fe73aa1d000 ---p 00017000 08:02 262149                     /lib/x86_64-linux-gnu/libresolv-2.19.so
7fe73aa1d000-7fe73aa1e000 r--p 00017000 08:02 262149                     /lib/x86_64-linux-gnu/libresolv-2.19.so
7fe73aa1e000-7fe73aa1f000 rw-p 00018000 08:02 262149                     /lib/x86_64-linux-gnu/libresolv-2.19.so
7fe73aa1f000-7fe73aa21000 rw-p 00000000 00:00 0 
7fe73aa21000-7fe73aa41000 r-xp 00000000 08:02 266309                     /lib/x86_64-linux-gnu/libselinux.so.1
7fe73aa41000-7fe73ac40000 ---p 00020000 08:02 266309                     /lib/x86_64-linux-gnu/libselinux.so.1
7fe73ac40000-7fe73ac41000 r--p 0001f000 08:02 266309                     /lib/x86_64-linux-gnu/libselinux.so.1
7fe73ac41000-7fe73ac42000 rw-p 00020000 08:02 266309                     /lib/x86_64-linux-gnu/libselinux.so.1
7fe73ac42000-7fe73ac44000 rw-p 00000000 00:00 0 
7fe73ac44000-7fe73ac5c000 r-xp 00000000 08:02 266341                     /lib/x86_64-linux-gnu/libz.so.1.2.8
7fe73ac5c000-7fe73ae5b000 ---p 00018000 08:02 266341                     /lib/x86_64-linux-gnu/libz.so.1.2.8
7fe73ae5b000-7fe73ae5c000 r--p 00017000 08:02 266341                     /lib/x86_64-linux-gnu/libz.so.1.2.8
7fe73ae5c000-7fe73ae5d000 rw-p 00018000 08:02 266341                     /lib/x86_64-linux-gnu/libz.so.1.2.8
7fe73ae5d000-7fe73ae65000 r-xp 00000000 08:02 2761965                    /usr/lib/x86_64-linux-gnu/libxcb-render.so.0.0.0
7fe73ae65000-7fe73b064000 ---p 00008000 08:02 2761965                    /usr/lib/x86_64-linux-gnu/libxcb-render.so.0.0.0
7fe73b064000-7fe73b065000 r--p 00007000 08:02 2761965                    /usr/lib/x86_64-linux-gnu/libxcb-render.so.0.0.0
7fe73b065000-7fe73b066000 rw-p 00008000 08:02 2761965                    /usr/lib/x86_64-linux-gnu/libxcb-render.so.0.0.0
7fe73b066000-7fe73b068000 r-xp 00000000 08:02 2761969                    /usr/lib/x86_64-linux-gnu/libxcb-shm.so.0.0.0
7fe73b068000-7fe73b267000 ---p 00002000 08:02 2761969                    /usr/lib/x86_64-linux-gnu/libxcb-shm.so.0.0.0
7fe73b267000-7fe73b268000 r--p 00001000 08:02 2761969                    /usr/lib/x86_64-linux-gnu/libxcb-shm.so.0.0.0
7fe73b268000-7fe73b269000 rw-p 00002000 08:02 2761969                    /usr/lib/x86_64-linux-gnu/libxcb-shm.so.0.0.0
7fe73b269000-7fe73b28e000 r-xp 00000000 08:02 266294                     /lib/x86_64-linux-gnu/libpng12.so.0.50.0
7fe73b28e000-7fe73b48d000 ---p 00025000 08:02 266294                     /lib/x86_64-linux-gnu/libpng12.so.0.50.0
7fe73b48d000-7fe73b48e000 r--p 00024000 08:02 266294                     /lib/x86_64-linux-gnu/libpng12.so.0.50.0
7fe73b48e000-7fe73b48f000 rw-p 00025000 08:02 266294                     /lib/x86_64-linux-gnu/libpng12.so.0.50.0
7fe73b48f000-7fe73b530000 r-xp 00000000 08:02 2761698                    /usr/lib/x86_64-linux-gnu/libpixman-1.so.0.30.2
7fe73b530000-7fe73b730000 ---p 000a1000 08:02 2761698                    /usr/lib/x86_64-linux-gnu/libpixman-1.so.0.30.2
7fe73b730000-7fe73b737000 r--p 000a1000 08:02 2761698                    /usr/lib/x86_64-linux-gnu/libpixman-1.so.0.30.2
7fe73b737000-7fe73b738000 rw-p 000a8000 08:02 2761698                    /usr/lib/x86_64-linux-gnu/libpixman-1.so.0.30.2
7fe73b738000-7fe73b755000 r-xp 00000000 08:02 2761981                    /usr/lib/x86_64-linux-gnu/libxcb.so.1.1.0
7fe73b755000-7fe73b955000 ---p 0001d000 08:02 2761981                    /usr/lib/x86_64-linux-gnu/libxcb.so.1.1.0
7fe73b955000-7fe73b956000 r--p 0001d000 08:02 2761981                    /usr/lib/x86_64-linux-gnu/libxcb.so.1.1.0
7fe73b956000-7fe73b957000 rw-p 0001e000 08:02 2761981                    /usr/lib/x86_64-linux-gnu/libxcb.so.1.1.0
7fe73b957000-7fe73b9f4000 r-xp 00000000 08:02 2761251                    /usr/lib/x86_64-linux-gnu/libfreetype.so.6.11.1
7fe73b9f4000-7fe73bbf3000 ---p 0009d000 08:02 2761251                    /usr/lib/x86_64-linux-gnu/libfreetype.so.6.11.1
7fe73bbf3000-7fe73bbf9000 r--p 0009c000 08:02 2761251                    /usr/lib/x86_64-linux-gnu/libfreetype.so.6.11.1
7fe73bbf9000-7fe73bbfa000 rw-p 000a2000 08:02 2761251                    /usr/lib/x86_64-linux-gnu/libfreetype.so.6.11.1
7fe73bbfa000-7fe73bbfc000 r-xp 00000000 08:02 2760963                    /usr/lib/x86_64-linux-gnu/libXdamage.so.1.1.0
7fe73bbfc000-7fe73bdfb000 ---p 00002000 08:02 2760963                    /usr/lib/x86_64-linux-gnu/libXdamage.so.1.1.0
7fe73bdfb000-7fe73bdfc000 r--p 00001000 08:02 2760963                    /usr/lib/x86_64-linux-gnu/libXdamage.so.1.1.0
7fe73bdfc000-7fe73bdfd000 rw-p 00002000 08:02 2760963                    /usr/lib/x86_64-linux-gnu/libXdamage.so.1.1.0
7fe73bdfd000-7fe73bdff000 r-xp 00000000 08:02 2760959                    /usr/lib/x86_64-linux-gnu/libXcomposite.so.1.0.0
7fe73bdff000-7fe73bffe000 ---p 00002000 08:02 2760959                    /usr/lib/x86_64-linux-gnu/libXcomposite.so.1.0.0
7fe73bffe000-7fe73bfff000 r--p 00001000 08:02 2760959                    /usr/lib/x86_64-linux-gnu/libXcomposite.so.1.0.0
7fe73bfff000-7fe73c000000 rw-p 00002000 08:02 2760959                    /usr/lib/x86_64-linux-gnu/libXcomposite.so.1.0.0
7fe73c000000-7fe73c290000 rw-p 00000000 00:00 0 
7fe73c290000-7fe740000000 ---p 00000000 00:00 0 
7fe740000000-7fe740021000 rw-p 00000000 00:00 0 
7fe740021000-7fe744000000 ---p 00000000 00:00 0 
7fe744000000-7fe744021000 rw-p 00000000 00:00 0 
7fe744021000-7fe748000000 ---p 00000000 00:00 0 
7fe748000000-7fe748237000 rw-p 00000000 00:00 0 
7fe748237000-7fe74c000000 ---p 00000000 00:00 0 
7fe74c000000-7fe74c021000 rw-p 00000000 00:00 0 
7fe74c021000-7fe750000000 ---p 00000000 00:00 0 
7fe750000000-7fe750021000 rw-p 00000000 00:00 0 
7fe750021000-7fe754000000 ---p 00000000 00:00 0 
7fe754000000-7fe754021000 rw-p 00000000 00:00 0 
7fe754021000-7fe758000000 ---p 00000000 00:00 0 
7fe758000000-7fe758021000 rw-p 00000000 00:00 0 
7fe758021000-7fe75c000000 ---p 00000000 00:00 0 
7fe75c000000-7fe75c021000 rw-p 00000000 00:00 0 
7fe75c021000-7fe760000000 ---p 00000000 00:00 0 
7fe7601a0000-7fe7601c3000 r--p 00000000 08:02 655413                     /usr/share/fonts/truetype/msttcorefonts/Verdana.ttf
7fe7601c3000-7fe7601cc000 r-xp 00000000 08:02 2760961                    /usr/lib/x86_64-linux-gnu/libXcursor.so.1.0.2
7fe7601cc000-7fe7603cb000 ---p 00009000 08:02 2760961                    /usr/lib/x86_64-linux-gnu/libXcursor.so.1.0.2
7fe7603cb000-7fe7603cc000 r--p 00008000 08:02 2760961                    /usr/lib/x86_64-linux-gnu/libXcursor.so.1.0.2
7fe7603cc000-7fe7603cd000 rw-p 00009000 08:02 2760961                    /usr/lib/x86_64-linux-gnu/libXcursor.so.1.0.2
7fe7603cd000-7fe7603d6000 r-xp 00000000 08:02 2760987                    /usr/lib/x86_64-linux-gnu/libXrandr.so.2.2.0
7fe7603d6000-7fe7605d5000 ---p 00009000 08:02 2760987                    /usr/lib/x86_64-linux-gnu/libXrandr.so.2.2.0
7fe7605d5000-7fe7605d6000 r--p 00008000 08:02 2760987                    /usr/lib/x86_64-linux-gnu/libXrandr.so.2.2.0
7fe7605d6000-7fe7605d7000 rw-p 00009000 08:02 2760987                    /usr/lib/x86_64-linux-gnu/libXrandr.so.2.2.0
7fe7605d7000-7fe7605e6000 r-xp 00000000 08:02 2760975                    /usr/lib/x86_64-linux-gnu/libXi.so.6.1.0
7fe7605e6000-7fe7607e5000 ---p 0000f000 08:02 2760975                    /usr/lib/x86_64-linux-gnu/libXi.so.6.1.0
7fe7607e5000-7fe7607e6000 r--p 0000e000 08:02 2760975                    /usr/lib/x86_64-linux-gnu/libXi.so.6.1.0
7fe7607e6000-7fe7607e7000 rw-p 0000f000 08:02 2760975                    /usr/lib/x86_64-linux-gnu/libXi.so.6.1.0
7fe7607e7000-7fe7607e9000 r-xp 00000000 08:02 2760977                    /usr/lib/x86_64-linux-gnu/libXinerama.so.1.0.0
7fe7607e9000-7fe7609e8000 ---p 00002000 08:02 2760977                    /usr/lib/x86_64-linux-gnu/libXinerama.so.1.0.0
7fe7609e8000-7fe7609e9000 r--p 00001000 08:02 2760977                    /usr/lib/x86_64-linux-gnu/libXinerama.so.1.0.0
7fe7609e9000-7fe7609ea000 rw-p 00002000 08:02 2760977                    /usr/lib/x86_64-linux-gnu/libXinerama.so.1.0.0
7fe7609ea000-7fe7609f3000 r-xp 00000000 08:02 2760989                    /usr/lib/x86_64-linux-gnu/libXrender.so.1.3.0
7fe7609f3000-7fe760bf2000 ---p 00009000 08:02 2760989                    /usr/lib/x86_64-linux-gnu/libXrender.so.1.3.0
7fe760bf2000-7fe760bf3000 r--p 00008000 08:02 2760989                    /usr/lib/x86_64-linux-gnu/libXrender.so.1.3.0
7fe760bf3000-7fe760bf4000 rw-p 00009000 08:02 2760989                    /usr/lib/x86_64-linux-gnu/libXrender.so.1.3.0
7fe760bf4000-7fe760c05000 r-xp 00000000 08:02 2760967                    /usr/lib/x86_64-linux-gnu/libXext.so.6.4.0
7fe760c05000-7fe760e04000 ---p 00011000 08:02 2760967                    /usr/lib/x86_64-linux-gnu/libXext.so.6.4.0
7fe760e04000-7fe760e05000 r--p 00010000 08:02 2760967                    /usr/lib/x86_64-linux-gnu/libXext.so.6.4.0
7fe760e05000-7fe760e06000 rw-p 00011000 08:02 2760967                    /usr/lib/x86_64-linux-gnu/libXext.so.6.4.0
7fe760e06000-7fe760f0c000 r-xp 00000000 08:02 266098                     /lib/x86_64-linux-gnu/libglib-2.0.so.0.4002.0
7fe760f0c000-7fe76110b000 ---p 00106000 08:02 266098                     /lib/x86_64-linux-gnu/libglib-2.0.so.0.4002.0
7fe76110b000-7fe76110c000 r--p 00105000 08:02 266098                     /lib/x86_64-linux-gnu/libglib-2.0.so.0.4002.0
7fe76110c000-7fe76110d000 rw-p 00106000 08:02 266098                     /lib/x86_64-linux-gnu/libglib-2.0.so.0.4002.0
7fe76110d000-7fe76110e000 rw-p 00000000 00:00 0 
7fe76110e000-7fe76115d000 r-xp 00000000 08:02 2752911                    /usr/lib/x86_64-linux-gnu/libgobject-2.0.so.0.4002.0
7fe76115d000-7fe76135d000 ---p 0004f000 08:02 2752911                    /usr/lib/x86_64-linux-gnu/libgobject-2.0.so.0.4002.0
7fe76135d000-7fe76135e000 r--p 0004f000 08:02 2752911                    /usr/lib/x86_64-linux-gnu/libgobject-2.0.so.0.4002.0
7fe76135e000-7fe76135f000 rw-p 00050000 08:02 2752911                    /usr/lib/x86_64-linux-gnu/libgobject-2.0.so.0.4002.0
7fe76135f000-7fe761399000 r-xp 00000000 08:02 2761239                    /usr/lib/x86_64-linux-gnu/libfontconfig.so.1.8.0
7fe761399000-7fe761598000 ---p 0003a000 08:02 2761239                    /usr/lib/x86_64-linux-gnu/libfontconfig.so.1.8.0
7fe761598000-7fe76159a000 r--p 00039000 08:02 2761239                    /usr/lib/x86_64-linux-gnu/libfontconfig.so.1.8.0
7fe76159a000-7fe76159b000 rw-p 0003b000 08:02 2761239                    /usr/lib/x86_64-linux-gnu/libfontconfig.so.1.8.0
7fe76159b000-7fe7615e5000 r-xp 00000000 08:02 2754613                    /usr/lib/x86_64-linux-gnu/libpango-1.0.so.0.3600.3
7fe7615e5000-7fe7617e5000 ---p 0004a000 08:02 2754613                    /usr/lib/x86_64-linux-gnu/libpango-1.0.so.0.3600.3
7fe7617e5000-7fe7617e7000 r--p 0004a000 08:02 2754613                    /usr/lib/x86_64-linux-gnu/libpango-1.0.so.0.3600.3
7fe7617e7000-7fe7617e8000 rw-p 0004c000 08:02 2754613                    /usr/lib/x86_64-linux-gnu/libpango-1.0.so.0.3600.3
7fe7617e8000-7fe7617fc000 r-xp 00000000 08:02 2754615                    /usr/lib/x86_64-linux-gnu/libpangoft2-1.0.so.0.3600.3
7fe7617fc000-7fe7619fb000 ---p 00014000 08:02 2754615                    /usr/lib/x86_64-linux-gnu/libpangoft2-1.0.so.0.3600.3
7fe7619fb000-7fe7619fc000 r--p 00013000 08:02 2754615                    /usr/lib/x86_64-linux-gnu/libpangoft2-1.0.so.0.3600.3
7fe7619fc000-7fe7619fd000 rw-p 00014000 08:02 2754615                    /usr/lib/x86_64-linux-gnu/libpangoft2-1.0.so.0.3600.3
7fe7619fd000-7fe761b69000 r-xp 00000000 08:02 2752917                    /usr/lib/x86_64-linux-gnu/libgio-2.0.so.0.4002.0
7fe761b69000-7fe761d68000 ---p 0016c000 08:02 2752917                    /usr/lib/x86_64-linux-gnu/libgio-2.0.so.0.4002.0
7fe761d68000-7fe761d6c000 r--p 0016b000 08:02 2752917                    /usr/lib/x86_64-linux-gnu/libgio-2.0.so.0.4002.0
7fe761d6c000-7fe761d6e000 rw-p 0016f000 08:02 2752917                    /usr/lib/x86_64-linux-gnu/libgio-2.0.so.0.4002.0
7fe761d6e000-7fe761d70000 rw-p 00000000 00:00 0 
7fe761d70000-7fe761d8f000 r-xp 00000000 08:02 2761286                    /usr/lib/x86_64-linux-gnu/libgdk_pixbuf-2.0.so.0.3000.7
7fe761d8f000-7fe761f8f000 ---p 0001f000 08:02 2761286                    /usr/lib/x86_64-linux-gnu/libgdk_pixbuf-2.0.so.0.3000.7
7fe761f8f000-7fe761f90000 r--p 0001f000 08:02 2761286                    /usr/lib/x86_64-linux-gnu/libgdk_pixbuf-2.0.so.0.3000.7
7fe761f90000-7fe761f91000 rw-p 00020000 08:02 2761286                    /usr/lib/x86_64-linux-gnu/libgdk_pixbuf-2.0.so.0.3000.7
7fe761f91000-7fe762097000 r-xp 00000000 08:02 2761078                    /usr/lib/x86_64-linux-gnu/libcairo.so.2.11301.0
7fe762097000-7fe762296000 ---p 00106000 08:02 2761078                    /usr/lib/x86_64-linux-gnu/libcairo.so.2.11301.0
7fe762296000-7fe762299000 r--p 00105000 08:02 2761078                    /usr/lib/x86_64-linux-gnu/libcairo.so.2.11301.0
7fe762299000-7fe76229a000 rw-p 00108000 08:02 2761078                    /usr/lib/x86_64-linux-gnu/libcairo.so.2.11301.0
7fe76229a000-7fe76229c000 rw-p 00000000 00:00 0 
7fe76229c000-7fe7622bb000 r-xp 00000000 08:02 2761043                    /usr/lib/x86_64-linux-gnu/libatk-1.0.so.0.21009.1
7fe7622bb000-7fe7624bb000 ---p 0001f000 08:02 2761043                    /usr/lib/x86_64-linux-gnu/libatk-1.0.so.0.21009.1
7fe7624bb000-7fe7624bd000 r--p 0001f000 08:02 2761043                    /usr/lib/x86_64-linux-gnu/libatk-1.0.so.0.21009.1
7fe7624bd000-7fe7624be000 rw-p 00021000 08:02 2761043                    /usr/lib/x86_64-linux-gnu/libatk-1.0.so.0.21009.1
7fe7624be000-7fe7624c3000 r-xp 00000000 08:02 2760969                    /usr/lib/x86_64-linux-gnu/libXfixes.so.3.1.0
7fe7624c3000-7fe7626c2000 ---p 00005000 08:02 2760969                    /usr/lib/x86_64-linux-gnu/libXfixes.so.3.1.0
7fe7626c2000-7fe7626c3000 r--p 00004000 08:02 2760969                    /usr/lib/x86_64-linux-gnu/libXfixes.so.3.1.0
7fe7626c3000-7fe7626c4000 rw-p 00005000 08:02 2760969                    /usr/lib/x86_64-linux-gnu/libXfixes.so.3.1.0
7fe7626c4000-7fe7627f4000 r-xp 00000000 08:02 2760950                    /usr/lib/x86_64-linux-gnu/libX11.so.6.3.0
7fe7627f4000-7fe7629f4000 ---p 00130000 08:02 2760950                    /usr/lib/x86_64-linux-gnu/libX11.so.6.3.0
7fe7629f4000-7fe7629f5000 r--p 00130000 08:02 2760950                    /usr/lib/x86_64-linux-gnu/libX11.so.6.3.0
7fe7629f5000-7fe7629f9000 rw-p 00131000 08:02 2760950                    /usr/lib/x86_64-linux-gnu/libX11.so.6.3.0
7fe7629f9000-7fe762a04000 r-xp 00000000 08:02 2754611                    /usr/lib/x86_64-linux-gnu/libpangocairo-1.0.so.0.3600.3
7fe762a04000-7fe762c04000 ---p 0000b000 08:02 2754611                    /usr/lib/x86_64-linux-gnu/libpangocairo-1.0.so.0.3600.3
7fe762c04000-7fe762c05000 r--p 0000b000 08:02 2754611                    /usr/lib/x86_64-linux-gnu/libpangocairo-1.0.so.0.3600.3
7fe762c05000-7fe762c06000 rw-p 0000c000 08:02 2754611                    /usr/lib/x86_64-linux-gnu/libpangocairo-1.0.so.0.3600.3
7fe762c06000-7fe762c09000 r-xp 00000000 08:02 2752891                    /usr/lib/x86_64-linux-gnu/libgmodule-2.0.so.0.4002.0
7fe762c09000-7fe762e08000 ---p 00003000 08:02 2752891                    /usr/lib/x86_64-linux-gnu/libgmodule-2.0.so.0.4002.0
7fe762e08000-7fe762e09000 r--p 00002000 08:02 2752891                    /usr/lib/x86_64-linux-gnu/libgmodule-2.0.so.0.4002.0
7fe762e09000-7fe762e0a000 rw-p 00003000 08:02 2752891                    /usr/lib/x86_64-linux-gnu/libgmodule-2.0.so.0.4002.0
7fe762e0a000-7fe762eb7000 r-xp 00000000 08:02 2761284                    /usr/lib/x86_64-linux-gnu/libgdk-x11-2.0.so.0.2400.23
7fe762eb7000-7fe7630b6000 ---p 000ad000 08:02 2761284                    /usr/lib/x86_64-linux-gnu/libgdk-x11-2.0.so.0.2400.23
7fe7630b6000-7fe7630ba000 r--p 000ac000 08:02 2761284                    /usr/lib/x86_64-linux-gnu/libgdk-x11-2.0.so.0.2400.23
7fe7630ba000-7fe7630bc000 rw-p 000b0000 08:02 2761284                    /usr/lib/x86_64-linux-gnu/libgdk-x11-2.0.so.0.2400.23
7fe7630bc000-7fe7630c1000 r-xp 00000000 08:02 2760995                    /usr/lib/x86_64-linux-gnu/libXtst.so.6.1.0
7fe7630c1000-7fe7632c0000 ---p 00005000 08:02 2760995                    /usr/lib/x86_64-linux-gnu/libXtst.so.6.1.0
7fe7632c0000-7fe7632c1000 r--p 00004000 08:02 2760995                    /usr/lib/x86_64-linux-gnu/libXtst.so.6.1.0
7fe7632c1000-7fe7632c2000 rw-p 00005000 08:02 2760995                    /usr/lib/x86_64-linux-gnu/libXtst.so.6.1.0
7fe7632c2000-7fe7632c3000 r-xp 00000000 08:02 2752916                    /usr/lib/x86_64-linux-gnu/libgthread-2.0.so.0.4002.0
7fe7632c3000-7fe7634c2000 ---p 00001000 08:02 2752916                    /usr/lib/x86_64-linux-gnu/libgthread-2.0.so.0.4002.0
7fe7634c2000-7fe7634c3000 r--p 00000000 08:02 2752916                    /usr/lib/x86_64-linux-gnu/libgthread-2.0.so.0.4002.0
7fe7634c3000-7fe7634c4000 rw-p 00001000 08:02 2752916                    /usr/lib/x86_64-linux-gnu/libgthread-2.0.so.0.4002.0
7fe7634c4000-7fe7638f3000 r-xp 00000000 08:02 2761460                    /usr/lib/x86_64-linux-gnu/libgtk-x11-2.0.so.0.2400.23
7fe7638f3000-7fe763af2000 ---p 0042f000 08:02 2761460                    /usr/lib/x86_64-linux-gnu/libgtk-x11-2.0.so.0.2400.23
7fe763af2000-7fe763af9000 r--p 0042e000 08:02 2761460                    /usr/lib/x86_64-linux-gnu/libgtk-x11-2.0.so.0.2400.23
7fe763af9000-7fe763afd000 rw-p 00435000 08:02 2761460                    /usr/lib/x86_64-linux-gnu/libgtk-x11-2.0.so.0.2400.23
7fe763afd000-7fe763b00000 rw-p 00000000 00:00 0 
7fe763b00000-7fe763b74000 r-xp 00000000 08:05 13764960                   /home/eugen/.swt/lib/linux/x86_64/libswt-pi-gtk-4430.so
7fe763b74000-7fe763d74000 ---p 00074000 08:05 13764960                   /home/eugen/.swt/lib/linux/x86_64/libswt-pi-gtk-4430.so
7fe763d74000-7fe763d77000 rw-p 00074000 08:05 13764960                   /home/eugen/.swt/lib/linux/x86_64/libswt-pi-gtk-4430.so
7fe763d77000-7fe763d79000 rw-p 00000000 00:00 0 
7fe763d79000-7fe763df7000 r-xp 00000000 08:05 13764933                   /home/eugen/.swt/lib/linux/x86_64/libswt-gtk-4430.so
7fe763df7000-7fe763ff6000 ---p 0007e000 08:05 13764933                   /home/eugen/.swt/lib/linux/x86_64/libswt-gtk-4430.so
7fe763ff6000-7fe763ffe000 rw-p 0007d000 08:05 13764933                   /home/eugen/.swt/lib/linux/x86_64/libswt-gtk-4430.so
7fe763ffe000-7fe764000000 rw-p 00000000 00:00 0 
7fe764000000-7fe764021000 rw-p 00000000 00:00 0 
7fe764021000-7fe768000000 ---p 00000000 00:00 0 
7fe76800f000-7fe768010000 rw-p 00000000 00:00 0 
7fe768010000-7fe768012000 r--s 00000000 08:02 928279                     /var/cache/fontconfig/8d8b68aba5c2525ac7de7497e4c5b2d2-le64.cache-4
7fe768012000-7fe768013000 r--s 00000000 08:02 928214                     /var/cache/fontconfig/087e1975ba9a574b140bb1df193bf770-le64.cache-4
7fe768013000-7fe768014000 r--s 00000000 08:02 928275                     /var/cache/fontconfig/c05880de57d1f5e948fdfacc138775d9-le64.cache-4
7fe768014000-7fe76801f000 r--s 00000000 08:02 917606                     /var/cache/fontconfig/945677eb7aeaf62f1d50efc3fb3ec7d8-le64.cache-4
7fe76801f000-7fe768025000 r--s 00000000 08:02 928273                     /var/cache/fontconfig/2cd17615ca594fa2959ae173292e504c-le64.cache-4
7fe768025000-7fe768026000 r--s 00000000 08:02 928272                     /var/cache/fontconfig/e7071f4a29fa870f4323321c154eba04-le64.cache-4
7fe768026000-7fe768027000 r--s 00000000 08:02 928271                     /var/cache/fontconfig/0d8c3b2ac0904cb8a57a757ad11a4a08-le64.cache-4
7fe768027000-7fe76802e000 r--s 00000000 08:02 928270                     /var/cache/fontconfig/a755afe4a08bf5b97852ceb7400b47bc-le64.cache-4
7fe76802e000-7fe768032000 r--s 00000000 08:02 928269                     /var/cache/fontconfig/de156ccd2eddbdc19d37a45b8b2aac9c-le64.cache-4
7fe768032000-7fe76803d000 r--s 00000000 08:02 928268                     /var/cache/fontconfig/a6354e3ac43af67bd8d7b8e43c34e49f-le64.cache-4
7fe76803d000-7fe768051000 r--s 00000000 08:02 928267                     /var/cache/fontconfig/04aabc0a78ac019cf9454389977116d2-le64.cache-4
7fe768051000-7fe768052000 r--s 00000000 08:02 928266                     /var/cache/fontconfig/1ac9eb803944fde146138c791f5cc56a-le64.cache-4
7fe768052000-7fe768056000 r--s 00000000 08:02 928265                     /var/cache/fontconfig/385c0604a188198f04d133e54aba7fe7-le64.cache-4
7fe768056000-7fe768057000 r--s 00000000 08:02 928264                     /var/cache/fontconfig/dc05db6664285cc2f12bf69c139ae4c3-le64.cache-4
7fe768057000-7fe768059000 r--s 00000000 08:02 928263                     /var/cache/fontconfig/767a8244fc0220cfb567a839d0392e0b-le64.cache-4
7fe768059000-7fe76805a000 r--s 00000000 08:02 928260                     /var/cache/fontconfig/4794a0821666d79190d59a36cb4f44b5-le64.cache-4
7fe76805a000-7fe76805f000 r--s 00000000 08:02 928259                     /var/cache/fontconfig/8801497958630a81b71ace7c5f9b32a8-le64.cache-4
7fe76805f000-7fe76809a000 r--s 00000000 08:02 928258                     /var/cache/fontconfig/365b55f210c0a22e9a19e35191240f32-le64.cache-4
7fe76809a000-7fe7680a1000 r--s 00000000 08:02 928257                     /var/cache/fontconfig/3047814df9a2f067bd2d96a2b9c36e5a-le64.cache-4
7fe7680a1000-7fe7680a2000 r--s 00000000 08:02 928256                     /var/cache/fontconfig/56cf4f4769d0f4abc89a4895d7bd3ae1-le64.cache-4
7fe7680a2000-7fe7680a3000 r--s 00000000 08:02 928255                     /var/cache/fontconfig/b9d506c9ac06c20b433354fa67a72993-le64.cache-4
7fe7680a3000-7fe7680a9000 r--s 00000000 08:02 928254                     /var/cache/fontconfig/b47c4e1ecd0709278f4910c18777a504-le64.cache-4
7fe7680a9000-7fe7680aa000 r--s 00000000 08:02 928253                     /var/cache/fontconfig/89034621ae2a8922916bb6bfa5799546-le64.cache-4
7fe7680aa000-7fe7680bd000 r--s 00000000 08:02 928251                     /var/cache/fontconfig/d52a8644073d54c13679302ca1180695-le64.cache-4
7fe7680bd000-7fe7680be000 r--s 00000000 08:02 928250                     /var/cache/fontconfig/8a687c406b77f27d99abfeeba937fcce-le64.cache-4
7fe7680be000-7fe7680c7000 r--s 00000000 08:02 928249                     /var/cache/fontconfig/3f7329c5293ffd510edef78f73874cfd-le64.cache-4
7fe7680c7000-7fe7680cb000 r--s 00000000 08:02 928248                     /var/cache/fontconfig/d589a48862398ed80a3d6066f4f56f4c-le64.cache-4
7fe7680cb000-7fe7680cc000 r--s 00000000 08:02 928247                     /var/cache/fontconfig/0c9eb80ebd1c36541ebe2852d3bb0c49-le64.cache-4
7fe7680cc000-7fe7680cd000 r--s 00000000 08:02 928301                     /var/cache/fontconfig/8b40f4595dc58240fca3414dac057aad-le64.cache-4
7fe7680cd000-7fe7680ce000 r--s 00000000 08:02 928238                     /var/cache/fontconfig/c277e94e32b20404286a1ddafa5a80f0-le64.cache-4
7fe7680ce000-7fe7680db000 r--s 00000000 08:02 928046                     /var/cache/fontconfig/e13b20fdb08344e0e664864cc2ede53d-le64.cache-4
7fe7680db000-7fe7680df000 r--s 00000000 08:02 928233                     /var/cache/fontconfig/7ef2298fde41cc6eeb7af42e48b7d293-le64.cache-4
7fe7680df000-7fe7680e2000 r--s 00019000 08:02 2893344                    /usr/lib/jvm/java-7-oracle/jre/lib/jce.jar
7fe7680e2000-7fe7680e7000 r--s 0008a000 08:02 2893273                    /usr/lib/jvm/java-7-oracle/jre/lib/jsse.jar
7fe7680e7000-7fe7680ec000 r--s 00038000 08:05 7868242                    /home/eugen/Workspace/ide/luna/eclipse/plugins/org.eclipse.text_3.5.300.v20130515-1451.jar
7fe7680ec000-7fe7680f0000 r--s 00013000 08:05 7865583                    /home/eugen/Workspace/ide/luna/eclipse/plugins/org.eclipse.osgi.services_3.4.0.v20140312-2051.jar
7fe7680f0000-7fe768103000 r--s 000e0000 08:05 7865171                    /home/eugen/Workspace/ide/luna/eclipse/plugins/org.eclipse.jface.text_3.9.1.v20140827-1810.jar
7fe768103000-7fe76819a000 r--s 00964000 08:05 7865161                    /home/eugen/Workspace/ide/luna/eclipse/plugins/org.eclipse.jdt.ui_3.10.1.v20140817-1500.jar
7fe76819a000-7fe76819f000 r--s 0004a000 08:05 7865159                    /home/eugen/Workspace/ide/luna/eclipse/plugins/org.eclipse.jdt.launching_3.7.101.v20140825-1922.jar
7fe76819f000-7fe7681a1000 r--s 0000d000 08:05 7865468                    /home/eugen/Workspace/ide/luna/eclipse/plugins/org.eclipse.jdt.compiler.tool_1.0.300.v20140311-1758.jar
7fe7681a1000-7fe7681a4000 r--s 00025000 08:05 7865529                    /home/eugen/Workspace/ide/luna/eclipse/plugins/org.eclipse.jdt.compiler.apt_1.1.0.v20140509-1235.jar
7fe7681a4000-7fe7681d1000 r--s 00522000 08:05 7865154                    /home/eugen/Workspace/ide/luna/eclipse/plugins/org.eclipse.jdt.core_3.10.0.v20140902-0626.jar
7fe7681d1000-7fe7681d8000 r--s 0003f000 08:05 7868202                    /home/eugen/Workspace/ide/luna/eclipse/plugins/org.eclipse.e4.ui.workbench_1.2.1.v20140901-1244.jar
7fe7681d8000-7fe7681df000 r--s 00055000 08:05 7868251                    /home/eugen/Workspace/ide/luna/eclipse/plugins/org.eclipse.e4.ui.model.workbench_1.1.0.v20140512-1820.jar
7fe7681df000-7fe7681e1000 r--s 0000c000 08:05 7865835                    /home/eugen/Workspace/ide/luna/eclipse/plugins/org.eclipse.e4.core.di_1.4.0.v20140414-1837.jar
7fe7681e1000-7fe7681e3000 r--s 00014000 08:05 7868274                    /home/eugen/Workspace/ide/luna/eclipse/plugins/org.eclipse.core.expressions_3.4.600.v20140128-0851.jar
7fe7681e3000-7fe7681e6000 r--s 00018000 08:05 7865801                    /home/eugen/Workspace/ide/luna/eclipse/plugins/org.eclipse.core.commands_3.6.100.v20140528-1422.jar
7fe7681e6000-7fe7681fb000 r--s 00107000 08:05 7865169                    /home/eugen/Workspace/ide/luna/eclipse/plugins/org.eclipse.jface_3.10.1.v20140813-1009.jar
7fe7681fb000-7fe768210000 r--s 00266000 08:05 7865260                    /home/eugen/Workspace/ide/luna/eclipse/plugins/org.eclipse.swt.gtk.linux.x86_64_3.103.1.v20140903-1947.jar
7fe768210000-7fe76821b000 r--s 000c1000 08:05 7865115                    /home/eugen/Workspace/ide/luna/eclipse/plugins/org.eclipse.core.resources_3.9.1.v20140825-1431.jar
7fe76821b000-7fe76825f000 r--s 00390000 08:05 7865265                    /home/eugen/Workspace/ide/luna/eclipse/plugins/org.eclipse.ui.workbench_3.106.1.v20140827-1737.jar
7fe76825f000-7fe768260000 ---p 00000000 00:00 0 
7fe768260000-7fe76c000000 rw-p 00000000 00:00 0                          [stack:1507]
7fe76c000000-7fe76c021000 rw-p 00000000 00:00 0 
7fe76c021000-7fe770000000 ---p 00000000 00:00 0 
7fe770000000-7fe770021000 rw-p 00000000 00:00 0 
7fe770021000-7fe774000000 ---p 00000000 00:00 0 
7fe774000000-7fe774021000 rw-p 00000000 00:00 0 
7fe774021000-7fe778000000 ---p 00000000 00:00 0 
7fe778000000-7fe778021000 rw-p 00000000 00:00 0 
7fe778021000-7fe77c000000 ---p 00000000 00:00 0 
7fe77c000000-7fe77c021000 rw-p 00000000 00:00 0 
7fe77c021000-7fe780000000 ---p 00000000 00:00 0 
7fe780000000-7fe780001000 r--s 00000000 08:02 928207                     /var/cache/fontconfig/62f91419b9ebdb6975e7e41ab6412357-le64.cache-4
7fe780001000-7fe780002000 r--s 00004000 08:05 7865259                    /home/eugen/Workspace/ide/luna/eclipse/plugins/org.eclipse.swt_3.103.1.v20140903-1938.jar
7fe780002000-7fe78000a000 r--s 0003a000 08:05 7865262                    /home/eugen/Workspace/ide/luna/eclipse/plugins/org.eclipse.ui_3.106.0.v20140812-1751.jar
7fe78000a000-7fe78000d000 r--s 00013000 08:05 7868325                    /home/eugen/Workspace/ide/luna/eclipse/plugins/org.eclipse.equinox.app_1.3.200.v20130910-1609.jar
7fe78000d000-7fe780011000 r--s 0001c000 08:05 7868276                    /home/eugen/Workspace/ide/luna/eclipse/plugins/org.eclipse.equinox.preferences_3.5.200.v20140224-1527.jar
7fe780011000-7fe780015000 r--s 00029000 08:05 7865751                    /home/eugen/Workspace/ide/luna/eclipse/plugins/org.eclipse.equinox.registry_3.5.400.v20140428-1507.jar
7fe780015000-7fe780029000 r--s 00121000 08:05 7868414                    /home/eugen/Workspace/ide/luna/eclipse/plugins/org.eclipse.osgi_3.10.1.v20140909-1633.jar
7fe780029000-7fe78002c000 ---p 00000000 00:00 0 
7fe78002c000-7fe78012a000 rw-p 00000000 00:00 0                          [stack:1506]
7fe78012a000-7fe78012d000 ---p 00000000 00:00 0 
7fe78012d000-7fe78022b000 rw-p 00000000 00:00 0                          [stack:1505]
7fe78022b000-7fe78022e000 ---p 00000000 00:00 0 
7fe78022e000-7fe78032c000 rw-p 00000000 00:00 0                          [stack:1504]
7fe78032c000-7fe78032f000 ---p 00000000 00:00 0 
7fe78032f000-7fe78042d000 rw-p 00000000 00:00 0                          [stack:1503]
7fe78042d000-7fe780c7f000 r--p 00000000 08:02 2760058                    /usr/lib/locale/locale-archive
7fe780c7f000-7fe780c82000 ---p 00000000 00:00 0 
7fe780c82000-7fe780d80000 rw-p 00000000 00:00 0                          [stack:1502]
7fe780d80000-7fe780d83000 ---p 00000000 00:00 0 
7fe780d83000-7fe780e81000 rw-p 00000000 00:00 0                          [stack:1501]
7fe780e81000-7fe780e82000 ---p 00000000 00:00 0 
7fe780e82000-7fe782bcf000 rw-p 00000000 00:00 0                          [stack:1500]
7fe782bcf000-7fe782d8f000 r--s 039ea000 08:02 2893253                    /usr/lib/jvm/java-7-oracle/jre/lib/rt.jar
7fe782d8f000-7fe78322a000 rw-p 00000000 00:00 0 
7fe78322a000-7fe78322b000 ---p 00000000 00:00 0 
7fe78322b000-7fe78332b000 rw-p 00000000 00:00 0                          [stack:1499]
7fe78332b000-7fe78332c000 ---p 00000000 00:00 0 
7fe78332c000-7fe78342c000 rw-p 00000000 00:00 0                          [stack:1498]
7fe78342c000-7fe78342d000 ---p 00000000 00:00 0 
7fe78342d000-7fe78352d000 rw-p 00000000 00:00 0                          [stack:1497]
7fe78352d000-7fe78352e000 ---p 00000000 00:00 0 
7fe78352e000-7fe78362e000 rw-p 00000000 00:00 0                          [stack:1496]
7fe78362e000-7fe78362f000 ---p 00000000 00:00 0 
7fe78362f000-7fe78372f000 rw-p 00000000 00:00 0                          [stack:1495]
7fe78372f000-7fe783730000 ---p 00000000 00:00 0 
7fe783730000-7fe783830000 rw-p 00000000 00:00 0                          [stack:1494]
7fe783830000-7fe783831000 ---p 00000000 00:00 0 
7fe783831000-7fe783958000 rw-p 00000000 00:00 0                          [stack:1493]
7fe783958000-7fe783b9d000 rw-p 00000000 00:00 0 
7fe783b9d000-7fe783ba8000 rw-p 00000000 00:00 0 
7fe783ba8000-7fe783bc6000 rw-p 00000000 00:00 0 
7fe783bc6000-7fe783bed000 rw-p 00000000 00:00 0 
7fe783bed000-7fe783e31000 rw-p 00000000 00:00 0 
7fe783e31000-7fe783e45000 rw-p 00000000 00:00 0 
7fe783e45000-7fe783f67000 rw-p 00000000 00:00 0 
7fe783f67000-7fe783f68000 rw-p 00000000 00:00 0 
7fe783f68000-7fe7841d8000 rwxp 00000000 00:00 0 
7fe7841d8000-7fe786f68000 rw-p 00000000 00:00 0 
7fe786f68000-7fe786f82000 r-xp 00000000 08:02 2893328                    /usr/lib/jvm/java-7-oracle/jre/lib/amd64/libzip.so
7fe786f82000-7fe787182000 ---p 0001a000 08:02 2893328                    /usr/lib/jvm/java-7-oracle/jre/lib/amd64/libzip.so
7fe787182000-7fe787183000 rw-p 0001a000 08:02 2893328                    /usr/lib/jvm/java-7-oracle/jre/lib/amd64/libzip.so
7fe787183000-7fe78718e000 r-xp 00000000 08:02 262237                     /lib/x86_64-linux-gnu/libnss_files-2.19.so
7fe78718e000-7fe78738d000 ---p 0000b000 08:02 262237                     /lib/x86_64-linux-gnu/libnss_files-2.19.so
7fe78738d000-7fe78738e000 r--p 0000a000 08:02 262237                     /lib/x86_64-linux-gnu/libnss_files-2.19.so
7fe78738e000-7fe78738f000 rw-p 0000b000 08:02 262237                     /lib/x86_64-linux-gnu/libnss_files-2.19.so
7fe78738f000-7fe78739a000 r-xp 00000000 08:02 262244                     /lib/x86_64-linux-gnu/libnss_nis-2.19.so
7fe78739a000-7fe787599000 ---p 0000b000 08:02 262244                     /lib/x86_64-linux-gnu/libnss_nis-2.19.so
7fe787599000-7fe78759a000 r--p 0000a000 08:02 262244                     /lib/x86_64-linux-gnu/libnss_nis-2.19.so
7fe78759a000-7fe78759b000 rw-p 0000b000 08:02 262244                     /lib/x86_64-linux-gnu/libnss_nis-2.19.so
7fe78759b000-7fe7875b2000 r-xp 00000000 08:02 262170                     /lib/x86_64-linux-gnu/libnsl-2.19.so
7fe7875b2000-7fe7877b1000 ---p 00017000 08:02 262170                     /lib/x86_64-linux-gnu/libnsl-2.19.so
7fe7877b1000-7fe7877b2000 r--p 00016000 08:02 262170                     /lib/x86_64-linux-gnu/libnsl-2.19.so
7fe7877b2000-7fe7877b3000 rw-p 00017000 08:02 262170                     /lib/x86_64-linux-gnu/libnsl-2.19.so
7fe7877b3000-7fe7877b5000 rw-p 00000000 00:00 0 
7fe7877b5000-7fe7877be000 r-xp 00000000 08:02 262241                     /lib/x86_64-linux-gnu/libnss_compat-2.19.so
7fe7877be000-7fe7879bd000 ---p 00009000 08:02 262241                     /lib/x86_64-linux-gnu/libnss_compat-2.19.so
7fe7879bd000-7fe7879be000 r--p 00008000 08:02 262241                     /lib/x86_64-linux-gnu/libnss_compat-2.19.so
7fe7879be000-7fe7879bf000 rw-p 00009000 08:02 262241                     /lib/x86_64-linux-gnu/libnss_compat-2.19.so
7fe7879bf000-7fe7879e8000 r-xp 00000000 08:02 2893309                    /usr/lib/jvm/java-7-oracle/jre/lib/amd64/libjava.so
7fe7879e8000-7fe787be8000 ---p 00029000 08:02 2893309                    /usr/lib/jvm/java-7-oracle/jre/lib/amd64/libjava.so
7fe787be8000-7fe787bea000 rw-p 00029000 08:02 2893309                    /usr/lib/jvm/java-7-oracle/jre/lib/amd64/libjava.so
7fe787bea000-7fe787bf7000 r-xp 00000000 08:02 2893319                    /usr/lib/jvm/java-7-oracle/jre/lib/amd64/libverify.so
7fe787bf7000-7fe787df6000 ---p 0000d000 08:02 2893319                    /usr/lib/jvm/java-7-oracle/jre/lib/amd64/libverify.so
7fe787df6000-7fe787df8000 rw-p 0000c000 08:02 2893319                    /usr/lib/jvm/java-7-oracle/jre/lib/amd64/libverify.so
7fe787df8000-7fe787dff000 r-xp 00000000 08:02 262247                     /lib/x86_64-linux-gnu/librt-2.19.so
7fe787dff000-7fe787ffe000 ---p 00007000 08:02 262247                     /lib/x86_64-linux-gnu/librt-2.19.so
7fe787ffe000-7fe787fff000 r--p 00006000 08:02 262247                     /lib/x86_64-linux-gnu/librt-2.19.so
7fe787fff000-7fe788000000 rw-p 00007000 08:02 262247                     /lib/x86_64-linux-gnu/librt-2.19.so
7fe788000000-7fe788502000 rw-p 00000000 00:00 0 
7fe788502000-7fe78c000000 ---p 00000000 00:00 0 
7fe78c000000-7fe78c002000 r--s 00015000 08:05 7865775                    /home/eugen/Workspace/ide/luna/eclipse/plugins/org.eclipse.core.contenttype_3.4.200.v20140207-1251.jar
7fe78c002000-7fe78c004000 r--s 00002000 08:05 7866645                    /home/eugen/Workspace/ide/luna/eclipse/plugins/org.eclipse.core.runtime.compatibility.registry_3.5.300.v20140128-0851/runtime_registry_compatibility.jar
7fe78c004000-7fe78c073000 rw-p 00000000 00:00 0 
7fe78c073000-7fe78c074000 ---p 00000000 00:00 0 
7fe78c074000-7fe78c17f000 rw-p 00000000 00:00 0                          [stack:1492]
7fe78c17f000-7fe78c19d000 rw-p 00000000 00:00 0 
7fe78c19d000-7fe78c2a2000 r-xp 00000000 08:02 262163                     /lib/x86_64-linux-gnu/libm-2.19.so
7fe78c2a2000-7fe78c4a1000 ---p 00105000 08:02 262163                     /lib/x86_64-linux-gnu/libm-2.19.so
7fe78c4a1000-7fe78c4a2000 r--p 00104000 08:02 262163                     /lib/x86_64-linux-gnu/libm-2.19.so
7fe78c4a2000-7fe78c4a3000 rw-p 00105000 08:02 262163                     /lib/x86_64-linux-gnu/libm-2.19.so
7fe78c4a3000-7fe78d016000 r-xp 00000000 08:02 3415476                    /usr/lib/jvm/java-7-oracle/jre/lib/amd64/server/libjvm.so
7fe78d016000-7fe78d215000 ---p 00b73000 08:02 3415476                    /usr/lib/jvm/java-7-oracle/jre/lib/amd64/server/libjvm.so
7fe78d215000-7fe78d2d9000 rw-p 00b72000 08:02 3415476                    /usr/lib/jvm/java-7-oracle/jre/lib/amd64/server/libjvm.so
7fe78d2d9000-7fe78d31a000 rw-p 00000000 00:00 0 
7fe78d31a000-7fe78d4d5000 r-xp 00000000 08:02 262245                     /lib/x86_64-linux-gnu/libc-2.19.so
7fe78d4d5000-7fe78d6d5000 ---p 001bb000 08:02 262245                     /lib/x86_64-linux-gnu/libc-2.19.so
7fe78d6d5000-7fe78d6d9000 r--p 001bb000 08:02 262245                     /lib/x86_64-linux-gnu/libc-2.19.so
7fe78d6d9000-7fe78d6db000 rw-p 001bf000 08:02 262245                     /lib/x86_64-linux-gnu/libc-2.19.so
7fe78d6db000-7fe78d6e0000 rw-p 00000000 00:00 0 
7fe78d6e0000-7fe78d6e3000 r-xp 00000000 08:02 262239                     /lib/x86_64-linux-gnu/libdl-2.19.so
7fe78d6e3000-7fe78d8e2000 ---p 00003000 08:02 262239                     /lib/x86_64-linux-gnu/libdl-2.19.so
7fe78d8e2000-7fe78d8e3000 r--p 00002000 08:02 262239                     /lib/x86_64-linux-gnu/libdl-2.19.so
7fe78d8e3000-7fe78d8e4000 rw-p 00003000 08:02 262239                     /lib/x86_64-linux-gnu/libdl-2.19.so
7fe78d8e4000-7fe78d8fa000 r-xp 00000000 08:02 5117554                    /usr/lib/jvm/java-7-oracle/lib/amd64/jli/libjli.so
7fe78d8fa000-7fe78dafa000 ---p 00016000 08:02 5117554                    /usr/lib/jvm/java-7-oracle/lib/amd64/jli/libjli.so
7fe78dafa000-7fe78dafb000 rw-p 00016000 08:02 5117554                    /usr/lib/jvm/java-7-oracle/lib/amd64/jli/libjli.so
7fe78dafb000-7fe78db14000 r-xp 00000000 08:02 262234                     /lib/x86_64-linux-gnu/libpthread-2.19.so
7fe78db14000-7fe78dd13000 ---p 00019000 08:02 262234                     /lib/x86_64-linux-gnu/libpthread-2.19.so
7fe78dd13000-7fe78dd14000 r--p 00018000 08:02 262234                     /lib/x86_64-linux-gnu/libpthread-2.19.so
7fe78dd14000-7fe78dd15000 rw-p 00019000 08:02 262234                     /lib/x86_64-linux-gnu/libpthread-2.19.so
7fe78dd15000-7fe78dd19000 rw-p 00000000 00:00 0 
7fe78dd19000-7fe78dd3c000 r-xp 00000000 08:02 262242                     /lib/x86_64-linux-gnu/ld-2.19.so
7fe78dd3c000-7fe78dd67000 rw-p 00000000 00:00 0 
7fe78dd67000-7fe78de1d000 rw-p 00000000 00:00 0 
7fe78de1d000-7fe78de20000 ---p 00000000 00:00 0 
7fe78de20000-7fe78df22000 rw-p 00000000 00:00 0                          [stack:1491]
7fe78df22000-7fe78df23000 r--s 00002000 08:05 7865822                    /home/eugen/Workspace/ide/luna/eclipse/plugins/org.eclipse.e4.ui.workbench3_0.12.0.v20140227-2118.jar
7fe78df23000-7fe78df25000 r--s 00016000 08:05 7868236                    /home/eugen/Workspace/ide/luna/eclipse/plugins/org.eclipse.core.jobs_3.6.0.v20140424-0053.jar
7fe78df25000-7fe78df28000 r--s 00018000 08:05 7865708                    /home/eugen/Workspace/ide/luna/eclipse/plugins/org.eclipse.equinox.common_3.6.200.v20130402-1505.jar
7fe78df28000-7fe78df2b000 r--s 00039000 08:05 7868218                    /home/eugen/Workspace/ide/luna/eclipse/plugins/org.eclipse.osgi.compatibility.state_1.0.1.v20140709-1414.jar
7fe78df2b000-7fe78df2c000 r--s 00002000 08:05 7865749                    /home/eugen/Workspace/ide/luna/eclipse/plugins/javax.inject_1.0.0.v20091030.jar
7fe78df2c000-7fe78df2d000 r--s 00006000 08:05 7865828                    /home/eugen/Workspace/ide/luna/eclipse/plugins/javax.annotation_1.2.0.v201401042248.jar
7fe78df2d000-7fe78df2f000 r--s 00011000 08:05 7865768                    /home/eugen/Workspace/ide/luna/eclipse/plugins/org.eclipse.core.runtime_3.10.0.v20140318-2214.jar
7fe78df2f000-7fe78df37000 rw-s 00000000 08:02 655421                     /tmp/hsperfdata_eugen/1485
7fe78df37000-7fe78df38000 rw-p 00000000 00:00 0 
7fe78df38000-7fe78df39000 r--p 00000000 00:00 0 
7fe78df39000-7fe78df3b000 rw-p 00000000 00:00 0 
7fe78df3b000-7fe78df3c000 r--p 00022000 08:02 262242                     /lib/x86_64-linux-gnu/ld-2.19.so
7fe78df3c000-7fe78df3d000 rw-p 00023000 08:02 262242                     /lib/x86_64-linux-gnu/ld-2.19.so
7fe78df3d000-7fe78df3e000 rw-p 00000000 00:00 0 
7fff1542f000-7fff15451000 rw-p 00000000 00:00 0                          [stack]
7fff15552000-7fff15554000 r-xp 00000000 00:00 0                          [vdso]
ffffffffff600000-ffffffffff601000 r-xp 00000000 00:00 0                  [vsyscall]

VM Arguments:
jvm_args: -Dfile.encoding=UTF-8 
java_command: org.eclipse.plugin.kpax.javabinder.model.Snippet131
Launcher Type: SUN_STANDARD

Environment Variables:
JAVA_HOME=/usr/lib/jvm/java-7-oracle
PATH=/usr/local/sbin:/usr/local/bin:/usr/sbin:/usr/bin:/sbin:/bin:/usr/games:/usr/local/games:/usr/lib/jvm/java-7-oracle/bin:/usr/lib/jvm/java-7-oracle/db/bin:/usr/lib/jvm/java-7-oracle/jre/bin
USERNAME=eugen
SHELL=/bin/bash
DISPLAY=:0

Signal Handlers:
SIGSEGV: [libjvm.so+0x9a1a10], sa_mask[0]=0x7ffbfeff, sa_flags=0x10000004
SIGBUS: [libjvm.so+0x9a1a10], sa_mask[0]=0x7ffbfeff, sa_flags=0x10000004
SIGFPE: [libjvm.so+0x81bae0], sa_mask[0]=0x7ffbfeff, sa_flags=0x10000004
SIGPIPE: SIG_IGN, sa_mask[0]=0x00001000, sa_flags=0x10000000
SIGXFSZ: [libjvm.so+0x81bae0], sa_mask[0]=0x7ffbfeff, sa_flags=0x10000004
SIGILL: [libjvm.so+0x81bae0], sa_mask[0]=0x7ffbfeff, sa_flags=0x10000004
SIGUSR1: SIG_DFL, sa_mask[0]=0x00000000, sa_flags=0x00000000
SIGUSR2: [libjvm.so+0x81d2e0], sa_mask[0]=0x00000004, sa_flags=0x10000004
SIGHUP: [libjvm.so+0x81e400], sa_mask[0]=0x7ffbfeff, sa_flags=0x10000004
SIGINT: [libjvm.so+0x81e400], sa_mask[0]=0x7ffbfeff, sa_flags=0x10000004
SIGTERM: [libjvm.so+0x81e400], sa_mask[0]=0x7ffbfeff, sa_flags=0x10000004
SIGQUIT: [libjvm.so+0x81e400], sa_mask[0]=0x7ffbfeff, sa_flags=0x10000004


---------------  S Y S T E M  ---------------

OS:jessie/sid

uname:Linux 3.13.0-43-generic #72-Ubuntu SMP Mon Dec 8 19:35:06 UTC 2014 x86_64
libc:glibc 2.19 NPTL 2.19 
rlimit: STACK 8192k, CORE 0k, NPROC 59241, NOFILE 4096, AS infinity
load average:0,25 0,46 0,54

/proc/meminfo:
MemTotal:        7604484 kB
MemFree:         1146488 kB
Buffers:          177916 kB
Cached:          2548720 kB
SwapCached:            0 kB
Active:          3605936 kB
Inactive:        2124408 kB
Active(anon):    2399792 kB
Inactive(anon):   962724 kB
Active(file):    1206144 kB
Inactive(file):  1161684 kB
Unevictable:         672 kB
Mlocked:             672 kB
SwapTotal:       3905532 kB
SwapFree:        3905532 kB
Dirty:               124 kB
Writeback:             0 kB
AnonPages:       3004516 kB
Mapped:           290160 kB
Shmem:            358796 kB
Slab:             591940 kB
SReclaimable:     543576 kB
SUnreclaim:        48364 kB
KernelStack:        6656 kB
PageTables:        45632 kB
NFS_Unstable:          0 kB
Bounce:                0 kB
WritebackTmp:          0 kB
CommitLimit:     7707772 kB
Committed_AS:    9187448 kB
VmallocTotal:   34359738367 kB
VmallocUsed:      554168 kB
VmallocChunk:   34359159816 kB
HardwareCorrupted:     0 kB
AnonHugePages:   1533952 kB
HugePages_Total:       0
HugePages_Free:        0
HugePages_Rsvd:        0
HugePages_Surp:        0
Hugepagesize:       2048 kB
DirectMap4k:      146944 kB
DirectMap2M:     7661568 kB
DirectMap1G:           0 kB


CPU:total 8 (4 cores per cpu, 2 threads per core) family 6 model 60 stepping 3, cmov, cx8, fxsr, mmx, sse, sse2, sse3, ssse3, sse4.1, sse4.2, popcnt, avx, avx2, aes, erms, ht, tsc, tscinvbit

/proc/cpuinfo:
processor	: 0
vendor_id	: GenuineIntel
cpu family	: 6
model		: 60
model name	: Intel(R) Core(TM) i7-4702MQ CPU @ 2.20GHz
stepping	: 3
microcode	: 0x17
cpu MHz		: 800.000
cache size	: 6144 KB
physical id	: 0
siblings	: 8
core id		: 0
cpu cores	: 4
apicid		: 0
initial apicid	: 0
fpu		: yes
fpu_exception	: yes
cpuid level	: 13
wp		: yes
flags		: fpu vme de pse tsc msr pae mce cx8 apic sep mtrr pge mca cmov pat pse36 clflush dts acpi mmx fxsr sse sse2 ss ht tm pbe syscall nx pdpe1gb rdtscp lm constant_tsc arch_perfmon pebs bts rep_good nopl xtopology nonstop_tsc aperfmperf eagerfpu pni pclmulqdq dtes64 monitor ds_cpl vmx est tm2 ssse3 fma cx16 xtpr pdcm pcid sse4_1 sse4_2 movbe popcnt tsc_deadline_timer aes xsave avx f16c rdrand lahf_lm abm ida arat epb xsaveopt pln pts dtherm tpr_shadow vnmi flexpriority ept vpid fsgsbase tsc_adjust bmi1 avx2 smep bmi2 erms invpcid
bogomips	: 4389.39
clflush size	: 64
cache_alignment	: 64
address sizes	: 39 bits physical, 48 bits virtual
power management:

processor	: 1
vendor_id	: GenuineIntel
cpu family	: 6
model		: 60
model name	: Intel(R) Core(TM) i7-4702MQ CPU @ 2.20GHz
stepping	: 3
microcode	: 0x17
cpu MHz		: 800.000
cache size	: 6144 KB
physical id	: 0
siblings	: 8
core id		: 0
cpu cores	: 4
apicid		: 1
initial apicid	: 1
fpu		: yes
fpu_exception	: yes
cpuid level	: 13
wp		: yes
flags		: fpu vme de pse tsc msr pae mce cx8 apic sep mtrr pge mca cmov pat pse36 clflush dts acpi mmx fxsr sse sse2 ss ht tm pbe syscall nx pdpe1gb rdtscp lm constant_tsc arch_perfmon pebs bts rep_good nopl xtopology nonstop_tsc aperfmperf eagerfpu pni pclmulqdq dtes64 monitor ds_cpl vmx est tm2 ssse3 fma cx16 xtpr pdcm pcid sse4_1 sse4_2 movbe popcnt tsc_deadline_timer aes xsave avx f16c rdrand lahf_lm abm ida arat epb xsaveopt pln pts dtherm tpr_shadow vnmi flexpriority ept vpid fsgsbase tsc_adjust bmi1 avx2 smep bmi2 erms invpcid
bogomips	: 4389.39
clflush size	: 64
cache_alignment	: 64
address sizes	: 39 bits physical, 48 bits virtual
power management:

processor	: 2
vendor_id	: GenuineIntel
cpu family	: 6
model		: 60
model name	: Intel(R) Core(TM) i7-4702MQ CPU @ 2.20GHz
stepping	: 3
microcode	: 0x17
cpu MHz		: 2201.000
cache size	: 6144 KB
physical id	: 0
siblings	: 8
core id		: 1
cpu cores	: 4
apicid		: 2
initial apicid	: 2
fpu		: yes
fpu_exception	: yes
cpuid level	: 13
wp		: yes
flags		: fpu vme de pse tsc msr pae mce cx8 apic sep mtrr pge mca cmov pat pse36 clflush dts acpi mmx fxsr sse sse2 ss ht tm pbe syscall nx pdpe1gb rdtscp lm constant_tsc arch_perfmon pebs bts rep_good nopl xtopology nonstop_tsc aperfmperf eagerfpu pni pclmulqdq dtes64 monitor ds_cpl vmx est tm2 ssse3 fma cx16 xtpr pdcm pcid sse4_1 sse4_2 movbe popcnt tsc_deadline_timer aes xsave avx f16c rdrand lahf_lm abm ida arat epb xsaveopt pln pts dtherm tpr_shadow vnmi flexpriority ept vpid fsgsbase tsc_adjust bmi1 avx2 smep bmi2 erms invpcid
bogomips	: 4389.39
clflush size	: 64
cache_alignment	: 64
address sizes	: 39 bits physical, 48 bits virtual
power management:

processor	: 3
vendor_id	: GenuineIntel
cpu family	: 6
model		: 60
model name	: Intel(R) Core(TM) i7-4702MQ CPU @ 2.20GHz
stepping	: 3
microcode	: 0x17
cpu MHz		: 800.000
cache size	: 6144 KB
physical id	: 0
siblings	: 8
core id		: 1
cpu cores	: 4
apicid		: 3
initial apicid	: 3
fpu		: yes
fpu_exception	: yes
cpuid level	: 13
wp		: yes
flags		: fpu vme de pse tsc msr pae mce cx8 apic sep mtrr pge mca cmov pat pse36 clflush dts acpi mmx fxsr sse sse2 ss ht tm pbe syscall nx pdpe1gb rdtscp lm constant_tsc arch_perfmon pebs bts rep_good nopl xtopology nonstop_tsc aperfmperf eagerfpu pni pclmulqdq dtes64 monitor ds_cpl vmx est tm2 ssse3 fma cx16 xtpr pdcm pcid sse4_1 sse4_2 movbe popcnt tsc_deadline_timer aes xsave avx f16c rdrand lahf_lm abm ida arat epb xsaveopt pln pts dtherm tpr_shadow vnmi flexpriority ept vpid fsgsbase tsc_adjust bmi1 avx2 smep bmi2 erms invpcid
bogomips	: 4389.39
clflush size	: 64
cache_alignment	: 64
address sizes	: 39 bits physical, 48 bits virtual
power management:

processor	: 4
vendor_id	: GenuineIntel
cpu family	: 6
model		: 60
model name	: Intel(R) Core(TM) i7-4702MQ CPU @ 2.20GHz
stepping	: 3
microcode	: 0x17
cpu MHz		: 800.000
cache size	: 6144 KB
physical id	: 0
siblings	: 8
core id		: 2
cpu cores	: 4
apicid		: 4
initial apicid	: 4
fpu		: yes
fpu_exception	: yes
cpuid level	: 13
wp		: yes
flags		: fpu vme de pse tsc msr pae mce cx8 apic sep mtrr pge mca cmov pat pse36 clflush dts acpi mmx fxsr sse sse2 ss ht tm pbe syscall nx pdpe1gb rdtscp lm constant_tsc arch_perfmon pebs bts rep_good nopl xtopology nonstop_tsc aperfmperf eagerfpu pni pclmulqdq dtes64 monitor ds_cpl vmx est tm2 ssse3 fma cx16 xtpr pdcm pcid sse4_1 sse4_2 movbe popcnt tsc_deadline_timer aes xsave avx f16c rdrand lahf_lm abm ida arat epb xsaveopt pln pts dtherm tpr_shadow vnmi flexpriority ept vpid fsgsbase tsc_adjust bmi1 avx2 smep bmi2 erms invpcid
bogomips	: 4389.39
clflush size	: 64
cache_alignment	: 64
address sizes	: 39 bits physical, 48 bits virtual
power management:

processor	: 5
vendor_id	: GenuineIntel
cpu family	: 6
model		: 60
model name	: Intel(R) Core(TM) i7-4702MQ CPU @ 2.20GHz
stepping	: 3
microcode	: 0x17
cpu MHz		: 800.000
cache size	: 6144 KB
physical id	: 0
siblings	: 8
core id		: 2
cpu cores	: 4
apicid		: 5
initial apicid	: 5
fpu		: yes
fpu_exception	: yes
cpuid level	: 13
wp		: yes
flags		: fpu vme de pse tsc msr pae mce cx8 apic sep mtrr pge mca cmov pat pse36 clflush dts acpi mmx fxsr sse sse2 ss ht tm pbe syscall nx pdpe1gb rdtscp lm constant_tsc arch_perfmon pebs bts rep_good nopl xtopology nonstop_tsc aperfmperf eagerfpu pni pclmulqdq dtes64 monitor ds_cpl vmx est tm2 ssse3 fma cx16 xtpr pdcm pcid sse4_1 sse4_2 movbe popcnt tsc_deadline_timer aes xsave avx f16c rdrand lahf_lm abm ida arat epb xsaveopt pln pts dtherm tpr_shadow vnmi flexpriority ept vpid fsgsbase tsc_adjust bmi1 avx2 smep bmi2 erms invpcid
bogomips	: 4389.39
clflush size	: 64
cache_alignment	: 64
address sizes	: 39 bits physical, 48 bits virtual
power management:

processor	: 6
vendor_id	: GenuineIntel
cpu family	: 6
model		: 60
model name	: Intel(R) Core(TM) i7-4702MQ CPU @ 2.20GHz
stepping	: 3
microcode	: 0x17
cpu MHz		: 2100.000
cache size	: 6144 KB
physical id	: 0
siblings	: 8
core id		: 3
cpu cores	: 4
apicid		: 6
initial apicid	: 6
fpu		: yes
fpu_exception	: yes
cpuid level	: 13
wp		: yes
flags		: fpu vme de pse tsc msr pae mce cx8 apic sep mtrr pge mca cmov pat pse36 clflush dts acpi mmx fxsr sse sse2 ss ht tm pbe syscall nx pdpe1gb rdtscp lm constant_tsc arch_perfmon pebs bts rep_good nopl xtopology nonstop_tsc aperfmperf eagerfpu pni pclmulqdq dtes64 monitor ds_cpl vmx est tm2 ssse3 fma cx16 xtpr pdcm pcid sse4_1 sse4_2 movbe popcnt tsc_deadline_timer aes xsave avx f16c rdrand lahf_lm abm ida arat epb xsaveopt pln pts dtherm tpr_shadow vnmi flexpriority ept vpid fsgsbase tsc_adjust bmi1 avx2 smep bmi2 erms invpcid
bogomips	: 4389.39
clflush size	: 64
cache_alignment	: 64
address sizes	: 39 bits physical, 48 bits virtual
power management:

processor	: 7
vendor_id	: GenuineIntel
cpu family	: 6
model		: 60
model name	: Intel(R) Core(TM) i7-4702MQ CPU @ 2.20GHz
stepping	: 3
microcode	: 0x17
cpu MHz		: 800.000
cache size	: 6144 KB
physical id	: 0
siblings	: 8
core id		: 3
cpu cores	: 4
apicid		: 7
initial apicid	: 7
fpu		: yes
fpu_exception	: yes
cpuid level	: 13
wp		: yes
flags		: fpu vme de pse tsc msr pae mce cx8 apic sep mtrr pge mca cmov pat pse36 clflush dts acpi mmx fxsr sse sse2 ss ht tm pbe syscall nx pdpe1gb rdtscp lm constant_tsc arch_perfmon pebs bts rep_good nopl xtopology nonstop_tsc aperfmperf eagerfpu pni pclmulqdq dtes64 monitor ds_cpl vmx est tm2 ssse3 fma cx16 xtpr pdcm pcid sse4_1 sse4_2 movbe popcnt tsc_deadline_timer aes xsave avx f16c rdrand lahf_lm abm ida arat epb xsaveopt pln pts dtherm tpr_shadow vnmi flexpriority ept vpid fsgsbase tsc_adjust bmi1 avx2 smep bmi2 erms invpcid
bogomips	: 4389.39
clflush size	: 64
cache_alignment	: 64
address sizes	: 39 bits physical, 48 bits virtual
power management:



Memory: 4k page, physical 7604484k(1146488k free), swap 3905532k(3905532k free)

vm_info: Java HotSpot(TM) 64-Bit Server VM (24.72-b04) for linux-amd64 JRE (1.7.0_72-b14), built on Sep 26 2014 18:20:41 by "java_re" with gcc 4.3.0 20080428 (Red Hat 4.3.0-8)

time: Tue Jan 13 00:36:59 2015
elapsed time: 9 seconds

