#
# A fatal error has been detected by the Java Runtime Environment:
#
#  SIGSEGV (0xb) at pc=0x00007f4130dcb6f5, pid=1001, tid=139918414309120
#
# JRE version: Java(TM) SE Runtime Environment (7.0_72-b14) (build 1.7.0_72-b14)
# Java VM: Java HotSpot(TM) 64-Bit Server VM (24.72-b04 mixed mode linux-amd64 compressed oops)
# Problematic frame:
# C  [libgtk-x11-2.0.so.0+0x13e6f5]  gtk_menu_shell_deactivate+0x305
#
# Failed to write core dump. Core dumps have been disabled. To enable core dumping, try "ulimit -c unlimited" before starting Java again
#
# If you would like to submit a bug report, please visit:
#   http://bugreport.sun.com/bugreport/crash.jsp
# The crash happened outside the Java Virtual Machine in native code.
# See problematic frame for where to report the bug.
#

---------------  T H R E A D  ---------------

Current thread (0x00007f414400b800):  JavaThread "main" [_thread_in_native, id=1006, stack(0x00007f414b51e000,0x00007f414b61f000)]

siginfo:si_signo=SIGSEGV: si_errno=0, si_code=1 (SEGV_MAPERR), si_addr=0x0000000000000078

Registers:
RAX=0x0000000000000001, RBX=0x00007f4144377b40, RCX=0x0000000000000001, RDX=0x00007f414437f201
RSP=0x00007f414b61aea0, RBP=0x00007f414434c520, RSI=0x0000000000000001, RDI=0x0000000000000000
R8 =0x00007f4144390e00, R9 =0x00007f414431108a, R10=0x00007f414ab5cc50, R11=0x00007f414aba22f0
R12=0x00000000fffffffe, R13=0x00007f414438f920, R14=0x00007f414448c690, R15=0x00007f414438f920
RIP=0x00007f4130dcb6f5, EFLAGS=0x0000000000010202, CSGSFS=0x0000000000000033, ERR=0x0000000000000004
  TRAPNO=0x000000000000000e

Top of Stack: (sp=0x00007f414b61aea0)
0x00007f414b61aea0:   00007f40e4002ab0 00007f4144377b40
0x00007f414b61aeb0:   00007f414434c520 00007f4130dcbaf4
0x00007f414b61aec0:   00007f4144377b40 00007f4130dc0504
0x00007f414b61aed0:   00007f4144377b40 00007f40e4002ab0
0x00007f414b61aee0:   00007f4144377b40 00007f4144377b40
0x00007f414b61aef0:   00007f4144390e00 00007f4130dc14c1
0x00007f414b61af00:   00007f414b61af10 00007f4144377b40
0x00007f414b61af10:   00007f414b61aff0 0000000044443d40
0x00007f414b61af20:   00007f414b61b120 00007f414b61b070
0x00007f414b61af30:   00007f414b61b120 00007f4144382ea0
0x00007f414b61af40:   00007f4130dc13c0 00007f4144377b40
0x00007f414b61af50:   00007f414b61b0c0 00007f4130dba815
0x00007f414b61af60:   00007f412a723cb0 0000000000000001
0x00007f414b61af70:   00007f4144382ea0 0000000000000002
0x00007f414b61af80:   00007f414b61b120 00007f412a725332
0x00007f414b61af90:   00007f414b61b070 00000000000001a0
0x00007f414b61afa0:   0000000040000003 00007f412a445569
0x00007f414b61afb0:   0000000000000000 00007f4144377b40
0x00007f414b61afc0:   00007f414b61b070 00007f4144382ef0
0x00007f414b61afd0:   0000000000000000 0000000000000002
0x00007f414b61afe0:   0000000000000000 00007f4144382ea0
0x00007f414b61aff0:   00007f414b61b0c0 00007f412a736afb
0x00007f414b61b000:   00007f4144484ae8 00007f414b61b090
0x00007f414b61b010:   00007f414b61b120 00007f4144377b40
0x00007f414b61b020:   000000004b61b130 00007f414b61b0c0
0x00007f414b61b030:   00007f4144382ea0 00007f4144382ef0
0x00007f414b61b040:   00000000000000aa 00007f4144382f60
0x00007f414b61b050:   00007f414b61b070 000000000000002c
0x00007f414b61b060:   00007f414b61b1f0 00007f414b61b0b0
0x00007f414b61b070:   0000000000000014 0000000000000000
0x00007f414b61b080:   0000000000000000 00007f41443124f0
0x00007f414b61b090:   00007f410000002c 00007f412a74a163 

Instructions: (pc=0x00007f4130dcb6f5)
0x00007f4130dcb6d5:   03 00 00 83 e6 01 e8 40 db ff ff 48 8b 7b 78 e8
0x00007f4130dcb6e5:   b7 db ff ff 48 89 df e8 af fd ff ff 48 8b 7b 78
0x00007f4130dcb6f5:   48 83 7f 78 00 74 54 5b 5d 41 5c e9 1b de 0f 00
0x00007f4130dcb705:   0f 1f 00 48 89 df e8 60 b0 ff ff 41 89 c4 eb 86 

Register to memory mapping:

RAX=0x0000000000000001 is an unknown value
RBX=0x00007f4144377b40 is an unknown value
RCX=0x0000000000000001 is an unknown value
RDX=0x00007f414437f201 is an unknown value
RSP=0x00007f414b61aea0 is pointing into the stack for thread: 0x00007f414400b800
RBP=0x00007f414434c520 is an unknown value
RSI=0x0000000000000001 is an unknown value
RDI=0x0000000000000000 is an unknown value
R8 =0x00007f4144390e00 is an unknown value
R9 =0x00007f414431108a is an unknown value
R10=0x00007f414ab5cc50: <offset 0x141c50> in /lib/x86_64-linux-gnu/libc.so.6 at 0x00007f414aa1b000
R11=0x00007f414aba22f0: <offset 0x1872f0> in /lib/x86_64-linux-gnu/libc.so.6 at 0x00007f414aa1b000
R12=0x00000000fffffffe is an unallocated location in the heap
R13=0x00007f414438f920 is an unknown value
R14=0x00007f414448c690 is an unknown value
R15=0x00007f414438f920 is an unknown value


Stack: [0x00007f414b51e000,0x00007f414b61f000],  sp=0x00007f414b61aea0,  free space=1011k
Native frames: (J=compiled Java code, j=interpreted, Vv=VM code, C=native code)
C  [libgtk-x11-2.0.so.0+0x13e6f5]  gtk_menu_shell_deactivate+0x305

Java frames: (J=compiled Java code, j=interpreted, Vv=VM code)
j  org.eclipse.swt.internal.gtk.OS._gtk_main_do_event(J)V+0
j  org.eclipse.swt.internal.gtk.OS.gtk_main_do_event(J)V+8
j  org.eclipse.swt.widgets.Display.eventProc(JJ)J+157
v  ~StubRoutines::call_stub
j  org.eclipse.swt.internal.gtk.OS._g_main_context_iteration(JZ)Z+0
j  org.eclipse.swt.internal.gtk.OS.g_main_context_iteration(JZ)Z+9
j  org.eclipse.swt.widgets.Display.readAndDispatch()Z+36
j  org.eclipse.plugin.kpax.javabinder.model.Snippet131$1.handleEvent(Lorg/eclipse/swt/widgets/Event;)V+100
j  org.eclipse.swt.widgets.EventTable.sendEvent(Lorg/eclipse/swt/widgets/Event;)V+214
j  org.eclipse.swt.widgets.Display.sendEvent(Lorg/eclipse/swt/widgets/EventTable;Lorg/eclipse/swt/widgets/Event;)V+7
j  org.eclipse.swt.widgets.Widget.sendEvent(Lorg/eclipse/swt/widgets/Event;)V+26
j  org.eclipse.swt.widgets.Widget.sendEvent(ILorg/eclipse/swt/widgets/Event;Z)V+73
j  org.eclipse.swt.widgets.Widget.sendEvent(ILorg/eclipse/swt/widgets/Event;)V+4
j  org.eclipse.swt.widgets.Control.showMenu(III)Z+32
j  org.eclipse.swt.widgets.Control.showMenu(II)Z+4
j  org.eclipse.swt.widgets.Control.gtk_event_after(JJ)J+115
j  org.eclipse.swt.widgets.Widget.windowProc(JJJ)J+420
j  org.eclipse.swt.widgets.Control.windowProc(JJJ)J+324
j  org.eclipse.swt.widgets.Display.windowProc(JJJ)J+20
v  ~StubRoutines::call_stub
j  org.eclipse.swt.internal.gtk.OS._gtk_main_do_event(J)V+0
j  org.eclipse.swt.internal.gtk.OS.gtk_main_do_event(J)V+8
j  org.eclipse.swt.widgets.Display.eventProc(JJ)J+157
v  ~StubRoutines::call_stub
j  org.eclipse.swt.internal.gtk.OS._g_main_context_iteration(JZ)Z+0
j  org.eclipse.swt.internal.gtk.OS.g_main_context_iteration(JZ)Z+9
j  org.eclipse.swt.widgets.Display.readAndDispatch()Z+36
j  org.eclipse.plugin.kpax.javabinder.model.Snippet131.main([Ljava/lang/String;)V+44
v  ~StubRoutines::call_stub

---------------  P R O C E S S  ---------------

Java Threads: ( => current thread )
  0x00007f41440ab800 JavaThread "Service Thread" daemon [_thread_blocked, id=1021, stack(0x00007f4131a4f000,0x00007f4131b50000)]
  0x00007f41440a9800 JavaThread "C2 CompilerThread1" daemon [_thread_blocked, id=1020, stack(0x00007f4131b50000,0x00007f4131c51000)]
  0x00007f41440a6800 JavaThread "C2 CompilerThread0" daemon [_thread_blocked, id=1019, stack(0x00007f4131c51000,0x00007f4131d52000)]
  0x00007f41440a4000 JavaThread "Signal Dispatcher" daemon [_thread_blocked, id=1018, stack(0x00007f4131d52000,0x00007f4131e53000)]
  0x00007f414407a000 JavaThread "Finalizer" daemon [_thread_blocked, id=1017, stack(0x00007f41326a5000,0x00007f41327a6000)]
  0x00007f4144078000 JavaThread "Reference Handler" daemon [_thread_blocked, id=1016, stack(0x00007f41327a6000,0x00007f41328a7000)]
=>0x00007f414400b800 JavaThread "main" [_thread_in_native, id=1006, stack(0x00007f414b51e000,0x00007f414b61f000)]

Other Threads:
  0x00007f4144073800 VMThread [stack: 0x00007f41328a7000,0x00007f41329a8000] [id=1015]
  0x00007f41440b6800 WatcherThread [stack: 0x00007f413194e000,0x00007f4131a4f000] [id=1023]

VM state:not at safepoint (normal execution)

VM Mutex/Monitor currently owned by a thread: None

Heap
 PSYoungGen      total 35328K, used 12670K [0x00000000d9480000, 0x00000000dbb80000, 0x0000000100000000)
  eden space 30720K, 41% used [0x00000000d9480000,0x00000000da0dfbc0,0x00000000db280000)
  from space 4608K, 0% used [0x00000000db700000,0x00000000db700000,0x00000000dbb80000)
  to   space 4608K, 0% used [0x00000000db280000,0x00000000db280000,0x00000000db700000)
 ParOldGen       total 78848K, used 0K [0x000000008be00000, 0x0000000090b00000, 0x00000000d9480000)
  object space 78848K, 0% used [0x000000008be00000,0x000000008be00000,0x0000000090b00000)
 PSPermGen       total 21504K, used 5930K [0x0000000086c00000, 0x0000000088100000, 0x000000008be00000)
  object space 21504K, 27% used [0x0000000086c00000,0x00000000871ca900,0x0000000088100000)

Card table byte_map: [0x00007f414843b000,0x00007f4148806000] byte_map_base: 0x00007f4148005000

Polling page: 0x00007f414b639000

Code Cache  [0x00007f4141000000, 0x00007f4141270000, 0x00007f4144000000)
 total_blobs=396 nmethods=41 adapters=309 free_code_cache=48601Kb largest_free_block=49759808

Compilation events (10 events):
Event: 0,316 Thread 0x00007f41440a9800   36             java.lang.ref.Reference::get (5 bytes)
Event: 0,316 Thread 0x00007f41440a9800 nmethod 36 0x00007f4141086650 code [0x00007f4141086780, 0x00007f41410867d8]
Event: 0,317 Thread 0x00007f41440a6800   37             java.lang.String::equals (81 bytes)
Event: 0,318 Thread 0x00007f41440a9800   38             sun.security.provider.DigestBase::engineUpdate (188 bytes)
Event: 0,320 Thread 0x00007f41440a6800 nmethod 37 0x00007f4141087890 code [0x00007f41410879e0, 0x00007f4141087c18]
Event: 0,320 Thread 0x00007f41440a6800   39             sun.security.provider.ByteArrayAccess::b2iBig64 (614 bytes)
Event: 0,322 Thread 0x00007f41440a6800 nmethod 39 0x00007f4141087010 code [0x00007f4141087160, 0x00007f4141087378]
Event: 0,322 Thread 0x00007f41440a6800   40             java.lang.Math::min (11 bytes)
Event: 0,322 Thread 0x00007f41440a6800 nmethod 40 0x00007f4141086e50 code [0x00007f4141086f80, 0x00007f4141086fb8]
Event: 0,322 Thread 0x00007f41440a9800 nmethod 38 0x00007f4141089890 code [0x00007f4141089a00, 0x00007f4141089d28]

GC Heap History (0 events):
No events

Deoptimization events (2 events):
Event: 0,213 Thread 0x00007f414400b800 Uncommon trap: reason=null_check action=make_not_entrant pc=0x00007f414106f634 method=java.util.jar.Attributes.putValue(Ljava/lang/String;Ljava/lang/String;)Ljava/lang/String; @ 13
Event: 0,298 Thread 0x00007f414400b800 Uncommon trap: reason=null_check action=make_not_entrant pc=0x00007f4141068c98 method=java.lang.String.equals(Ljava/lang/Object;)Z @ 8

Internal exceptions (10 events):
Event: 0,368 Thread 0x00007f414400b800 Threw 0x00000000da046030 at /HUDSON/workspace/7u-2-build-linux-amd64/jdk7u72/1606/hotspot/src/share/vm/prims/jvm.cpp:1281
Event: 0,390 Thread 0x00007f414400b800 Threw 0x00000000da04b720 at /HUDSON/workspace/7u-2-build-linux-amd64/jdk7u72/1606/hotspot/src/share/vm/prims/jvm.cpp:1281
Event: 0,391 Thread 0x00007f414400b800 Threw 0x00000000da050cd8 at /HUDSON/workspace/7u-2-build-linux-amd64/jdk7u72/1606/hotspot/src/share/vm/prims/jvm.cpp:1281
Event: 0,392 Thread 0x00007f414400b800 Threw 0x00000000da055488 at /HUDSON/workspace/7u-2-build-linux-amd64/jdk7u72/1606/hotspot/src/share/vm/prims/jvm.cpp:1281
Event: 0,974 Thread 0x00007f414400b800 Threw 0x00000000da05a140 at /HUDSON/workspace/7u-2-build-linux-amd64/jdk7u72/1606/hotspot/src/share/vm/prims/jvm.cpp:1281
Event: 1,694 Thread 0x00007f414400b800 Threw 0x00000000da05f8e0 at /HUDSON/workspace/7u-2-build-linux-amd64/jdk7u72/1606/hotspot/src/share/vm/prims/jvm.cpp:1281
Event: 1,695 Thread 0x00007f414400b800 Threw 0x00000000da064418 at /HUDSON/workspace/7u-2-build-linux-amd64/jdk7u72/1606/hotspot/src/share/vm/prims/jvm.cpp:1281
Event: 1,696 Thread 0x00007f414400b800 Threw 0x00000000da075ee8 at /HUDSON/workspace/7u-2-build-linux-amd64/jdk7u72/1606/hotspot/src/share/vm/prims/jvm.cpp:1281
Event: 1,697 Thread 0x00007f414400b800 Threw 0x00000000da087b70 at /HUDSON/workspace/7u-2-build-linux-amd64/jdk7u72/1606/hotspot/src/share/vm/prims/jvm.cpp:1281
Event: 1,699 Thread 0x00007f414400b800 Threw 0x00000000da08d438 at /HUDSON/workspace/7u-2-build-linux-amd64/jdk7u72/1606/hotspot/src/share/vm/prims/jvm.cpp:1281

Events (10 events):
Event: 1,694 loading class 0x00007f4144421b10
Event: 1,694 loading class 0x00007f4144421b10 done
Event: 1,695 loading class 0x00007f41442b7780
Event: 1,695 loading class 0x00007f41442b7780 done
Event: 1,696 loading class 0x00007f4144449750
Event: 1,696 loading class 0x00007f4144449750 done
Event: 1,697 loading class 0x00007f4144480060
Event: 1,697 loading class 0x00007f4144480060 done
Event: 1,698 loading class 0x00007f41444497d0
Event: 1,698 loading class 0x00007f41444497d0 done


Dynamic libraries:
00400000-00401000 r-xp 00000000 08:02 2766033                            /usr/lib/jvm/java-7-oracle/bin/java
00600000-00601000 rw-p 00000000 08:02 2766033                            /usr/lib/jvm/java-7-oracle/bin/java
01e8c000-01ead000 rw-p 00000000 00:00 0                                  [heap]
86c00000-88100000 rw-p 00000000 00:00 0 
88100000-8be00000 rw-p 00000000 00:00 0 
8be00000-90b00000 rw-p 00000000 00:00 0 
90b00000-d9480000 rw-p 00000000 00:00 0 
d9480000-dbb80000 rw-p 00000000 00:00 0 
dbb80000-100000000 rw-p 00000000 00:00 0 
7f40d8000000-7f40d8022000 rw-p 00000000 00:00 0 
7f40d8022000-7f40dc000000 ---p 00000000 00:00 0 
7f40e0000000-7f40e0021000 rw-p 00000000 00:00 0 
7f40e0021000-7f40e4000000 ---p 00000000 00:00 0 
7f40e4000000-7f40e4022000 rw-p 00000000 00:00 0 
7f40e4022000-7f40e8000000 ---p 00000000 00:00 0 
7f40e8000000-7f40e8021000 rw-p 00000000 00:00 0 
7f40e8021000-7f40ec000000 ---p 00000000 00:00 0 
7f40ec000000-7f40ec021000 rw-p 00000000 00:00 0 
7f40ec021000-7f40f0000000 ---p 00000000 00:00 0 
7f40f1ffc000-7f40f1ffd000 ---p 00000000 00:00 0 
7f40f1ffd000-7f40f27fd000 rw-p 00000000 00:00 0                          [stack:1030]
7f40f27fd000-7f40f27fe000 ---p 00000000 00:00 0 
7f40f27fe000-7f40f2ffe000 rw-p 00000000 00:00 0 
7f40f2ffe000-7f40f2fff000 ---p 00000000 00:00 0 
7f40f2fff000-7f40f37ff000 rw-p 00000000 00:00 0                          [stack:1027]
7f40f37ff000-7f40f3800000 ---p 00000000 00:00 0 
7f40f3800000-7f40f4000000 rw-p 00000000 00:00 0                          [stack:1026]
7f40f4000000-7f40f420f000 rw-p 00000000 00:00 0 
7f40f420f000-7f40f8000000 ---p 00000000 00:00 0 
7f40f8000000-7f40f8021000 rw-p 00000000 00:00 0 
7f40f8021000-7f40fc000000 ---p 00000000 00:00 0 
7f40fc000000-7f40fc021000 rw-p 00000000 00:00 0 
7f40fc021000-7f4100000000 ---p 00000000 00:00 0 
7f4100000000-7f41002db000 rw-p 00000000 00:00 0 
7f41002db000-7f4104000000 ---p 00000000 00:00 0 
7f4104000000-7f4104021000 rw-p 00000000 00:00 0 
7f4104021000-7f4108000000 ---p 00000000 00:00 0 
7f4108000000-7f4108021000 rw-p 00000000 00:00 0 
7f4108021000-7f410c000000 ---p 00000000 00:00 0 
7f410c000000-7f410c021000 rw-p 00000000 00:00 0 
7f410c021000-7f4110000000 ---p 00000000 00:00 0 
7f4110000000-7f4110021000 rw-p 00000000 00:00 0 
7f4110021000-7f4114000000 ---p 00000000 00:00 0 
7f4114000000-7f4114021000 rw-p 00000000 00:00 0 
7f4114021000-7f4118000000 ---p 00000000 00:00 0 
7f41180f8000-7f411813c000 r-xp 00000000 08:02 266196                     /lib/x86_64-linux-gnu/libdbus-1.so.3.7.6
7f411813c000-7f411833b000 ---p 00044000 08:02 266196                     /lib/x86_64-linux-gnu/libdbus-1.so.3.7.6
7f411833b000-7f411833c000 r--p 00043000 08:02 266196                     /lib/x86_64-linux-gnu/libdbus-1.so.3.7.6
7f411833c000-7f411833d000 rw-p 00044000 08:02 266196                     /lib/x86_64-linux-gnu/libdbus-1.so.3.7.6
7f411833d000-7f4118345000 r-xp 00000000 08:02 266240                     /lib/x86_64-linux-gnu/libnih-dbus.so.1.0.0
7f4118345000-7f4118545000 ---p 00008000 08:02 266240                     /lib/x86_64-linux-gnu/libnih-dbus.so.1.0.0
7f4118545000-7f4118546000 r--p 00008000 08:02 266240                     /lib/x86_64-linux-gnu/libnih-dbus.so.1.0.0
7f4118546000-7f4118547000 rw-p 00009000 08:02 266240                     /lib/x86_64-linux-gnu/libnih-dbus.so.1.0.0
7f4118547000-7f411855e000 r-xp 00000000 08:02 266242                     /lib/x86_64-linux-gnu/libnih.so.1.0.0
7f411855e000-7f411875d000 ---p 00017000 08:02 266242                     /lib/x86_64-linux-gnu/libnih.so.1.0.0
7f411875d000-7f411875e000 r--p 00016000 08:02 266242                     /lib/x86_64-linux-gnu/libnih.so.1.0.0
7f411875e000-7f411875f000 rw-p 00017000 08:02 266242                     /lib/x86_64-linux-gnu/libnih.so.1.0.0
7f411875f000-7f4118778000 r-xp 00000000 08:02 266114                     /lib/x86_64-linux-gnu/libcgmanager.so.0.0.0
7f4118778000-7f4118977000 ---p 00019000 08:02 266114                     /lib/x86_64-linux-gnu/libcgmanager.so.0.0.0
7f4118977000-7f4118979000 r--p 00018000 08:02 266114                     /lib/x86_64-linux-gnu/libcgmanager.so.0.0.0
7f4118979000-7f411897a000 rw-p 0001a000 08:02 266114                     /lib/x86_64-linux-gnu/libcgmanager.so.0.0.0
7f411897a000-7f411898a000 r-xp 00000000 08:02 266115                     /lib/x86_64-linux-gnu/libudev.so.1.3.5
7f411898a000-7f4118b89000 ---p 00010000 08:02 266115                     /lib/x86_64-linux-gnu/libudev.so.1.3.5
7f4118b89000-7f4118b8a000 r--p 0000f000 08:02 266115                     /lib/x86_64-linux-gnu/libudev.so.1.3.5
7f4118b8a000-7f4118b8b000 rw-p 00010000 08:02 266115                     /lib/x86_64-linux-gnu/libudev.so.1.3.5
7f4118b8b000-7f4118bbf000 r-xp 00000000 08:02 3017837                    /usr/lib/x86_64-linux-gnu/gvfs/libgvfscommon.so
7f4118bbf000-7f4118dbf000 ---p 00034000 08:02 3017837                    /usr/lib/x86_64-linux-gnu/gvfs/libgvfscommon.so
7f4118dbf000-7f4118dc4000 r--p 00034000 08:02 3017837                    /usr/lib/x86_64-linux-gnu/gvfs/libgvfscommon.so
7f4118dc4000-7f4118dc5000 rw-p 00039000 08:02 3017837                    /usr/lib/x86_64-linux-gnu/gvfs/libgvfscommon.so
7f4118dc5000-7f4118df4000 r-xp 00000000 08:02 3017489                    /usr/lib/x86_64-linux-gnu/gio/modules/libgvfsdbus.so
7f4118df4000-7f4118ff4000 ---p 0002f000 08:02 3017489                    /usr/lib/x86_64-linux-gnu/gio/modules/libgvfsdbus.so
7f4118ff4000-7f4118ff5000 r--p 0002f000 08:02 3017489                    /usr/lib/x86_64-linux-gnu/gio/modules/libgvfsdbus.so
7f4118ff5000-7f4118ff6000 rw-p 00030000 08:02 3017489                    /usr/lib/x86_64-linux-gnu/gio/modules/libgvfsdbus.so
7f4118ff6000-7f4118ff7000 rw-p 00000000 00:00 0 
7f4118ff7000-7f4119050000 r-xp 00000000 08:02 2761492                    /usr/lib/x86_64-linux-gnu/libibus-1.0.so.5.0.505
7f4119050000-7f4119250000 ---p 00059000 08:02 2761492                    /usr/lib/x86_64-linux-gnu/libibus-1.0.so.5.0.505
7f4119250000-7f4119252000 r--p 00059000 08:02 2761492                    /usr/lib/x86_64-linux-gnu/libibus-1.0.so.5.0.505
7f4119252000-7f4119253000 rw-p 0005b000 08:02 2761492                    /usr/lib/x86_64-linux-gnu/libibus-1.0.so.5.0.505
7f4119253000-7f4119254000 rw-p 00000000 00:00 0 
7f4119254000-7f411925a000 r-xp 00000000 08:02 3017777                    /usr/lib/x86_64-linux-gnu/gtk-2.0/2.10.0/immodules/im-ibus.so
7f411925a000-7f411945a000 ---p 00006000 08:02 3017777                    /usr/lib/x86_64-linux-gnu/gtk-2.0/2.10.0/immodules/im-ibus.so
7f411945a000-7f411945b000 r--p 00006000 08:02 3017777                    /usr/lib/x86_64-linux-gnu/gtk-2.0/2.10.0/immodules/im-ibus.so
7f411945b000-7f411945c000 rw-p 00007000 08:02 3017777                    /usr/lib/x86_64-linux-gnu/gtk-2.0/2.10.0/immodules/im-ibus.so
7f411945c000-7f4119463000 r-xp 00000000 08:02 2761659                    /usr/lib/x86_64-linux-gnu/libogg.so.0.8.1
7f4119463000-7f4119663000 ---p 00007000 08:02 2761659                    /usr/lib/x86_64-linux-gnu/libogg.so.0.8.1
7f4119663000-7f4119664000 r--p 00007000 08:02 2761659                    /usr/lib/x86_64-linux-gnu/libogg.so.0.8.1
7f4119664000-7f4119665000 rw-p 00008000 08:02 2761659                    /usr/lib/x86_64-linux-gnu/libogg.so.0.8.1
7f4119665000-7f4119691000 r-xp 00000000 08:02 2761912                    /usr/lib/x86_64-linux-gnu/libvorbis.so.0.4.5
7f4119691000-7f4119890000 ---p 0002c000 08:02 2761912                    /usr/lib/x86_64-linux-gnu/libvorbis.so.0.4.5
7f4119890000-7f4119891000 r--p 0002b000 08:02 2761912                    /usr/lib/x86_64-linux-gnu/libvorbis.so.0.4.5
7f4119891000-7f4119892000 rw-p 0002c000 08:02 2761912                    /usr/lib/x86_64-linux-gnu/libvorbis.so.0.4.5
7f4119892000-7f411989b000 r-xp 00000000 08:02 2761565                    /usr/lib/x86_64-linux-gnu/libltdl.so.7.3.0
7f411989b000-7f4119a9a000 ---p 00009000 08:02 2761565                    /usr/lib/x86_64-linux-gnu/libltdl.so.7.3.0
7f4119a9a000-7f4119a9b000 r--p 00008000 08:02 2761565                    /usr/lib/x86_64-linux-gnu/libltdl.so.7.3.0
7f4119a9b000-7f4119a9c000 rw-p 00009000 08:02 2761565                    /usr/lib/x86_64-linux-gnu/libltdl.so.7.3.0
7f4119a9c000-7f4119aad000 r-xp 00000000 08:02 2761852                    /usr/lib/x86_64-linux-gnu/libtdb.so.1.2.12
7f4119aad000-7f4119cac000 ---p 00011000 08:02 2761852                    /usr/lib/x86_64-linux-gnu/libtdb.so.1.2.12
7f4119cac000-7f4119cad000 r--p 00010000 08:02 2761852                    /usr/lib/x86_64-linux-gnu/libtdb.so.1.2.12
7f4119cad000-7f4119cae000 rw-p 00011000 08:02 2761852                    /usr/lib/x86_64-linux-gnu/libtdb.so.1.2.12
7f4119cae000-7f4119cb5000 r-xp 00000000 08:02 2761916                    /usr/lib/x86_64-linux-gnu/libvorbisfile.so.3.3.4
7f4119cb5000-7f4119eb4000 ---p 00007000 08:02 2761916                    /usr/lib/x86_64-linux-gnu/libvorbisfile.so.3.3.4
7f4119eb4000-7f4119eb5000 r--p 00006000 08:02 2761916                    /usr/lib/x86_64-linux-gnu/libvorbisfile.so.3.3.4
7f4119eb5000-7f4119eb6000 rw-p 00007000 08:02 2761916                    /usr/lib/x86_64-linux-gnu/libvorbisfile.so.3.3.4
7f4119eb6000-7f4119ec5000 r-xp 00000000 08:02 2761086                    /usr/lib/x86_64-linux-gnu/libcanberra.so.0.2.5
7f4119ec5000-7f411a0c4000 ---p 0000f000 08:02 2761086                    /usr/lib/x86_64-linux-gnu/libcanberra.so.0.2.5
7f411a0c4000-7f411a0c5000 r--p 0000e000 08:02 2761086                    /usr/lib/x86_64-linux-gnu/libcanberra.so.0.2.5
7f411a0c5000-7f411a0c6000 rw-p 0000f000 08:02 2761086                    /usr/lib/x86_64-linux-gnu/libcanberra.so.0.2.5
7f411a0c6000-7f411a0ca000 r-xp 00000000 08:02 2761082                    /usr/lib/x86_64-linux-gnu/libcanberra-gtk.so.0.1.9
7f411a0ca000-7f411a2c9000 ---p 00004000 08:02 2761082                    /usr/lib/x86_64-linux-gnu/libcanberra-gtk.so.0.1.9
7f411a2c9000-7f411a2ca000 r--p 00003000 08:02 2761082                    /usr/lib/x86_64-linux-gnu/libcanberra-gtk.so.0.1.9
7f411a2ca000-7f411a2cb000 rw-p 00004000 08:02 2761082                    /usr/lib/x86_64-linux-gnu/libcanberra-gtk.so.0.1.9
7f411a2cb000-7f411a2d0000 r-xp 00000000 08:02 3017791                    /usr/lib/x86_64-linux-gnu/gtk-2.0/modules/libcanberra-gtk-module.so
7f411a2d0000-7f411a4cf000 ---p 00005000 08:02 3017791                    /usr/lib/x86_64-linux-gnu/gtk-2.0/modules/libcanberra-gtk-module.so
7f411a4cf000-7f411a4d0000 r--p 00004000 08:02 3017791                    /usr/lib/x86_64-linux-gnu/gtk-2.0/modules/libcanberra-gtk-module.so
7f411a4d0000-7f411a4d1000 rw-p 00005000 08:02 3017791                    /usr/lib/x86_64-linux-gnu/gtk-2.0/modules/libcanberra-gtk-module.so
7f411a4d1000-7f411a4d4000 r-xp 00000000 08:02 3017772                    /usr/lib/x86_64-linux-gnu/gtk-2.0/2.10.0/engines/libadwaita.so
7f411a4d4000-7f411a6d3000 ---p 00003000 08:02 3017772                    /usr/lib/x86_64-linux-gnu/gtk-2.0/2.10.0/engines/libadwaita.so
7f411a6d3000-7f411a6d4000 r--p 00002000 08:02 3017772                    /usr/lib/x86_64-linux-gnu/gtk-2.0/2.10.0/engines/libadwaita.so
7f411a6d4000-7f411a6d5000 rw-p 00003000 08:02 3017772                    /usr/lib/x86_64-linux-gnu/gtk-2.0/2.10.0/engines/libadwaita.so
7f411a6d5000-7f411a6de000 r-xp 00000000 08:02 3017773                    /usr/lib/x86_64-linux-gnu/gtk-2.0/2.10.0/engines/libpixmap.so
7f411a6de000-7f411a8de000 ---p 00009000 08:02 3017773                    /usr/lib/x86_64-linux-gnu/gtk-2.0/2.10.0/engines/libpixmap.so
7f411a8de000-7f411a8df000 r--p 00009000 08:02 3017773                    /usr/lib/x86_64-linux-gnu/gtk-2.0/2.10.0/engines/libpixmap.so
7f411a8df000-7f411a8e0000 rw-p 0000a000 08:02 3017773                    /usr/lib/x86_64-linux-gnu/gtk-2.0/2.10.0/engines/libpixmap.so
7f411a8e0000-7f411a8e9000 r-xp 00000000 08:05 13765017                   /home/eugen/.swt/lib/linux/x86_64/libswt-cairo-gtk-4430.so
7f411a8e9000-7f411aae9000 ---p 00009000 08:05 13765017                   /home/eugen/.swt/lib/linux/x86_64/libswt-cairo-gtk-4430.so
7f411aae9000-7f411aaea000 rw-p 00009000 08:05 13765017                   /home/eugen/.swt/lib/linux/x86_64/libswt-cairo-gtk-4430.so
7f411aaea000-7f411aaf0000 r-xp 00000000 08:02 2761152                    /usr/lib/x86_64-linux-gnu/libdatrie.so.1.3.1
7f411aaf0000-7f411acef000 ---p 00006000 08:02 2761152                    /usr/lib/x86_64-linux-gnu/libdatrie.so.1.3.1
7f411acef000-7f411acf0000 r--p 00005000 08:02 2761152                    /usr/lib/x86_64-linux-gnu/libdatrie.so.1.3.1
7f411acf0000-7f411acf1000 rw-p 00006000 08:02 2761152                    /usr/lib/x86_64-linux-gnu/libdatrie.so.1.3.1
7f411acf1000-7f411ad0b000 r-xp 00000000 08:02 2761362                    /usr/lib/x86_64-linux-gnu/libgraphite2.so.3.0.1
7f411ad0b000-7f411af0a000 ---p 0001a000 08:02 2761362                    /usr/lib/x86_64-linux-gnu/libgraphite2.so.3.0.1
7f411af0a000-7f411af0c000 r--p 00019000 08:02 2761362                    /usr/lib/x86_64-linux-gnu/libgraphite2.so.3.0.1
7f411af0c000-7f411af0d000 rw-p 0001b000 08:02 2761362                    /usr/lib/x86_64-linux-gnu/libgraphite2.so.3.0.1
7f411af0d000-7f411af12000 r-xp 00000000 08:02 2760965                    /usr/lib/x86_64-linux-gnu/libXdmcp.so.6.0.0
7f411af12000-7f411b111000 ---p 00005000 08:02 2760965                    /usr/lib/x86_64-linux-gnu/libXdmcp.so.6.0.0
7f411b111000-7f411b112000 r--p 00004000 08:02 2760965                    /usr/lib/x86_64-linux-gnu/libXdmcp.so.6.0.0
7f411b112000-7f411b113000 rw-p 00005000 08:02 2760965                    /usr/lib/x86_64-linux-gnu/libXdmcp.so.6.0.0
7f411b113000-7f411b115000 r-xp 00000000 08:02 2760954                    /usr/lib/x86_64-linux-gnu/libXau.so.6.0.0
7f411b115000-7f411b315000 ---p 00002000 08:02 2760954                    /usr/lib/x86_64-linux-gnu/libXau.so.6.0.0
7f411b315000-7f411b316000 r--p 00002000 08:02 2760954                    /usr/lib/x86_64-linux-gnu/libXau.so.6.0.0
7f411b316000-7f411b317000 rw-p 00003000 08:02 2760954                    /usr/lib/x86_64-linux-gnu/libXau.so.6.0.0
7f411b317000-7f411b354000 r-xp 00000000 08:02 266282                     /lib/x86_64-linux-gnu/libpcre.so.3.13.1
7f411b354000-7f411b553000 ---p 0003d000 08:02 266282                     /lib/x86_64-linux-gnu/libpcre.so.3.13.1
7f411b553000-7f411b554000 r--p 0003c000 08:02 266282                     /lib/x86_64-linux-gnu/libpcre.so.3.13.1
7f411b554000-7f411b555000 rw-p 0003d000 08:02 266282                     /lib/x86_64-linux-gnu/libpcre.so.3.13.1
7f411b555000-7f411b55c000 r-xp 00000000 08:02 2761225                    /usr/lib/x86_64-linux-gnu/libffi.so.6.0.1
7f411b55c000-7f411b75b000 ---p 00007000 08:02 2761225                    /usr/lib/x86_64-linux-gnu/libffi.so.6.0.1
7f411b75b000-7f411b75c000 r--p 00006000 08:02 2761225                    /usr/lib/x86_64-linux-gnu/libffi.so.6.0.1
7f411b75c000-7f411b75d000 rw-p 00007000 08:02 2761225                    /usr/lib/x86_64-linux-gnu/libffi.so.6.0.1
7f411b75d000-7f411b784000 r-xp 00000000 08:02 266200                     /lib/x86_64-linux-gnu/libexpat.so.1.6.0
7f411b784000-7f411b984000 ---p 00027000 08:02 266200                     /lib/x86_64-linux-gnu/libexpat.so.1.6.0
7f411b984000-7f411b986000 r--p 00027000 08:02 266200                     /lib/x86_64-linux-gnu/libexpat.so.1.6.0
7f411b986000-7f411b987000 rw-p 00029000 08:02 266200                     /lib/x86_64-linux-gnu/libexpat.so.1.6.0
7f411b987000-7f411b98f000 r-xp 00000000 08:02 2761864                    /usr/lib/x86_64-linux-gnu/libthai.so.0.2.0
7f411b98f000-7f411bb8e000 ---p 00008000 08:02 2761864                    /usr/lib/x86_64-linux-gnu/libthai.so.0.2.0
7f411bb8e000-7f411bb8f000 r--p 00007000 08:02 2761864                    /usr/lib/x86_64-linux-gnu/libthai.so.0.2.0
7f411bb8f000-7f411bb90000 rw-p 00008000 08:02 2761864                    /usr/lib/x86_64-linux-gnu/libthai.so.0.2.0
7f411bb90000-7f411bbe3000 r-xp 00000000 08:02 2752994                    /usr/lib/x86_64-linux-gnu/libharfbuzz.so.0.927.0
7f411bbe3000-7f411bde3000 ---p 00053000 08:02 2752994                    /usr/lib/x86_64-linux-gnu/libharfbuzz.so.0.927.0
7f411bde3000-7f411bde4000 r--p 00053000 08:02 2752994                    /usr/lib/x86_64-linux-gnu/libharfbuzz.so.0.927.0
7f411bde4000-7f411bde5000 rw-p 00054000 08:02 2752994                    /usr/lib/x86_64-linux-gnu/libharfbuzz.so.0.927.0
7f411bde5000-7f411bdfc000 r-xp 00000000 08:02 262149                     /lib/x86_64-linux-gnu/libresolv-2.19.so
7f411bdfc000-7f411bffc000 ---p 00017000 08:02 262149                     /lib/x86_64-linux-gnu/libresolv-2.19.so
7f411bffc000-7f411bffd000 r--p 00017000 08:02 262149                     /lib/x86_64-linux-gnu/libresolv-2.19.so
7f411bffd000-7f411bffe000 rw-p 00018000 08:02 262149                     /lib/x86_64-linux-gnu/libresolv-2.19.so
7f411bffe000-7f411c000000 rw-p 00000000 00:00 0 
7f411c000000-7f411c021000 rw-p 00000000 00:00 0 
7f411c021000-7f4120000000 ---p 00000000 00:00 0 
7f4120000000-7f4120021000 rw-p 00000000 00:00 0 
7f4120021000-7f4124000000 ---p 00000000 00:00 0 
7f4124000000-7f4124021000 rw-p 00000000 00:00 0 
7f4124021000-7f4128000000 ---p 00000000 00:00 0 
7f41281eb000-7f412820b000 r-xp 00000000 08:02 266309                     /lib/x86_64-linux-gnu/libselinux.so.1
7f412820b000-7f412840a000 ---p 00020000 08:02 266309                     /lib/x86_64-linux-gnu/libselinux.so.1
7f412840a000-7f412840b000 r--p 0001f000 08:02 266309                     /lib/x86_64-linux-gnu/libselinux.so.1
7f412840b000-7f412840c000 rw-p 00020000 08:02 266309                     /lib/x86_64-linux-gnu/libselinux.so.1
7f412840c000-7f412840e000 rw-p 00000000 00:00 0 
7f412840e000-7f4128426000 r-xp 00000000 08:02 266341                     /lib/x86_64-linux-gnu/libz.so.1.2.8
7f4128426000-7f4128625000 ---p 00018000 08:02 266341                     /lib/x86_64-linux-gnu/libz.so.1.2.8
7f4128625000-7f4128626000 r--p 00017000 08:02 266341                     /lib/x86_64-linux-gnu/libz.so.1.2.8
7f4128626000-7f4128627000 rw-p 00018000 08:02 266341                     /lib/x86_64-linux-gnu/libz.so.1.2.8
7f4128627000-7f412862f000 r-xp 00000000 08:02 2761965                    /usr/lib/x86_64-linux-gnu/libxcb-render.so.0.0.0
7f412862f000-7f412882e000 ---p 00008000 08:02 2761965                    /usr/lib/x86_64-linux-gnu/libxcb-render.so.0.0.0
7f412882e000-7f412882f000 r--p 00007000 08:02 2761965                    /usr/lib/x86_64-linux-gnu/libxcb-render.so.0.0.0
7f412882f000-7f4128830000 rw-p 00008000 08:02 2761965                    /usr/lib/x86_64-linux-gnu/libxcb-render.so.0.0.0
7f4128830000-7f4128832000 r-xp 00000000 08:02 2761969                    /usr/lib/x86_64-linux-gnu/libxcb-shm.so.0.0.0
7f4128832000-7f4128a31000 ---p 00002000 08:02 2761969                    /usr/lib/x86_64-linux-gnu/libxcb-shm.so.0.0.0
7f4128a31000-7f4128a32000 r--p 00001000 08:02 2761969                    /usr/lib/x86_64-linux-gnu/libxcb-shm.so.0.0.0
7f4128a32000-7f4128a33000 rw-p 00002000 08:02 2761969                    /usr/lib/x86_64-linux-gnu/libxcb-shm.so.0.0.0
7f4128a33000-7f4128a58000 r-xp 00000000 08:02 266294                     /lib/x86_64-linux-gnu/libpng12.so.0.50.0
7f4128a58000-7f4128c57000 ---p 00025000 08:02 266294                     /lib/x86_64-linux-gnu/libpng12.so.0.50.0
7f4128c57000-7f4128c58000 r--p 00024000 08:02 266294                     /lib/x86_64-linux-gnu/libpng12.so.0.50.0
7f4128c58000-7f4128c59000 rw-p 00025000 08:02 266294                     /lib/x86_64-linux-gnu/libpng12.so.0.50.0
7f4128c59000-7f4128cfa000 r-xp 00000000 08:02 2761698                    /usr/lib/x86_64-linux-gnu/libpixman-1.so.0.30.2
7f4128cfa000-7f4128efa000 ---p 000a1000 08:02 2761698                    /usr/lib/x86_64-linux-gnu/libpixman-1.so.0.30.2
7f4128efa000-7f4128f01000 r--p 000a1000 08:02 2761698                    /usr/lib/x86_64-linux-gnu/libpixman-1.so.0.30.2
7f4128f01000-7f4128f02000 rw-p 000a8000 08:02 2761698                    /usr/lib/x86_64-linux-gnu/libpixman-1.so.0.30.2
7f4128f02000-7f4128f1f000 r-xp 00000000 08:02 2761981                    /usr/lib/x86_64-linux-gnu/libxcb.so.1.1.0
7f4128f1f000-7f412911f000 ---p 0001d000 08:02 2761981                    /usr/lib/x86_64-linux-gnu/libxcb.so.1.1.0
7f412911f000-7f4129120000 r--p 0001d000 08:02 2761981                    /usr/lib/x86_64-linux-gnu/libxcb.so.1.1.0
7f4129120000-7f4129121000 rw-p 0001e000 08:02 2761981                    /usr/lib/x86_64-linux-gnu/libxcb.so.1.1.0
7f4129121000-7f41291be000 r-xp 00000000 08:02 2761251                    /usr/lib/x86_64-linux-gnu/libfreetype.so.6.11.1
7f41291be000-7f41293bd000 ---p 0009d000 08:02 2761251                    /usr/lib/x86_64-linux-gnu/libfreetype.so.6.11.1
7f41293bd000-7f41293c3000 r--p 0009c000 08:02 2761251                    /usr/lib/x86_64-linux-gnu/libfreetype.so.6.11.1
7f41293c3000-7f41293c4000 rw-p 000a2000 08:02 2761251                    /usr/lib/x86_64-linux-gnu/libfreetype.so.6.11.1
7f41293c4000-7f41293c6000 r-xp 00000000 08:02 2760963                    /usr/lib/x86_64-linux-gnu/libXdamage.so.1.1.0
7f41293c6000-7f41295c5000 ---p 00002000 08:02 2760963                    /usr/lib/x86_64-linux-gnu/libXdamage.so.1.1.0
7f41295c5000-7f41295c6000 r--p 00001000 08:02 2760963                    /usr/lib/x86_64-linux-gnu/libXdamage.so.1.1.0
7f41295c6000-7f41295c7000 rw-p 00002000 08:02 2760963                    /usr/lib/x86_64-linux-gnu/libXdamage.so.1.1.0
7f41295c7000-7f41295c9000 r-xp 00000000 08:02 2760959                    /usr/lib/x86_64-linux-gnu/libXcomposite.so.1.0.0
7f41295c9000-7f41297c8000 ---p 00002000 08:02 2760959                    /usr/lib/x86_64-linux-gnu/libXcomposite.so.1.0.0
7f41297c8000-7f41297c9000 r--p 00001000 08:02 2760959                    /usr/lib/x86_64-linux-gnu/libXcomposite.so.1.0.0
7f41297c9000-7f41297ca000 rw-p 00002000 08:02 2760959                    /usr/lib/x86_64-linux-gnu/libXcomposite.so.1.0.0
7f41297ca000-7f41297d3000 r-xp 00000000 08:02 2760961                    /usr/lib/x86_64-linux-gnu/libXcursor.so.1.0.2
7f41297d3000-7f41299d2000 ---p 00009000 08:02 2760961                    /usr/lib/x86_64-linux-gnu/libXcursor.so.1.0.2
7f41299d2000-7f41299d3000 r--p 00008000 08:02 2760961                    /usr/lib/x86_64-linux-gnu/libXcursor.so.1.0.2
7f41299d3000-7f41299d4000 rw-p 00009000 08:02 2760961                    /usr/lib/x86_64-linux-gnu/libXcursor.so.1.0.2
7f41299d4000-7f41299dd000 r-xp 00000000 08:02 2760987                    /usr/lib/x86_64-linux-gnu/libXrandr.so.2.2.0
7f41299dd000-7f4129bdc000 ---p 00009000 08:02 2760987                    /usr/lib/x86_64-linux-gnu/libXrandr.so.2.2.0
7f4129bdc000-7f4129bdd000 r--p 00008000 08:02 2760987                    /usr/lib/x86_64-linux-gnu/libXrandr.so.2.2.0
7f4129bdd000-7f4129bde000 rw-p 00009000 08:02 2760987                    /usr/lib/x86_64-linux-gnu/libXrandr.so.2.2.0
7f4129bde000-7f4129bed000 r-xp 00000000 08:02 2760975                    /usr/lib/x86_64-linux-gnu/libXi.so.6.1.0
7f4129bed000-7f4129dec000 ---p 0000f000 08:02 2760975                    /usr/lib/x86_64-linux-gnu/libXi.so.6.1.0
7f4129dec000-7f4129ded000 r--p 0000e000 08:02 2760975                    /usr/lib/x86_64-linux-gnu/libXi.so.6.1.0
7f4129ded000-7f4129dee000 rw-p 0000f000 08:02 2760975                    /usr/lib/x86_64-linux-gnu/libXi.so.6.1.0
7f4129dee000-7f4129df0000 r-xp 00000000 08:02 2760977                    /usr/lib/x86_64-linux-gnu/libXinerama.so.1.0.0
7f4129df0000-7f4129fef000 ---p 00002000 08:02 2760977                    /usr/lib/x86_64-linux-gnu/libXinerama.so.1.0.0
7f4129fef000-7f4129ff0000 r--p 00001000 08:02 2760977                    /usr/lib/x86_64-linux-gnu/libXinerama.so.1.0.0
7f4129ff0000-7f4129ff1000 rw-p 00002000 08:02 2760977                    /usr/lib/x86_64-linux-gnu/libXinerama.so.1.0.0
7f4129ff1000-7f4129ffa000 r-xp 00000000 08:02 2760989                    /usr/lib/x86_64-linux-gnu/libXrender.so.1.3.0
7f4129ffa000-7f412a1f9000 ---p 00009000 08:02 2760989                    /usr/lib/x86_64-linux-gnu/libXrender.so.1.3.0
7f412a1f9000-7f412a1fa000 r--p 00008000 08:02 2760989                    /usr/lib/x86_64-linux-gnu/libXrender.so.1.3.0
7f412a1fa000-7f412a1fb000 rw-p 00009000 08:02 2760989                    /usr/lib/x86_64-linux-gnu/libXrender.so.1.3.0
7f412a1fb000-7f412a20c000 r-xp 00000000 08:02 2760967                    /usr/lib/x86_64-linux-gnu/libXext.so.6.4.0
7f412a20c000-7f412a40b000 ---p 00011000 08:02 2760967                    /usr/lib/x86_64-linux-gnu/libXext.so.6.4.0
7f412a40b000-7f412a40c000 r--p 00010000 08:02 2760967                    /usr/lib/x86_64-linux-gnu/libXext.so.6.4.0
7f412a40c000-7f412a40d000 rw-p 00011000 08:02 2760967                    /usr/lib/x86_64-linux-gnu/libXext.so.6.4.0
7f412a40d000-7f412a513000 r-xp 00000000 08:02 266098                     /lib/x86_64-linux-gnu/libglib-2.0.so.0.4002.0
7f412a513000-7f412a712000 ---p 00106000 08:02 266098                     /lib/x86_64-linux-gnu/libglib-2.0.so.0.4002.0
7f412a712000-7f412a713000 r--p 00105000 08:02 266098                     /lib/x86_64-linux-gnu/libglib-2.0.so.0.4002.0
7f412a713000-7f412a714000 rw-p 00106000 08:02 266098                     /lib/x86_64-linux-gnu/libglib-2.0.so.0.4002.0
7f412a714000-7f412a715000 rw-p 00000000 00:00 0 
7f412a715000-7f412a764000 r-xp 00000000 08:02 2752911                    /usr/lib/x86_64-linux-gnu/libgobject-2.0.so.0.4002.0
7f412a764000-7f412a964000 ---p 0004f000 08:02 2752911                    /usr/lib/x86_64-linux-gnu/libgobject-2.0.so.0.4002.0
7f412a964000-7f412a965000 r--p 0004f000 08:02 2752911                    /usr/lib/x86_64-linux-gnu/libgobject-2.0.so.0.4002.0
7f412a965000-7f412a966000 rw-p 00050000 08:02 2752911                    /usr/lib/x86_64-linux-gnu/libgobject-2.0.so.0.4002.0
7f412a966000-7f412a9a0000 r-xp 00000000 08:02 2761239                    /usr/lib/x86_64-linux-gnu/libfontconfig.so.1.8.0
7f412a9a0000-7f412ab9f000 ---p 0003a000 08:02 2761239                    /usr/lib/x86_64-linux-gnu/libfontconfig.so.1.8.0
7f412ab9f000-7f412aba1000 r--p 00039000 08:02 2761239                    /usr/lib/x86_64-linux-gnu/libfontconfig.so.1.8.0
7f412aba1000-7f412aba2000 rw-p 0003b000 08:02 2761239                    /usr/lib/x86_64-linux-gnu/libfontconfig.so.1.8.0
7f412aba2000-7f412abec000 r-xp 00000000 08:02 2754613                    /usr/lib/x86_64-linux-gnu/libpango-1.0.so.0.3600.3
7f412abec000-7f412adec000 ---p 0004a000 08:02 2754613                    /usr/lib/x86_64-linux-gnu/libpango-1.0.so.0.3600.3
7f412adec000-7f412adee000 r--p 0004a000 08:02 2754613                    /usr/lib/x86_64-linux-gnu/libpango-1.0.so.0.3600.3
7f412adee000-7f412adef000 rw-p 0004c000 08:02 2754613                    /usr/lib/x86_64-linux-gnu/libpango-1.0.so.0.3600.3
7f412adef000-7f412ae03000 r-xp 00000000 08:02 2754615                    /usr/lib/x86_64-linux-gnu/libpangoft2-1.0.so.0.3600.3
7f412ae03000-7f412b002000 ---p 00014000 08:02 2754615                    /usr/lib/x86_64-linux-gnu/libpangoft2-1.0.so.0.3600.3
7f412b002000-7f412b003000 r--p 00013000 08:02 2754615                    /usr/lib/x86_64-linux-gnu/libpangoft2-1.0.so.0.3600.3
7f412b003000-7f412b004000 rw-p 00014000 08:02 2754615                    /usr/lib/x86_64-linux-gnu/libpangoft2-1.0.so.0.3600.3
7f412b004000-7f412b170000 r-xp 00000000 08:02 2752917                    /usr/lib/x86_64-linux-gnu/libgio-2.0.so.0.4002.0
7f412b170000-7f412b36f000 ---p 0016c000 08:02 2752917                    /usr/lib/x86_64-linux-gnu/libgio-2.0.so.0.4002.0
7f412b36f000-7f412b373000 r--p 0016b000 08:02 2752917                    /usr/lib/x86_64-linux-gnu/libgio-2.0.so.0.4002.0
7f412b373000-7f412b375000 rw-p 0016f000 08:02 2752917                    /usr/lib/x86_64-linux-gnu/libgio-2.0.so.0.4002.0
7f412b375000-7f412b377000 rw-p 00000000 00:00 0 
7f412b377000-7f412b396000 r-xp 00000000 08:02 2761286                    /usr/lib/x86_64-linux-gnu/libgdk_pixbuf-2.0.so.0.3000.7
7f412b396000-7f412b596000 ---p 0001f000 08:02 2761286                    /usr/lib/x86_64-linux-gnu/libgdk_pixbuf-2.0.so.0.3000.7
7f412b596000-7f412b597000 r--p 0001f000 08:02 2761286                    /usr/lib/x86_64-linux-gnu/libgdk_pixbuf-2.0.so.0.3000.7
7f412b597000-7f412b598000 rw-p 00020000 08:02 2761286                    /usr/lib/x86_64-linux-gnu/libgdk_pixbuf-2.0.so.0.3000.7
7f412b598000-7f412b69e000 r-xp 00000000 08:02 2761078                    /usr/lib/x86_64-linux-gnu/libcairo.so.2.11301.0
7f412b69e000-7f412b89d000 ---p 00106000 08:02 2761078                    /usr/lib/x86_64-linux-gnu/libcairo.so.2.11301.0
7f412b89d000-7f412b8a0000 r--p 00105000 08:02 2761078                    /usr/lib/x86_64-linux-gnu/libcairo.so.2.11301.0
7f412b8a0000-7f412b8a1000 rw-p 00108000 08:02 2761078                    /usr/lib/x86_64-linux-gnu/libcairo.so.2.11301.0
7f412b8a1000-7f412b8a3000 rw-p 00000000 00:00 0 
7f412b8a3000-7f412b8c2000 r-xp 00000000 08:02 2761043                    /usr/lib/x86_64-linux-gnu/libatk-1.0.so.0.21009.1
7f412b8c2000-7f412bac2000 ---p 0001f000 08:02 2761043                    /usr/lib/x86_64-linux-gnu/libatk-1.0.so.0.21009.1
7f412bac2000-7f412bac4000 r--p 0001f000 08:02 2761043                    /usr/lib/x86_64-linux-gnu/libatk-1.0.so.0.21009.1
7f412bac4000-7f412bac5000 rw-p 00021000 08:02 2761043                    /usr/lib/x86_64-linux-gnu/libatk-1.0.so.0.21009.1
7f412bac5000-7f412baca000 r-xp 00000000 08:02 2760969                    /usr/lib/x86_64-linux-gnu/libXfixes.so.3.1.0
7f412baca000-7f412bcc9000 ---p 00005000 08:02 2760969                    /usr/lib/x86_64-linux-gnu/libXfixes.so.3.1.0
7f412bcc9000-7f412bcca000 r--p 00004000 08:02 2760969                    /usr/lib/x86_64-linux-gnu/libXfixes.so.3.1.0
7f412bcca000-7f412bccb000 rw-p 00005000 08:02 2760969                    /usr/lib/x86_64-linux-gnu/libXfixes.so.3.1.0
7f412bccb000-7f412bdfb000 r-xp 00000000 08:02 2760950                    /usr/lib/x86_64-linux-gnu/libX11.so.6.3.0
7f412bdfb000-7f412bffb000 ---p 00130000 08:02 2760950                    /usr/lib/x86_64-linux-gnu/libX11.so.6.3.0
7f412bffb000-7f412bffc000 r--p 00130000 08:02 2760950                    /usr/lib/x86_64-linux-gnu/libX11.so.6.3.0
7f412bffc000-7f412c000000 rw-p 00131000 08:02 2760950                    /usr/lib/x86_64-linux-gnu/libX11.so.6.3.0
7f412c000000-7f412c021000 rw-p 00000000 00:00 0 
7f412c021000-7f4130000000 ---p 00000000 00:00 0 
7f41300e6000-7f41300e7000 rw-p 00000000 00:00 0 
7f41300e7000-7f413010a000 r--p 00000000 08:02 655413                     /usr/share/fonts/truetype/msttcorefonts/Verdana.ttf
7f413010a000-7f413010c000 r--s 00000000 08:02 928279                     /var/cache/fontconfig/8d8b68aba5c2525ac7de7497e4c5b2d2-le64.cache-4
7f413010c000-7f413010d000 r--s 00000000 08:02 928214                     /var/cache/fontconfig/087e1975ba9a574b140bb1df193bf770-le64.cache-4
7f413010d000-7f413010e000 r--s 00000000 08:02 928275                     /var/cache/fontconfig/c05880de57d1f5e948fdfacc138775d9-le64.cache-4
7f413010e000-7f4130119000 r--s 00000000 08:02 917606                     /var/cache/fontconfig/945677eb7aeaf62f1d50efc3fb3ec7d8-le64.cache-4
7f4130119000-7f413011f000 r--s 00000000 08:02 928273                     /var/cache/fontconfig/2cd17615ca594fa2959ae173292e504c-le64.cache-4
7f413011f000-7f4130120000 r--s 00000000 08:02 928272                     /var/cache/fontconfig/e7071f4a29fa870f4323321c154eba04-le64.cache-4
7f4130120000-7f4130121000 r--s 00000000 08:02 928271                     /var/cache/fontconfig/0d8c3b2ac0904cb8a57a757ad11a4a08-le64.cache-4
7f4130121000-7f4130128000 r--s 00000000 08:02 928270                     /var/cache/fontconfig/a755afe4a08bf5b97852ceb7400b47bc-le64.cache-4
7f4130128000-7f413012c000 r--s 00000000 08:02 928269                     /var/cache/fontconfig/de156ccd2eddbdc19d37a45b8b2aac9c-le64.cache-4
7f413012c000-7f4130137000 r--s 00000000 08:02 928268                     /var/cache/fontconfig/a6354e3ac43af67bd8d7b8e43c34e49f-le64.cache-4
7f4130137000-7f413014b000 r--s 00000000 08:02 928267                     /var/cache/fontconfig/04aabc0a78ac019cf9454389977116d2-le64.cache-4
7f413014b000-7f413014c000 r--s 00000000 08:02 928266                     /var/cache/fontconfig/1ac9eb803944fde146138c791f5cc56a-le64.cache-4
7f413014c000-7f4130150000 r--s 00000000 08:02 928265                     /var/cache/fontconfig/385c0604a188198f04d133e54aba7fe7-le64.cache-4
7f4130150000-7f4130151000 r--s 00000000 08:02 928264                     /var/cache/fontconfig/dc05db6664285cc2f12bf69c139ae4c3-le64.cache-4
7f4130151000-7f4130153000 r--s 00000000 08:02 928263                     /var/cache/fontconfig/767a8244fc0220cfb567a839d0392e0b-le64.cache-4
7f4130153000-7f4130154000 r--s 00000000 08:02 928260                     /var/cache/fontconfig/4794a0821666d79190d59a36cb4f44b5-le64.cache-4
7f4130154000-7f4130159000 r--s 00000000 08:02 928259                     /var/cache/fontconfig/8801497958630a81b71ace7c5f9b32a8-le64.cache-4
7f4130159000-7f4130194000 r--s 00000000 08:02 928258                     /var/cache/fontconfig/365b55f210c0a22e9a19e35191240f32-le64.cache-4
7f4130194000-7f413019b000 r--s 00000000 08:02 928257                     /var/cache/fontconfig/3047814df9a2f067bd2d96a2b9c36e5a-le64.cache-4
7f413019b000-7f413019c000 r--s 00000000 08:02 928256                     /var/cache/fontconfig/56cf4f4769d0f4abc89a4895d7bd3ae1-le64.cache-4
7f413019c000-7f41301a2000 r--s 00000000 08:02 928254                     /var/cache/fontconfig/b47c4e1ecd0709278f4910c18777a504-le64.cache-4
7f41301a2000-7f41301b5000 r--s 00000000 08:02 928251                     /var/cache/fontconfig/d52a8644073d54c13679302ca1180695-le64.cache-4
7f41301b5000-7f41301be000 r--s 00000000 08:02 928249                     /var/cache/fontconfig/3f7329c5293ffd510edef78f73874cfd-le64.cache-4
7f41301be000-7f41301c2000 r--s 00000000 08:02 928248                     /var/cache/fontconfig/d589a48862398ed80a3d6066f4f56f4c-le64.cache-4
7f41301c2000-7f41301cd000 r-xp 00000000 08:02 2754611                    /usr/lib/x86_64-linux-gnu/libpangocairo-1.0.so.0.3600.3
7f41301cd000-7f41303cd000 ---p 0000b000 08:02 2754611                    /usr/lib/x86_64-linux-gnu/libpangocairo-1.0.so.0.3600.3
7f41303cd000-7f41303ce000 r--p 0000b000 08:02 2754611                    /usr/lib/x86_64-linux-gnu/libpangocairo-1.0.so.0.3600.3
7f41303ce000-7f41303cf000 rw-p 0000c000 08:02 2754611                    /usr/lib/x86_64-linux-gnu/libpangocairo-1.0.so.0.3600.3
7f41303cf000-7f41303d2000 r-xp 00000000 08:02 2752891                    /usr/lib/x86_64-linux-gnu/libgmodule-2.0.so.0.4002.0
7f41303d2000-7f41305d1000 ---p 00003000 08:02 2752891                    /usr/lib/x86_64-linux-gnu/libgmodule-2.0.so.0.4002.0
7f41305d1000-7f41305d2000 r--p 00002000 08:02 2752891                    /usr/lib/x86_64-linux-gnu/libgmodule-2.0.so.0.4002.0
7f41305d2000-7f41305d3000 rw-p 00003000 08:02 2752891                    /usr/lib/x86_64-linux-gnu/libgmodule-2.0.so.0.4002.0
7f41305d3000-7f4130680000 r-xp 00000000 08:02 2761284                    /usr/lib/x86_64-linux-gnu/libgdk-x11-2.0.so.0.2400.23
7f4130680000-7f413087f000 ---p 000ad000 08:02 2761284                    /usr/lib/x86_64-linux-gnu/libgdk-x11-2.0.so.0.2400.23
7f413087f000-7f4130883000 r--p 000ac000 08:02 2761284                    /usr/lib/x86_64-linux-gnu/libgdk-x11-2.0.so.0.2400.23
7f4130883000-7f4130885000 rw-p 000b0000 08:02 2761284                    /usr/lib/x86_64-linux-gnu/libgdk-x11-2.0.so.0.2400.23
7f4130885000-7f413088a000 r-xp 00000000 08:02 2760995                    /usr/lib/x86_64-linux-gnu/libXtst.so.6.1.0
7f413088a000-7f4130a89000 ---p 00005000 08:02 2760995                    /usr/lib/x86_64-linux-gnu/libXtst.so.6.1.0
7f4130a89000-7f4130a8a000 r--p 00004000 08:02 2760995                    /usr/lib/x86_64-linux-gnu/libXtst.so.6.1.0
7f4130a8a000-7f4130a8b000 rw-p 00005000 08:02 2760995                    /usr/lib/x86_64-linux-gnu/libXtst.so.6.1.0
7f4130a8b000-7f4130a8c000 r-xp 00000000 08:02 2752916                    /usr/lib/x86_64-linux-gnu/libgthread-2.0.so.0.4002.0
7f4130a8c000-7f4130c8b000 ---p 00001000 08:02 2752916                    /usr/lib/x86_64-linux-gnu/libgthread-2.0.so.0.4002.0
7f4130c8b000-7f4130c8c000 r--p 00000000 08:02 2752916                    /usr/lib/x86_64-linux-gnu/libgthread-2.0.so.0.4002.0
7f4130c8c000-7f4130c8d000 rw-p 00001000 08:02 2752916                    /usr/lib/x86_64-linux-gnu/libgthread-2.0.so.0.4002.0
7f4130c8d000-7f41310bc000 r-xp 00000000 08:02 2761460                    /usr/lib/x86_64-linux-gnu/libgtk-x11-2.0.so.0.2400.23
7f41310bc000-7f41312bb000 ---p 0042f000 08:02 2761460                    /usr/lib/x86_64-linux-gnu/libgtk-x11-2.0.so.0.2400.23
7f41312bb000-7f41312c2000 r--p 0042e000 08:02 2761460                    /usr/lib/x86_64-linux-gnu/libgtk-x11-2.0.so.0.2400.23
7f41312c2000-7f41312c6000 rw-p 00435000 08:02 2761460                    /usr/lib/x86_64-linux-gnu/libgtk-x11-2.0.so.0.2400.23
7f41312c6000-7f41312c9000 rw-p 00000000 00:00 0 
7f41312c9000-7f41312ca000 r--s 00000000 08:02 928255                     /var/cache/fontconfig/b9d506c9ac06c20b433354fa67a72993-le64.cache-4
7f41312ca000-7f41312cb000 r--s 00000000 08:02 928253                     /var/cache/fontconfig/89034621ae2a8922916bb6bfa5799546-le64.cache-4
7f41312cb000-7f41312cc000 r--s 00000000 08:02 928250                     /var/cache/fontconfig/8a687c406b77f27d99abfeeba937fcce-le64.cache-4
7f41312cc000-7f41312cd000 r--s 00000000 08:02 928247                     /var/cache/fontconfig/0c9eb80ebd1c36541ebe2852d3bb0c49-le64.cache-4
7f41312cd000-7f41312ce000 r--s 00000000 08:02 928301                     /var/cache/fontconfig/8b40f4595dc58240fca3414dac057aad-le64.cache-4
7f41312ce000-7f41312cf000 r--s 00000000 08:02 928238                     /var/cache/fontconfig/c277e94e32b20404286a1ddafa5a80f0-le64.cache-4
7f41312cf000-7f41312dc000 r--s 00000000 08:02 928046                     /var/cache/fontconfig/e13b20fdb08344e0e664864cc2ede53d-le64.cache-4
7f41312dc000-7f41312e0000 r--s 00000000 08:02 928233                     /var/cache/fontconfig/7ef2298fde41cc6eeb7af42e48b7d293-le64.cache-4
7f41312e0000-7f4131354000 r-xp 00000000 08:05 13764960                   /home/eugen/.swt/lib/linux/x86_64/libswt-pi-gtk-4430.so
7f4131354000-7f4131554000 ---p 00074000 08:05 13764960                   /home/eugen/.swt/lib/linux/x86_64/libswt-pi-gtk-4430.so
7f4131554000-7f4131557000 rw-p 00074000 08:05 13764960                   /home/eugen/.swt/lib/linux/x86_64/libswt-pi-gtk-4430.so
7f4131557000-7f4131559000 rw-p 00000000 00:00 0 
7f4131559000-7f41315d7000 r-xp 00000000 08:05 13764933                   /home/eugen/.swt/lib/linux/x86_64/libswt-gtk-4430.so
7f41315d7000-7f41317d6000 ---p 0007e000 08:05 13764933                   /home/eugen/.swt/lib/linux/x86_64/libswt-gtk-4430.so
7f41317d6000-7f41317de000 rw-p 0007d000 08:05 13764933                   /home/eugen/.swt/lib/linux/x86_64/libswt-gtk-4430.so
7f41317de000-7f41317e0000 rw-p 00000000 00:00 0 
7f41317e0000-7f41317e3000 r--s 00019000 08:02 2893344                    /usr/lib/jvm/java-7-oracle/jre/lib/jce.jar
7f41317e3000-7f41317e8000 r--s 0008a000 08:02 2893273                    /usr/lib/jvm/java-7-oracle/jre/lib/jsse.jar
7f41317e8000-7f41317ed000 r--s 00038000 08:05 7868242                    /home/eugen/Workspace/ide/luna/eclipse/plugins/org.eclipse.text_3.5.300.v20130515-1451.jar
7f41317ed000-7f41317f1000 r--s 00013000 08:05 7865583                    /home/eugen/Workspace/ide/luna/eclipse/plugins/org.eclipse.osgi.services_3.4.0.v20140312-2051.jar
7f41317f1000-7f4131804000 r--s 000e0000 08:05 7865171                    /home/eugen/Workspace/ide/luna/eclipse/plugins/org.eclipse.jface.text_3.9.1.v20140827-1810.jar
7f4131804000-7f413189b000 r--s 00964000 08:05 7865161                    /home/eugen/Workspace/ide/luna/eclipse/plugins/org.eclipse.jdt.ui_3.10.1.v20140817-1500.jar
7f413189b000-7f41318a0000 r--s 0004a000 08:05 7865159                    /home/eugen/Workspace/ide/luna/eclipse/plugins/org.eclipse.jdt.launching_3.7.101.v20140825-1922.jar
7f41318a0000-7f41318a2000 r--s 0000d000 08:05 7865468                    /home/eugen/Workspace/ide/luna/eclipse/plugins/org.eclipse.jdt.compiler.tool_1.0.300.v20140311-1758.jar
7f41318a2000-7f41318a5000 r--s 00025000 08:05 7865529                    /home/eugen/Workspace/ide/luna/eclipse/plugins/org.eclipse.jdt.compiler.apt_1.1.0.v20140509-1235.jar
7f41318a5000-7f41318d2000 r--s 00522000 08:05 7865154                    /home/eugen/Workspace/ide/luna/eclipse/plugins/org.eclipse.jdt.core_3.10.0.v20140902-0626.jar
7f41318d2000-7f41318d9000 r--s 0003f000 08:05 7868202                    /home/eugen/Workspace/ide/luna/eclipse/plugins/org.eclipse.e4.ui.workbench_1.2.1.v20140901-1244.jar
7f41318d9000-7f41318e0000 r--s 00055000 08:05 7868251                    /home/eugen/Workspace/ide/luna/eclipse/plugins/org.eclipse.e4.ui.model.workbench_1.1.0.v20140512-1820.jar
7f41318e0000-7f41318f5000 r--s 00107000 08:05 7865169                    /home/eugen/Workspace/ide/luna/eclipse/plugins/org.eclipse.jface_3.10.1.v20140813-1009.jar
7f41318f5000-7f413190a000 r--s 00266000 08:05 7865260                    /home/eugen/Workspace/ide/luna/eclipse/plugins/org.eclipse.swt.gtk.linux.x86_64_3.103.1.v20140903-1947.jar
7f413190a000-7f413194e000 r--s 00390000 08:05 7865265                    /home/eugen/Workspace/ide/luna/eclipse/plugins/org.eclipse.ui.workbench_3.106.1.v20140827-1737.jar
7f413194e000-7f413194f000 ---p 00000000 00:00 0 
7f413194f000-7f4131a4f000 rw-p 00000000 00:00 0                          [stack:1023]
7f4131a4f000-7f4131a52000 ---p 00000000 00:00 0 
7f4131a52000-7f4131b50000 rw-p 00000000 00:00 0                          [stack:1021]
7f4131b50000-7f4131b53000 ---p 00000000 00:00 0 
7f4131b53000-7f4131c51000 rw-p 00000000 00:00 0                          [stack:1020]
7f4131c51000-7f4131c54000 ---p 00000000 00:00 0 
7f4131c54000-7f4131d52000 rw-p 00000000 00:00 0                          [stack:1019]
7f4131d52000-7f4131d55000 ---p 00000000 00:00 0 
7f4131d55000-7f4131e53000 rw-p 00000000 00:00 0                          [stack:1018]
7f4131e53000-7f41326a5000 r--p 00000000 08:02 2760058                    /usr/lib/locale/locale-archive
7f41326a5000-7f41326a8000 ---p 00000000 00:00 0 
7f41326a8000-7f41327a6000 rw-p 00000000 00:00 0                          [stack:1017]
7f41327a6000-7f41327a9000 ---p 00000000 00:00 0 
7f41327a9000-7f41328a7000 rw-p 00000000 00:00 0                          [stack:1016]
7f41328a7000-7f41328a8000 ---p 00000000 00:00 0 
7f41328a8000-7f4134000000 rw-p 00000000 00:00 0                          [stack:1015]
7f4134000000-7f4134021000 rw-p 00000000 00:00 0 
7f4134021000-7f4138000000 ---p 00000000 00:00 0 
7f4138000000-7f4138001000 r--s 00000000 08:02 928207                     /var/cache/fontconfig/62f91419b9ebdb6975e7e41ab6412357-le64.cache-4
7f4138001000-7f4138003000 r--s 0000c000 08:05 7865835                    /home/eugen/Workspace/ide/luna/eclipse/plugins/org.eclipse.e4.core.di_1.4.0.v20140414-1837.jar
7f4138003000-7f4138005000 r--s 00014000 08:05 7868274                    /home/eugen/Workspace/ide/luna/eclipse/plugins/org.eclipse.core.expressions_3.4.600.v20140128-0851.jar
7f4138005000-7f4138008000 r--s 00018000 08:05 7865801                    /home/eugen/Workspace/ide/luna/eclipse/plugins/org.eclipse.core.commands_3.6.100.v20140528-1422.jar
7f4138008000-7f4138010000 r--s 0003a000 08:05 7865262                    /home/eugen/Workspace/ide/luna/eclipse/plugins/org.eclipse.ui_3.106.0.v20140812-1751.jar
7f4138010000-7f413801b000 r--s 000c1000 08:05 7865115                    /home/eugen/Workspace/ide/luna/eclipse/plugins/org.eclipse.core.resources_3.9.1.v20140825-1431.jar
7f413801b000-7f413c000000 rw-p 00000000 00:00 0 
7f413c000000-7f413c021000 rw-p 00000000 00:00 0 
7f413c021000-7f4140000000 ---p 00000000 00:00 0 
7f4140000000-7f4140001000 r--s 00004000 08:05 7865259                    /home/eugen/Workspace/ide/luna/eclipse/plugins/org.eclipse.swt_3.103.1.v20140903-1938.jar
7f4140001000-7f4140004000 r--s 00013000 08:05 7868325                    /home/eugen/Workspace/ide/luna/eclipse/plugins/org.eclipse.equinox.app_1.3.200.v20130910-1609.jar
7f4140004000-7f4140018000 r--s 00121000 08:05 7868414                    /home/eugen/Workspace/ide/luna/eclipse/plugins/org.eclipse.osgi_3.10.1.v20140909-1633.jar
7f4140018000-7f414029e000 rw-p 00000000 00:00 0 
7f414029e000-7f414045e000 r--s 039ea000 08:02 2893253                    /usr/lib/jvm/java-7-oracle/jre/lib/rt.jar
7f414045e000-7f41408f9000 rw-p 00000000 00:00 0 
7f41408f9000-7f41408fa000 ---p 00000000 00:00 0 
7f41408fa000-7f41409fa000 rw-p 00000000 00:00 0                          [stack:1014]
7f41409fa000-7f41409fb000 ---p 00000000 00:00 0 
7f41409fb000-7f4140afb000 rw-p 00000000 00:00 0                          [stack:1013]
7f4140afb000-7f4140afc000 ---p 00000000 00:00 0 
7f4140afc000-7f4140bfc000 rw-p 00000000 00:00 0                          [stack:1012]
7f4140bfc000-7f4140bfd000 ---p 00000000 00:00 0 
7f4140bfd000-7f4140cfd000 rw-p 00000000 00:00 0                          [stack:1011]
7f4140cfd000-7f4140cfe000 ---p 00000000 00:00 0 
7f4140cfe000-7f4140dfe000 rw-p 00000000 00:00 0                          [stack:1010]
7f4140dfe000-7f4140dff000 ---p 00000000 00:00 0 
7f4140dff000-7f4140eff000 rw-p 00000000 00:00 0                          [stack:1009]
7f4140eff000-7f4140f00000 ---p 00000000 00:00 0 
7f4140f00000-7f4141000000 rw-p 00000000 00:00 0                          [stack:1008]
7f4141000000-7f4141270000 rwxp 00000000 00:00 0 
7f4141270000-7f41444fa000 rw-p 00000000 00:00 0 
7f41444fa000-7f4148000000 ---p 00000000 00:00 0 
7f4148000000-7f4148002000 r--s 00015000 08:05 7865775                    /home/eugen/Workspace/ide/luna/eclipse/plugins/org.eclipse.core.contenttype_3.4.200.v20140207-1251.jar
7f4148002000-7f4148006000 r--s 0001c000 08:05 7868276                    /home/eugen/Workspace/ide/luna/eclipse/plugins/org.eclipse.equinox.preferences_3.5.200.v20140224-1527.jar
7f4148006000-7f414800a000 r--s 00029000 08:05 7865751                    /home/eugen/Workspace/ide/luna/eclipse/plugins/org.eclipse.equinox.registry_3.5.400.v20140428-1507.jar
7f414800a000-7f414800c000 r--s 00002000 08:05 7866645                    /home/eugen/Workspace/ide/luna/eclipse/plugins/org.eclipse.core.runtime.compatibility.registry_3.5.300.v20140128-0851/runtime_registry_compatibility.jar
7f414800c000-7f41480a5000 rw-p 00000000 00:00 0 
7f41480a5000-7f41480a6000 ---p 00000000 00:00 0 
7f41480a6000-7f41481b1000 rw-p 00000000 00:00 0                          [stack:1007]
7f41481b1000-7f41481cf000 rw-p 00000000 00:00 0 
7f41481cf000-7f41481f6000 rw-p 00000000 00:00 0 
7f41481f6000-7f414843b000 rw-p 00000000 00:00 0 
7f414843b000-7f4148446000 rw-p 00000000 00:00 0 
7f4148446000-7f4148464000 rw-p 00000000 00:00 0 
7f4148464000-7f414848b000 rw-p 00000000 00:00 0 
7f414848b000-7f41486cf000 rw-p 00000000 00:00 0 
7f41486cf000-7f41486e3000 rw-p 00000000 00:00 0 
7f41486e3000-7f4148805000 rw-p 00000000 00:00 0 
7f4148805000-7f4148806000 rw-p 00000000 00:00 0 
7f4148806000-7f4148820000 r-xp 00000000 08:02 2893328                    /usr/lib/jvm/java-7-oracle/jre/lib/amd64/libzip.so
7f4148820000-7f4148a20000 ---p 0001a000 08:02 2893328                    /usr/lib/jvm/java-7-oracle/jre/lib/amd64/libzip.so
7f4148a20000-7f4148a21000 rw-p 0001a000 08:02 2893328                    /usr/lib/jvm/java-7-oracle/jre/lib/amd64/libzip.so
7f4148a21000-7f4148a2c000 r-xp 00000000 08:02 262237                     /lib/x86_64-linux-gnu/libnss_files-2.19.so
7f4148a2c000-7f4148c2b000 ---p 0000b000 08:02 262237                     /lib/x86_64-linux-gnu/libnss_files-2.19.so
7f4148c2b000-7f4148c2c000 r--p 0000a000 08:02 262237                     /lib/x86_64-linux-gnu/libnss_files-2.19.so
7f4148c2c000-7f4148c2d000 rw-p 0000b000 08:02 262237                     /lib/x86_64-linux-gnu/libnss_files-2.19.so
7f4148c2d000-7f4148c38000 r-xp 00000000 08:02 262244                     /lib/x86_64-linux-gnu/libnss_nis-2.19.so
7f4148c38000-7f4148e37000 ---p 0000b000 08:02 262244                     /lib/x86_64-linux-gnu/libnss_nis-2.19.so
7f4148e37000-7f4148e38000 r--p 0000a000 08:02 262244                     /lib/x86_64-linux-gnu/libnss_nis-2.19.so
7f4148e38000-7f4148e39000 rw-p 0000b000 08:02 262244                     /lib/x86_64-linux-gnu/libnss_nis-2.19.so
7f4148e39000-7f4148e50000 r-xp 00000000 08:02 262170                     /lib/x86_64-linux-gnu/libnsl-2.19.so
7f4148e50000-7f414904f000 ---p 00017000 08:02 262170                     /lib/x86_64-linux-gnu/libnsl-2.19.so
7f414904f000-7f4149050000 r--p 00016000 08:02 262170                     /lib/x86_64-linux-gnu/libnsl-2.19.so
7f4149050000-7f4149051000 rw-p 00017000 08:02 262170                     /lib/x86_64-linux-gnu/libnsl-2.19.so
7f4149051000-7f4149053000 rw-p 00000000 00:00 0 
7f4149053000-7f414905c000 r-xp 00000000 08:02 262241                     /lib/x86_64-linux-gnu/libnss_compat-2.19.so
7f414905c000-7f414925b000 ---p 00009000 08:02 262241                     /lib/x86_64-linux-gnu/libnss_compat-2.19.so
7f414925b000-7f414925c000 r--p 00008000 08:02 262241                     /lib/x86_64-linux-gnu/libnss_compat-2.19.so
7f414925c000-7f414925d000 rw-p 00009000 08:02 262241                     /lib/x86_64-linux-gnu/libnss_compat-2.19.so
7f414925d000-7f4149286000 r-xp 00000000 08:02 2893309                    /usr/lib/jvm/java-7-oracle/jre/lib/amd64/libjava.so
7f4149286000-7f4149486000 ---p 00029000 08:02 2893309                    /usr/lib/jvm/java-7-oracle/jre/lib/amd64/libjava.so
7f4149486000-7f4149488000 rw-p 00029000 08:02 2893309                    /usr/lib/jvm/java-7-oracle/jre/lib/amd64/libjava.so
7f4149488000-7f4149495000 r-xp 00000000 08:02 2893319                    /usr/lib/jvm/java-7-oracle/jre/lib/amd64/libverify.so
7f4149495000-7f4149694000 ---p 0000d000 08:02 2893319                    /usr/lib/jvm/java-7-oracle/jre/lib/amd64/libverify.so
7f4149694000-7f4149696000 rw-p 0000c000 08:02 2893319                    /usr/lib/jvm/java-7-oracle/jre/lib/amd64/libverify.so
7f4149696000-7f414969d000 r-xp 00000000 08:02 262247                     /lib/x86_64-linux-gnu/librt-2.19.so
7f414969d000-7f414989c000 ---p 00007000 08:02 262247                     /lib/x86_64-linux-gnu/librt-2.19.so
7f414989c000-7f414989d000 r--p 00006000 08:02 262247                     /lib/x86_64-linux-gnu/librt-2.19.so
7f414989d000-7f414989e000 rw-p 00007000 08:02 262247                     /lib/x86_64-linux-gnu/librt-2.19.so
7f414989e000-7f41499a3000 r-xp 00000000 08:02 262163                     /lib/x86_64-linux-gnu/libm-2.19.so
7f41499a3000-7f4149ba2000 ---p 00105000 08:02 262163                     /lib/x86_64-linux-gnu/libm-2.19.so
7f4149ba2000-7f4149ba3000 r--p 00104000 08:02 262163                     /lib/x86_64-linux-gnu/libm-2.19.so
7f4149ba3000-7f4149ba4000 rw-p 00105000 08:02 262163                     /lib/x86_64-linux-gnu/libm-2.19.so
7f4149ba4000-7f414a717000 r-xp 00000000 08:02 3415476                    /usr/lib/jvm/java-7-oracle/jre/lib/amd64/server/libjvm.so
7f414a717000-7f414a916000 ---p 00b73000 08:02 3415476                    /usr/lib/jvm/java-7-oracle/jre/lib/amd64/server/libjvm.so
7f414a916000-7f414a9da000 rw-p 00b72000 08:02 3415476                    /usr/lib/jvm/java-7-oracle/jre/lib/amd64/server/libjvm.so
7f414a9da000-7f414aa1b000 rw-p 00000000 00:00 0 
7f414aa1b000-7f414abd6000 r-xp 00000000 08:02 262245                     /lib/x86_64-linux-gnu/libc-2.19.so
7f414abd6000-7f414add6000 ---p 001bb000 08:02 262245                     /lib/x86_64-linux-gnu/libc-2.19.so
7f414add6000-7f414adda000 r--p 001bb000 08:02 262245                     /lib/x86_64-linux-gnu/libc-2.19.so
7f414adda000-7f414addc000 rw-p 001bf000 08:02 262245                     /lib/x86_64-linux-gnu/libc-2.19.so
7f414addc000-7f414ade1000 rw-p 00000000 00:00 0 
7f414ade1000-7f414ade4000 r-xp 00000000 08:02 262239                     /lib/x86_64-linux-gnu/libdl-2.19.so
7f414ade4000-7f414afe3000 ---p 00003000 08:02 262239                     /lib/x86_64-linux-gnu/libdl-2.19.so
7f414afe3000-7f414afe4000 r--p 00002000 08:02 262239                     /lib/x86_64-linux-gnu/libdl-2.19.so
7f414afe4000-7f414afe5000 rw-p 00003000 08:02 262239                     /lib/x86_64-linux-gnu/libdl-2.19.so
7f414afe5000-7f414affb000 r-xp 00000000 08:02 5117554                    /usr/lib/jvm/java-7-oracle/lib/amd64/jli/libjli.so
7f414affb000-7f414b1fb000 ---p 00016000 08:02 5117554                    /usr/lib/jvm/java-7-oracle/lib/amd64/jli/libjli.so
7f414b1fb000-7f414b1fc000 rw-p 00016000 08:02 5117554                    /usr/lib/jvm/java-7-oracle/lib/amd64/jli/libjli.so
7f414b1fc000-7f414b215000 r-xp 00000000 08:02 262234                     /lib/x86_64-linux-gnu/libpthread-2.19.so
7f414b215000-7f414b414000 ---p 00019000 08:02 262234                     /lib/x86_64-linux-gnu/libpthread-2.19.so
7f414b414000-7f414b415000 r--p 00018000 08:02 262234                     /lib/x86_64-linux-gnu/libpthread-2.19.so
7f414b415000-7f414b416000 rw-p 00019000 08:02 262234                     /lib/x86_64-linux-gnu/libpthread-2.19.so
7f414b416000-7f414b41a000 rw-p 00000000 00:00 0 
7f414b41a000-7f414b43d000 r-xp 00000000 08:02 262242                     /lib/x86_64-linux-gnu/ld-2.19.so
7f414b43d000-7f414b468000 rw-p 00000000 00:00 0 
7f414b468000-7f414b51e000 rw-p 00000000 00:00 0 
7f414b51e000-7f414b521000 ---p 00000000 00:00 0 
7f414b521000-7f414b623000 rw-p 00000000 00:00 0                          [stack:1006]
7f414b623000-7f414b624000 r--s 00002000 08:05 7865822                    /home/eugen/Workspace/ide/luna/eclipse/plugins/org.eclipse.e4.ui.workbench3_0.12.0.v20140227-2118.jar
7f414b624000-7f414b626000 r--s 00016000 08:05 7868236                    /home/eugen/Workspace/ide/luna/eclipse/plugins/org.eclipse.core.jobs_3.6.0.v20140424-0053.jar
7f414b626000-7f414b629000 r--s 00018000 08:05 7865708                    /home/eugen/Workspace/ide/luna/eclipse/plugins/org.eclipse.equinox.common_3.6.200.v20130402-1505.jar
7f414b629000-7f414b62c000 r--s 00039000 08:05 7868218                    /home/eugen/Workspace/ide/luna/eclipse/plugins/org.eclipse.osgi.compatibility.state_1.0.1.v20140709-1414.jar
7f414b62c000-7f414b62d000 r--s 00002000 08:05 7865749                    /home/eugen/Workspace/ide/luna/eclipse/plugins/javax.inject_1.0.0.v20091030.jar
7f414b62d000-7f414b62e000 r--s 00006000 08:05 7865828                    /home/eugen/Workspace/ide/luna/eclipse/plugins/javax.annotation_1.2.0.v201401042248.jar
7f414b62e000-7f414b630000 r--s 00011000 08:05 7865768                    /home/eugen/Workspace/ide/luna/eclipse/plugins/org.eclipse.core.runtime_3.10.0.v20140318-2214.jar
7f414b630000-7f414b638000 rw-s 00000000 08:02 655421                     /tmp/hsperfdata_eugen/1001
7f414b638000-7f414b639000 rw-p 00000000 00:00 0 
7f414b639000-7f414b63a000 r--p 00000000 00:00 0 
7f414b63a000-7f414b63c000 rw-p 00000000 00:00 0 
7f414b63c000-7f414b63d000 r--p 00022000 08:02 262242                     /lib/x86_64-linux-gnu/ld-2.19.so
7f414b63d000-7f414b63e000 rw-p 00023000 08:02 262242                     /lib/x86_64-linux-gnu/ld-2.19.so
7f414b63e000-7f414b63f000 rw-p 00000000 00:00 0 
7fffe5e2e000-7fffe5e50000 rw-p 00000000 00:00 0                          [stack]
7fffe5fcb000-7fffe5fcd000 r-xp 00000000 00:00 0                          [vdso]
ffffffffff600000-ffffffffff601000 r-xp 00000000 00:00 0                  [vsyscall]

VM Arguments:
jvm_args: -Dfile.encoding=UTF-8 
java_command: org.eclipse.plugin.kpax.javabinder.model.Snippet131
Launcher Type: SUN_STANDARD

Environment Variables:
JAVA_HOME=/usr/lib/jvm/java-7-oracle
PATH=/usr/local/sbin:/usr/local/bin:/usr/sbin:/usr/bin:/sbin:/bin:/usr/games:/usr/local/games:/usr/lib/jvm/java-7-oracle/bin:/usr/lib/jvm/java-7-oracle/db/bin:/usr/lib/jvm/java-7-oracle/jre/bin
USERNAME=eugen
SHELL=/bin/bash
DISPLAY=:0

Signal Handlers:
SIGSEGV: [libjvm.so+0x9a1a10], sa_mask[0]=0x7ffbfeff, sa_flags=0x10000004
SIGBUS: [libjvm.so+0x9a1a10], sa_mask[0]=0x7ffbfeff, sa_flags=0x10000004
SIGFPE: [libjvm.so+0x81bae0], sa_mask[0]=0x7ffbfeff, sa_flags=0x10000004
SIGPIPE: SIG_IGN, sa_mask[0]=0x00001000, sa_flags=0x10000000
SIGXFSZ: [libjvm.so+0x81bae0], sa_mask[0]=0x7ffbfeff, sa_flags=0x10000004
SIGILL: [libjvm.so+0x81bae0], sa_mask[0]=0x7ffbfeff, sa_flags=0x10000004
SIGUSR1: SIG_DFL, sa_mask[0]=0x00000000, sa_flags=0x00000000
SIGUSR2: [libjvm.so+0x81d2e0], sa_mask[0]=0x00000004, sa_flags=0x10000004
SIGHUP: [libjvm.so+0x81e400], sa_mask[0]=0x7ffbfeff, sa_flags=0x10000004
SIGINT: [libjvm.so+0x81e400], sa_mask[0]=0x7ffbfeff, sa_flags=0x10000004
SIGTERM: [libjvm.so+0x81e400], sa_mask[0]=0x7ffbfeff, sa_flags=0x10000004
SIGQUIT: [libjvm.so+0x81e400], sa_mask[0]=0x7ffbfeff, sa_flags=0x10000004


---------------  S Y S T E M  ---------------

OS:jessie/sid

uname:Linux 3.13.0-43-generic #72-Ubuntu SMP Mon Dec 8 19:35:06 UTC 2014 x86_64
libc:glibc 2.19 NPTL 2.19 
rlimit: STACK 8192k, CORE 0k, NPROC 59241, NOFILE 4096, AS infinity
load average:1,02 0,93 0,62

/proc/meminfo:
MemTotal:        7604484 kB
MemFree:         1276996 kB
Buffers:          177268 kB
Cached:          2537824 kB
SwapCached:            0 kB
Active:          3471800 kB
Inactive:        2134192 kB
Active(anon):    2287052 kB
Inactive(anon):   953028 kB
Active(file):    1184748 kB
Inactive(file):  1181164 kB
Unevictable:         672 kB
Mlocked:             672 kB
SwapTotal:       3905532 kB
SwapFree:        3905532 kB
Dirty:               152 kB
Writeback:             0 kB
AnonPages:       2891620 kB
Mapped:           288232 kB
Shmem:            349180 kB
Slab:             591712 kB
SReclaimable:     543580 kB
SUnreclaim:        48132 kB
KernelStack:        6336 kB
PageTables:        43696 kB
NFS_Unstable:          0 kB
Bounce:                0 kB
WritebackTmp:          0 kB
CommitLimit:     7707772 kB
Committed_AS:    8725008 kB
VmallocTotal:   34359738367 kB
VmallocUsed:      554200 kB
VmallocChunk:   34359101224 kB
HardwareCorrupted:     0 kB
AnonHugePages:   1533952 kB
HugePages_Total:       0
HugePages_Free:        0
HugePages_Rsvd:        0
HugePages_Surp:        0
Hugepagesize:       2048 kB
DirectMap4k:      146944 kB
DirectMap2M:     7661568 kB
DirectMap1G:           0 kB


CPU:total 8 (4 cores per cpu, 2 threads per core) family 6 model 60 stepping 3, cmov, cx8, fxsr, mmx, sse, sse2, sse3, ssse3, sse4.1, sse4.2, popcnt, avx, avx2, aes, erms, ht, tsc, tscinvbit

/proc/cpuinfo:
processor	: 0
vendor_id	: GenuineIntel
cpu family	: 6
model		: 60
model name	: Intel(R) Core(TM) i7-4702MQ CPU @ 2.20GHz
stepping	: 3
microcode	: 0x17
cpu MHz		: 800.000
cache size	: 6144 KB
physical id	: 0
siblings	: 8
core id		: 0
cpu cores	: 4
apicid		: 0
initial apicid	: 0
fpu		: yes
fpu_exception	: yes
cpuid level	: 13
wp		: yes
flags		: fpu vme de pse tsc msr pae mce cx8 apic sep mtrr pge mca cmov pat pse36 clflush dts acpi mmx fxsr sse sse2 ss ht tm pbe syscall nx pdpe1gb rdtscp lm constant_tsc arch_perfmon pebs bts rep_good nopl xtopology nonstop_tsc aperfmperf eagerfpu pni pclmulqdq dtes64 monitor ds_cpl vmx est tm2 ssse3 fma cx16 xtpr pdcm pcid sse4_1 sse4_2 movbe popcnt tsc_deadline_timer aes xsave avx f16c rdrand lahf_lm abm ida arat epb xsaveopt pln pts dtherm tpr_shadow vnmi flexpriority ept vpid fsgsbase tsc_adjust bmi1 avx2 smep bmi2 erms invpcid
bogomips	: 4389.39
clflush size	: 64
cache_alignment	: 64
address sizes	: 39 bits physical, 48 bits virtual
power management:

processor	: 1
vendor_id	: GenuineIntel
cpu family	: 6
model		: 60
model name	: Intel(R) Core(TM) i7-4702MQ CPU @ 2.20GHz
stepping	: 3
microcode	: 0x17
cpu MHz		: 800.000
cache size	: 6144 KB
physical id	: 0
siblings	: 8
core id		: 0
cpu cores	: 4
apicid		: 1
initial apicid	: 1
fpu		: yes
fpu_exception	: yes
cpuid level	: 13
wp		: yes
flags		: fpu vme de pse tsc msr pae mce cx8 apic sep mtrr pge mca cmov pat pse36 clflush dts acpi mmx fxsr sse sse2 ss ht tm pbe syscall nx pdpe1gb rdtscp lm constant_tsc arch_perfmon pebs bts rep_good nopl xtopology nonstop_tsc aperfmperf eagerfpu pni pclmulqdq dtes64 monitor ds_cpl vmx est tm2 ssse3 fma cx16 xtpr pdcm pcid sse4_1 sse4_2 movbe popcnt tsc_deadline_timer aes xsave avx f16c rdrand lahf_lm abm ida arat epb xsaveopt pln pts dtherm tpr_shadow vnmi flexpriority ept vpid fsgsbase tsc_adjust bmi1 avx2 smep bmi2 erms invpcid
bogomips	: 4389.39
clflush size	: 64
cache_alignment	: 64
address sizes	: 39 bits physical, 48 bits virtual
power management:

processor	: 2
vendor_id	: GenuineIntel
cpu family	: 6
model		: 60
model name	: Intel(R) Core(TM) i7-4702MQ CPU @ 2.20GHz
stepping	: 3
microcode	: 0x17
cpu MHz		: 1600.000
cache size	: 6144 KB
physical id	: 0
siblings	: 8
core id		: 1
cpu cores	: 4
apicid		: 2
initial apicid	: 2
fpu		: yes
fpu_exception	: yes
cpuid level	: 13
wp		: yes
flags		: fpu vme de pse tsc msr pae mce cx8 apic sep mtrr pge mca cmov pat pse36 clflush dts acpi mmx fxsr sse sse2 ss ht tm pbe syscall nx pdpe1gb rdtscp lm constant_tsc arch_perfmon pebs bts rep_good nopl xtopology nonstop_tsc aperfmperf eagerfpu pni pclmulqdq dtes64 monitor ds_cpl vmx est tm2 ssse3 fma cx16 xtpr pdcm pcid sse4_1 sse4_2 movbe popcnt tsc_deadline_timer aes xsave avx f16c rdrand lahf_lm abm ida arat epb xsaveopt pln pts dtherm tpr_shadow vnmi flexpriority ept vpid fsgsbase tsc_adjust bmi1 avx2 smep bmi2 erms invpcid
bogomips	: 4389.39
clflush size	: 64
cache_alignment	: 64
address sizes	: 39 bits physical, 48 bits virtual
power management:

processor	: 3
vendor_id	: GenuineIntel
cpu family	: 6
model		: 60
model name	: Intel(R) Core(TM) i7-4702MQ CPU @ 2.20GHz
stepping	: 3
microcode	: 0x17
cpu MHz		: 800.000
cache size	: 6144 KB
physical id	: 0
siblings	: 8
core id		: 1
cpu cores	: 4
apicid		: 3
initial apicid	: 3
fpu		: yes
fpu_exception	: yes
cpuid level	: 13
wp		: yes
flags		: fpu vme de pse tsc msr pae mce cx8 apic sep mtrr pge mca cmov pat pse36 clflush dts acpi mmx fxsr sse sse2 ss ht tm pbe syscall nx pdpe1gb rdtscp lm constant_tsc arch_perfmon pebs bts rep_good nopl xtopology nonstop_tsc aperfmperf eagerfpu pni pclmulqdq dtes64 monitor ds_cpl vmx est tm2 ssse3 fma cx16 xtpr pdcm pcid sse4_1 sse4_2 movbe popcnt tsc_deadline_timer aes xsave avx f16c rdrand lahf_lm abm ida arat epb xsaveopt pln pts dtherm tpr_shadow vnmi flexpriority ept vpid fsgsbase tsc_adjust bmi1 avx2 smep bmi2 erms invpcid
bogomips	: 4389.39
clflush size	: 64
cache_alignment	: 64
address sizes	: 39 bits physical, 48 bits virtual
power management:

processor	: 4
vendor_id	: GenuineIntel
cpu family	: 6
model		: 60
model name	: Intel(R) Core(TM) i7-4702MQ CPU @ 2.20GHz
stepping	: 3
microcode	: 0x17
cpu MHz		: 800.000
cache size	: 6144 KB
physical id	: 0
siblings	: 8
core id		: 2
cpu cores	: 4
apicid		: 4
initial apicid	: 4
fpu		: yes
fpu_exception	: yes
cpuid level	: 13
wp		: yes
flags		: fpu vme de pse tsc msr pae mce cx8 apic sep mtrr pge mca cmov pat pse36 clflush dts acpi mmx fxsr sse sse2 ss ht tm pbe syscall nx pdpe1gb rdtscp lm constant_tsc arch_perfmon pebs bts rep_good nopl xtopology nonstop_tsc aperfmperf eagerfpu pni pclmulqdq dtes64 monitor ds_cpl vmx est tm2 ssse3 fma cx16 xtpr pdcm pcid sse4_1 sse4_2 movbe popcnt tsc_deadline_timer aes xsave avx f16c rdrand lahf_lm abm ida arat epb xsaveopt pln pts dtherm tpr_shadow vnmi flexpriority ept vpid fsgsbase tsc_adjust bmi1 avx2 smep bmi2 erms invpcid
bogomips	: 4389.39
clflush size	: 64
cache_alignment	: 64
address sizes	: 39 bits physical, 48 bits virtual
power management:

processor	: 5
vendor_id	: GenuineIntel
cpu family	: 6
model		: 60
model name	: Intel(R) Core(TM) i7-4702MQ CPU @ 2.20GHz
stepping	: 3
microcode	: 0x17
cpu MHz		: 2100.000
cache size	: 6144 KB
physical id	: 0
siblings	: 8
core id		: 2
cpu cores	: 4
apicid		: 5
initial apicid	: 5
fpu		: yes
fpu_exception	: yes
cpuid level	: 13
wp		: yes
flags		: fpu vme de pse tsc msr pae mce cx8 apic sep mtrr pge mca cmov pat pse36 clflush dts acpi mmx fxsr sse sse2 ss ht tm pbe syscall nx pdpe1gb rdtscp lm constant_tsc arch_perfmon pebs bts rep_good nopl xtopology nonstop_tsc aperfmperf eagerfpu pni pclmulqdq dtes64 monitor ds_cpl vmx est tm2 ssse3 fma cx16 xtpr pdcm pcid sse4_1 sse4_2 movbe popcnt tsc_deadline_timer aes xsave avx f16c rdrand lahf_lm abm ida arat epb xsaveopt pln pts dtherm tpr_shadow vnmi flexpriority ept vpid fsgsbase tsc_adjust bmi1 avx2 smep bmi2 erms invpcid
bogomips	: 4389.39
clflush size	: 64
cache_alignment	: 64
address sizes	: 39 bits physical, 48 bits virtual
power management:

processor	: 6
vendor_id	: GenuineIntel
cpu family	: 6
model		: 60
model name	: Intel(R) Core(TM) i7-4702MQ CPU @ 2.20GHz
stepping	: 3
microcode	: 0x17
cpu MHz		: 800.000
cache size	: 6144 KB
physical id	: 0
siblings	: 8
core id		: 3
cpu cores	: 4
apicid		: 6
initial apicid	: 6
fpu		: yes
fpu_exception	: yes
cpuid level	: 13
wp		: yes
flags		: fpu vme de pse tsc msr pae mce cx8 apic sep mtrr pge mca cmov pat pse36 clflush dts acpi mmx fxsr sse sse2 ss ht tm pbe syscall nx pdpe1gb rdtscp lm constant_tsc arch_perfmon pebs bts rep_good nopl xtopology nonstop_tsc aperfmperf eagerfpu pni pclmulqdq dtes64 monitor ds_cpl vmx est tm2 ssse3 fma cx16 xtpr pdcm pcid sse4_1 sse4_2 movbe popcnt tsc_deadline_timer aes xsave avx f16c rdrand lahf_lm abm ida arat epb xsaveopt pln pts dtherm tpr_shadow vnmi flexpriority ept vpid fsgsbase tsc_adjust bmi1 avx2 smep bmi2 erms invpcid
bogomips	: 4389.39
clflush size	: 64
cache_alignment	: 64
address sizes	: 39 bits physical, 48 bits virtual
power management:

processor	: 7
vendor_id	: GenuineIntel
cpu family	: 6
model		: 60
model name	: Intel(R) Core(TM) i7-4702MQ CPU @ 2.20GHz
stepping	: 3
microcode	: 0x17
cpu MHz		: 800.000
cache size	: 6144 KB
physical id	: 0
siblings	: 8
core id		: 3
cpu cores	: 4
apicid		: 7
initial apicid	: 7
fpu		: yes
fpu_exception	: yes
cpuid level	: 13
wp		: yes
flags		: fpu vme de pse tsc msr pae mce cx8 apic sep mtrr pge mca cmov pat pse36 clflush dts acpi mmx fxsr sse sse2 ss ht tm pbe syscall nx pdpe1gb rdtscp lm constant_tsc arch_perfmon pebs bts rep_good nopl xtopology nonstop_tsc aperfmperf eagerfpu pni pclmulqdq dtes64 monitor ds_cpl vmx est tm2 ssse3 fma cx16 xtpr pdcm pcid sse4_1 sse4_2 movbe popcnt tsc_deadline_timer aes xsave avx f16c rdrand lahf_lm abm ida arat epb xsaveopt pln pts dtherm tpr_shadow vnmi flexpriority ept vpid fsgsbase tsc_adjust bmi1 avx2 smep bmi2 erms invpcid
bogomips	: 4389.39
clflush size	: 64
cache_alignment	: 64
address sizes	: 39 bits physical, 48 bits virtual
power management:



Memory: 4k page, physical 7604484k(1276996k free), swap 3905532k(3905532k free)

vm_info: Java HotSpot(TM) 64-Bit Server VM (24.72-b04) for linux-amd64 JRE (1.7.0_72-b14), built on Sep 26 2014 18:20:41 by "java_re" with gcc 4.3.0 20080428 (Red Hat 4.3.0-8)

time: Tue Jan 13 00:29:41 2015
elapsed time: 1 seconds

